Sphere 1, 0.0s, DBG: Hello from SHA-2468! 
Sphere 2, 0.0s, DBG: in red 
Sphere 1, 0.0s, DBG: [FIB, 0, TIME, 0] 
Sphere 2, 0.0s, DBG: set face 
Sphere 1, 0.0s, DBG: [FIB, 1, FRED, -6.802682, -1.201544, 0.009094, -0.005361, -0.001512, -0.000205, -0.547852, 2.998738, -0.286045, 0.053523, 0.006797, -0.020961] 
Sphere 2, 0.0s, DBG: far out man 
Sphere 1, 0.0s, DBG: [FIB, 2, GEORGE, -6.782205, 1.202521, -0.006729, -0.001160, -0.004944, -0.000977, 0.213010, -2.999660, -0.151979, -0.008652, 0.013184, -0.019227] 
Sphere 2, 1.0s, DBG: set face 
Sphere 1, 1.0s, DBG: [FIB, 0, TIME, 0] 
Sphere 2, 1.0s, DBG: far out man 
Sphere 1, 1.0s, DBG: [FIB, 1, FRED, -6.832741, -1.205262, 0.005265, 0.003501, 0.011441, 0.000880, -0.986376, 2.997985, -0.177263, -0.005948, -0.007363, -0.020961] 
Sphere 1, 1.0s, DBG: [FIB, 2, GEORGE, -6.785837, 1.200171, -0.003845, 0.000580, 0.003296, -0.001221, 0.375861, -2.999142, -0.242296, -0.008652, 0.004761, -0.010987] 
Sphere 2, 2.0s, DBG: set face 
Sphere 2, 2.0s, DBG: far out man 
Sphere 1, 2.0s, DBG: [FIB, 0, TIME, 1] 
Sphere 1, 2.0s, DBG: [FIB, 1, FRED, -6.821277, -1.186215, -0.030585, 0.014848, -0.250056, 0.043284, -2.250385, 2.990930, -0.052184, 0.023787, -0.010195, -0.809094] 
Sphere 1, 2.0s, DBG: [FIB, 2, GEORGE, -6.780389, 1.189703, 0.016343, 0.014496, 0.236488, -0.041017, -1.518699, -2.994391, -0.379255, -0.038453, -0.003662, -0.809168] 
Sphere 2, 3.0s, DBG: set face 
Sphere 2, 3.0s, DBG: far out man 
Sphere 1, 3.0s, DBG: [FIB, 0, TIME, 2] 
Sphere 1, 3.0s, DBG: [FIB, 1, FRED, -6.857613, -1.161219, -0.121729, 0.035005, -0.467452, 0.088189, -5.976412, 2.935502, -0.105973, 0.053523, -0.004531, -1.647534] 
Sphere 1, 3.0s, DBG: [FIB, 2, GEORGE, -6.802179, 1.162999, 0.074984, 0.032472, 0.469680, -0.079836, -4.848470, -2.957223, -0.235051, -0.008652, -0.000732, -1.658986] 
Sphere 2, 4.0s, DBG: set face 
Sphere 2, 4.0s, DBG: far out man 
Sphere 1, 4.0s, DBG: [FIB, 0, TIME, 3] 
Sphere 1, 4.0s, DBG: [FIB, 1, FRED, -6.941864, -1.117904, -0.207270, 0.061912, -0.701356, 0.122044, -11.503464, 2.752988, -0.304143, 0.038655, 0.001133, -2.402131] 
Sphere 1, 4.0s, DBG: [FIB, 2, GEORGE, -6.847575, 1.116428, 0.193228, 0.051607, 0.716880, -0.125736, -10.702993, -2.786644, -0.392768, -0.008652, -0.003662, -2.389599] 
Sphere 2, 5.0s, DBG: set face 
Sphere 2, 5.0s, DBG: far out man 
Sphere 1, 5.0s, DBG: [FIB, 0, TIME, 4] 
Sphere 1, 5.0s, DBG: [FIB, 1, FRED, -6.987099, -1.053732, -0.388522, 0.070355, -0.966364, 0.173396, -17.300526, 2.406905, -0.265359, -0.035683, -0.013027, -3.056113] 
Sphere 1, 5.0s, DBG: [FIB, 2, GEORGE, -6.987396, 1.058962, 0.319163, 0.088717, 0.958312, -0.164800, -16.514231, -2.464015, -0.420964, -0.052873, -0.009339, -3.086154] 
Sphere 2, 6.0s, DBG: set face 
Sphere 2, 6.0s, DBG: far out man 
Sphere 1, 6.0s, DBG: [FIB, 0, TIME, 5] 
Sphere 1, 6.0s, DBG: [FIB, 1, FRED, -7.091425, -0.992358, -0.540108, 0.080573, -0.933396, 0.164974, -23.111155, 1.809390, -0.436344, 0.023787, -0.007363, -3.399874] 
Sphere 1, 6.0s, DBG: [FIB, 2, GEORGE, -7.045503, 0.983551, 0.510468, 0.089297, 1.195624, -0.211676, -22.222490, -1.925017, -0.391521, -0.038453, 0.021790, -3.400372] 
Sphere 2, 7.0s, DBG: set face 
Sphere 2, 7.0s, DBG: far out man 
Sphere 1, 7.0s, DBG: [FIB, 0, TIME, 6] 
Sphere 1, 7.0s, DBG: [FIB, 1, FRED, -7.112813, -0.933362, -0.697993, 0.067215, -0.901183, 0.159293, -26.757584, 1.150066, -0.537435, -0.020816, -0.010195, -3.030961] 
Sphere 1, 7.0s, DBG: [FIB, 2, GEORGE, -7.067294, 0.903653, 0.737342, 0.082339, 1.282968, -0.234138, -26.478415, -1.218320, -0.482350, -0.008652, 0.032960, -3.111973] 
Sphere 2, 8.0s, DBG: set face 
Sphere 2, 8.0s, DBG: far out man 
Sphere 1, 8.0s, DBG: [FIB, 0, TIME, 7] 
Sphere 1, 8.0s, DBG: [FIB, 1, FRED, -7.129512, -0.877272, -0.852000, 0.055843, -0.868273, 0.154763, -28.444784, 0.580606, -0.281259, 0.068390, 0.020957, -2.309901] 
Sphere 1, 8.0s, DBG: [FIB, 2, GEORGE, -7.116322, 0.815424, 0.951720, 0.085238, 1.310160, -0.235115, -28.427910, -0.586630, -0.349096, -0.008652, 0.052919, -2.423658] 
Sphere 2, 9.0s, DBG: set face 
Sphere 2, 9.0s, DBG: far out man 
Sphere 1, 9.0s, DBG: [FIB, 0, TIME, 8] 
Sphere 1, 9.0s, DBG: [FIB, 1, FRED, -7.184350, -0.815083, -1.015760, 0.057291, -0.860436, 0.153053, -28.946613, 0.181942, 0.009227, 0.053523, 0.015293, -1.546921] 
Sphere 1, 9.0s, DBG: [FIB, 2, GEORGE, -7.214377, 0.726341, 1.195898, 0.102634, 1.285440, -0.235847, -28.953693, -0.166927, 0.003315, -0.008652, 0.069948, -1.761162] 
Sphere 2, 10.0s, DBG: set face 
Sphere 2, 10.0s, DBG: far out man 
Sphere 1, 10.0s, DBG: [FIB, 0, TIME, 9] 
Sphere 1, 10.0s, DBG: [FIB, 1, FRED, -7.232393, -0.749702, -1.158513, 0.057075, -0.864772, 0.147114, -28.999609, -0.014802, -0.020110, 0.038655, 0.029452, -0.867785] 
Sphere 1, 10.0s, DBG: [FIB, 2, GEORGE, -7.288827, 0.645802, 1.420850, 0.097995, 1.205512, -0.224128, -28.915577, 0.175502, 0.621416, -0.008652, 0.069948, -1.183264] 
Sphere 2, 11.0s, DBG: set face 
Sphere 2, 11.0s, DBG: far out man 
Sphere 1, 11.0s, DBG: [FIB, 0, TIME, 10] 
Sphere 1, 11.0s, DBG: [FIB, 1, FRED, -7.334191, -0.692204, -1.327829, 0.069898, -0.843718, 0.148139, -28.976286, -0.120983, 0.038019, 0.083258, 0.037948, -0.415027] 
Sphere 1, 11.0s, DBG: [FIB, 2, GEORGE, -7.321513, 0.564196, 1.650609, 0.080599, 1.137120, -0.212165, -28.707582, 0.391329, 0.705532, -0.008652, 0.064272, -0.707541] 
Sphere 2, 12.0s, DBG: set face 
Sphere 2, 12.0s, DBG: far out man 
Sphere 1, 12.0s, DBG: [FIB, 0, TIME, 11] 
Sphere 1, 12.0s, DBG: [FIB, 1, FRED, -7.486642, -0.631457, -1.496394, 0.092503, -0.838343, 0.148044, -28.938389, -0.194944, -0.061558, 0.083258, 0.035116, -0.138342] 
Sphere 1, 12.0s, DBG: [FIB, 2, GEORGE, -7.426832, 0.485366, 1.879406, 0.090457, 1.065432, -0.200690, -28.520058, 0.487530, 1.035629, -0.038453, 0.032960, -0.376293] 
Sphere 2, 13.0s, DBG: set face 
Sphere 2, 13.0s, DBG: far out man 
Sphere 1, 13.0s, DBG: [FIB, 0, TIME, 12] 
Sphere 1, 13.0s, DBG: [FIB, 1, FRED, -7.500793, -0.570380, -1.653340, 0.075375, -0.834567, 0.146592, -28.950787, -0.171229, 0.150223, 0.112993, 0.029452, 0.088037] 
Sphere 1, 13.0s, DBG: [FIB, 2, GEORGE, -7.513993, 0.414014, 2.059175, 0.086978, 0.978912, -0.179449, -28.383488, 0.556515, 1.132102, -0.008652, 0.010437, -0.180731] 
Sphere 2, 14.0s, DBG: set face 
Sphere 2, 14.0s, DBG: far out man 
Sphere 1, 14.0s, DBG: [FIB, 0, TIME, 13] 
Sphere 1, 14.0s, DBG: [FIB, 1, FRED, -7.556007, -0.510735, -1.794602, 0.072655, -0.827334, 0.142192, -28.973770, -0.094995, 0.369072, 0.053523, 0.040781, 0.247340] 
Sphere 1, 14.0s, DBG: [FIB, 2, GEORGE, -7.548494, 0.349284, 2.261055, 0.069582, 0.881680, -0.168950, -28.258041, 0.613223, 1.206910, -0.023072, -0.006409, -0.028016] 
Sphere 2, 15.0s, DBG: set face 
Sphere 2, 15.0s, DBG: far out man 
Sphere 1, 15.0s, DBG: [FIB, 0, TIME, 14] 
Sphere 1, 15.0s, DBG: [FIB, 1, FRED, -7.595561, -0.448572, -1.964484, 0.065733, -0.830746, 0.144090, -28.960865, -0.023254, 0.667566, 0.157599, 0.029452, 0.272494] 
Sphere 1, 15.0s, DBG: [FIB, 2, GEORGE, -7.635655, 0.283914, 2.414869, 0.072481, 0.814112, -0.148686, -28.363659, 0.583071, 0.971152, -0.112476, -0.000732, 0.039552] 
Sphere 2, 16.0s, DBG: set face 
Sphere 2, 16.0s, DBG: far out man 
Sphere 1, 16.0s, DBG: [FIB, 0, TIME, 15] 
Sphere 1, 16.0s, DBG: [FIB, 1, FRED, -7.642944, -0.390475, -2.125170, 0.062444, -0.819115, 0.143987, -28.977566, 0.036423, 0.486326, 0.083258, 0.018125, 0.238955] 
Sphere 1, 16.0s, DBG: [FIB, 2, GEORGE, -7.739158, 0.226661, 2.610981, 0.074801, 0.732536, -0.144536, -28.334446, 0.601945, 0.919646, -0.052873, -0.009339, 0.090640] 
Sphere 2, 17.0s, DBG: set face 
Sphere 2, 17.0s, DBG: far out man 
Sphere 1, 17.0s, DBG: [FIB, 0, TIME, 16] 
Sphere 1, 17.0s, DBG: [FIB, 1, FRED, -7.702097, -0.326653, -2.277312, 0.063618, -0.829101, 0.142046, -28.965948, 0.106229, 0.429896, 0.038655, 0.035116, 0.230571] 
Sphere 1, 17.0s, DBG: [FIB, 2, GEORGE, -7.771843, 0.175817, 2.775369, 0.055666, 0.647664, -0.129154, -28.405022, 0.562247, 0.952335, 0.049989, -0.000732, 0.098880] 
Sphere 2, 18.0s, DBG: set face 
Sphere 2, 18.0s, DBG: far out man 
Sphere 1, 18.0s, DBG: [FIB, 0, TIME, 17] 
Sphere 1, 18.0s, DBG: [FIB, 1, FRED, -7.774660, -0.263530, -2.423770, 0.066441, -0.834398, 0.139329, -28.913799, 0.118978, 0.858718, 0.098126, 0.023788, 0.138343] 
Sphere 1, 18.0s, DBG: [FIB, 2, GEORGE, -7.824503, 0.129673, 2.918607, 0.049287, 0.576800, -0.115238, -28.381001, 0.579702, 0.901511, 0.005768, 0.010437, 0.098880] 
Sphere 2, 19.0s, DBG: set face 
Sphere 2, 19.0s, DBG: far out man 
Sphere 1, 19.0s, DBG: [FIB, 0, TIME, 18] 
Sphere 1, 19.0s, DBG: [FIB, 1, FRED, -7.866253, -0.204324, -2.587531, 0.075438, -0.826772, 0.140683, -28.919388, 0.113777, 0.833748, 0.098126, 0.026620, 0.020961] 
Sphere 1, 19.0s, DBG: [FIB, 2, GEORGE, -7.898953, 0.081606, 3.039735, 0.051607, 0.534776, -0.099124, -28.517487, 0.497184, 0.958792, -0.023072, 0.007508, 0.166997] 
Sphere 2, 20.0s, DBG: set face 
Sphere 2, 20.0s, DBG: far out man 
Sphere 1, 20.0s, DBG: [FIB, 0, TIME, 19] 
Sphere 1, 20.0s, DBG: [FIB, 1, FRED, -7.929352, -0.157332, -2.731644, 0.057878, -0.675583, 0.126438, -28.858776, 0.156688, 1.086726, 0.038655, 0.023788, -0.012576] 
Sphere 1, 20.0s, DBG: [FIB, 2, GEORGE, -7.935270, 0.045930, 3.171438, 0.037690, 0.450728, -0.091067, -28.502382, 0.510727, 0.920493, -0.038453, 0.007508, 0.166997] 
Sphere 2, 21.0s, DBG: set face 
Sphere 2, 21.0s, DBG: far out man 
Sphere 1, 21.0s, DBG: [FIB, 0, TIME, 20] 
Sphere 1, 21.0s, DBG: [FIB, 1, FRED, -7.993418, -0.110042, -2.855270, 0.049694, -0.588833, 0.111500, -28.879061, 0.129979, 1.043732, -0.005948, -0.001699, -0.071267] 
Sphere 1, 21.0s, DBG: [FIB, 2, GEORGE, -7.977035, 0.009400, 3.276223, 0.033631, 0.402936, -0.077883, -28.620045, 0.423440, 1.007772, -0.008652, -0.003662, 0.158757] 
Sphere 2, 22.0s, DBG: set face 
Sphere 2, 22.0s, DBG: far out man 
Sphere 1, 22.0s, DBG: [FIB, 0, TIME, 21] 
Sphere 1, 22.0s, DBG: [FIB, 1, FRED, -8.016842, -0.066991, -2.987202, 0.034055, -0.515480, 0.102786, -28.857162, 0.105477, 1.204922, 0.023787, -0.018691, -0.062882] 
Sphere 1, 22.0s, DBG: [FIB, 2, GEORGE, -7.971587, -0.017304, 3.372356, 0.019715, 0.335368, -0.068361, -28.728571, 0.333137, 1.027168, -0.038453, -0.017762, 0.149968] 
Sphere 2, 23.0s, DBG: set face 
Sphere 2, 23.0s, DBG: far out man 
Sphere 1, 23.0s, DBG: [FIB, 0, TIME, 22] 
Sphere 1, 23.0s, DBG: [FIB, 1, FRED, -8.027073, -0.032719, -3.083744, 0.021128, -0.435329, 0.088202, -28.895578, 0.059888, 1.071231, -0.035683, -0.027187, -0.155110] 
Sphere 1, 23.0s, DBG: [FIB, 2, GEORGE, -8.006088, -0.048067, 3.456954, 0.021455, 0.302408, -0.055910, -28.789207, 0.329906, 0.622578, 0.005768, -0.026185, 0.132939] 
Sphere 2, 24.0s, GT: Mirror picked up 
Sphere 2, 24.0s, GT: score: 0.000000, energy: 2.319801, memorySize: 2 
Sphere 2, 24.0s, DBG: set face 
Sphere 2, 24.0s, DBG: far out man 
Sphere 1, 24.0s, DBG: [FIB, 0, TIME, 23] 
Sphere 1, 24.0s, DBG: [FIB, 1, FRED, -8.061550, -0.005386, -3.199208, 0.022181, -0.363547, 0.082454, -28.906456, 0.058511, 1.012036, 0.053523, -0.021523, -0.171880] 
Sphere 1, 24.0s, DBG: [FIB, 2, GEORGE, -8.042405, -0.071566, 3.513672, 0.020875, 0.257088, -0.042970, -28.767614, 0.330173, 0.802249, -0.023072, -0.012085, 0.082400] 
Sphere 2, 25.0s, DBG: set face 
Sphere 2, 25.0s, DBG: far out man 
Sphere 1, 25.0s, DBG: [FIB, 0, TIME, 24] 
Sphere 1, 25.0s, DBG: [FIB, 1, FRED, -8.083283, 0.021274, -3.285773, 0.020515, -0.317149, 0.071167, -28.928228, 0.029815, 0.904869, -0.005948, -0.024355, -0.071267] 
Sphere 1, 25.0s, DBG: [FIB, 2, GEORGE, -8.075090, -0.086520, 3.574236, 0.016816, 0.203528, -0.038575, -28.806894, 0.323183, 0.520340, 0.005768, -0.020508, 0.141728] 
Sphere 2, 26.0s, DBG: set face 
Sphere 2, 26.0s, DBG: far out man 
Sphere 1, 26.0s, DBG: [FIB, 0, TIME, 25] 
Sphere 1, 26.0s, DBG: [FIB, 1, FRED, -8.121761, 0.042152, -3.365540, 0.023298, -0.268353, 0.062374, -28.920786, 0.043603, 0.941442, -0.005948, -0.024355, -0.062882] 
Sphere 1, 26.0s, DBG: [FIB, 2, GEORGE, -8.124119, -0.101688, 3.639607, 0.023774, 0.165624, -0.034669, -28.830788, 0.294982, 0.570715, -0.008652, -0.006409, 0.115909] 
Sphere 1, 27.0s, GT: Mirror picked up 
Sphere 1, 27.0s, GT: score: 0.000000, energy: 3.098601, memorySize: 2 
Sphere 2, 27.0s, DBG: set face 
Sphere 2, 27.0s, DBG: far out man 
Sphere 1, 27.0s, DBG: [FIB, 0, TIME, 26] 
Sphere 1, 27.0s, DBG: [FIB, 1, FRED, -8.115410, 0.065716, -3.442886, 0.010974, -0.244067, 0.054978, -28.969090, 0.010960, 0.598252, -0.005948, -0.030019, -0.062882] 
Sphere 1, 27.0s, DBG: [FIB, 2, GEORGE, -7.987930, -0.127750, 3.681906, -0.157140, 0.394696, -0.036866, -28.888592, 0.233116, 0.504429, -0.023072, -0.012085, 0.065371] 
Sphere 2, 28.0s, DBG: set face 
Sphere 2, 28.0s, DBG: far out man 
Sphere 1, 28.0s, DBG: [FIB, 0, TIME, 27] 
Sphere 1, 28.0s, DBG: [FIB, 1, FRED, -8.120223, 0.084938, -3.503269, 0.009072, -0.209094, 0.046418, -28.982180, -0.008989, 0.454018, 0.038655, -0.041347, -0.104805] 
Sphere 1, 28.0s, DBG: [FIB, 2, GEORGE, -7.797266, -0.172826, 3.744392, -0.317759, 0.631184, -0.042238, -28.897942, 0.223738, 0.492422, -0.023072, -0.003662, 0.065371] 
Sphere 2, 29.0s, DBG: set face 
Sphere 2, 29.0s, DBG: far out man 
Sphere 1, 29.0s, DBG: [FIB, 0, TIME, 28] 
Sphere 1, 29.0s, DBG: [FIB, 1, FRED, -8.123092, 0.103237, -3.551282, 0.003325, -0.181086, 0.038310, -28.980282, -0.020608, 0.470928, -0.005948, -0.024355, 0.020961] 
Sphere 1, 29.0s, DBG: [FIB, 2, GEORGE, -7.430464, -0.225379, 3.824183, -0.466781, 0.787744, -0.046388, -28.931679, 0.188400, 0.330121, -0.068255, -0.009339, 0.031312] 
Sphere 2, 30.0s, DBG: set face 
Sphere 2, 30.0s, DBG: far out man 
Sphere 1, 30.0s, DBG: [FIB, 0, TIME, 29] 
Sphere 1, 30.0s, DBG: [FIB, 1, FRED, -8.044711, 0.132688, -3.607257, -0.156692, -0.408913, 0.042651, -28.981386, -0.021495, 0.456321, -0.020816, -0.021523, 0.088037] 
Sphere 1, 30.0s, DBG: [FIB, 2, GEORGE, -7.029160, -0.281137, 3.877056, -0.527665, 0.845424, -0.041993, -28.869671, 0.225883, 0.733180, 0.049989, 0.007508, -0.078555] 
Sphere 2, 31.0s, DBG: set face 
Sphere 2, 31.0s, DBG: far out man 
Sphere 1, 31.0s, DBG: [FIB, 0, TIME, 30] 
Sphere 1, 31.0s, DBG: [FIB, 1, FRED, -7.763647, 0.172874, -3.641203, -0.331769, -0.607135, 0.041657, -28.992041, -0.021936, 0.289420, -0.005948, -0.032851, 0.138343] 
Sphere 1, 31.0s, DBG: [FIB, 2, GEORGE, -6.629673, -0.336253, 3.895321, -0.538682, 0.844600, -0.031007, -28.874395, 0.229429, 0.675775, -0.008652, -0.003662, -0.078555] 
Sphere 2, 32.0s, DBG: set face 
Sphere 2, 32.0s, DBG: far out man 
Sphere 1, 32.0s, DBG: [FIB, 0, TIME, 31] 
Sphere 1, 32.0s, DBG: [FIB, 1, FRED, -7.402411, 0.223308, -3.711988, -0.468587, -0.770489, 0.047685, -28.986870, 0.039993, 0.350756, 0.023787, 0.015293, 0.146728] 
Sphere 1, 32.0s, DBG: [FIB, 2, GEORGE, -6.130314, -0.397565, 3.953963, -0.557237, 0.838832, -0.031495, -28.856760, 0.270712, 0.532484, -0.008652, -0.014832, -0.087344] 
Sphere 2, 33.0s, DBG: set face 
Sphere 2, 33.0s, DBG: far out man 
Sphere 1, 33.0s, DBG: [FIB, 0, TIME, 32] 
Sphere 1, 33.0s, DBG: [FIB, 1, FRED, -6.999021, 0.280513, -3.786457, -0.526884, -0.842581, 0.051326, -28.988117, 0.058927, 0.270824, -0.050551, 0.020957, 0.188649] 
Sphere 1, 33.0s, DBG: [FIB, 2, GEORGE, -5.761696, -0.452467, 3.990494, -0.514328, 0.788568, -0.027589, -28.824783, 0.318725, 0.339003, 0.005768, -0.009339, -0.214789] 
Sphere 2, 34.0s, DBG: set face 
Sphere 2, 34.0s, DBG: far out man 
Sphere 1, 34.0s, DBG: [FIB, 0, TIME, 33] 
Sphere 1, 34.0s, DBG: [FIB, 1, FRED, -6.538793, 0.341137, -3.828383, -0.554034, -0.860614, 0.042966, -28.969099, 0.129414, 0.213293, -0.020816, 0.018125, 0.230571] 
Sphere 1, 34.0s, DBG: [FIB, 2, GEORGE, -5.362209, -0.503525, 4.017411, -0.492294, 0.735008, -0.023438, -28.761183, 0.353264, 0.650844, 0.065371, 0.010437, -0.180731] 
Sphere 2, 35.0s, DBG: set face 
Sphere 2, 35.0s, DBG: far out man 
Sphere 1, 35.0s, DBG: [FIB, 0, TIME, 34] 
Sphere 1, 35.0s, DBG: [FIB, 1, FRED, -6.101605, 0.402502, -3.874983, -0.539388, -0.852831, 0.038162, -28.945776, 0.163305, 0.361517, -0.065419, 0.029452, 0.247340] 
Sphere 1, 35.0s, DBG: [FIB, 2, GEORGE, -4.948195, -0.552660, 4.044328, -0.465621, 0.678976, -0.021241, -28.724035, 0.400910, 0.414086, 0.065371, -0.006409, -0.163701] 
Sphere 2, 36.0s, DBG: set face 
Sphere 2, 36.0s, DBG: far out man 
Sphere 1, 36.0s, DBG: [FIB, 0, TIME, 35] 
Sphere 1, 36.0s, DBG: [FIB, 1, FRED, -5.688184, 0.459217, -3.934088, -0.517978, -0.802485, 0.037540, -28.931725, 0.167791, 0.515881, 0.038655, 0.001133, 0.180264] 
Sphere 1, 36.0s, DBG: [FIB, 2, GEORGE, -4.610446, -0.603931, 4.061632, -0.417493, 0.637776, -0.015870, -28.680740, 0.433421, 0.400888, 0.035569, -0.000732, -0.180731] 
Sphere 2, 37.0s, DBG: set face 
Sphere 2, 37.0s, DBG: far out man 
Sphere 1, 37.0s, DBG: [FIB, 0, TIME, 36] 
Sphere 1, 37.0s, DBG: [FIB, 1, FRED, -5.268945, 0.511782, -3.953675, -0.493782, -0.742306, 0.028122, -28.855379, 0.262782, 0.620241, -0.005948, -0.001699, 0.180264] 
Sphere 1, 37.0s, DBG: [FIB, 2, GEORGE, -4.249092, -0.645589, 4.095279, -0.390820, 0.565264, -0.018067, -28.583252, 0.502682, 0.241769, 0.005768, 0.007508, -0.112613] 
Sphere 2, 38.0s, DBG: set face 
Sphere 2, 38.0s, DBG: far out man 
Sphere 1, 38.0s, DBG: [FIB, 0, TIME, 37] 
Sphere 1, 38.0s, DBG: [FIB, 1, FRED, -4.806893, 0.562608, -3.992552, -0.477391, -0.688239, 0.029008, -28.811529, 0.305595, 0.660246, 0.008920, -0.015859, 0.155112] 
Sphere 1, 38.0s, DBG: [FIB, 2, GEORGE, -3.904080, -0.687460, 4.114505, -0.363567, 0.519944, -0.013916, -28.603201, 0.491998, 0.169868, -0.023072, 0.007508, -0.002197] 
Sphere 2, 39.0s, DBG: set face 
Sphere 2, 39.0s, DBG: far out man 
Sphere 1, 39.0s, DBG: [FIB, 0, TIME, 38] 
Sphere 1, 39.0s, DBG: [FIB, 1, FRED, -4.395549, 0.611115, -4.028449, -0.441801, -0.634199, 0.025516, -28.797743, 0.341752, 0.394974, -0.050551, -0.015859, 0.096421] 
Sphere 1, 39.0s, DBG: [FIB, 2, GEORGE, -3.549989, -0.724418, 4.134693, -0.340373, 0.465560, -0.012940, -28.574142, 0.509886, 0.159261, 0.049989, 0.007508, -0.036256] 
Sphere 2, 40.0s, DBG: far out man 
Sphere 1, 40.0s, DBG: [FIB, 0, TIME, 39] 
Sphere 1, 40.0s, DBG: [FIB, 1, FRED, -4.076435, 0.652869, -4.066020, -0.387597, -0.567567, 0.023065, -28.803717, 0.328626, 0.502079, -0.005948, -0.015859, 0.029346] 
Sphere 1, 40.0s, DBG: [FIB, 2, GEORGE, -3.241294, -0.762444, 4.149114, -0.305582, 0.428480, -0.011475, -28.496960, 0.552786, 0.237387, -0.038453, 0.001831, -0.010987] 
Sphere 2, 41.0s, DBG: far out man 
Sphere 1, 41.0s, DBG: [FIB, 0, TIME, 40] 
Sphere 1, 41.0s, DBG: [FIB, 1, FRED, -3.773732, 0.696337, -4.077652, -0.348115, -0.525588, 0.015693, -28.734091, 0.368640, 0.730223, 0.038655, -0.013027, 0.046114] 
Sphere 1, 41.0s, DBG: [FIB, 2, GEORGE, -3.043367, -0.788934, 4.136616, -0.252235, 0.359264, -0.003174, -28.595741, 0.494121, 0.299692, -0.052873, 0.021790, 0.014283] 
Sphere 2, 42.0s, DBG: far out man 
Sphere 1, 42.0s, DBG: [FIB, 0, TIME, 41] 
Sphere 1, 42.0s, DBG: [FIB, 1, FRED, -3.421422, 0.735972, -4.114570, -0.330247, -0.476094, 0.019363, -28.767292, 0.353414, 0.596672, -0.050551, -0.024355, -0.037730] 
Sphere 1, 42.0s, DBG: [FIB, 2, GEORGE, -2.839991, -0.810511, 4.162572, -0.169317, 0.233192, -0.008057, -28.622498, 0.473169, 0.399764, -0.038453, 0.021790, -0.010987] 
Sphere 2, 43.0s, DBG: far out man 
Sphere 1, 43.0s, DBG: [FIB, 0, TIME, 42] 
Sphere 1, 43.0s, DBG: [FIB, 1, FRED, -3.150577, 0.768402, -4.155442, -0.290019, -0.414449, 0.018890, -28.785343, 0.354270, 0.368612, 0.008920, -0.035683, -0.071267] 
Sphere 1, 43.0s, DBG: [FIB, 2, GEORGE, -2.694723, -0.824824, 4.160649, -0.117710, 0.159032, -0.002930, -28.595026, 0.498232, 0.124579, -0.008652, 0.018860, -0.019227] 
Sphere 2, 44.0s, DBG: far out man 
Sphere 1, 44.0s, DBG: [FIB, 0, TIME, 43] 
Sphere 1, 44.0s, DBG: [FIB, 1, FRED, -2.943978, 0.798570, -4.134491, -0.245869, -0.364356, 0.004719, -28.777342, 0.367078, 0.234399, 0.023787, -0.038515, -0.129958] 
Sphere 1, 44.0s, DBG: [FIB, 2, GEORGE, -2.573061, -0.841060, 4.200064, -0.086978, 0.125248, -0.009278, -28.589245, 0.502302, 0.012972, -0.008652, 0.010437, -0.010987] 
Sphere 2, 45.0s, DBG: far out man 
Sphere 1, 45.0s, DBG: [FIB, 0, TIME, 44] 
Sphere 1, 45.0s, DBG: [FIB, 1, FRED, -2.734314, 0.825881, -4.155517, -0.219419, -0.320148, 0.007986, -28.801647, 0.347190, 0.201160, 0.038655, -0.015859, -0.205417] 
Sphere 1, 45.0s, DBG: [FIB, 2, GEORGE, -2.511322, -0.846828, 4.193335, -0.057985, 0.078280, -0.002930, -28.608700, 0.485461, 0.309628, -0.068255, 0.021790, -0.010987] 
Sphere 2, 46.0s, DBG: far out man 
Sphere 1, 46.0s, DBG: [FIB, 0, TIME, 45] 
Sphere 1, 46.0s, DBG: [FIB, 1, FRED, -2.551984, 0.863125, -4.189909, -0.138046, -0.546409, 0.015360, -28.816004, 0.334463, 0.192579, -0.020816, -0.007363, -0.180264] 
Sphere 1, 46.0s, DBG: [FIB, 2, GEORGE, -2.398740, -0.858150, 4.183722, -0.057985, 0.075808, -0.000244, -28.701134, 0.423634, 0.278883, -0.023072, 0.016114, -0.010987] 
Sphere 2, 47.0s, DBG: far out man 
Sphere 1, 47.0s, DBG: [FIB, 0, TIME, 46] 
Sphere 1, 47.0s, DBG: [FIB, 1, FRED, -2.577806, 0.913555, -4.209194, 0.050114, -0.698954, 0.020074, -28.920124, 0.221523, 0.090770, 0.038655, -0.013027, -0.297645] 
Sphere 1, 47.0s, DBG: [FIB, 2, GEORGE, -2.315210, -0.865841, 4.175069, -0.051027, 0.063448, 0.001953, -28.675137, 0.443300, 0.266481, -0.038453, 0.027467, 0.022523] 
Sphere 2, 48.0s, DBG: far out man 
Sphere 1, 48.0s, DBG: [FIB, 0, TIME, 47] 
Sphere 1, 48.0s, DBG: [FIB, 1, FRED, -2.514452, 0.949786, -4.232963, 0.014516, -0.473509, 0.015927, -28.979330, 0.109083, 0.131903, -0.035683, -0.013027, -0.507257] 
Sphere 1, 48.0s, DBG: [FIB, 2, GEORGE, -2.293420, -0.868191, 4.175069, -0.030732, 0.037904, 0.001221, -28.626331, 0.471262, 0.394578, 0.020188, 0.007508, 0.039552] 
Sphere 2, 49.0s, DBG: far out man 
Sphere 1, 49.0s, DBG: [FIB, 0, TIME, 48] 
Sphere 1, 49.0s, DBG: [FIB, 1, FRED, -2.442535, 0.973790, -4.244797, -0.009702, -0.286987, 0.010512, -28.997478, -0.025881, 0.129772, -0.035683, -0.018691, -0.666560] 
Sphere 1, 49.0s, DBG: [FIB, 2, GEORGE, -2.231681, -0.873531, 4.178915, -0.038270, 0.034608, 0.000488, -28.637310, 0.464952, 0.360257, -0.052873, 0.007508, -0.010987] 
Sphere 2, 50.0s, DBG: far out man 
Sphere 1, 50.0s, DBG: [FIB, 0, TIME, 49] 
Sphere 1, 50.0s, DBG: [FIB, 1, FRED, -2.558387, 0.999809, -4.250365, 0.160719, -0.353471, 0.010375, -28.940273, -0.191700, 0.073047, 0.142731, -0.013027, -0.649791] 
Sphere 1, 50.0s, DBG: [FIB, 2, GEORGE, -2.191732, -0.876522, 4.172185, -0.029572, 0.038728, 0.001465, -28.614668, 0.482492, 0.262491, -0.023072, 0.010437, -0.002197] 
Sphere 2, 51.0s, DBG: far out man 
Sphere 1, 51.0s, DBG: [FIB, 0, TIME, 50] 
Sphere 1, 51.0s, DBG: [FIB, 1, FRED, -2.660425, 1.020397, -4.263720, 0.150264, -0.334780, 0.011076, -28.745060, -0.393143, 0.236738, 0.068390, -0.021523, -0.658175] 
Sphere 1, 51.0s, DBG: [FIB, 2, GEORGE, -2.128178, -0.882931, 4.190451, -0.028413, 0.042848, -0.001953, -28.655273, 0.454398, 0.333516, -0.038453, 0.013184, -0.044496] 
Sphere 2, 52.0s, DBG: far out man 
Sphere 1, 52.0s, DBG: [FIB, 0, TIME, 51] 
Sphere 1, 52.0s, DBG: [FIB, 1, FRED, -2.712733, 1.052847, -4.270109, 0.130961, -0.358137, 0.010515, -28.434147, -0.589687, -0.034379, 0.068390, -0.018691, -0.674944] 
Sphere 1, 52.0s, DBG: [FIB, 2, GEORGE, -2.102756, -0.884640, 4.186605, -0.026093, 0.026368, -0.000977, -28.642475, 0.454321, 0.504065, -0.052873, 0.010437, 0.005493] 
Sphere 2, 53.0s, GT: Score item picked up 
Sphere 2, 53.0s, GT: score: 1.500000, energy: 0.557601, memorySize: 2 
Sphere 2, 53.0s, DBG: far out man 
Sphere 1, 53.0s, DBG: [FIB, 0, TIME, 52] 
Sphere 1, 53.0s, DBG: [FIB, 1, FRED, -2.816340, 1.075828, -4.289457, 0.126331, -0.348521, 0.012141, -28.235250, -0.684385, 0.024738, 0.083258, -0.030019, -0.674944] 
Sphere 1, 53.0s, DBG: [FIB, 2, GEORGE, -2.084597, -0.888485, 4.208716, -0.024354, 0.031312, -0.004883, -28.694920, 0.419949, 0.456749, -0.023072, 0.021790, 0.022523] 
Sphere 2, 54.0s, DBG: far out man 
Sphere 1, 54.0s, DBG: [FIB, 0, TIME, 53] 
Sphere 1, 54.0s, DBG: [FIB, 1, FRED, -2.873573, 1.093992, -4.307159, 0.072843, -0.213131, 0.010173, -27.852652, -0.835447, -0.041158, 0.008920, -0.038515, -0.591100] 
Sphere 1, 54.0s, DBG: [FIB, 2, GEORGE, -2.019227, -0.893826, 4.221213, -0.034791, 0.040376, -0.002686, -28.693377, 0.426639, 0.354705, -0.023072, 0.001831, 0.005493] 
Sphere 2, 55.0s, DBG: far out man 
Sphere 1, 55.0s, DBG: [FIB, 0, TIME, 54] 
Sphere 1, 55.0s, DBG: [FIB, 1, FRED, -2.866638, 1.109327, -4.291908, 0.033360, -0.144304, 0.001606, -27.493664, -0.949982, -0.392845, 0.083258, -0.038515, -0.473718] 
Sphere 1, 55.0s, DBG: [FIB, 2, GEORGE, -1.990173, -0.892544, 4.228904, -0.023194, 0.016480, -0.003662, -28.634550, 0.470421, 0.248537, -0.038453, 0.021790, -0.002197] 
Sphere 2, 56.0s, DBG: far out man 
Sphere 1, 56.0s, DBG: [FIB, 0, TIME, 55] 
Sphere 1, 56.0s, DBG: [FIB, 1, FRED, -2.876958, 1.119220, -4.313383, 0.017838, -0.097223, 0.005159, -27.237053, -1.023126, -0.516314, -0.080286, -0.021523, -0.406643] 
Sphere 1, 56.0s, DBG: [FIB, 2, GEORGE, -1.944777, -0.895749, 4.222175, -0.027833, 0.023072, -0.001709, -28.560268, 0.502676, 0.567944, 0.005768, 0.013184, 0.014283] 
Sphere 2, 57.0s, DBG: far out man 
Sphere 1, 57.0s, DBG: [FIB, 0, TIME, 56] 
Sphere 1, 57.0s, DBG: [FIB, 1, FRED, -2.955122, 1.126518, -4.324969, 0.028225, -0.067797, 0.006146, -26.956715, -1.096992, -0.615517, -0.020816, -0.015859, -0.389874] 
Sphere 1, 57.0s, DBG: [FIB, 2, GEORGE, -1.922987, -0.896390, 4.225059, -0.019715, 0.023072, -0.001709, -28.595406, 0.481058, 0.565331, -0.038453, 0.016114, -0.002197] 
Sphere 2, 58.0s, DBG: far out man 
Sphere 1, 58.0s, DBG: [FIB, 0, TIME, 57] 
Sphere 1, 58.0s, DBG: [FIB, 1, FRED, -3.006611, 1.135179, -4.353508, 0.024157, -0.061671, 0.009939, -26.724600, -1.149336, -0.821473, -0.020816, 0.003965, -0.331183] 
Sphere 1, 58.0s, DBG: [FIB, 2, GEORGE, -1.930250, -0.900021, 4.197180, -0.014496, 0.028840, 0.004151, -28.611942, 0.478051, 0.439953, -0.038453, 0.013184, -0.010987] 
Sphere 2, 59.0s, DBG: far out man 
Sphere 1, 59.0s, DBG: [FIB, 0, TIME, 58] 
Sphere 1, 59.0s, DBG: [FIB, 1, FRED, -3.040203, 1.136727, -4.346886, 0.018327, -0.034689, 0.005019, -26.535162, -1.203342, -0.562548, -0.020816, 0.006797, -0.213801] 
Sphere 1, 59.0s, DBG: [FIB, 2, GEORGE, -1.890301, -0.904935, 4.217368, -0.019715, 0.039552, -0.000732, -28.613150, 0.471947, 0.525011, -0.038453, 0.018860, 0.022523] 
Sphere 2, 60.0s, DBG: set face 
Sphere 2, 60.0s, DBG: far out man 
Sphere 1, 60.0s, DBG: [FIB, 0, TIME, 59] 
Sphere 1, 60.0s, DBG: [FIB, 1, FRED, -3.049724, 1.144014, -4.343215, 0.012966, -0.040819, 0.002920, -26.128681, -1.294226, -0.596527, 0.038655, -0.035683, -0.155110] 
Sphere 1, 60.0s, DBG: [FIB, 2, GEORGE, -1.846721, -0.904935, 4.207755, -0.024354, 0.021424, 0.001221, -28.572369, 0.479227, 0.786033, 0.005768, 0.018860, 0.022523] 
Sphere 2, 61.0s, DBG: set face 
Sphere 2, 61.0s, DBG: far out man 
Sphere 1, 61.0s, DBG: [FIB, 0, TIME, 60] 
Sphere 1, 61.0s, DBG: [FIB, 1, FRED, -3.040751, 1.146441, -4.341912, 0.006932, -0.027675, 0.001824, -26.158968, -1.285148, -0.690857, 0.098126, -0.007363, -0.088035] 
Sphere 1, 61.0s, DBG: [FIB, 2, GEORGE, -1.861248, -0.907712, 4.214484, -0.013337, 0.025544, 0.000000, -28.519169, 0.513648, 0.762111, -0.038453, 0.007508, 0.031312] 
Sphere 2, 62.0s, DBG: set face 
Sphere 2, 62.0s, DBG: far out man 
Sphere 1, 62.0s, DBG: [FIB, 0, TIME, 61] 
Sphere 1, 62.0s, DBG: [FIB, 1, FRED, -3.015891, 1.142208, -4.344604, -0.061238, 0.079631, -0.002108, -26.083635, -1.299256, -0.763866, -0.035683, 0.006797, -0.029346] 
Sphere 1, 62.0s, DBG: [FIB, 2, GEORGE, -1.866695, -0.907498, 4.145268, 0.004059, 0.024720, 0.073977, -28.626890, 0.446560, 0.753524, -0.098056, -0.003662, 0.277413] 
Sphere 2, 63.0s, DBG: set face 
Sphere 2, 63.0s, DBG: far out man 
Sphere 1, 63.0s, DBG: [FIB, 0, TIME, 62] 
Sphere 1, 63.0s, DBG: [FIB, 1, FRED, -2.902827, 1.130758, -4.343353, -0.113365, 0.147518, -0.004579, -26.132532, -1.291720, -0.661124, -0.050551, -0.018691, -0.037730] 
Sphere 1, 63.0s, DBG: [FIB, 2, GEORGE, -1.946593, -0.913694, 4.017411, 0.037690, 0.042848, 0.143315, -28.806755, 0.309698, 0.660365, -0.038453, -0.009339, 0.490005] 
Sphere 2, 64.0s, DBG: set face 
Sphere 2, 64.0s, DBG: far out man 
Sphere 1, 64.0s, DBG: [FIB, 0, TIME, 63] 
Sphere 1, 64.0s, DBG: [FIB, 1, FRED, -2.832049, 1.125129, -4.343313, -0.123170, 0.153162, -0.005981, -26.114944, -1.282634, -1.030031, 0.112993, -0.072498, 0.046114] 
Sphere 1, 64.0s, DBG: [FIB, 2, GEORGE, -1.955672, -0.917539, 3.813608, 0.045228, 0.050264, 0.212409, -28.946766, 0.147579, 0.441927, 0.035569, -0.034791, 0.651509] 
Sphere 2, 65.0s, DBG: set face 
Sphere 2, 65.0s, DBG: far out man 
Sphere 1, 65.0s, DBG: [FIB, 0, TIME, 64] 
Sphere 1, 65.0s, DBG: [FIB, 1, FRED, -2.748476, 1.113648, -4.316504, -0.125822, 0.170453, -0.012975, -25.972588, -1.292618, -1.438137, 0.053523, -0.120641, 0.155112] 
Sphere 1, 65.0s, DBG: [FIB, 2, GEORGE, -1.991989, -0.921384, 3.527131, 0.059725, 0.055208, 0.281991, -28.969603, -0.010675, 0.586397, 0.035569, -0.077273, 0.846522] 
Sphere 2, 66.0s, DBG: set face 
Sphere 2, 66.0s, DBG: far out man 
Sphere 1, 66.0s, DBG: [FIB, 0, TIME, 65] 
Sphere 1, 66.0s, DBG: [FIB, 1, FRED, -2.608748, 1.100834, -4.313598, -0.138766, 0.180884, -0.010665, -26.224443, -1.216220, -1.739417, 0.008920, -0.168785, 0.163496] 
Sphere 1, 66.0s, DBG: [FIB, 2, GEORGE, -2.021043, -0.923307, 3.182012, 0.066683, 0.051088, 0.348888, -28.912870, -0.230378, -0.054953, -0.068255, -0.162236, 0.956938] 
Sphere 2, 67.0s, DBG: set face 
Sphere 2, 67.0s, DBG: far out man 
Sphere 1, 67.0s, DBG: [FIB, 0, TIME, 66] 
Sphere 1, 67.0s, DBG: [FIB, 1, FRED, -2.512320, 1.089463, -4.305801, -0.130173, 0.173184, -0.009698, -26.001989, -1.179668, -2.646638, 0.008920, -0.282063, 0.155112] 
Sphere 1, 67.0s, DBG: [FIB, 2, GEORGE, -2.055544, -0.931211, 2.769600, 0.073641, 0.067568, 0.413587, -28.564245, -0.503402, -0.522751, 0.035569, -0.272652, 0.990997] 
Sphere 2, 68.0s, DBG: set face 
Sphere 2, 68.0s, DBG: far out man 
Sphere 1, 68.0s, DBG: [FIB, 0, TIME, 67] 
Sphere 1, 68.0s, DBG: [FIB, 1, FRED, -2.410965, 1.074735, -4.289593, -0.123038, 0.178132, -0.010509, -25.662226, -1.104465, -3.709131, 0.053523, -0.381182, 0.171880] 
Sphere 1, 68.0s, DBG: [FIB, 2, GEORGE, -2.120914, -0.934416, 2.281243, 0.090457, 0.056032, 0.479507, -27.825491, -0.735102, -1.804867, -0.068255, -0.465285, 0.778954] 
Sphere 2, 69.0s, DBG: set face 
Sphere 2, 69.0s, DBG: far out man 
Sphere 1, 69.0s, DBG: [FIB, 0, TIME, 68] 
Sphere 1, 69.0s, DBG: [FIB, 1, FRED, -2.245741, 1.069276, -4.275937, -0.133082, 0.145553, -0.009629, -24.928707, -0.984468, -5.091344, 0.023787, -0.480300, 0.205419] 
Sphere 1, 69.0s, DBG: [FIB, 2, GEORGE, -2.215339, -0.937834, 1.764046, 0.107273, 0.052736, 0.499283, -26.645044, -0.842020, -3.605929, -0.068255, -0.595477, 0.566363] 
Sphere 2, 70.0s, DBG: set face 
Sphere 2, 70.0s, DBG: far out man 
Sphere 1, 70.0s, DBG: [FIB, 0, TIME, 69] 
Sphere 1, 70.0s, DBG: [FIB, 1, FRED, -2.143116, 1.060055, -4.266257, -0.116530, 0.133666, -0.006524, -23.714705, -0.816775, -6.592461, 0.008920, -0.525612, 0.197034] 
Sphere 1, 70.0s, DBG: [FIB, 2, GEORGE, -2.248024, -0.943815, 1.260308, 0.096255, 0.054384, 0.491226, -25.065454, -0.783427, -5.586462, 0.020188, -0.663411, 0.345531] 
Sphere 2, 71.0s, DBG: set face 
Sphere 2, 71.0s, DBG: far out man 
Sphere 1, 71.0s, DBG: [FIB, 0, TIME, 70] 
Sphere 1, 71.0s, DBG: [FIB, 1, FRED, -2.065045, 1.049217, -4.264989, -0.098997, 0.136481, -0.006319, -21.751728, -0.709119, -8.029947, 0.038655, -0.559595, 0.197034] 
Sphere 1, 71.0s, DBG: [FIB, 2, GEORGE, -2.351527, -0.946806, 0.747917, 0.110752, 0.044496, 0.474380, -22.671822, -0.751609, -7.422560, -0.038453, -0.657735, 0.175787] 
Sphere 1, 72.0s, GT: Not a good shot: Opposing mirror active -2.610821| 
Sphere 1, 72.0s, GT: Score item picked up 
Sphere 1, 72.0s, GT: score: 1.500000, energy: 4.646201, memorySize: 2 
Sphere 2, 72.0s, GT: Not a good shot: my mirror's in the way | 
Sphere 2, 72.0s, DBG: set face 
Sphere 2, 72.0s, DBG: far out man 
Sphere 1, 72.0s, DBG: [FIB, 0, TIME, 71] 
Sphere 1, 72.0s, DBG: [FIB, 1, FRED, -1.991585, 1.039278, -4.274335, -0.086689, 0.132475, -0.002008, -19.477291, -0.592905, -9.282518, 0.008920, -0.531276, 0.171880] 
Sphere 1, 72.0s, DBG: [FIB, 2, GEORGE, -2.427793, -0.950224, 0.238411, 0.100894, 0.039552, 0.450453, -19.515232, -0.694711, -9.131545, 0.005768, -0.598224, 0.115909] 
Sphere 1, 73.0s, GT: Not a good shot: Opposing mirror active -2.488940| 
Sphere 2, 73.0s, GT: Not a good shot: my mirror's in the way | 
Sphere 2, 73.0s, DBG: set face 
Sphere 2, 73.0s, DBG: far out man 
Sphere 1, 73.0s, DBG: [FIB, 0, TIME, 72] 
Sphere 1, 73.0s, DBG: [FIB, 1, FRED, -1.903560, 1.032114, -4.253201, -0.082169, 0.114457, -0.008022, -16.958727, -0.471642, -10.345517, -0.020816, -0.480300, 0.113189] 
Sphere 1, 73.0s, DBG: [FIB, 2, GEORGE, -2.547639, -0.953856, -0.225913, 0.107273, 0.033784, 0.417005, -16.661089, -0.604753, -10.311507, 0.035569, -0.510514, 0.056581] 
Sphere 1, 74.0s, GT: Not a good shot: Opposing mirror active -2.416284| 
Sphere 2, 74.0s, GT: Not a good shot: my mirror's in the way | 
Sphere 2, 74.0s, DBG: set face 
Sphere 2, 74.0s, DBG: far out man 
Sphere 1, 74.0s, DBG: [FIB, 0, TIME, 73] 
Sphere 1, 74.0s, DBG: [FIB, 1, FRED, -1.873970, 1.019627, -4.254604, -0.060963, 0.121889, -0.005505, -14.891870, -0.313682, -11.071939, -0.020816, -0.395341, 0.113189] 
Sphere 1, 74.0s, DBG: [FIB, 2, GEORGE, -2.602115, -0.959410, -0.635441, 0.086978, 0.037080, 0.375500, -13.952568, -0.570025, -11.125072, 0.035569, -0.411451, -0.019227] 
Sphere 1, 75.0s, GT: Not a good shot: Opposing mirror active -2.381922| 
Sphere 2, 75.0s, GT: Not a good shot: my mirror's in the way | 
Sphere 2, 75.0s, DBG: set face 
Sphere 2, 75.0s, DBG: far out man 
Sphere 1, 75.0s, DBG: [FIB, 0, TIME, 74] 
Sphere 1, 75.0s, DBG: [FIB, 1, FRED, -1.831757, 1.013218, -4.184670, -0.035341, 0.106923, -0.088662, -12.229631, -0.226341, -11.746616, -0.110022, -0.389678, 0.138343] 
Sphere 1, 75.0s, DBG: [FIB, 2, GEORGE, -2.669302, -0.962401, -1.056505, 0.081759, 0.029664, 0.347179, -12.088786, -0.535176, -11.586309, 0.005768, -0.317881, -0.104373] 
Sphere 1, 76.0s, GT: Not a good shot: Opposing mirror active -2.368335| 
Sphere 2, 76.0s, GT: Not a good shot: my mirror's in the way | 
Sphere 2, 76.0s, DBG: set face 
Sphere 2, 76.0s, DBG: far out man 
Sphere 1, 76.0s, DBG: [FIB, 0, TIME, 75] 
Sphere 1, 76.0s, DBG: [FIB, 1, FRED, -1.764348, 1.005077, -4.023128, -0.025035, 0.099958, -0.164579, -9.940552, -0.120788, -12.201196, -0.035683, -0.330206, 0.113189] 
Sphere 1, 76.0s, DBG: [FIB, 2, GEORGE, -2.769173, -0.966460, -1.425657, 0.079440, 0.031312, 0.312754, -10.379524, -0.495282, -11.946994, -0.068255, -0.218818, -0.155461] 
Sphere 1, 77.0s, GT: Not a good shot: Opposing mirror active -2.364561| 
Sphere 2, 77.0s, GT: Not a good shot: my mirror's in the way | 
Sphere 2, 77.0s, DBG: set face 
Sphere 2, 77.0s, DBG: far out man 
Sphere 1, 77.0s, DBG: [FIB, 0, TIME, 76] 
Sphere 1, 77.0s, DBG: [FIB, 1, FRED, -1.694214, 0.993681, -3.807718, -0.016959, 0.103627, -0.229593, -8.306554, 0.012433, -12.455188, -0.080286, -0.293391, 0.079652] 
Sphere 1, 77.0s, DBG: [FIB, 2, GEORGE, -2.800043, -0.971587, -1.746742, 0.063784, 0.034608, 0.277352, -9.475305, -0.313096, -12.210686, 0.005768, -0.159307, -0.257088] 
Sphere 1, 78.0s, GT: Not a good shot: Opposing mirror active -2.373850| 
Sphere 2, 78.0s, GT: Not a good shot: my mirror's in the way | 
Sphere 2, 78.0s, DBG: set face 
Sphere 2, 78.0s, DBG: far out man 
Sphere 1, 78.0s, DBG: [FIB, 0, TIME, 77] 
Sphere 1, 78.0s, DBG: [FIB, 1, FRED, -1.707651, 0.988052, -3.507202, 0.013253, 0.089404, -0.294311, -7.489776, 0.039749, -12.557771, -0.050551, -0.248080, 0.071268] 
Sphere 1, 78.0s, DBG: [FIB, 2, GEORGE, -2.870861, -0.979278, -2.056291, 0.061464, 0.047792, 0.250496, -9.076448, -0.206779, -12.313813, -0.038453, -0.097049, -0.231819] 
Sphere 1, 79.0s, GT: [79] attempting to take picture... 
Sphere 2, 79.0s, GT: [79] attempting to take picture... 
Sphere 1, 79.0s, GT: [79] took picture (round 1) valued 2.40 points | 
Sphere 2, 79.0s, GT: [79] took picture (round 1) valued 2.37 points | 
Sphere 1, 79.0s, GT: [79] camera OFF | 
Sphere 2, 79.0s, GT: [79] camera OFF | 
Sphere 2, 79.0s, DBG: set face 
Sphere 2, 79.0s, DBG: far out man 
Sphere 1, 79.0s, DBG: [FIB, 0, TIME, 78] 
Sphere 1, 79.0s, DBG: [FIB, 1, FRED, -1.744414, 0.980361, -3.151737, 0.041841, 0.082593, -0.352401, -7.145459, 0.093763, -12.592652, 0.023787, -0.163121, 0.088037] 
Sphere 1, 79.0s, DBG: [FIB, 2, GEORGE, -2.896283, -0.977569, -2.330271, 0.045808, 0.015656, 0.221931, -8.694110, -0.123379, -12.390206, 0.049989, -0.071596, -0.197760] 
Sphere 1, 80.0s, GT: [80] trying to upload... 
Sphere 1, 80.0s, GT: [80] camera OFF | 
Sphere 1, 80.0s, GT: uploaded picture for 2.40 points | 
Sphere 2, 80.0s, DBG: set face 
Sphere 2, 80.0s, DBG: far out man 
Sphere 1, 80.0s, DBG: [FIB, 0, TIME, 79] 
Sphere 1, 80.0s, DBG: [FIB, 1, FRED, -1.770343, 0.980279, -2.715991, 0.062296, 0.050055, -0.412364, -6.562995, 0.121158, -12.651830, 0.023787, -0.058338, 0.037730] 
Sphere 1, 80.0s, DBG: [FIB, 2, GEORGE, -2.943495, -0.976501, -2.592715, 0.042909, 0.006592, 0.198248, -8.531945, -0.101384, -12.416423, 0.005768, -0.020508, -0.188971] 
Sphere 2, 81.0s, DBG: set face 
Sphere 2, 81.0s, DBG: far out man 
Sphere 1, 81.0s, DBG: [FIB, 0, TIME, 80] 
Sphere 1, 81.0s, DBG: [FIB, 1, FRED, -1.771903, 0.976584, -2.228253, 0.075937, 0.037474, -0.466626, -6.264735, 0.091559, -12.686838, -0.080286, 0.052108, 0.054500] 
Sphere 1, 81.0s, DBG: [FIB, 2, GEORGE, -2.979812, -0.978851, -2.793634, 0.038850, 0.009064, 0.168706, -8.654372, -0.058360, -12.404753, 0.049989, 0.010437, -0.163701] 
Sphere 2, 82.0s, DBG: set face 
Sphere 2, 82.0s, DBG: far out man 
Sphere 1, 82.0s, DBG: [FIB, 0, TIME, 81] 
Sphere 1, 82.0s, DBG: [FIB, 1, FRED, -1.874553, 0.969872, -1.723221, 0.111783, 0.038846, -0.490276, -5.778353, 0.096332, -12.732484, 0.008920, -0.146129, -0.171880] 
Sphere 1, 82.0s, DBG: [FIB, 2, GEORGE, -3.019761, -0.981842, -2.984939, 0.035371, 0.014008, 0.147954, -9.327588, -0.028151, -12.308053, 0.005768, 0.055666, -0.171941] 
Sphere 2, 83.0s, GT: [83] camera ON | 
Sphere 2, 83.0s, GT: Not a good shot: Opposing mirror active -2.663548| 
Sphere 2, 83.0s, DBG: set face 
Sphere 2, 83.0s, DBG: far out man 
Sphere 1, 83.0s, DBG: [FIB, 0, TIME, 82] 
Sphere 1, 83.0s, DBG: [FIB, 1, FRED, -1.940984, 0.968066, -1.210345, 0.115435, 0.021372, -0.488473, -5.615346, 0.082012, -12.749012, -0.050551, 0.074764, -0.012576] 
Sphere 1, 83.0s, DBG: [FIB, 2, GEORGE, -3.039735, -0.984832, -3.150288, 0.026673, 0.016480, 0.127201, -10.127794, -0.043546, -12.179282, 0.035569, 0.075442, -0.197760] 
Sphere 2, 84.0s, GT: Not a good shot: Opposing mirror active -2.823793| 
Sphere 1, 84.0s, GT: [84] camera ON | 
Sphere 2, 84.0s, DBG: set face 
Sphere 2, 84.0s, DBG: far out man 
Sphere 1, 84.0s, DBG: [FIB, 0, TIME, 83] 
Sphere 1, 84.0s, DBG: [FIB, 1, FRED, -2.025331, 0.969018, -0.700112, 0.116457, 0.004553, -0.472336, -7.222987, 0.121502, -12.579303, 0.083258, 0.207866, 0.163496] 
Sphere 1, 84.0s, DBG: [FIB, 2, GEORGE, -3.074236, -0.985260, -3.289682, 0.028993, 0.008240, 0.107669, -10.880384, -0.036104, -12.048256, -0.008652, 0.115177, -0.214789] 
Sphere 2, 85.0s, GT: Not a good shot: too close to the other satellite | 
Sphere 2, 85.0s, DBG: set face 
Sphere 2, 85.0s, DBG: far out man 
Sphere 1, 85.0s, DBG: [FIB, 0, TIME, 84] 
Sphere 1, 85.0s, DBG: [FIB, 1, FRED, -2.121413, 0.967365, -0.223957, 0.122880, 0.004885, -0.443893, -8.536940, 0.143203, -12.408455, 0.098126, 0.306984, 0.155112] 
Sphere 1, 85.0s, DBG: [FIB, 2, GEORGE, -3.054262, -0.985046, -3.419462, 0.016236, 0.001648, 0.094241, -11.787621, -0.017547, -11.876221, 0.005768, 0.129276, -0.188971] 
Sphere 2, 86.0s, GT: Score item picked up 
Sphere 2, 86.0s, GT: score: 3.110000, energy: 5.000000, memorySize: 2 
Sphere 2, 86.0s, DBG: set face 
Sphere 2, 86.0s, DBG: far out man 
Sphere 1, 86.0s, DBG: [FIB, 0, TIME, 85] 
Sphere 1, 86.0s, DBG: [FIB, 1, FRED, -2.242664, 0.968368, 0.251782, 0.128531, -0.001573, -0.417717, -10.756827, 0.089794, -12.066346, 0.053523, 0.355128, 0.280878] 
Sphere 1, 86.0s, DBG: [FIB, 2, GEORGE, -3.079684, -0.981201, -3.537705, 0.016816, -0.014008, 0.082278, -11.895310, -0.035377, -11.854293, 0.005768, 0.154729, -0.155461] 
Sphere 2, 87.0s, DBG: set face 
Sphere 2, 87.0s, DBG: far out man 
Sphere 1, 87.0s, DBG: [FIB, 0, TIME, 86] 
Sphere 1, 87.0s, DBG: [FIB, 1, FRED, -2.408319, 0.965472, 0.670603, 0.133965, 0.005702, -0.381245, -13.832613, 0.093101, -11.418715, 0.053523, 0.394775, 0.264110] 
Sphere 1, 87.0s, DBG: [FIB, 2, GEORGE, -3.114185, -0.983978, -3.634800, 0.021455, 0.000000, 0.068850, -13.550140, -0.039677, -11.491965, -0.008652, 0.202887, -0.240059] 
Sphere 2, 88.0s, DBG: set face 
Sphere 2, 88.0s, DBG: far out man 
Sphere 1, 88.0s, DBG: [FIB, 0, TIME, 87] 
Sphere 1, 88.0s, DBG: [FIB, 1, FRED, -2.514673, 0.967414, 1.077852, 0.119360, -0.006921, -0.349795, -15.995682, 0.074659, -10.838801, -0.080286, 0.369287, 0.314415] 
Sphere 1, 88.0s, DBG: [FIB, 2, GEORGE, -3.139607, -0.979064, -3.710746, 0.020295, -0.014832, 0.055910, -14.872380, -0.027742, -11.158961, 0.005768, 0.245369, -0.240059] 
Sphere 2, 89.0s, DBG: set face 
Sphere 2, 89.0s, DBG: far out man 
Sphere 1, 89.0s, DBG: [FIB, 0, TIME, 88] 
Sphere 1, 89.0s, DBG: [FIB, 1, FRED, -2.633792, 0.967277, 1.441677, 0.111812, -0.005667, -0.315416, -18.476824, 0.031629, -10.018877, -0.020816, 0.346632, 0.264110] 
Sphere 1, 89.0s, DBG: [FIB, 2, GEORGE, -3.043367, -0.980773, -3.781884, -0.196570, -0.001648, 0.050539, -16.444582, 0.024775, -10.707078, -0.023072, 0.248299, -0.282907] 
Sphere 2, 90.0s, DBG: set face 
Sphere 2, 90.0s, DBG: far out man 
Sphere 1, 90.0s, DBG: [FIB, 0, TIME, 89] 
Sphere 1, 90.0s, DBG: [FIB, 1, FRED, -2.820372, 0.962462, 1.825218, 0.232413, 0.013882, -0.327222, -20.571121, 0.010676, -9.163030, 0.038655, 0.340968, 0.280878] 
Sphere 1, 90.0s, DBG: [FIB, 2, GEORGE, -2.992523, -0.986541, -3.842448, -0.031312, 0.018128, 0.042970, -18.296820, 0.042132, -10.083320, -0.098056, 0.268075, -0.265877] 
Sphere 2, 91.0s, GT: Not a good shot: too close to the other satellite | 
Sphere 2, 91.0s, DBG: set face 
Sphere 2, 91.0s, DBG: far out man 
Sphere 1, 91.0s, DBG: [FIB, 0, TIME, 90] 
Sphere 1, 91.0s, DBG: [FIB, 1, FRED, -2.991283, 0.962439, 2.174887, 0.164762, 0.000175, -0.280780, -22.363098, 0.020944, -8.276132, -0.065419, 0.321145, 0.339569] 
Sphere 1, 91.0s, DBG: [FIB, 2, GEORGE, -2.838176, -0.979278, -3.896283, -0.252815, -0.012360, 0.035646, -19.986368, 0.045107, -9.416721, -0.052873, 0.287851, -0.342235] 
Sphere 2, 92.0s, GT: Not a good shot: too close to the other satellite | 
Sphere 2, 92.0s, DBG: set face 
Sphere 2, 92.0s, DBG: far out man 
Sphere 1, 92.0s, DBG: [FIB, 0, TIME, 91] 
Sphere 1, 92.0s, DBG: [FIB, 1, FRED, -3.045612, 0.961581, 2.463670, 0.098613, -0.002548, -0.237076, -23.733353, 0.027919, -7.469614, -0.065419, 0.304152, 0.322799] 
Sphere 1, 92.0s, DBG: [FIB, 2, GEORGE, -2.531297, -0.975005, -3.946272, -0.414594, -0.025544, 0.030519, -21.657997, 0.074078, -8.638421, -0.008652, 0.324656, -0.308176] 
Sphere 2, 93.0s, DBG: set face 
Sphere 2, 93.0s, DBG: far out man 
Sphere 1, 93.0s, DBG: [FIB, 0, TIME, 92] 
Sphere 1, 93.0s, DBG: [FIB, 1, FRED, -3.104906, 0.963944, 2.707311, 0.066971, -0.014368, -0.200845, -25.063789, 0.061685, -6.533931, -0.020816, 0.273001, 0.280878] 
Sphere 1, 93.0s, DBG: [FIB, 2, GEORGE, -2.186285, -0.983337, -3.967421, -0.484176, 0.012360, 0.021485, -23.342613, 0.070422, -7.707131, -0.023072, 0.307810, -0.282907] 
Sphere 2, 94.0s, DBG: set face 
Sphere 2, 94.0s, DBG: far out man 
Sphere 1, 94.0s, DBG: [FIB, 0, TIME, 93] 
Sphere 1, 94.0s, DBG: [FIB, 1, FRED, -3.153545, 0.961315, 2.919845, 0.048821, -0.002641, -0.170911, -25.989042, 0.032257, -5.766445, -0.020816, 0.244681, 0.247340] 
Sphere 1, 94.0s, DBG: [FIB, 2, GEORGE, -1.790429, -0.983764, -3.982803, -0.514328, 0.006592, 0.012696, -24.524864, 0.080097, -6.928726, 0.020188, 0.265328, -0.265877] 
Sphere 2, 95.0s, DBG: set face 
Sphere 2, 95.0s, DBG: far out man 
Sphere 1, 95.0s, DBG: [FIB, 0, TIME, 94] 
Sphere 1, 95.0s, DBG: [FIB, 1, FRED, -3.234338, 0.960931, 3.224732, 0.155835, 0.028403, -0.245131, -26.780907, 0.037899, -4.984715, -0.035683, 0.241849, 0.230571] 
Sphere 1, 95.0s, DBG: [FIB, 2, GEORGE, -1.449049, -0.985687, -3.939543, -0.386761, 0.037080, -0.051271, -25.669403, 0.101286, -6.032329, 0.035569, 0.271004, -0.240059] 
Sphere 2, 96.0s, DBG: set face 
Sphere 2, 96.0s, DBG: far out man 
Sphere 1, 96.0s, DBG: [FIB, 0, TIME, 95] 
Sphere 1, 96.0s, DBG: [FIB, 1, FRED, -3.531436, 0.953459, 3.534813, 0.366715, 0.069063, -0.275242, -27.400805, 0.037361, -4.254265, -0.050551, 0.256009, 0.238955] 
Sphere 1, 96.0s, DBG: [FIB, 2, GEORGE, -1.280175, -0.987396, -3.894360, -0.149602, 0.059328, -0.075930, -26.433859, 0.125666, -5.317392, -0.008652, 0.253975, -0.257088] 
Sphere 2, 97.0s, DBG: set face 
Sphere 2, 97.0s, DBG: far out man 
Sphere 1, 97.0s, DBG: [FIB, 0, TIME, 96] 
Sphere 1, 97.0s, DBG: [FIB, 1, FRED, -3.710191, 0.950841, 3.786989, 0.238625, 0.039596, -0.209602, -27.907207, 0.072912, -3.520929, -0.035683, 0.264505, 0.347953] 
Sphere 1, 97.0s, DBG: [FIB, 2, GEORGE, -1.031404, -0.988037, -3.837642, -0.292825, 0.024720, -0.041261, -27.308411, 0.094712, -4.354940, 0.035569, 0.299203, -0.359264] 
Sphere 2, 98.0s, DBG: set face 
Sphere 2, 98.0s, DBG: far out man 
Sphere 1, 98.0s, DBG: [FIB, 0, TIME, 97] 
Sphere 1, 98.0s, DBG: [FIB, 1, FRED, -4.038199, 0.943658, 4.059018, 0.416169, 0.068538, -0.222297, -28.351618, 0.017828, -2.732501, -0.110022, 0.247513, 0.314415] 
Sphere 1, 98.0s, DBG: [FIB, 2, GEORGE, -0.920637, -0.992737, -3.818415, -0.099734, 0.051912, -0.040529, -27.922537, 0.082624, -3.491745, 0.005768, 0.293527, -0.342235] 
Sphere 2, 99.0s, DBG: set face 
Sphere 2, 99.0s, DBG: far out man 
Sphere 1, 99.0s, DBG: [FIB, 0, TIME, 98] 
Sphere 1, 99.0s, DBG: [FIB, 1, FRED, -4.370389, 0.946589, 4.286404, 0.406832, 0.044419, -0.217114, -28.767122, 0.070336, -1.615683, -0.065419, 0.323977, 0.549179] 
Sphere 1, 99.0s, DBG: [FIB, 2, GEORGE, -0.753578, -0.992950, -3.801111, -0.240638, 0.012360, -0.014405, -28.489561, 0.137847, -2.349689, 0.035569, 0.381420, -0.537248] 
Sphere 2, 100.0s, DBG: set face 
Sphere 2, 100.0s, DBG: far out man 
Sphere 1, 100.0s, DBG: [FIB, 0, TIME, 99] 
Sphere 1, 100.0s, DBG: [FIB, 1, FRED, -4.597386, 0.948999, 4.466683, 0.251622, 0.009726, -0.147972, -28.943909, 0.181183, -0.191564, -0.020816, 0.360792, 0.607870] 
Sphere 1, 100.0s, DBG: [FIB, 2, GEORGE, -0.566546, -0.997864, -3.765542, -0.233100, 0.023896, -0.018555, -28.897943, 0.148238, -0.876569, 0.079791, 0.426649, -0.622395] 
Sphere 2, 101.0s, DBG: set face 
Sphere 2, 101.0s, DBG: far out man 
Sphere 1, 101.0s, DBG: [FIB, 0, TIME, 100] 
Sphere 1, 101.0s, DBG: [FIB, 1, FRED, -4.683810, 0.948893, 4.600196, 0.088203, -0.006257, -0.080339, -28.818287, 0.220370, 1.095164, -0.065419, 0.397607, 0.565948] 
Sphere 1, 101.0s, DBG: [FIB, 2, GEORGE, -0.326853, -0.998291, -3.758812, -0.240059, 0.019776, -0.015625, -28.897514, 0.198506, 0.657668, -0.023072, 0.418226, -0.614154] 
Sphere 2, 102.0s, DBG: set face 
Sphere 2, 102.0s, DBG: far out man 
Sphere 1, 102.0s, DBG: [FIB, 0, TIME, 101] 
Sphere 1, 102.0s, DBG: [FIB, 1, FRED, -4.892025, 0.946519, 4.727723, 0.207150, 0.015427, -0.112364, -28.489271, 0.241322, 2.192413, -0.065419, 0.380616, 0.532409] 
Sphere 1, 102.0s, DBG: [FIB, 2, GEORGE, -0.163427, -0.998077, -3.717475, -0.132206, 0.027192, -0.049074, -28.468796, 0.268642, 2.185610, 0.035569, 0.409619, -0.588336] 
Sphere 2, 103.0s, DBG: set face 
Sphere 2, 103.0s, DBG: far out man 
Sphere 1, 103.0s, DBG: [FIB, 0, TIME, 102] 
Sphere 1, 103.0s, DBG: [FIB, 1, FRED, -4.981996, 0.939500, 4.827288, 0.071708, 0.019227, -0.056102, -27.810627, 0.267678, 3.497519, -0.005948, 0.374951, 0.456950] 
Sphere 1, 103.0s, DBG: [FIB, 2, GEORGE, 0.036317, -0.997650, -3.687674, -0.235420, 0.003296, -0.018067, -27.753670, 0.331171, 3.483856, 0.035569, 0.375744, -0.443861] 
Sphere 2, 104.0s, DBG: set face 
Sphere 2, 104.0s, DBG: far out man 
Sphere 1, 104.0s, DBG: [FIB, 0, TIME, 103] 
Sphere 1, 104.0s, DBG: [FIB, 1, FRED, -5.022266, 0.939772, 4.874019, -0.018196, -0.007989, -0.011750, -27.078543, 0.316975, 4.445933, -0.020816, 0.292825, 0.398260] 
Sphere 1, 104.0s, DBG: [FIB, 2, GEORGE, 0.210639, -0.996582, -3.639607, -0.165838, 0.008240, -0.048341, -27.148777, 0.274721, 4.411420, 0.035569, 0.318979, -0.376293] 
Sphere 2, 105.0s, DBG: set face 
Sphere 2, 105.0s, DBG: far out man 
Sphere 1, 105.0s, DBG: [FIB, 0, TIME, 104] 
Sphere 1, 105.0s, DBG: [FIB, 1, FRED, -5.025205, 0.936392, 4.882073, -0.069914, -0.007842, 0.017461, -26.273230, 0.319115, 5.326786, -0.035683, 0.250345, 0.389874] 
Sphere 1, 105.0s, DBG: [FIB, 2, GEORGE, 0.335932, -0.997436, -3.532899, -0.103793, 0.023072, -0.093020, -26.359764, 0.258215, 5.301511, -0.008652, 0.265328, -0.333445] 
Sphere 2, 106.0s, DBG: set face 
Sphere 2, 106.0s, DBG: far out man 
Sphere 1, 106.0s, DBG: [FIB, 0, TIME, 105] 
Sphere 1, 106.0s, DBG: [FIB, 1, FRED, -4.946399, 0.937971, 4.876421, -0.114282, -0.020544, 0.033293, -25.625673, 0.316910, 5.929121, -0.020816, 0.222026, 0.280878] 
Sphere 1, 106.0s, DBG: [FIB, 2, GEORGE, 0.463042, -0.999573, -3.494446, -0.186712, 0.009064, -0.034181, -25.758432, 0.280527, 5.846878, -0.052873, 0.222846, -0.308176] 
Sphere 2, 107.0s, DBG: set face 
Sphere 2, 107.0s, DBG: far out man 
Sphere 1, 107.0s, DBG: [FIB, 0, TIME, 106] 
Sphere 1, 107.0s, DBG: [FIB, 1, FRED, -4.872772, 0.938989, 4.862214, -0.131071, -0.029485, 0.041955, -24.717415, 0.340248, 6.637383, -0.050551, 0.199370, 0.230571] 
Sphere 1, 107.0s, DBG: [FIB, 2, GEORGE, 0.642811, -1.000641, -3.386776, -0.191931, 0.045320, -0.124516, -24.683270, 0.301513, 6.696863, 0.005768, 0.219916, -0.325205] 
Sphere 2, 108.0s, DBG: set face 
Sphere 2, 108.0s, DBG: far out man 
Sphere 1, 108.0s, DBG: [FIB, 0, TIME, 107] 
Sphere 1, 108.0s, DBG: [FIB, 1, FRED, -4.751637, 0.943433, 4.806584, -0.149675, -0.035661, 0.054037, -23.853449, 0.346034, 7.239674, 0.023787, 0.173882, 0.255724] 
Sphere 1, 108.0s, DBG: [FIB, 2, GEORGE, 0.742683, -1.005341, -3.226234, -0.101474, 0.079104, -0.186285, -23.823181, 0.318532, 7.282127, -0.038453, 0.183111, -0.299387] 
Sphere 2, 109.0s, DBG: set face 
Sphere 2, 109.0s, DBG: far out man 
Sphere 1, 109.0s, DBG: [FIB, 0, TIME, 108] 
Sphere 1, 109.0s, DBG: [FIB, 1, FRED, -4.737295, 0.945911, 4.805208, -0.009196, -0.017484, 0.006046, -22.863258, 0.363816, 7.840384, 0.008920, 0.162555, 0.264110] 
Sphere 1, 109.0s, DBG: [FIB, 2, GEORGE, 0.869793, -1.009827, -3.108951, -0.158879, 0.041200, -0.094485, -23.117186, 0.300527, 7.739241, -0.068255, 0.183111, -0.282907] 
Sphere 2, 110.0s, DBG: set face 
Sphere 2, 110.0s, DBG: far out man 
Sphere 1, 110.0s, DBG: [FIB, 0, TIME, 109] 
Sphere 1, 110.0s, DBG: [FIB, 1, FRED, -4.677855, 0.942119, 4.783412, -0.073568, -0.009013, 0.029772, -21.818401, 0.385316, 8.399446, -0.050551, 0.171051, 0.264110] 
Sphere 1, 110.0s, DBG: [FIB, 2, GEORGE, 1.027772, -1.012818, -3.056078, -0.195990, 0.013184, -0.025636, -21.949251, 0.301646, 8.394367, 0.020188, 0.174688, -0.282907] 
Sphere 2, 111.0s, DBG: far out man 
Sphere 1, 111.0s, DBG: [FIB, 0, TIME, 110] 
Sphere 1, 111.0s, DBG: [FIB, 1, FRED, -4.622052, 0.942335, 4.730694, -0.101687, -0.015521, 0.044563, -20.854927, 0.397713, 8.867386, -0.005948, 0.142731, 0.255724] 
Sphere 1, 111.0s, DBG: [FIB, 2, GEORGE, 1.220252, -1.018586, -2.932066, -0.211066, 0.085696, -0.135258, -20.754679, 0.424073, 8.891262, -0.038453, 0.151982, -0.316416] 
Sphere 2, 112.0s, DBG: far out man 
Sphere 1, 112.0s, DBG: [FIB, 0, TIME, 111] 
Sphere 1, 112.0s, DBG: [FIB, 1, FRED, -4.505430, 0.944237, 4.689039, -0.123367, -0.021341, 0.049463, -20.084709, 0.446112, 9.176060, 0.008920, 0.139899, 0.230571] 
Sphere 1, 112.0s, DBG: [FIB, 2, GEORGE, 1.361888, -1.025636, -2.758065, -0.117710, 0.121952, -0.189947, -20.089445, 0.405730, 9.207869, 0.020188, 0.154729, -0.257088] 
Sphere 2, 113.0s, DBG: far out man 
Sphere 1, 113.0s, DBG: [FIB, 0, TIME, 112] 
Sphere 1, 113.0s, DBG: [FIB, 1, FRED, -4.375851, 0.948946, 4.633945, -0.132849, -0.032224, 0.051720, -19.243149, 0.442192, 9.535005, -0.005948, 0.159723, 0.238955] 
Sphere 1, 113.0s, DBG: [FIB, 2, GEORGE, 1.465392, -1.033326, -2.565798, -0.117130, 0.117832, -0.185553, -19.103729, 0.418160, 9.610662, -0.008652, 0.149236, -0.265877] 
Sphere 2, 114.0s, DBG: far out man 
Sphere 1, 114.0s, DBG: [FIB, 0, TIME, 113] 
Sphere 1, 114.0s, DBG: [FIB, 1, FRED, -4.270698, 0.948321, 4.586787, -0.131629, -0.022929, 0.050470, -17.829599, 0.466922, 10.051109, 0.038655, 0.173882, 0.247340] 
Sphere 1, 114.0s, DBG: [FIB, 2, GEORGE, 1.570711, -1.039521, -2.361034, -0.117130, 0.110416, -0.185064, -18.102354, 0.410762, 9.998473, -0.008652, 0.151982, -0.274117] 
Sphere 2, 115.0s, DBG: far out man 
Sphere 1, 115.0s, DBG: [FIB, 0, TIME, 114] 
Sphere 1, 115.0s, DBG: [FIB, 1, FRED, -4.174727, 0.949893, 4.535494, -0.121168, -0.028319, 0.048375, -16.726086, 0.452432, 10.437326, 0.008920, 0.196538, 0.322799] 
Sphere 1, 115.0s, DBG: [FIB, 2, GEORGE, 1.676031, -1.047212, -2.197607, -0.118290, 0.110416, -0.176031, -16.676689, 0.406312, 10.487994, -0.052873, 0.154729, -0.257088] 
Sphere 2, 116.0s, DBG: far out man 
Sphere 1, 116.0s, DBG: [FIB, 0, TIME, 115] 
Sphere 1, 116.0s, DBG: [FIB, 1, FRED, -4.044716, 0.953211, 4.494068, -0.124593, -0.036462, 0.045804, -15.602822, 0.528085, 10.716446, 0.008920, 0.199370, 0.373106] 
Sphere 1, 116.0s, DBG: [FIB, 2, GEORGE, 1.759560, -1.052339, -2.053407, -0.078860, 0.061800, -0.100833, -15.455249, 0.408129, 10.856577, -0.052873, 0.154729, -0.265877] 
Sphere 2, 117.0s, DBG: far out man 
Sphere 1, 117.0s, DBG: [FIB, 0, TIME, 116] 
Sphere 1, 117.0s, DBG: [FIB, 1, FRED, -3.984318, 0.952072, 4.427701, -0.104430, -0.019251, 0.047651, -13.975436, 0.461436, 11.213983, 0.023787, 0.216362, 0.406644] 
Sphere 1, 117.0s, DBG: [FIB, 2, GEORGE, 1.814035, -1.056826, -1.957274, -0.055086, 0.037904, -0.058107, -14.602915, 0.456792, 11.054941, -0.023072, 0.140629, -0.291147] 
Sphere 1, 118.0s, GT: Score item picked up 
Sphere 1, 118.0s, GT: score: 5.507168, energy: 1.876700, memorySize: 2 
Sphere 2, 118.0s, DBG: far out man 
Sphere 1, 118.0s, DBG: [FIB, 0, TIME, 117] 
Sphere 1, 118.0s, DBG: [FIB, 1, FRED, -3.870469, 0.955451, 4.387238, -0.105371, -0.022363, 0.041980, -12.376507, 0.525649, 11.533876, -0.095154, 0.188042, 0.364722] 
Sphere 1, 118.0s, DBG: [FIB, 2, GEORGE, 1.883038, -1.055971, -1.928434, -0.044069, 0.012360, -0.026368, -13.881575, 0.501865, 11.204237, -0.038453, 0.134953, -0.274117] 
Sphere 2, 119.0s, DBG: far out man 
Sphere 1, 119.0s, DBG: [FIB, 0, TIME, 118] 
Sphere 1, 119.0s, DBG: [FIB, 1, FRED, -3.775001, 0.956589, 4.334036, -0.098093, -0.022095, 0.041366, -11.480822, 0.532999, 11.712313, 0.038655, 0.168219, 0.314415] 
Sphere 1, 119.0s, DBG: [FIB, 2, GEORGE, 1.973830, -1.057039, -1.866909, -0.045808, 0.003296, -0.017579, -12.559039, 0.530360, 11.489254, -0.008652, 0.140629, -0.248848] 
Sphere 2, 120.0s, DBG: far out man 
Sphere 1, 120.0s, DBG: [FIB, 0, TIME, 119] 
Sphere 1, 120.0s, DBG: [FIB, 1, FRED, -3.693980, 0.962256, 4.304950, -0.089756, -0.035273, 0.032883, -10.332881, 0.547348, 11.912981, 0.068390, 0.156891, 0.272494] 
Sphere 1, 120.0s, DBG: [FIB, 2, GEORGE, 2.059175, -1.057466, -1.814997, -0.045808, -0.000824, -0.011475, -11.555052, 0.519722, 11.708170, -0.082675, 0.126530, -0.274117] 
Sphere 2, 121.0s, GT: Not a good shot: too close to the other satellite | 
Sphere 2, 121.0s, DBG: far out man 
Sphere 1, 121.0s, DBG: [FIB, 0, TIME, 120] 
Sphere 1, 121.0s, DBG: [FIB, 1, FRED, -3.702008, 0.961693, 4.170768, 0.004848, 0.001568, 0.129151, -8.720613, 0.534166, 12.180311, -0.035683, 0.148395, 0.272494] 
Sphere 1, 121.0s, DBG: [FIB, 2, GEORGE, 2.060991, -1.056185, -1.812113, -0.025513, -0.005768, 0.001221, -10.512172, 0.528735, 11.896717, -0.023072, 0.140629, -0.265877] 
Sphere 2, 122.0s, GT: Not a good shot: too close to the other satellite | 
Sphere 2, 122.0s, DBG: far out man 
Sphere 1, 122.0s, DBG: [FIB, 0, TIME, 121] 
Sphere 1, 122.0s, DBG: [FIB, 1, FRED, -3.801816, 0.954368, 4.047047, 0.157826, 0.121653, 0.128373, -7.449097, 0.580568, 12.309355, 0.008920, 0.154059, 0.230571] 
Sphere 1, 122.0s, DBG: [FIB, 2, GEORGE, 2.119098, -1.054903, -1.780389, -0.027833, -0.046144, 0.002441, -9.536567, 0.516619, 12.070488, 0.005768, 0.140629, -0.274117] 
Sphere 2, 123.0s, GT: Not a good shot: too close to the other satellite | 
Sphere 2, 123.0s, DBG: far out man 
Sphere 1, 123.0s, DBG: [FIB, 0, TIME, 122] 
Sphere 1, 123.0s, DBG: [FIB, 1, FRED, -4.040555, 0.936695, 3.967875, 0.337551, 0.252785, 0.083239, -5.936932, 0.563274, 12.488366, 0.023787, 0.103084, 0.171880] 
Sphere 1, 123.0s, DBG: [FIB, 2, GEORGE, 2.144520, -1.054048, -1.773659, -0.022034, -0.070864, 0.007324, -8.177493, 0.587898, 12.209173, -0.023072, 0.132206, -0.240059] 
Sphere 2, 124.0s, DBG: far out man 
Sphere 1, 124.0s, DBG: [FIB, 0, TIME, 123] 
Sphere 1, 124.0s, DBG: [FIB, 1, FRED, -4.364488, 0.915720, 3.921224, 0.409355, 0.310144, 0.024446, -5.339222, 0.576612, 12.531089, -0.035683, 0.074764, 0.180264] 
Sphere 1, 124.0s, DBG: [FIB, 2, GEORGE, 2.175390, -1.051271, -1.774621, -0.019135, -0.082400, 0.009278, -6.983689, 0.558332, 12.382186, -0.023072, 0.132206, -0.257088] 
Sphere 2, 125.0s, DBG: far out man 
Sphere 1, 125.0s, DBG: [FIB, 0, TIME, 124] 
Sphere 1, 125.0s, DBG: [FIB, 1, FRED, -4.668354, 0.898571, 3.865086, 0.394672, 0.292680, 0.030800, -5.773217, 0.611548, 12.461123, -0.005948, -0.083826, 0.071268] 
Sphere 1, 125.0s, DBG: [FIB, 2, GEORGE, 2.242576, -1.042940, -1.763085, -0.031312, -0.089816, 0.005371, -5.639538, 0.534459, 12.539081, -0.052873, 0.129276, -0.248848] 
Sphere 2, 126.0s, DBG: far out man 
Sphere 1, 126.0s, DBG: [FIB, 0, TIME, 125] 
Sphere 1, 126.0s, DBG: [FIB, 1, FRED, -4.936168, 0.878571, 3.842186, 0.374081, 0.287772, 0.028684, -6.520853, 0.680757, 12.318811, -0.020816, -0.211264, -0.079651] 
Sphere 1, 126.0s, DBG: [FIB, 2, GEORGE, 2.286157, -1.040590, -1.763085, -0.035951, -0.077456, 0.004151, -4.930375, 0.555646, 12.581751, 0.005768, 0.126530, -0.291147] 
Sphere 2, 127.0s, DBG: far out man 
Sphere 1, 127.0s, DBG: [FIB, 0, TIME, 126] 
Sphere 1, 127.0s, DBG: [FIB, 1, FRED, -5.265037, 0.860643, 3.718521, 0.376658, 0.261687, 0.105816, -8.234801, 0.700651, 12.089454, -0.020816, -0.228256, -0.104805] 
Sphere 1, 127.0s, DBG: [FIB, 2, GEORGE, 2.273446, -1.032685, -1.760201, -0.024354, -0.084048, 0.002686, -4.027412, 0.555284, 12.646703, -0.038453, 0.140629, -0.291147] 
Sphere 2, 128.0s, DBG: set face 
Sphere 2, 128.0s, DBG: far out man 
Sphere 1, 128.0s, DBG: [FIB, 0, TIME, 127] 
Sphere 1, 128.0s, DBG: [FIB, 1, FRED, -5.556101, 0.846379, 3.554905, 0.367891, 0.231118, 0.173005, -9.773489, 0.752521, 11.797090, 0.008920, -0.265071, -0.088035] 
Sphere 1, 128.0s, DBG: [FIB, 2, GEORGE, 2.338817, -1.026063, -1.755394, -0.030732, -0.097232, 0.006348, -2.526569, 0.563025, 12.718173, -0.038453, 0.117924, -0.240059] 
Sphere 2, 129.0s, DBG: set face 
Sphere 2, 129.0s, DBG: far out man 
Sphere 1, 129.0s, DBG: [FIB, 0, TIME, 128] 
Sphere 1, 129.0s, DBG: [FIB, 1, FRED, -5.943840, 0.823286, 3.440111, 0.489995, 0.318595, 0.117087, -11.822356, 0.799971, 11.353260, -0.005948, -0.301887, -0.071267] 
Sphere 1, 129.0s, DBG: [FIB, 2, GEORGE, 2.393292, -1.016022, -1.765969, -0.038270, -0.107944, 0.010987, -1.683810, 0.537772, 12.766030, -0.052873, 0.134953, -0.274117] 
Sphere 2, 130.0s, DBG: set face 
Sphere 2, 130.0s, DBG: far out man 
Sphere 1, 130.0s, DBG: [FIB, 0, TIME, 129] 
Sphere 1, 130.0s, DBG: [FIB, 1, FRED, -6.341820, 0.794858, 3.309018, 0.479338, 0.334587, 0.117674, -14.259782, 0.934886, 10.570068, 0.023787, -0.384014, -0.079651] 
Sphere 1, 130.0s, DBG: [FIB, 2, GEORGE, 2.462295, -0.996796, -1.790002, -0.099734, -0.358440, 0.035890, -0.966671, 0.564003, 12.760221, 0.035569, -0.051820, -0.061525] 
Sphere 2, 131.0s, DBG: set face 
Sphere 2, 131.0s, DBG: far out man 
Sphere 1, 131.0s, DBG: [FIB, 0, TIME, 130] 
Sphere 1, 131.0s, DBG: [FIB, 1, FRED, -6.738267, 0.776461, 3.117613, 0.449378, 0.280362, 0.189932, -16.666943, 0.997152, 9.721489, -0.050551, -0.415165, -0.155110] 
Sphere 1, 131.0s, DBG: [FIB, 2, GEORGE, 2.576693, -0.961119, -1.841914, -0.164678, -0.590808, 0.056154, -2.786795, 0.623888, 12.653554, -0.023072, -0.272652, 0.141728] 
Sphere 2, 132.0s, DBG: set face 
Sphere 2, 132.0s, DBG: far out man 
Sphere 1, 132.0s, DBG: [FIB, 0, TIME, 131] 
Sphere 1, 132.0s, DBG: [FIB, 1, FRED, -7.232012, 0.755023, 2.959277, 0.617538, 0.344550, 0.155842, -18.525219, 1.065713, 8.871871, -0.035683, -0.409502, -0.171880] 
Sphere 1, 132.0s, DBG: [FIB, 2, GEORGE, 2.580325, -0.931425, -1.865947, 0.031892, -0.486160, 0.023194, -5.162626, 0.685818, 12.441442, -0.008652, -0.385815, 0.277413] 
Sphere 2, 133.0s, DBG: set face 
Sphere 2, 133.0s, DBG: far out man 
Sphere 1, 133.0s, DBG: [FIB, 0, TIME, 132] 
Sphere 1, 133.0s, DBG: [FIB, 1, FRED, -7.766140, 0.730326, 2.783624, 0.612416, 0.343209, 0.156011, -20.763210, 1.106973, 7.704391, -0.065419, -0.454813, -0.356336] 
Sphere 1, 133.0s, DBG: [FIB, 2, GEORGE, 2.538560, -0.901730, -1.879406, 0.034791, -0.467208, 0.020264, -9.373840, 0.821153, 11.776120, -0.068255, -0.697470, 0.617450] 
Sphere 2, 134.0s, DBG: set face 
Sphere 2, 134.0s, DBG: far out man 
Sphere 1, 134.0s, DBG: [FIB, 0, TIME, 133] 
Sphere 1, 134.0s, DBG: [FIB, 1, FRED, -8.265380, 0.707366, 2.616219, 0.600623, 0.335994, 0.154476, -22.923628, 1.071802, 6.467645, -0.050551, -0.454813, -0.549178] 
Sphere 1, 134.0s, DBG: [FIB, 2, GEORGE, 2.489532, -0.868618, -1.899594, 0.038850, -0.463088, 0.019532, -14.523602, 0.945542, 10.478627, -0.052873, -0.841762, 0.830042] 
Sphere 2, 135.0s, DBG: set face 
Sphere 2, 135.0s, DBG: far out man 
Sphere 1, 135.0s, DBG: [FIB, 0, TIME, 134] 
Sphere 1, 135.0s, DBG: [FIB, 1, FRED, -8.705357, 0.688162, 2.362164, 0.506541, 0.261608, 0.230927, -24.933002, 1.035947, 4.891386, -0.035683, -0.466141, -0.574330] 
Sphere 1, 135.0s, DBG: [FIB, 2, GEORGE, 2.585773, -0.830592, -1.939009, -0.134526, -0.673208, 0.032472, -19.841387, 0.931155, 8.578721, -0.038453, -0.836268, 0.923429] 
Sphere 2, 136.0s, DBG: set face 
Sphere 2, 136.0s, DBG: far out man 
Sphere 1, 136.0s, DBG: [FIB, 0, TIME, 135] 
Sphere 1, 136.0s, DBG: [FIB, 1, FRED, -9.097371, 0.673847, 2.073436, 0.413177, 0.180631, 0.296447, -26.090551, 0.974685, 3.790783, -0.080286, -0.440653, -0.616253] 
Sphere 1, 136.0s, DBG: [FIB, 2, GEORGE, 2.792779, -0.774621, -1.982269, -0.287606, -0.861080, 0.034913, -23.969799, 0.927914, 6.113319, -0.082675, -0.807886, 0.914640] 
Sphere 2, 137.0s, DBG: set face 
Sphere 2, 137.0s, DBG: far out man 
Sphere 1, 137.0s, DBG: [FIB, 0, TIME, 136] 
Sphere 1, 137.0s, DBG: [FIB, 1, FRED, -9.390032, 0.660391, 1.711991, 0.301364, 0.106667, 0.361257, -27.249081, 0.872163, 2.346820, -0.065419, -0.463309, -0.683328] 
Sphere 1, 137.0s, DBG: [FIB, 2, GEORGE, 3.052446, -0.707755, -2.024567, -0.402417, -0.997040, 0.029298, -26.630514, 0.806107, 3.778862, -0.068255, -0.711570, 1.016816] 
Sphere 2, 138.0s, DBG: set face 
Sphere 2, 138.0s, DBG: far out man 
Sphere 1, 138.0s, DBG: [FIB, 0, TIME, 137] 
Sphere 1, 138.0s, DBG: [FIB, 1, FRED, -9.576930, 0.656639, 1.278280, 0.179828, 0.008548, 0.420638, -28.207113, 0.675339, 0.742087, -0.020816, -0.423661, -0.859401] 
Sphere 1, 138.0s, DBG: [FIB, 2, GEORGE, 3.480987, -0.637684, -2.022645, -0.513169, -1.071200, 0.006592, -28.224237, 0.589292, 1.543753, -0.098056, -0.609577, 1.025056] 
Sphere 2, 139.0s, DBG: set face 
Sphere 2, 139.0s, DBG: far out man 
Sphere 1, 139.0s, DBG: [FIB, 0, TIME, 138] 
Sphere 1, 139.0s, DBG: [FIB, 1, FRED, -9.700253, 0.654550, 0.793357, 0.090868, -0.050205, 0.451595, -28.578184, 0.463189, -0.922992, -0.020816, -0.423661, -0.976782] 
Sphere 1, 139.0s, DBG: [FIB, 2, GEORGE, 3.920423, -0.563341, -2.023606, -0.560137, -1.086032, -0.014893, -28.726175, 0.401144, -0.371188, -0.112476, -0.530290, 1.135472] 
Sphere 2, 140.0s, DBG: set face 
Sphere 2, 140.0s, DBG: far out man 
Sphere 1, 140.0s, DBG: [FIB, 0, TIME, 139] 
Sphere 1, 140.0s, DBG: [FIB, 1, FRED, -9.749781, 0.660136, 0.323783, 0.029034, -0.102303, 0.449357, -28.533091, 0.222401, -2.114082, -0.005948, -0.449149, -1.060626] 
Sphere 1, 140.0s, DBG: [FIB, 2, GEORGE, 4.401624, -0.489853, -1.993805, -0.582751, -1.061312, -0.043703, -28.583790, 0.123193, -2.123759, -0.023072, -0.493484, 1.237648] 
Sphere 2, 141.0s, DBG: set face 
Sphere 2, 141.0s, DBG: far out man 
Sphere 1, 141.0s, DBG: [FIB, 0, TIME, 140] 
Sphere 1, 141.0s, DBG: [FIB, 1, FRED, -9.746051, 0.666459, -0.113832, -0.012172, -0.124660, 0.429615, -27.888645, -0.091504, -3.542258, -0.110022, -0.494460, -1.295390] 
Sphere 1, 141.0s, DBG: [FIB, 2, GEORGE, 4.837428, -0.419568, -1.931318, -0.562456, -1.002808, -0.076174, -27.845943, -0.129255, -3.585907, -0.112476, -0.470779, 1.331034] 
Sphere 2, 142.0s, DBG: set face 
Sphere 2, 142.0s, DBG: far out man 
Sphere 1, 142.0s, DBG: [FIB, 0, TIME, 141] 
Sphere 1, 142.0s, DBG: [FIB, 1, FRED, -9.786489, 0.672184, -0.557000, -0.020332, -0.131244, 0.408349, -26.624477, -0.384985, -4.875452, -0.124889, -0.548267, -1.287005] 
Sphere 1, 142.0s, DBG: [FIB, 2, GEORGE, 5.262337, -0.353984, -1.830378, -0.534043, -0.933592, -0.108890, -26.671028, -0.401531, -4.797691, -0.068255, -0.479385, 1.424421] 
Sphere 2, 143.0s, DBG: set face 
Sphere 2, 143.0s, DBG: far out man 
Sphere 1, 143.0s, DBG: [FIB, 0, TIME, 142] 
Sphere 1, 143.0s, DBG: [FIB, 1, FRED, -9.820065, 0.679953, -0.983858, -0.026990, -0.135374, 0.383536, -24.024971, -0.725731, -6.566669, -0.065419, -0.519948, -1.387618] 
Sphere 1, 143.0s, DBG: [FIB, 2, GEORGE, 5.676351, -0.284768, -1.719825, -0.505631, -0.880856, -0.136479, -24.527683, -0.695436, -6.245971, -0.082675, -0.476455, 1.407392] 
Sphere 2, 144.0s, DBG: set face 
Sphere 2, 144.0s, DBG: far out man 
Sphere 1, 144.0s, DBG: [FIB, 0, TIME, 143] 
Sphere 1, 144.0s, DBG: [FIB, 1, FRED, -9.827188, 0.685175, -1.369216, -0.038456, -0.127346, 0.351810, -21.008007, -0.996771, -7.852147, -0.050551, -0.505788, -1.312158] 
Sphere 1, 144.0s, DBG: [FIB, 2, GEORGE, 6.108524, -0.222602, -1.545824, -0.479537, -0.807520, -0.169683, -21.735641, -0.974483, -7.498316, -0.098056, -0.462355, 1.407392] 
Sphere 2, 145.0s, GT: Not a good shot: too close to the other satellite | 
Sphere 2, 145.0s, DBG: set face 
Sphere 2, 145.0s, DBG: far out man 
Sphere 1, 145.0s, DBG: [FIB, 0, TIME, 144] 
Sphere 1, 145.0s, DBG: [FIB, 1, FRED, -9.793106, 0.692048, -1.740596, -0.053657, -0.126554, 0.323400, -17.883936, -1.272330, -8.621531, -0.124889, -0.446317, -1.228314] 
Sphere 1, 145.0s, DBG: [FIB, 2, GEORGE, 6.495300, -0.163640, -1.368938, -0.441267, -0.791040, -0.191168, -18.387999, -1.256184, -8.450579, -0.038453, -0.402844, 1.331034] 
Sphere 2, 146.0s, GT: [146] attempting to take picture... 
Sphere 2, 146.0s, GT: [146] took picture (round 1) valued 2.94 points | 
Sphere 2, 146.0s, GT: [146] camera OFF | 
Sphere 2, 146.0s, DBG: set face 
Sphere 2, 146.0s, DBG: far out man 
Sphere 1, 146.0s, DBG: [FIB, 0, TIME, 145] 
Sphere 1, 146.0s, DBG: [FIB, 1, FRED, -9.755982, 0.700571, -2.085174, -0.061699, -0.130020, 0.295351, -14.625648, -1.522080, -9.083590, -0.065419, -0.384014, -1.127701] 
Sphere 1, 146.0s, DBG: [FIB, 2, GEORGE, 6.851207, -0.105960, -1.136296, -0.404736, -0.750664, -0.217048, -15.939235, -1.453501, -8.846003, 0.020188, -0.354686, 1.245888] 
Sphere 2, 147.0s, DBG: set face 
Sphere 2, 147.0s, DBG: far out man 
Sphere 1, 147.0s, DBG: [FIB, 0, TIME, 146] 
Sphere 1, 147.0s, DBG: [FIB, 1, FRED, -9.667727, 0.711566, -2.411379, -0.076228, -0.134448, 0.268647, -12.114205, -1.700284, -9.231668, 0.008920, -0.321711, -1.001936] 
Sphere 1, 147.0s, DBG: [FIB, 2, GEORGE, 7.170797, -0.051698, -0.910382, -0.366466, -0.692160, -0.232185, -12.354981, -1.639380, -9.372210, -0.038453, -0.298105, 1.152501] 
Sphere 2, 148.0s, DBG: set face 
Sphere 2, 148.0s, DBG: far out man 
Sphere 1, 148.0s, DBG: [FIB, 0, TIME, 147] 
Sphere 1, 148.0s, DBG: [FIB, 1, FRED, -9.615782, 0.719267, -2.694021, -0.070002, -0.122499, 0.238385, -9.892124, -1.812541, -9.361913, -0.020816, -0.267903, -0.892938] 
Sphere 1, 148.0s, DBG: [FIB, 2, GEORGE, 7.446806, -0.001923, -0.671010, -0.322398, -0.564440, -0.243660, -9.269258, -1.784064, -9.589319, -0.052873, -0.232917, 0.982757] 
Sphere 2, 149.0s, DBG: set face 
Sphere 2, 149.0s, DBG: far out man 
Sphere 1, 149.0s, DBG: [FIB, 0, TIME, 148] 
Sphere 1, 149.0s, DBG: [FIB, 1, FRED, -9.522346, 0.726076, -2.956742, -0.075341, -0.111012, 0.212846, -7.292920, -1.906733, -9.489100, -0.050551, -0.214096, -0.758788] 
Sphere 1, 149.0s, DBG: [FIB, 2, GEORGE, 7.788186, 0.032472, -0.397992, -0.326457, -0.496872, -0.247566, -6.966555, -2.082337, -8.820479, -0.068255, 0.160405, 1.654042] 
Sphere 2, 150.0s, GT: [150] camera ON | 
Sphere 2, 150.0s, DBG: set face 
Sphere 2, 150.0s, DBG: far out man 
Sphere 1, 150.0s, DBG: [FIB, 0, TIME, 149] 
Sphere 1, 150.0s, DBG: [FIB, 1, FRED, -9.464692, 0.740405, -3.202106, -0.067024, -0.126652, 0.190166, -5.442061, -1.986879, -9.429730, -0.035683, -0.174448, -0.750403] 
Sphere 1, 150.0s, DBG: [FIB, 2, GEORGE, 8.066011, 0.071139, -0.124973, -0.298044, -0.449904, -0.252449, -5.738688, -2.515131, -6.601639, 0.005768, 0.511612, 2.375866] 
Sphere 2, 151.0s, DBG: set face 
Sphere 2, 151.0s, DBG: far out man 
Sphere 1, 151.0s, DBG: [FIB, 0, TIME, 150] 
Sphere 1, 151.0s, DBG: [FIB, 1, FRED, -9.471691, 0.745524, -3.423906, -0.043751, -0.097364, 0.168603, -3.473096, -2.043433, -9.389740, -0.080286, -0.129138, -0.716866] 
Sphere 1, 151.0s, DBG: [FIB, 2, GEORGE, 8.409207, 0.107883, 0.125935, -0.286447, -0.388104, -0.252205, -5.144473, -2.870193, -2.994257, 0.124973, 0.828761, 3.123508] 
Sphere 2, 152.0s, DBG: set face 
Sphere 2, 152.0s, DBG: far out man 
Sphere 1, 152.0s, DBG: [FIB, 0, TIME, 151] 
Sphere 1, 152.0s, DBG: [FIB, 1, FRED, -9.414835, 0.749313, -3.620311, -0.051104, -0.077590, 0.147278, -2.288145, -2.138108, -9.061193, -0.020816, -0.075330, -0.674944] 
Sphere 1, 152.0s, DBG: [FIB, 2, GEORGE, 8.599872, 0.138859, 0.422025, -0.219764, -0.295816, -0.263924, -4.495883, -2.928461, 1.970740, 0.303781, 1.095004, 3.642079] 
Sphere 2, 153.0s, DBG: set face 
Sphere 2, 153.0s, DBG: far out man 
Sphere 1, 153.0s, DBG: [FIB, 0, TIME, 152] 
Sphere 1, 153.0s, DBG: [FIB, 1, FRED, -9.364309, 0.755554, -3.779676, -0.051230, -0.074692, 0.124341, -1.252377, -2.229961, -8.678024, 0.038655, -0.044178, -0.641406] 
Sphere 1, 153.0s, DBG: [FIB, 2, GEORGE, 8.770561, 0.156163, 0.688314, -0.171636, -0.186224, -0.259774, -2.995084, -2.524185, 6.895261, 0.363384, 1.191321, 3.608020] 
Sphere 2, 154.0s, DBG: set face 
Sphere 2, 154.0s, DBG: far out man 
Sphere 1, 154.0s, DBG: [FIB, 0, TIME, 153] 
Sphere 1, 154.0s, DBG: [FIB, 1, FRED, -9.308468, 0.760227, -3.935581, -0.050654, -0.065797, 0.108865, -0.330064, -2.315842, -8.262601, 0.023787, -0.024355, -0.607869] 
Sphere 1, 154.0s, DBG: [FIB, 2, GEORGE, 8.933989, 0.169408, 0.988250, -0.140324, -0.114536, -0.262703, -1.135630, -1.733709, 10.596177, 0.363384, 1.103610, 3.064180] 
Sphere 2, 155.0s, DBG: set face 
Sphere 2, 155.0s, DBG: far out man 
Sphere 1, 155.0s, DBG: [FIB, 0, TIME, 154] 
Sphere 1, 155.0s, DBG: [FIB, 1, FRED, -9.270675, 0.760795, -4.069057, -0.042791, -0.048639, 0.092704, 0.770094, -2.396341, -7.813472, -0.005948, -0.015859, -0.540793] 
Sphere 1, 155.0s, DBG: [FIB, 2, GEORGE, 9.066545, 0.176031, 1.290109, -0.108432, -0.058504, -0.261238, -0.060226, -0.848842, 12.468245, 0.363384, 0.922330, 2.392895] 
Sphere 2, 156.0s, DBG: set face 
Sphere 2, 156.0s, DBG: far out man 
Sphere 1, 156.0s, DBG: [FIB, 0, TIME, 155] 
Sphere 1, 156.0s, DBG: [FIB, 1, FRED, -9.246416, 0.762154, -4.176647, -0.035357, -0.041307, 0.076551, 0.997932, -2.435046, -7.580111, -0.050551, 0.001133, -0.456950] 
Sphere 1, 156.0s, DBG: [FIB, 2, GEORGE, 9.195471, 0.185644, 1.551592, -0.085818, -0.040376, -0.247078, 0.601016, -0.139137, 12.982677, 0.319163, 0.687216, 1.628224] 
Sphere 2, 157.0s, DBG: set face 
Sphere 2, 157.0s, DBG: far out man 
Sphere 1, 157.0s, DBG: [FIB, 0, TIME, 156] 
Sphere 1, 157.0s, DBG: [FIB, 1, FRED, -9.198541, 0.767175, -4.268895, -0.037436, -0.050347, 0.062975, 1.429738, -2.500915, -7.151379, -0.005948, 0.009629, -0.490487] 
Sphere 1, 157.0s, DBG: [FIB, 2, GEORGE, 9.264473, 0.187567, 1.826533, -0.056825, -0.003296, -0.239265, 1.099095, 0.315985, 12.918043, 0.214377, 0.452101, 0.965728] 
Sphere 2, 158.0s, DBG: set face 
Sphere 2, 158.0s, DBG: far out man 
Sphere 1, 158.0s, DBG: [FIB, 0, TIME, 157] 
Sphere 1, 158.0s, DBG: [FIB, 1, FRED, -9.009999, 0.772215, -4.349458, -0.026357, -0.052160, 0.051818, 2.150352, -2.556621, -6.733011, 0.023787, 0.009629, -0.423411] 
Sphere 1, 158.0s, DBG: [FIB, 2, GEORGE, 9.337108, 0.193335, 2.071673, -0.038850, 0.007416, -0.226325, 0.946174, 0.562643, 12.761655, 0.109592, 0.265328, 0.447707] 
Sphere 2, 159.0s, DBG: set face 
Sphere 2, 159.0s, DBG: far out man 
Sphere 1, 159.0s, DBG: [FIB, 0, TIME, 158] 
Sphere 1, 159.0s, DBG: [FIB, 1, FRED, -9.009999, 0.770519, -4.427006, -0.023557, 0.017078, 0.040206, 2.758878, -2.590308, -6.440289, -0.050551, 0.009629, -0.431796] 
Sphere 1, 159.0s, DBG: [FIB, 2, GEORGE, 9.387952, 0.201666, 2.293741, -0.021455, 0.008240, -0.211676, 0.818205, 0.702706, 12.632546, 0.065371, 0.117924, 0.192816] 
Sphere 2, 160.0s, DBG: set face 
Sphere 2, 160.0s, DBG: far out man 
Sphere 1, 160.0s, DBG: [FIB, 0, TIME, 159] 
Sphere 1, 160.0s, DBG: [FIB, 1, FRED, -9.009999, 0.769693, -4.474207, -0.023907, 0.045680, 0.029212, 2.851482, -2.641629, -6.027518, -0.050551, 0.020957, -0.389874] 
Sphere 1, 160.0s, DBG: [FIB, 2, GEORGE, 9.391583, 0.198889, 2.501389, -0.002899, 0.046144, -0.195807, 0.662571, 0.697254, 12.640107, 0.079791, 0.004761, -0.036256] 
Sphere 2, 161.0s, DBG: set face 
Sphere 2, 161.0s, DBG: far out man 
Sphere 1, 161.0s, DBG: [FIB, 0, TIME, 160] 
Sphere 1, 161.0s, DBG: [FIB, 1, FRED, -9.009999, 0.764395, -4.490026, -0.028881, 0.072324, 0.017318, 3.383389, -2.696648, -5.490845, -0.020816, 0.029452, -0.423411] 
Sphere 1, 161.0s, DBG: [FIB, 2, GEORGE, 9.433348, 0.200385, 2.726341, -0.001740, 0.046144, -0.187750, 0.430473, 0.646132, 12.692744, 0.020188, -0.060244, -0.180731] 
Sphere 2, 162.0s, DBG: set face 
Sphere 2, 162.0s, DBG: far out man 
Sphere 1, 162.0s, DBG: [FIB, 0, TIME, 161] 
Sphere 1, 162.0s, DBG: [FIB, 1, FRED, -9.009999, 0.760036, -4.516283, -0.024059, 0.082059, 0.013490, 3.366065, -2.737683, -5.097592, -0.035683, 0.035116, -0.373106] 
Sphere 1, 162.0s, DBG: [FIB, 2, GEORGE, 9.417006, 0.192907, 2.942641, 0.012757, 0.075808, -0.177740, 0.753442, 0.579872, 12.749257, -0.008652, -0.105472, -0.138432] 
Sphere 2, 163.0s, DBG: set face 
Sphere 2, 163.0s, DBG: far out man 
Sphere 1, 163.0s, DBG: [FIB, 0, TIME, 162] 
Sphere 1, 163.0s, DBG: [FIB, 1, FRED, -9.009999, 0.753705, -4.555093, -0.010261, 0.091547, 0.015826, 3.761307, -2.767564, -4.725495, 0.023787, 0.046444, -0.381490] 
Sphere 1, 163.0s, DBG: [FIB, 2, GEORGE, 9.400662, 0.188635, 3.148366, 0.021455, 0.068392, -0.165532, 1.098058, 0.472707, 12.827847, 0.065371, -0.116825, -0.214789] 
Sphere 2, 164.0s, DBG: set face 
Sphere 2, 164.0s, DBG: far out man 
Sphere 1, 164.0s, DBG: [FIB, 0, TIME, 163] 
Sphere 1, 164.0s, DBG: [FIB, 1, FRED, -9.009999, 0.749613, -4.577246, -0.020605, 0.088496, 0.014107, 3.662225, -2.798575, -4.385993, 0.023787, 0.066268, -0.280877] 
Sphere 1, 164.0s, DBG: [FIB, 2, GEORGE, 9.433348, 0.188635, 3.329096, 0.009278, 0.044496, -0.150151, 0.831280, 0.375934, 12.891665, 0.065371, -0.119755, -0.257088] 
Sphere 2, 165.0s, DBG: set face 
Sphere 2, 165.0s, DBG: far out man 
Sphere 1, 165.0s, DBG: [FIB, 0, TIME, 164] 
Sphere 1, 165.0s, DBG: [FIB, 1, FRED, -9.009999, 0.740156, -4.604435, -0.020894, 0.105372, 0.012935, 3.657214, -2.814126, -4.195866, -0.095154, 0.069100, -0.356336] 
Sphere 1, 165.0s, DBG: [FIB, 2, GEORGE, 9.453322, 0.189276, 3.485794, 0.013337, 0.037904, -0.133305, 0.907607, 0.266881, 12.941508, 0.020188, -0.094302, -0.171941] 
Sphere 2, 166.0s, GT: [166] trying to upload... 
Sphere 2, 166.0s, GT: [166] camera OFF | 
Sphere 2, 166.0s, GT: uploaded picture for 2.37 points | 
Sphere 2, 166.0s, GT: uploaded picture for 2.94 points | 
Sphere 2, 166.0s, DBG: set face 
Sphere 2, 166.0s, DBG: Trying to upload 
Sphere 2, 166.0s, DBG: far out man 
Sphere 1, 166.0s, DBG: [FIB, 0, TIME, 165] 
Sphere 1, 166.0s, DBG: [FIB, 1, FRED, -9.009999, 0.731668, -4.617349, -0.018135, 0.105450, 0.010626, 3.645398, -2.861351, -3.548197, 0.023787, 0.074764, -0.381490] 
Sphere 1, 166.0s, DBG: [FIB, 2, GEORGE, 9.458770, 0.186285, 3.610767, 0.019135, 0.042848, -0.116703, 0.790976, 0.204226, 12.964486, -0.023072, -0.077273, -0.112613] 
Sphere 2, 167.0s, DBG: set face 
Sphere 2, 167.0s, DBG: far out man 
Sphere 1, 167.0s, DBG: [FIB, 0, TIME, 166] 
Sphere 1, 167.0s, DBG: [FIB, 1, FRED, -9.009999, 0.722591, -4.623100, -0.015117, 0.104456, 0.006707, 3.443333, -2.892688, -3.080850, 0.068390, 0.069100, -0.373106] 
Sphere 1, 167.0s, DBG: [FIB, 2, GEORGE, 9.427900, 0.184149, 3.751122, 0.030152, 0.032136, -0.108402, 1.355580, 0.135102, 12.971767, -0.008652, -0.037538, -0.129643] 
Sphere 2, 168.0s, DBG: set face 
Sphere 2, 168.0s, DBG: far out man 
Sphere 1, 168.0s, DBG: [FIB, 0, TIME, 167] 
Sphere 1, 168.0s, DBG: [FIB, 1, FRED, -9.009999, 0.719562, -4.636603, 0.000184, 0.089011, 0.007695, 3.520575, -2.914623, -2.644158, -0.080286, 0.080428, -0.373106] 
Sphere 1, 168.0s, DBG: [FIB, 2, GEORGE, 9.440611, 0.183081, 3.825144, 0.018555, 0.021424, -0.066897, 1.423929, 0.126787, 12.971735, 0.020188, -0.003662, -0.061525] 
Sphere 2, 169.0s, DBG: set face 
Sphere 2, 169.0s, DBG: far out man 
Sphere 1, 169.0s, DBG: [FIB, 0, TIME, 168] 
Sphere 1, 169.0s, DBG: [FIB, 1, FRED, -9.009999, 0.713325, -4.654891, -0.002725, 0.093426, 0.007229, 3.664187, -2.929787, -2.262758, 0.068390, 0.049276, -0.297645] 
Sphere 1, 169.0s, DBG: [FIB, 2, GEORGE, 9.357082, 0.179235, 3.947233, 0.040590, 0.023896, -0.076174, 1.438404, -0.207910, 12.951719, 0.095172, -0.499161, -0.834986] 
Sphere 2, 170.0s, GT: [170] camera ON | 
Sphere 2, 170.0s, DBG: set face 
Sphere 2, 170.0s, DBG: far out man 
Sphere 1, 170.0s, DBG: [FIB, 0, TIME, 169] 
Sphere 1, 170.0s, DBG: [FIB, 1, FRED, -9.009999, 0.710022, -4.665954, -0.004965, 0.082223, 0.005590, 3.890143, -2.940836, -1.886548, 0.008920, 0.054940, -0.197033] 
Sphere 1, 170.0s, DBG: [FIB, 2, GEORGE, 9.349819, 0.177526, 4.057787, 0.032472, 0.018128, -0.076907, 1.573920, -0.924982, 12.345682, 0.124973, -0.952361, -1.506272] 
Sphere 2, 171.0s, DBG: set face 
Sphere 2, 171.0s, DBG: far out man 
Sphere 1, 171.0s, DBG: [FIB, 0, TIME, 170] 
Sphere 1, 171.0s, DBG: [FIB, 1, FRED, -9.009999, 0.699183, -4.670653, -0.003512, 0.102437, 0.003830, 3.877261, -2.949241, -1.627741, 0.008920, 0.066268, -0.197033] 
Sphere 1, 171.0s, DBG: [FIB, 2, GEORGE, 9.351635, 0.173467, 4.119312, 0.028413, 0.016480, -0.064455, 1.335808, -1.764028, 10.496819, 0.198996, -1.209998, -1.905087] 
Sphere 2, 172.0s, DBG: set face 
Sphere 2, 172.0s, DBG: far out man 
Sphere 1, 172.0s, DBG: [FIB, 0, TIME, 171] 
Sphere 1, 172.0s, DBG: [FIB, 1, FRED, -9.009999, 0.688435, -4.654737, -0.008641, 0.109348, -0.001420, 2.819990, -2.966326, -1.474664, -0.035683, 0.066268, -0.121573] 
Sphere 1, 172.0s, DBG: [FIB, 2, GEORGE, 9.306238, 0.177526, 4.185644, 0.030732, -0.014008, -0.059328, 1.263860, -2.492172, 7.213712, 0.259560, -1.204321, -1.973205] 
Sphere 2, 173.0s, DBG: set face 
Sphere 2, 173.0s, DBG: far out man 
Sphere 1, 173.0s, DBG: [FIB, 0, TIME, 172] 
Sphere 1, 173.0s, DBG: [FIB, 1, FRED, -9.009999, 0.681260, -4.664183, -0.012429, 0.106993, 0.000570, 2.776584, -2.969626, -1.362222, -0.020816, 0.066268, -0.104805] 
Sphere 1, 173.0s, DBG: [FIB, 2, GEORGE, 9.282633, 0.182012, 4.285623, 0.029572, -0.031312, -0.058840, 0.557316, -2.895596, 3.387512, 0.273980, -1.037324, -1.650746] 
Sphere 2, 174.0s, DBG: set face 
Sphere 2, 174.0s, DBG: far out man 
Sphere 1, 174.0s, DBG: [FIB, 0, TIME, 173] 
Sphere 1, 174.0s, DBG: [FIB, 1, FRED, -9.004271, 0.672621, -4.678377, -0.011702, 0.108997, 0.003206, 2.022995, -2.982832, -1.051796, -0.080286, 0.074764, -0.088035] 
Sphere 1, 174.0s, DBG: [FIB, 2, GEORGE, 9.262657, 0.177313, 4.339458, 0.030152, -0.010712, -0.048097, 0.577573, -2.997477, 0.440705, 0.228797, -0.785180, -1.225562] 
Sphere 2, 175.0s, DBG: set face 
Sphere 2, 175.0s, DBG: far out man 
Sphere 1, 175.0s, DBG: [FIB, 0, TIME, 174] 
Sphere 1, 175.0s, DBG: [FIB, 1, FRED, -8.983837, 0.666728, -4.682117, -0.014157, 0.101219, 0.003234, 1.761139, -2.987903, -0.858490, -0.035683, 0.043612, -0.121573] 
Sphere 1, 175.0s, DBG: [FIB, 2, GEORGE, 9.231788, 0.179449, 4.370220, 0.031312, -0.026368, -0.039064, -0.596476, -2.966598, -1.909610, 0.139393, -0.535966, -0.834986] 
Sphere 2, 176.0s, DBG: set face 
Sphere 2, 176.0s, DBG: far out man 
Sphere 1, 176.0s, DBG: [FIB, 0, TIME, 175] 
Sphere 1, 176.0s, DBG: [FIB, 1, FRED, -8.937325, 0.657572, -4.677374, -0.023064, 0.105828, 0.001350, 1.663617, -2.989833, -0.766479, 0.023787, 0.043612, -0.096421] 
Sphere 1, 176.0s, DBG: [FIB, 2, GEORGE, 9.133732, 0.185217, 4.428862, 0.047548, -0.053560, -0.039064, -1.004867, -2.919828, -2.948925, 0.065371, -0.315134, -0.418592] 
Sphere 2, 177.0s, DBG: set face 
Sphere 2, 177.0s, DBG: far out man 
Sphere 1, 177.0s, DBG: [FIB, 0, TIME, 176] 
Sphere 1, 177.0s, DBG: [FIB, 1, FRED, -8.935278, 0.651575, -4.662584, -0.015434, 0.099286, -0.002785, 1.253392, -2.994968, -0.500674, -0.095154, 0.046444, -0.121573] 
Sphere 1, 177.0s, DBG: [FIB, 2, GEORGE, 9.131916, 0.189703, 4.482696, 0.031312, -0.061800, -0.035890, -0.578771, -2.880175, -3.626383, 0.049989, -0.133854, -0.121403] 
Sphere 2, 178.0s, GT: Not a good shot: too close to the other satellite | 
Sphere 2, 178.0s, DBG: set face 
Sphere 2, 178.0s, DBG: far out man 
Sphere 1, 178.0s, DBG: [FIB, 0, TIME, 177] 
Sphere 1, 178.0s, DBG: [FIB, 1, FRED, -8.941745, 0.640228, -4.686439, -0.007682, 0.117569, 0.003930, 1.523344, -2.994628, -0.372032, -0.050551, 0.032284, -0.163496] 
Sphere 1, 178.0s, DBG: [FIB, 2, GEORGE, 9.131916, 0.193548, 4.512497, 0.019135, -0.060152, -0.026368, -0.681318, -2.872102, -3.740071, 0.035569, -0.009339, 0.107669] 
Sphere 2, 179.0s, GT: Not a good shot: too close to the other satellite | 
Sphere 2, 179.0s, DBG: set face 
Sphere 2, 179.0s, DBG: far out man 
Sphere 1, 179.0s, DBG: [FIB, 0, TIME, 178] 
Sphere 1, 179.0s, DBG: [FIB, 1, FRED, -8.919744, 0.631996, -4.698238, -0.012416, 0.115992, 0.005593, 1.304951, -2.996834, -0.119843, -0.110022, 0.029452, -0.129958] 
Sphere 1, 179.0s, DBG: [FIB, 2, GEORGE, 9.117390, 0.199744, 4.564409, 0.019715, -0.070864, -0.027833, -0.362501, -2.885400, -3.552327, 0.079791, 0.078372, 0.209845] 
Sphere 2, 180.0s, GT: Not a good shot: too close to the other satellite | 
Sphere 2, 180.0s, DBG: set face 
Sphere 2, 180.0s, DBG: far out man 
Sphere 1, 180.0s, DBG: [FIB, 0, TIME, 179] 
Sphere 1, 180.0s, DBG: [FIB, 1, FRED, -8.925951, 0.613914, -4.690697, -0.003823, 0.272257, 0.002480, 1.361426, -2.996601, 0.101359, -0.035683, 0.001133, -0.129958] 
Sphere 1, 180.0s, DBG: [FIB, 2, GEORGE, 9.095599, 0.200171, 4.587481, 0.016236, -0.062624, -0.021973, -0.160710, -2.911958, -3.123444, 0.079791, 0.137883, 0.166997] 
Sphere 1, 186.0s, GT: GAME ENDED! Final Score Float: 5.50716782 / Integer: 50 | Test Result 51 | 
Sphere 2, 186.0s, GT: GAME ENDED! Final Score Float: 8.53328133 / Integer: 90 | Test Result 91 | 