Sphere 1, 0.0s, DBG: Hello from SHA-2468! 
Sphere 2, 0.0s, DBG: FACING 
Sphere 1, 0.0s, DBG: [FIB, 0, TIME, 0] 
Sphere 2, 0.0s, DBG: TIME : 0 
Sphere 1, 0.0s, DBG: [FIB, 1, FRED, -6.804080, -1.204319, 0.014033, -0.007042, 0.005800, -0.001576, -0.477957, 2.999238, -0.199922, -0.020816, 0.001133, 0.012577] 
Sphere 1, 0.0s, DBG: [FIB, 2, GEORGE, -6.796731, 1.201025, -0.000000, 0.001160, 0.002472, -0.001465, -0.225230, -2.999756, 0.024228, 0.005768, -0.000732, 0.005493] 
Sphere 2, 1.0s, DBG: FACING 
Sphere 2, 1.0s, DBG: TIME : 1 
Sphere 1, 1.0s, DBG: [FIB, 0, TIME, 0] 
Sphere 1, 1.0s, DBG: [FIB, 1, FRED, -6.833880, -1.205305, 0.025189, 0.001718, 0.008568, -0.002759, -0.823314, 2.998776, 0.041069, 0.112993, -0.001699, -0.020961] 
Sphere 1, 1.0s, DBG: [FIB, 2, GEORGE, -6.774941, 1.199744, -0.002884, -0.003479, 0.006592, -0.000488, -0.002143, -2.999564, -0.150357, -0.038453, 0.001831, 0.005493] 
Sphere 2, 2.0s, DBG: FACING 
Sphere 2, 2.0s, DBG: TIME : 2 
Sphere 1, 2.0s, DBG: [FIB, 0, TIME, 1] 
Sphere 1, 2.0s, DBG: [FIB, 1, FRED, -6.808571, -1.188265, -0.013140, 0.005760, -0.242601, 0.039833, -2.463045, 2.989141, -0.045678, 0.008920, -0.010195, -0.859401] 
Sphere 1, 2.0s, DBG: [FIB, 2, GEORGE, -6.780389, 1.186926, 0.032685, 0.011017, 0.248024, -0.041505, -1.328556, -2.996733, -0.049538, 0.035569, 0.007508, -0.894314] 
Sphere 2, 3.0s, DBG: FACING 
Sphere 2, 3.0s, DBG: TIME : 3 
Sphere 1, 3.0s, DBG: [FIB, 0, TIME, 2] 
Sphere 1, 3.0s, DBG: [FIB, 1, FRED, -6.849497, -1.157807, -0.103302, 0.026480, -0.479725, 0.083414, -6.134452, 2.931751, -0.199664, 0.068390, 0.001133, -1.689457] 
Sphere 1, 3.0s, DBG: [FIB, 2, GEORGE, -6.838496, 1.164495, 0.083636, 0.034791, 0.463912, -0.077395, -5.600911, -2.943480, -0.007651, -0.068255, 0.001831, -1.701285] 
Sphere 2, 4.0s, DBG: FACING 
Sphere 2, 4.0s, DBG: TIME : 4 
Sphere 1, 4.0s, DBG: [FIB, 0, TIME, 3] 
Sphere 1, 4.0s, DBG: [FIB, 1, FRED, -6.898464, -1.115338, -0.211000, 0.043342, -0.706169, 0.121838, -11.303342, 2.761945, -0.286525, -0.005948, -0.004531, -2.502743] 
Sphere 1, 4.0s, DBG: [FIB, 2, GEORGE, -6.867550, 1.116642, 0.180731, 0.043489, 0.719352, -0.115482, -10.896888, -2.779470, -0.210753, -0.038453, -0.014832, -2.465957] 
Sphere 2, 5.0s, DBG: FACING 
Sphere 2, 5.0s, DBG: TIME : 5 
Sphere 1, 5.0s, DBG: [FIB, 0, TIME, 4] 
Sphere 1, 5.0s, DBG: [FIB, 1, FRED, -6.952301, -1.051254, -0.355155, 0.057122, -0.967566, 0.162280, -17.552820, 2.385747, -0.455468, 0.038655, -0.021523, -3.181880] 
Sphere 1, 5.0s, DBG: [FIB, 2, GEORGE, -6.912946, 1.056612, 0.345119, 0.054506, 0.968200, -0.164068, -17.198505, -2.415210, -0.123013, -0.023072, -0.009339, -3.196570] 
Sphere 2, 6.0s, DBG: FACING 
Sphere 2, 6.0s, DBG: TIME : 6 
Sphere 1, 6.0s, DBG: [FIB, 0, TIME, 5] 
Sphere 1, 6.0s, DBG: [FIB, 1, FRED, -7.034790, -0.990805, -0.529689, 0.065500, -0.930775, 0.160525, -23.341293, 1.776767, -0.488841, 0.068390, -0.015859, -3.408258] 
Sphere 1, 6.0s, DBG: [FIB, 2, GEORGE, -7.011002, 0.984832, 0.490280, 0.075381, 1.175848, -0.195318, -22.791241, -1.851125, -0.511566, -0.098056, -0.003662, -3.409162] 
Sphere 2, 7.0s, DBG: FACING 
Sphere 2, 7.0s, DBG: TIME : 7 
Sphere 1, 7.0s, DBG: [FIB, 0, TIME, 6] 
Sphere 1, 7.0s, DBG: [FIB, 1, FRED, -7.021174, -0.933748, -0.664034, 0.046830, -0.892350, 0.151460, -26.867678, 1.124107, -0.459370, 0.023787, -0.013027, -2.997422] 
Sphere 1, 7.0s, DBG: [FIB, 2, GEORGE, -7.038239, 0.902799, 0.725806, 0.062044, 1.264840, -0.221198, -26.683973, -1.172983, -0.266622, -0.008652, 0.021790, -3.035066] 
Sphere 2, 8.0s, DBG: FACING 
Sphere 2, 8.0s, DBG: TIME : 8 
Sphere 1, 8.0s, DBG: [FIB, 0, TIME, 7] 
Sphere 1, 8.0s, DBG: [FIB, 1, FRED, -7.045078, -0.873268, -0.826634, 0.042517, -0.875326, 0.150259, -28.410997, 0.596825, -0.326530, 0.023787, 0.006797, -2.259596] 
Sphere 1, 8.0s, DBG: [FIB, 2, GEORGE, -7.058214, 0.814570, 0.931532, 0.061464, 1.291208, -0.220710, -28.520475, -0.539701, -0.253846, -0.098056, 0.044313, -2.321482] 
Sphere 2, 9.0s, DBG: FACING 
Sphere 2, 9.0s, DBG: TIME : 9 
Sphere 1, 9.0s, DBG: [FIB, 0, TIME, 8] 
Sphere 1, 9.0s, DBG: [FIB, 1, FRED, -7.098641, -0.812956, -0.972904, 0.047465, -0.859917, 0.145719, -28.936983, 0.193244, -0.180312, -0.005948, 0.012461, -1.530152] 
Sphere 1, 9.0s, DBG: [FIB, 2, GEORGE, -7.080004, 0.733390, 1.150716, 0.059145, 1.236000, -0.214850, -28.972900, -0.125702, 0.100691, -0.023072, 0.055666, -1.667226] 
Sphere 2, 10.0s, DBG: FACING 
Sphere 2, 10.0s, DBG: TIME : 10 
Sphere 1, 10.0s, DBG: [FIB, 0, TIME, 9] 
Sphere 1, 10.0s, DBG: [FIB, 1, FRED, -7.177485, -0.753115, -1.124628, 0.057679, -0.847450, 0.143057, -28.997107, -0.040115, -0.059155, 0.038655, 0.020957, -0.918091] 
Sphere 1, 10.0s, DBG: [FIB, 2, GEORGE, -7.150823, 0.657125, 1.361248, 0.067843, 1.156896, -0.206549, -28.921610, 0.203282, 0.359137, 0.005768, 0.058596, -1.123936] 
Sphere 2, 11.0s, DBG: FACING 
Sphere 2, 11.0s, DBG: TIME : 11 
Sphere 1, 11.0s, DBG: [FIB, 0, TIME, 10] 
Sphere 1, 11.0s, DBG: [FIB, 1, FRED, -7.187854, -0.693091, -1.268694, 0.047561, -0.839177, 0.139864, -28.948492, -0.175951, 0.135838, 0.068390, 0.020957, -0.415027] 
Sphere 1, 11.0s, DBG: [FIB, 2, GEORGE, -7.227088, 0.577868, 1.576586, 0.070742, 1.099216, -0.195563, -28.661701, 0.425285, 0.718988, -0.052873, 0.041566, -0.648213] 
Sphere 2, 12.0s, DBG: FACING 
Sphere 2, 12.0s, DBG: TIME : 12 
Sphere 1, 12.0s, DBG: [FIB, 0, TIME, 11] 
Sphere 1, 12.0s, DBG: [FIB, 1, FRED, -7.239834, -0.634122, -1.417778, 0.049839, -0.828547, 0.138095, -28.929882, -0.197199, 0.293330, 0.053523, 0.018125, -0.129958] 
Sphere 1, 12.0s, DBG: [FIB, 2, GEORGE, -7.314250, 0.497116, 1.761162, 0.075961, 1.043184, -0.179693, -28.468395, 0.547970, 0.693488, -0.023072, 0.016114, -0.342235] 
Sphere 2, 13.0s, DBG: FACING 
Sphere 2, 13.0s, DBG: TIME : 13 
Sphere 1, 13.0s, DBG: [FIB, 0, TIME, 12] 
Sphere 1, 13.0s, DBG: [FIB, 1, FRED, -7.317889, -0.574717, -1.551735, 0.057750, -0.822149, 0.133799, -28.919722, -0.199565, 0.431904, -0.050551, 0.018125, 0.113189] 
Sphere 1, 13.0s, DBG: [FIB, 2, GEORGE, -7.365093, 0.429182, 1.951506, 0.061464, 0.945952, -0.167974, -28.445957, 0.549289, 0.851626, -0.068255, 0.016114, -0.112613] 
Sphere 2, 14.0s, DBG: FACING 
Sphere 2, 14.0s, DBG: TIME : 14 
Sphere 1, 14.0s, DBG: [FIB, 0, TIME, 13] 
Sphere 1, 14.0s, DBG: [FIB, 1, FRED, -7.396798, -0.511487, -1.715726, 0.063625, -0.828470, 0.136848, -28.936810, -0.160278, 0.503256, 0.083258, 0.015293, 0.238955] 
Sphere 1, 14.0s, DBG: [FIB, 2, GEORGE, -7.410489, 0.357616, 2.128391, 0.053926, 0.881680, -0.154057, -28.365051, 0.590431, 0.876075, -0.052873, -0.000732, 0.022523] 
Sphere 2, 15.0s, DBG: FACING 
Sphere 2, 15.0s, DBG: TIME : 15 
Sphere 1, 15.0s, DBG: [FIB, 0, TIME, 14] 
Sphere 1, 15.0s, DBG: [FIB, 1, FRED, -7.405483, -0.450352, -1.870134, 0.051720, -0.827787, 0.136933, -28.966768, -0.093412, 0.472530, 0.083258, 0.026620, 0.247340] 
Sphere 1, 15.0s, DBG: [FIB, 2, GEORGE, -7.441359, 0.302286, 2.285089, 0.042909, 0.775384, -0.138920, -28.489342, 0.523719, 0.853924, 0.005768, 0.004761, 0.082400] 
Sphere 2, 16.0s, DBG: FACING 
Sphere 2, 16.0s, DBG: TIME : 16 
Sphere 1, 16.0s, DBG: [FIB, 0, TIME, 15] 
Sphere 1, 16.0s, DBG: [FIB, 1, FRED, -7.438601, -0.389230, -2.012692, 0.048800, -0.827887, 0.134712, -28.968372, 0.007292, 0.606141, -0.005948, 0.026620, 0.238955] 
Sphere 1, 16.0s, DBG: [FIB, 2, GEORGE, -7.475860, 0.246742, 2.441786, 0.038850, 0.701224, -0.127689, -28.487682, 0.529844, 0.793952, -0.038453, 0.013184, 0.039552] 
Sphere 2, 17.0s, DBG: FACING 
Sphere 2, 17.0s, DBG: TIME : 17 
Sphere 1, 17.0s, DBG: [FIB, 0, TIME, 16] 
Sphere 1, 17.0s, DBG: [FIB, 1, FRED, -7.463260, -0.325353, -2.167914, 0.044165, -0.837297, 0.135160, -28.954920, 0.104441, 0.565914, 0.053523, 0.029452, 0.255724] 
Sphere 1, 17.0s, DBG: [FIB, 2, GEORGE, -7.535783, 0.192694, 2.584063, 0.043489, 0.641896, -0.115482, -28.510958, 0.507282, 0.892858, -0.023072, 0.018860, 0.082400] 
Sphere 2, 18.0s, DBG: FACING 
Sphere 2, 18.0s, DBG: TIME : 18 
Sphere 1, 18.0s, DBG: [FIB, 0, TIME, 17] 
Sphere 1, 18.0s, DBG: [FIB, 1, FRED, -7.502762, -0.266361, -2.311160, 0.044574, -0.827883, 0.133139, -28.937551, 0.098349, 0.738548, 0.068390, 0.018125, 0.088037] 
Sphere 1, 18.0s, DBG: [FIB, 2, GEORGE, -7.573915, 0.150182, 2.720573, 0.036531, 0.552080, -0.104007, -28.482763, 0.537652, 0.727225, -0.052873, 0.001831, 0.031312] 
Sphere 2, 19.0s, DBG: FACING 
Sphere 2, 19.0s, DBG: TIME : 19 
Sphere 1, 19.0s, DBG: [FIB, 0, TIME, 18] 
Sphere 1, 19.0s, DBG: [FIB, 1, FRED, -7.589470, -0.203602, -2.483899, 0.055445, -0.831498, 0.137807, -28.859062, 0.166554, 1.057269, 0.083258, 0.026620, 0.096421] 
Sphere 1, 19.0s, DBG: [FIB, 2, GEORGE, -7.630208, 0.107669, 2.847468, 0.035371, 0.492752, -0.091067, -28.520554, 0.504194, 0.867190, 0.079791, 0.013184, 0.175787] 
Sphere 2, 20.0s, DBG: FACING 
Sphere 2, 20.0s, DBG: TIME : 20 
Sphere 1, 20.0s, DBG: [FIB, 0, TIME, 19] 
Sphere 1, 20.0s, DBG: [FIB, 1, FRED, -7.643268, -0.153245, -2.612005, 0.041935, -0.673377, 0.117320, -28.866791, 0.117946, 1.134827, 0.038655, -0.001699, -0.046114] 
Sphere 1, 20.0s, DBG: [FIB, 2, GEORGE, -7.635655, 0.069216, 2.963790, 0.021455, 0.440840, -0.083010, -28.612741, 0.454326, 0.773554, 0.020188, 0.001831, 0.218085] 
Sphere 2, 21.0s, DBG: FACING 
Sphere 2, 21.0s, DBG: TIME : 21 
Sphere 1, 21.0s, DBG: [FIB, 0, TIME, 20] 
Sphere 1, 21.0s, DBG: [FIB, 1, FRED, -7.644082, -0.108217, -2.730008, 0.023094, -0.565271, 0.102324, -28.908562, 0.072763, 0.982196, 0.038655, -0.013027, -0.062882] 
Sphere 1, 21.0s, DBG: [FIB, 2, GEORGE, -7.666524, 0.038667, 3.064730, 0.018555, 0.375744, -0.071780, -28.679083, 0.402950, 0.814506, -0.023072, -0.009339, 0.209845] 
Sphere 2, 22.0s, DBG: FACING 
Sphere 2, 22.0s, DBG: TIME : 22 
Sphere 1, 22.0s, DBG: [FIB, 0, TIME, 21] 
Sphere 1, 22.0s, DBG: [FIB, 1, FRED, -7.651402, -0.074831, -2.833763, 0.016513, -0.460260, 0.089111, -28.919806, 0.051228, 0.940279, -0.020816, -0.004531, -0.197033] 
Sphere 1, 22.0s, DBG: [FIB, 2, GEORGE, -7.708289, 0.012604, 3.125294, 0.020875, 0.318064, -0.056642, -28.722034, 0.370231, 0.802263, -0.023072, -0.012085, 0.132939] 
Sphere 2, 23.0s, DBG: FACING 
Sphere 2, 23.0s, DBG: TIME : 23 
Sphere 1, 23.0s, DBG: [FIB, 0, TIME, 22] 
Sphere 1, 23.0s, DBG: [FIB, 1, FRED, -7.654928, -0.039813, -2.936279, 0.011641, -0.403797, 0.079924, -28.944405, 0.034288, 0.790748, -0.065419, -0.010195, -0.096421] 
Sphere 1, 23.0s, DBG: [FIB, 2, GEORGE, -7.693762, -0.011322, 3.206046, 0.008118, 0.271096, -0.050783, -28.775145, 0.345111, 0.599126, -0.023072, -0.009339, 0.132939] 
Sphere 2, 24.0s, GT: Mirror picked up 
Sphere 2, 24.0s, GT: score: 0.000000, energy: 2.450900, memorySize: 2 
Sphere 2, 24.0s, DBG: FACING 
Sphere 2, 24.0s, DBG: TIME : 24 
Sphere 1, 24.0s, DBG: [FIB, 0, TIME, 23] 
Sphere 1, 24.0s, DBG: [FIB, 1, FRED, -7.683329, -0.014236, -3.013804, 0.014690, -0.333949, 0.067689, -28.947994, 0.028990, 0.768049, 0.038655, -0.004531, -0.121573] 
Sphere 1, 24.0s, DBG: [FIB, 2, GEORGE, -7.699210, -0.036744, 3.281030, 0.008118, 0.248848, -0.045167, -28.816809, 0.307376, 0.588299, -0.008652, 0.004761, 0.115909] 
Sphere 2, 25.0s, DBG: FACING 
Sphere 2, 25.0s, DBG: TIME : 25 
Sphere 1, 25.0s, DBG: [FIB, 0, TIME, 24] 
Sphere 1, 25.0s, DBG: [FIB, 1, FRED, -7.722682, 0.010418, -3.089757, 0.019453, -0.286726, 0.059587, -28.944622, -0.006932, 0.802477, 0.023787, -0.010195, -0.046114] 
Sphere 1, 25.0s, DBG: [FIB, 2, GEORGE, -7.704657, -0.053835, 3.334864, 0.012177, 0.203528, -0.037843, -28.866833, 0.246304, 0.629504, -0.023072, -0.003662, 0.175787] 
Sphere 2, 26.0s, DBG: FACING 
Sphere 2, 26.0s, DBG: TIME : 26 
Sphere 1, 26.0s, DBG: [FIB, 0, TIME, 25] 
Sphere 1, 26.0s, DBG: [FIB, 1, FRED, -7.736179, 0.032742, -3.174869, 0.012415, -0.248851, 0.055965, -28.947355, -0.027689, 0.773719, -0.065419, -0.027187, -0.054498] 
Sphere 1, 26.0s, DBG: [FIB, 2, GEORGE, -7.702841, -0.067293, 3.398312, 0.008698, 0.167272, -0.033937, -28.896517, 0.201246, 0.654283, 0.005768, -0.020508, 0.098880] 
Sphere 1, 27.0s, GT: Mirror picked up 
Sphere 1, 27.0s, GT: score: 0.000000, energy: 3.105801, memorySize: 2 
Sphere 2, 27.0s, DBG: FACING 
Sphere 2, 27.0s, DBG: TIME : 27 
Sphere 1, 27.0s, DBG: [FIB, 0, TIME, 26] 
Sphere 1, 27.0s, DBG: [FIB, 1, FRED, -7.789464, 0.054832, -3.233306, 0.021645, -0.220990, 0.046475, -28.948036, -0.040427, 0.757898, -0.020816, -0.018691, -0.054498] 
Sphere 1, 27.0s, DBG: [FIB, 2, GEORGE, -7.681051, -0.097629, 3.443495, -0.089877, 0.419416, -0.039552, -28.934910, 0.178167, 0.391640, -0.038453, -0.017762, 0.115909] 
Sphere 2, 28.0s, DBG: FACING 
Sphere 2, 28.0s, DBG: TIME : 28 
Sphere 1, 28.0s, DBG: [FIB, 0, TIME, 27] 
Sphere 1, 28.0s, DBG: [FIB, 1, FRED, -7.773627, 0.072482, -3.280832, 0.007874, -0.183207, 0.037459, -28.967056, -0.077654, 0.520079, -0.005948, -0.049842, 0.012577] 
Sphere 1, 28.0s, DBG: [FIB, 2, GEORGE, -7.572100, -0.140568, 3.492523, -0.195410, 0.646840, -0.043947, -28.930241, 0.176204, 0.467543, -0.008652, 0.007508, 0.056581] 
Sphere 2, 29.0s, DBG: FACING 
Sphere 2, 29.0s, DBG: TIME : 29 
Sphere 1, 29.0s, DBG: [FIB, 0, TIME, 28] 
Sphere 1, 29.0s, DBG: [FIB, 1, FRED, -7.784950, 0.081707, -3.325908, 0.005306, -0.133832, 0.032240, -28.964149, -0.059558, 0.592477, -0.005948, -0.032851, 0.012577] 
Sphere 1, 29.0s, DBG: [FIB, 2, GEORGE, -7.323328, -0.197821, 3.562700, -0.320078, 0.869320, -0.050295, -28.961435, 0.110997, 0.462959, 0.020188, -0.014832, 0.056581] 
Sphere 2, 30.0s, DBG: FACING 
Sphere 2, 30.0s, DBG: TIME : 30 
Sphere 1, 30.0s, DBG: [FIB, 0, TIME, 29] 
Sphere 1, 30.0s, DBG: [FIB, 1, FRED, -7.680107, 0.108892, -3.377833, -0.112341, -0.375546, 0.040482, -28.968130, -0.049061, 0.571027, -0.020816, -0.015859, 0.079652] 
Sphere 1, 30.0s, DBG: [FIB, 2, GEORGE, -6.996475, -0.271523, 3.589617, -0.416913, 1.044008, -0.043703, -28.877750, 0.227707, 0.658837, 0.005768, -0.012085, -0.188971] 
Sphere 2, 31.0s, DBG: FACING 
Sphere 2, 31.0s, DBG: TIME : 31 
Sphere 1, 31.0s, DBG: [FIB, 0, TIME, 30] 
Sphere 1, 31.0s, DBG: [FIB, 1, FRED, -7.556594, 0.147559, -3.427141, -0.208008, -0.595726, 0.045302, -28.977922, -0.008593, 0.505816, -0.020816, -0.013027, 0.096421] 
Sphere 1, 31.0s, DBG: [FIB, 2, GEORGE, -6.646016, -0.343730, 3.668447, -0.451125, 1.081912, -0.049074, -28.871843, 0.202361, 0.840497, 0.020188, -0.020508, -0.163701] 
Sphere 2, 32.0s, DBG: FACING 
Sphere 2, 32.0s, DBG: TIME : 32 
Sphere 1, 32.0s, DBG: [FIB, 0, TIME, 31] 
Sphere 1, 32.0s, DBG: [FIB, 1, FRED, -7.295929, 0.201408, -3.505630, -0.321032, -0.808571, 0.052524, -28.974352, 0.050434, 0.501013, 0.008920, -0.013027, 0.264110] 
Sphere 1, 32.0s, DBG: [FIB, 2, GEORGE, -6.290109, -0.418287, 3.702094, -0.458083, 1.075320, -0.044191, -28.855299, 0.284792, 0.380029, 0.065371, -0.029115, -0.274117] 
Sphere 2, 33.0s, DBG: FACING 
Sphere 2, 33.0s, DBG: TIME : 33 
Sphere 1, 33.0s, DBG: [FIB, 0, TIME, 32] 
Sphere 1, 33.0s, DBG: [FIB, 1, FRED, -6.993392, 0.272571, -3.565579, -0.405753, -1.004868, 0.054276, -28.989637, 0.044129, 0.290201, 0.038655, -0.021523, 0.297647] 
Sphere 1, 33.0s, DBG: [FIB, 2, GEORGE, -5.954176, -0.489639, 3.782845, -0.443007, 1.030824, -0.047365, -28.798798, 0.349393, 0.167435, -0.052873, -0.014832, -0.342235] 
Sphere 2, 34.0s, DBG: FACING 
Sphere 2, 34.0s, DBG: TIME : 34 
Sphere 1, 34.0s, DBG: [FIB, 0, TIME, 33] 
Sphere 1, 34.0s, DBG: [FIB, 1, FRED, -6.641485, 0.346536, -3.626706, -0.448291, -1.070713, 0.054838, -28.964266, 0.117521, 0.396147, 0.053523, -0.007363, 0.339569] 
Sphere 1, 34.0s, DBG: [FIB, 2, GEORGE, -5.605533, -0.563341, 3.812647, -0.428510, 0.987152, -0.037111, -28.676098, 0.443606, 0.215384, -0.023072, -0.003662, -0.299387] 
Sphere 2, 35.0s, DBG: FACING 
Sphere 2, 35.0s, DBG: TIME : 35 
Sphere 1, 35.0s, DBG: [FIB, 0, TIME, 34] 
Sphere 1, 35.0s, DBG: [FIB, 1, FRED, -6.326233, 0.423286, -3.687441, -0.447545, -1.077583, 0.051081, -28.838976, 0.285567, 0.583320, -0.005948, 0.001133, 0.381490] 
Sphere 1, 35.0s, DBG: [FIB, 2, GEORGE, -5.265969, -0.629994, 3.856868, -0.405316, 0.911344, -0.033937, -28.602491, 0.490283, 0.263975, -0.023072, 0.004761, -0.248848] 
Sphere 2, 36.0s, DBG: FACING 
Sphere 2, 36.0s, DBG: TIME : 36 
Sphere 1, 36.0s, DBG: [FIB, 0, TIME, 35] 
Sphere 1, 36.0s, DBG: [FIB, 1, FRED, -5.918709, 0.497887, -3.732975, -0.456253, -1.046633, 0.044798, -28.785185, 0.346590, 0.488664, 0.008920, -0.021523, 0.247340] 
Sphere 1, 36.0s, DBG: [FIB, 2, GEORGE, -4.950011, -0.693228, 3.898206, -0.380963, 0.837184, -0.031007, -28.422586, 0.593612, 0.161930, 0.005768, 0.021790, -0.214789] 
Sphere 2, 37.0s, DBG: FACING 
Sphere 2, 37.0s, DBG: TIME : 37 
Sphere 1, 37.0s, DBG: [FIB, 0, TIME, 36] 
Sphere 1, 37.0s, DBG: [FIB, 1, FRED, -5.577288, 0.564229, -3.758824, -0.430268, -0.969309, 0.036488, -28.752129, 0.380684, 0.394179, -0.035683, -0.018691, 0.180264] 
Sphere 1, 37.0s, DBG: [FIB, 2, GEORGE, -4.612262, -0.751762, 3.931852, -0.357189, 0.763024, -0.026124, -28.416016, 0.596678, 0.198818, 0.020188, 0.035890, -0.104373] 
Sphere 2, 38.0s, DBG: FACING 
Sphere 2, 38.0s, DBG: TIME : 38 
Sphere 1, 38.0s, DBG: [FIB, 0, TIME, 37] 
Sphere 1, 38.0s, DBG: [FIB, 1, FRED, -5.222604, 0.631300, -3.812619, -0.410669, -0.909542, 0.039392, -28.644556, 0.464676, 0.250641, -0.005948, -0.007363, 0.088037] 
Sphere 1, 38.0s, DBG: [FIB, 2, GEORGE, -4.332621, -0.798120, 3.954924, -0.260353, 0.547960, -0.019532, -28.260239, 0.668568, 0.337264, 0.005768, 0.024537, -0.078555] 
Sphere 2, 39.0s, DBG: FACING 
Sphere 2, 39.0s, DBG: TIME : 39 
Sphere 1, 39.0s, DBG: [FIB, 0, TIME, 38] 
Sphere 1, 39.0s, DBG: [FIB, 1, FRED, -4.881351, 0.698143, -3.874631, -0.384764, -0.853838, 0.039002, -28.606323, 0.491900, 0.116842, 0.023787, -0.007363, 0.046114] 
Sphere 1, 39.0s, DBG: [FIB, 2, GEORGE, -4.180090, -0.831233, 3.967421, -0.159459, 0.351848, -0.010010, -28.366964, 0.616965, 0.380401, -0.008652, 0.016114, -0.036256] 
Sphere 2, 40.0s, DBG: FACING 
Sphere 2, 40.0s, DBG: TIME : 40 
Sphere 1, 40.0s, DBG: [FIB, 0, TIME, 39] 
Sphere 1, 40.0s, DBG: [FIB, 1, FRED, -4.592520, 0.753348, -3.915571, -0.348455, -0.763056, 0.032835, -28.610365, 0.488751, 0.158623, -0.005948, 0.001133, -0.054498] 
Sphere 1, 40.0s, DBG: [FIB, 2, GEORGE, -4.038453, -0.854518, 3.995300, -0.107852, 0.226600, -0.008301, -28.319969, 0.641756, 0.294038, 0.035569, 0.027467, 0.039552] 
Sphere 2, 41.0s, DBG: FACING 
Sphere 2, 41.0s, DBG: TIME : 41 
Sphere 1, 41.0s, DBG: [FIB, 0, TIME, 40] 
Sphere 1, 41.0s, DBG: [FIB, 1, FRED, -4.257451, 0.808796, -3.933480, -0.331268, -0.697939, 0.024873, -28.703724, 0.426695, 0.129290, 0.023787, -0.001699, -0.238955] 
Sphere 1, 41.0s, DBG: [FIB, 2, GEORGE, -3.931318, -0.867550, 4.006836, -0.074801, 0.139256, -0.007080, -28.421661, 0.589065, 0.385209, -0.052873, 0.013184, 0.226325] 
Sphere 2, 42.0s, DBG: FACING 
Sphere 2, 42.0s, DBG: TIME : 42 
Sphere 1, 42.0s, DBG: [FIB, 0, TIME, 41] 
Sphere 1, 42.0s, DBG: [FIB, 1, FRED, -3.997220, 0.854910, -3.967567, -0.294305, -0.617307, 0.024931, -28.795546, 0.344131, 0.388271, -0.110022, 0.009629, -0.230571] 
Sphere 1, 42.0s, DBG: [FIB, 2, GEORGE, -3.880474, -0.883572, 4.001068, -0.044649, 0.112888, -0.004151, -28.566046, 0.512432, 0.285235, -0.068255, 0.016114, 0.277413] 
Sphere 2, 43.0s, DBG: FACING 
Sphere 2, 43.0s, DBG: TIME : 43 
Sphere 1, 43.0s, DBG: [FIB, 0, TIME, 42] 
Sphere 1, 43.0s, DBG: [FIB, 1, FRED, -3.799254, 0.904757, -3.996889, -0.251883, -0.572558, 0.022651, -28.856709, 0.276494, 0.480014, 0.053523, -0.015859, -0.339568] 
Sphere 1, 43.0s, DBG: [FIB, 2, GEORGE, -3.822367, -0.894040, 4.024140, -0.033052, 0.083224, -0.008057, -28.687538, 0.436015, 0.219645, -0.038453, -0.000732, 0.345531] 
Sphere 2, 44.0s, DBG: FACING 
Sphere 2, 44.0s, DBG: TIME : 44 
Sphere 1, 44.0s, DBG: [FIB, 0, TIME, 43] 
Sphere 1, 44.0s, DBG: [FIB, 1, FRED, -3.508677, 0.941131, -4.015978, -0.247323, -0.487697, 0.018168, -28.928135, 0.202299, 0.260883, -0.020816, -0.035683, -0.431796] 
Sphere 1, 44.0s, DBG: [FIB, 2, GEORGE, -3.766076, -0.893399, 4.025102, -0.030152, 0.036256, -0.006592, -28.781380, 0.361689, 0.272489, -0.052873, -0.017762, 0.430677] 
Sphere 2, 45.0s, DBG: FACING 
Sphere 2, 45.0s, DBG: TIME : 45 
Sphere 1, 45.0s, DBG: [FIB, 0, TIME, 44] 
Sphere 1, 45.0s, DBG: [FIB, 1, FRED, -3.303646, 0.976364, -4.030396, -0.213667, -0.430251, 0.015395, -28.996414, 0.047165, 0.006076, 0.083258, -0.027187, -0.507257] 
Sphere 1, 45.0s, DBG: [FIB, 2, GEORGE, -3.724311, -0.904294, 4.024140, -0.023774, 0.055208, -0.005127, -28.916143, 0.219046, 0.250180, -0.038453, -0.020508, 0.532304] 
Sphere 2, 46.0s, DBG: FACING 
Sphere 2, 46.0s, DBG: TIME : 46 
Sphere 1, 46.0s, DBG: [FIB, 0, TIME, 45] 
Sphere 1, 46.0s, DBG: [FIB, 1, FRED, -3.061550, 1.009661, -4.042123, -0.200503, -0.384293, 0.013194, -28.978844, -0.110030, 0.138585, 0.023787, -0.018691, -0.482102] 
Sphere 1, 46.0s, DBG: [FIB, 2, GEORGE, -3.644413, -0.910062, 4.035676, -0.028413, 0.042024, -0.006104, -28.980782, 0.085111, 0.267780, -0.052873, -0.012085, 0.549333] 
Sphere 2, 47.0s, DBG: FACING 
Sphere 2, 47.0s, DBG: TIME : 47 
Sphere 1, 47.0s, DBG: [FIB, 0, TIME, 46] 
Sphere 1, 47.0s, DBG: [FIB, 1, FRED, -2.902436, 1.039179, -4.082212, -0.165935, -0.337909, 0.018145, -28.930914, -0.206527, -0.057661, 0.038655, -0.030019, -0.490487] 
Sphere 1, 47.0s, DBG: [FIB, 2, GEORGE, -3.582675, -0.918393, 4.052019, -0.028413, 0.045320, -0.006104, -28.991657, -0.021796, 0.288279, 0.005768, -0.026185, 0.515275] 
Sphere 2, 48.0s, DBG: FACING 
Sphere 2, 48.0s, DBG: TIME : 48 
Sphere 1, 48.0s, DBG: [FIB, 0, TIME, 47] 
Sphere 1, 48.0s, DBG: [FIB, 1, FRED, -2.766441, 1.060777, -4.093865, -0.138995, -0.280018, 0.012436, -28.767771, -0.374463, 0.250581, 0.008920, -0.021523, -0.473718] 
Sphere 1, 48.0s, DBG: [FIB, 2, GEORGE, -3.624439, -0.919248, 4.027986, -0.009278, 0.023896, -0.000488, -28.955076, -0.159206, 0.207392, 0.005768, -0.029115, 0.524064] 
Sphere 1, 49.0s, GT: Score item picked up 
Sphere 1, 49.0s, GT: score: 1.500000, energy: 1.370303, memorySize: 2 
Sphere 2, 49.0s, DBG: FACING 
Sphere 2, 49.0s, DBG: TIME : 49 
Sphere 1, 49.0s, DBG: [FIB, 0, TIME, 48] 
Sphere 1, 49.0s, DBG: [FIB, 1, FRED, -2.624385, 1.080548, -4.095617, -0.123630, -0.238515, 0.006873, -28.683376, -0.441013, 0.134314, -0.005948, -0.024355, -0.398259] 
Sphere 1, 49.0s, DBG: [FIB, 2, GEORGE, -3.562700, -0.918180, 4.068361, -0.022034, 0.009888, -0.008057, -28.870338, -0.280730, 0.118566, -0.052873, -0.046144, 0.490005] 
Sphere 2, 50.0s, DBG: FACING 
Sphere 2, 50.0s, DBG: TIME : 50 
Sphere 1, 50.0s, DBG: [FIB, 0, TIME, 49] 
Sphere 1, 50.0s, DBG: [FIB, 1, FRED, -2.515960, 1.097192, -4.114242, -0.103130, -0.200693, 0.009110, -28.550787, -0.525445, -0.103504, -0.020816, -0.018691, -0.406643] 
Sphere 1, 50.0s, DBG: [FIB, 2, GEORGE, -3.553621, -0.919034, 4.063555, -0.010437, 0.009064, -0.003418, -28.697014, -0.430316, 0.155492, -0.112476, -0.026185, 0.472976] 
Sphere 2, 51.0s, DBG: FACING 
Sphere 2, 51.0s, DBG: TIME : 51 
Sphere 1, 51.0s, DBG: [FIB, 0, TIME, 50] 
Sphere 1, 51.0s, DBG: [FIB, 1, FRED, -2.425940, 1.114166, -4.147253, -0.084396, -0.178961, 0.012325, -28.294445, -0.652444, -0.360482, -0.020816, -0.032851, -0.406643] 
Sphere 1, 51.0s, DBG: [FIB, 2, GEORGE, -3.535463, -0.923093, 4.059710, -0.013916, 0.019776, -0.001465, -28.450428, -0.580374, -0.121626, -0.112476, -0.029115, 0.498245] 
Sphere 2, 52.0s, DBG: FACING 
Sphere 2, 52.0s, DBG: TIME : 52 
Sphere 1, 52.0s, DBG: [FIB, 0, TIME, 51] 
Sphere 1, 52.0s, DBG: [FIB, 1, FRED, -2.352137, 1.132839, -4.103473, -0.037798, -0.178347, -0.057023, -28.108431, -0.733076, -0.374798, 0.172466, -0.032851, -0.406643] 
Sphere 1, 52.0s, DBG: [FIB, 2, GEORGE, -3.528199, -0.921812, 4.057787, -0.009278, 0.003296, -0.000732, -28.355587, -0.625050, -0.291197, -0.142277, -0.026185, 0.430677] 
Sphere 2, 53.0s, DBG: FACING 
Sphere 2, 53.0s, DBG: TIME : 53 
Sphere 1, 53.0s, DBG: [FIB, 0, TIME, 52] 
Sphere 1, 53.0s, DBG: [FIB, 1, FRED, -2.365026, 1.136813, -4.068129, -0.014360, -0.092496, -0.032632, -28.003126, -0.777838, -0.240591, 0.053523, -0.032851, -0.398259] 
Sphere 1, 53.0s, DBG: [FIB, 2, GEORGE, -3.519120, -0.922880, 4.069323, -0.010437, 0.007416, -0.002686, -28.063890, -0.752361, -0.305059, -0.068255, -0.003662, 0.430677] 
Sphere 2, 54.0s, DBG: FACING 
Sphere 2, 54.0s, DBG: TIME : 54 
Sphere 1, 54.0s, DBG: [FIB, 0, TIME, 53] 
Sphere 1, 54.0s, DBG: [FIB, 1, FRED, -2.266996, 1.146923, -4.052204, -0.030704, -0.074136, -0.017631, -27.699728, -0.883115, -0.412915, 0.053523, -0.013027, -0.364720] 
Sphere 1, 54.0s, DBG: [FIB, 2, GEORGE, -3.453749, -0.925230, 4.085666, -0.016236, 0.009888, -0.004639, -27.816284, -0.845350, -0.293115, -0.023072, -0.000732, 0.438917] 
Sphere 2, 55.0s, DBG: FACING 
Sphere 2, 55.0s, DBG: TIME : 55 
Sphere 1, 55.0s, DBG: [FIB, 0, TIME, 54] 
Sphere 1, 55.0s, DBG: [FIB, 1, FRED, -2.236148, 1.156205, -4.039686, -0.020718, -0.063065, -0.010340, -27.489695, -0.948271, -0.509164, -0.050551, 0.001133, -0.264108] 
Sphere 1, 55.0s, DBG: [FIB, 2, GEORGE, -3.428327, -0.927793, 4.117389, -0.015076, 0.011536, -0.010010, -27.632645, -0.909874, -0.116908, -0.098056, 0.018860, 0.303232] 
Sphere 2, 56.0s, DBG: FACING 
Sphere 2, 56.0s, DBG: TIME : 56 
Sphere 1, 56.0s, DBG: [FIB, 0, TIME, 55] 
Sphere 1, 56.0s, DBG: [FIB, 1, FRED, -2.278091, 1.157462, -4.016859, 0.000975, -0.033361, -0.011001, -27.435547, -0.969767, -0.287473, 0.068390, 0.018125, -0.247340] 
Sphere 1, 56.0s, DBG: [FIB, 2, GEORGE, -3.421064, -0.924802, 4.131809, -0.009857, 0.000000, -0.009522, -27.450670, -0.966617, -0.149509, 0.020188, 0.038636, 0.311472] 
Sphere 2, 57.0s, DBG: FACING 
Sphere 2, 57.0s, DBG: TIME : 57 
Sphere 1, 57.0s, DBG: [FIB, 0, TIME, 56] 
Sphere 1, 57.0s, DBG: [FIB, 1, FRED, -2.260190, 1.166044, -3.992640, -0.006019, -0.044908, -0.010894, -27.400391, -0.982378, -0.088179, -0.050551, 0.035116, -0.188649] 
Sphere 1, 57.0s, DBG: [FIB, 2, GEORGE, -3.395642, -0.928007, 4.127964, -0.013916, 0.016480, -0.004883, -27.147865, -1.054619, 0.103540, -0.082675, 0.030213, 0.252144] 
Sphere 2, 58.0s, DBG: FACING 
Sphere 2, 58.0s, DBG: TIME : 58 
Sphere 1, 58.0s, DBG: [FIB, 0, TIME, 57] 
Sphere 1, 58.0s, DBG: [FIB, 1, FRED, -2.209733, 1.171786, -4.003552, -0.015247, -0.040294, -0.003717, -27.236012, -1.030266, 0.052125, 0.068390, 0.040781, -0.238955] 
Sphere 1, 58.0s, DBG: [FIB, 2, GEORGE, -3.422880, -0.923948, 4.115467, -0.001740, -0.006592, -0.001465, -27.111694, -1.063817, 0.159829, -0.082675, 0.055666, 0.166997] 
Sphere 2, 59.0s, DBG: FACING 
Sphere 2, 59.0s, DBG: TIME : 59 
Sphere 1, 59.0s, DBG: [FIB, 0, TIME, 58] 
Sphere 1, 59.0s, DBG: [FIB, 1, FRED, -2.217846, 1.170702, -3.984404, -0.005336, -0.014987, -0.006804, -27.131702, -1.059368, -0.019370, 0.038655, 0.040781, -0.188649] 
Sphere 1, 59.0s, DBG: [FIB, 2, GEORGE, -3.424696, -0.927793, 4.131809, 0.001160, 0.009888, -0.004151, -26.923773, -1.110842, 0.383571, -0.052873, 0.047243, 0.141728] 
Sphere 2, 60.0s, GT: [60] attempting to take picture... 
Sphere 2, 60.0s, GT: Not a good shot: opponent in dark zone | 
Sphere 2, 60.0s, GT: [60] camera OFF | 
Sphere 2, 60.0s, DBG: FACING 
Sphere 2, 60.0s, DBG: TIME : 60 
Sphere 1, 60.0s, DBG: [FIB, 0, TIME, 59] 
Sphere 1, 60.0s, DBG: [FIB, 1, FRED, -2.199314, 1.169532, -3.977531, -0.009135, -0.007426, -0.006328, -26.880987, -1.124227, 0.249361, 0.083258, 0.043612, -0.163496] 
Sphere 1, 60.0s, DBG: [FIB, 2, GEORGE, -3.439222, -0.928648, 4.136616, 0.002319, 0.004944, -0.004395, -26.895823, -1.114102, 0.556803, -0.098056, 0.041566, 0.107669] 
Sphere 2, 61.0s, DBG: FACING 
Sphere 2, 61.0s, DBG: TIME : 61 
Sphere 1, 61.0s, DBG: [FIB, 0, TIME, 60] 
Sphere 1, 61.0s, DBG: [FIB, 1, FRED, -2.199733, 1.173752, -3.976212, -0.005860, -0.013753, -0.005052, -26.668858, -1.173090, 0.486859, 0.068390, 0.046444, -0.188649] 
Sphere 1, 61.0s, DBG: [FIB, 2, GEORGE, -3.444670, -0.929289, 4.138539, 0.001160, 0.000824, -0.003906, -26.851173, -1.125540, 0.562384, -0.052873, 0.035890, 0.048341] 
Sphere 2, 62.0s, DBG: FACING 
Sphere 2, 62.0s, DBG: TIME : 62 
Sphere 1, 62.0s, DBG: [FIB, 0, TIME, 61] 
Sphere 1, 62.0s, DBG: [FIB, 1, FRED, -2.185643, 1.172531, -3.947477, -0.004911, 0.000724, -0.009747, -26.537027, -1.200156, 0.663645, 0.083258, 0.040781, -0.062882] 
Sphere 1, 62.0s, DBG: [FIB, 2, GEORGE, -3.461013, -0.927366, 4.132771, 0.005799, -0.003296, -0.001953, -26.799767, -1.134339, 0.710945, -0.127857, 0.058596, 0.073611] 
Sphere 2, 63.0s, DBG: FACING 
Sphere 2, 63.0s, DBG: TIME : 63 
Sphere 1, 63.0s, DBG: [FIB, 0, TIME, 62] 
Sphere 1, 63.0s, DBG: [FIB, 1, FRED, -2.205187, 1.174144, -3.880975, 0.044742, 0.001988, -0.079878, -26.439837, -1.221727, 0.702839, 0.053523, 0.032284, -0.079651] 
Sphere 1, 63.0s, DBG: [FIB, 2, GEORGE, -3.433775, -0.927152, 4.139500, -0.006958, 0.000000, -0.002930, -26.774149, -1.142605, 0.645679, -0.127857, 0.035890, 0.039552] 
Sphere 2, 64.0s, GT: [64] camera ON | 
Sphere 2, 64.0s, GT: [64] attempting to take picture... 
Sphere 2, 64.0s, GT: Not a good shot: too close to the other satellite | 
Sphere 2, 64.0s, GT: [64] camera OFF | 
Sphere 2, 64.0s, DBG: FACING 
Sphere 2, 64.0s, DBG: TIME : 64 
Sphere 1, 64.0s, DBG: [FIB, 0, TIME, 63] 
Sphere 1, 64.0s, DBG: [FIB, 1, FRED, -2.272850, 1.178405, -3.699800, 0.096010, -0.004230, -0.157386, -26.425982, -1.214145, 0.993981, 0.023787, 0.029452, -0.037730] 
Sphere 1, 64.0s, DBG: [FIB, 2, GEORGE, -3.435591, -0.930143, 4.144307, -0.004059, 0.008240, -0.003418, -26.738247, -1.146693, 0.792618, -0.023072, 0.027467, 0.039552] 
Sphere 2, 65.0s, DBG: FACING 
Sphere 2, 65.0s, DBG: TIME : 65 
Sphere 1, 65.0s, DBG: [FIB, 0, TIME, 64] 
Sphere 1, 65.0s, DBG: [FIB, 1, FRED, -2.400158, 1.176080, -3.495180, 0.153743, 0.017996, -0.222211, -26.393711, -1.209012, 1.250613, 0.023787, 0.063436, 0.029346] 
Sphere 1, 65.0s, DBG: [FIB, 2, GEORGE, -3.379299, -0.920316, 4.095279, -0.099734, -0.204352, 0.065920, -26.660378, -1.154840, 1.056075, -0.052873, 0.038636, 0.039552] 
Sphere 2, 66.0s, DBG: FACING 
Sphere 2, 66.0s, DBG: TIME : 66 
Sphere 1, 66.0s, DBG: [FIB, 0, TIME, 65] 
Sphere 1, 66.0s, DBG: [FIB, 1, FRED, -2.540292, 1.173870, -3.203626, 0.198671, 0.031808, -0.290128, -26.229523, -1.227510, 1.566534, -0.035683, 0.088923, 0.012577] 
Sphere 1, 66.0s, DBG: [FIB, 2, GEORGE, -3.254005, -0.895749, 3.968383, -0.189611, -0.416944, 0.134281, -26.551966, -1.180642, 1.063017, -0.082675, 0.069948, 0.056581] 
Sphere 2, 67.0s, DBG: FACING 
Sphere 2, 67.0s, DBG: TIME : 67 
Sphere 1, 67.0s, DBG: [FIB, 0, TIME, 66] 
Sphere 1, 67.0s, DBG: [FIB, 1, FRED, -2.720145, 1.175882, -2.874307, 0.225612, 0.023354, -0.318530, -26.255007, -1.203043, 1.817124, -0.005948, 0.117243, 0.037730] 
Sphere 1, 67.0s, DBG: [FIB, 2, GEORGE, -3.186819, -0.876095, 3.892437, -0.101474, -0.245552, 0.076174, -26.548496, -1.179473, 1.108393, -0.098056, 0.084048, 0.056581] 
Sphere 2, 68.0s, GT: [68] camera ON | 
Sphere 2, 68.0s, DBG: FACING 
Sphere 2, 68.0s, DBG: TIME : 68 
Sphere 1, 68.0s, DBG: [FIB, 0, TIME, 67] 
Sphere 1, 68.0s, DBG: [FIB, 1, FRED, -2.873637, 1.172525, -2.530431, 0.225195, 0.033637, -0.324639, -26.181187, -1.177219, 2.287800, 0.053523, 0.159723, -0.046114] 
Sphere 1, 68.0s, DBG: [FIB, 2, GEORGE, -3.137791, -0.863704, 3.823221, -0.053926, -0.147496, 0.048097, -26.278730, -1.217852, 1.539306, -0.052873, 0.143559, 0.124699] 
Sphere 2, 69.0s, DBG: FACING 
Sphere 2, 69.0s, DBG: TIME : 69 
Sphere 1, 69.0s, DBG: [FIB, 0, TIME, 68] 
Sphere 1, 69.0s, DBG: [FIB, 1, FRED, -3.068154, 1.171223, -2.207969, 0.229712, 0.033201, -0.314482, -25.942583, -1.152122, 2.971699, -0.005948, 0.199370, -0.104805] 
Sphere 1, 69.0s, DBG: [FIB, 2, GEORGE, -3.019761, -0.869900, 3.814569, -0.090457, 0.093936, 0.015137, -26.283976, -1.155901, 2.253755, 0.005768, 0.217170, 0.090640] 
Sphere 2, 70.0s, DBG: FACING 
Sphere 2, 70.0s, DBG: TIME : 70 
Sphere 1, 70.0s, DBG: [FIB, 0, TIME, 69] 
Sphere 1, 70.0s, DBG: [FIB, 1, FRED, -3.203317, 1.170577, -1.885541, 0.207078, 0.030588, -0.299326, -25.472286, -1.223449, 3.241643, -0.035683, 0.230522, -0.113189] 
Sphere 1, 70.0s, DBG: [FIB, 2, GEORGE, -2.941679, -0.876522, 3.801111, -0.093936, 0.198584, 0.000000, -25.796225, -1.190552, 2.939414, -0.052873, 0.271004, 0.107669] 
Sphere 2, 71.0s, DBG: FACING 
Sphere 2, 71.0s, DBG: TIME : 71 
Sphere 1, 71.0s, DBG: [FIB, 0, TIME, 70] 
Sphere 1, 71.0s, DBG: [FIB, 1, FRED, -3.400323, 1.164514, -1.562127, 0.211547, 0.047168, -0.283819, -25.189581, -1.162086, 4.016861, -0.020816, 0.281497, -0.029346] 
Sphere 1, 71.0s, DBG: [FIB, 2, GEORGE, -2.843623, -0.891690, 3.785730, -0.097995, 0.267800, -0.006104, -25.318239, -1.152367, 3.903329, -0.008652, 0.316233, 0.090640] 
Sphere 1, 72.0s, GT: [72] attempting to take picture... 
Sphere 1, 72.0s, GT: [72] took picture (round 1) valued 2.92 points | 
Sphere 1, 72.0s, GT: [72] camera OFF | 
Sphere 2, 72.0s, DBG: FACING 
Sphere 2, 72.0s, DBG: FACING 
Sphere 2, 72.0s, DBG: TIME : 72 
Sphere 1, 72.0s, DBG: [FIB, 0, TIME, 71] 
Sphere 1, 72.0s, DBG: [FIB, 1, FRED, -3.554960, 1.166842, -1.261361, 0.196883, 0.025902, -0.263710, -24.269045, -1.166428, 5.009416, -0.005948, 0.355128, -0.037730] 
Sphere 1, 72.0s, DBG: [FIB, 2, GEORGE, -2.796411, -0.908139, 3.787652, -0.081759, 0.295816, -0.013428, -24.775936, -1.111315, 4.736093, 0.035569, 0.321909, 0.014283] 
Sphere 2, 73.0s, GT: [73] attempting to take picture... 
Sphere 2, 73.0s, GT: Not a good shot: my mirror's in the way | 
Sphere 2, 73.0s, GT: [73] camera OFF | 
Sphere 2, 73.0s, DBG: FACING 
Sphere 2, 73.0s, DBG: FACING 
Sphere 2, 73.0s, DBG: TIME : 73 
Sphere 1, 73.0s, DBG: [FIB, 0, TIME, 72] 
Sphere 1, 73.0s, DBG: [FIB, 1, FRED, -3.757839, 1.165018, -0.987821, 0.195186, 0.029662, -0.240234, -23.201633, -1.118561, 6.109859, 0.008920, 0.355128, 0.129959] 
Sphere 1, 73.0s, DBG: [FIB, 2, GEORGE, -2.758278, -0.925230, 3.791497, -0.071322, 0.302408, -0.015870, -23.811749, -1.057646, 5.834280, -0.023072, 0.344615, -0.028016] 
Sphere 2, 74.0s, DBG: FACING 
Sphere 2, 74.0s, DBG: FACING 
Sphere 2, 74.0s, DBG: TIME : 74 
Sphere 1, 74.0s, DBG: [FIB, 0, TIME, 73] 
Sphere 1, 74.0s, DBG: [FIB, 1, FRED, -3.947558, 1.163814, -0.746334, 0.183854, 0.027588, -0.215475, -22.289259, -1.049340, 6.963384, 0.068390, 0.338136, 0.180264] 
Sphere 1, 74.0s, DBG: [FIB, 2, GEORGE, -2.665670, -0.947233, 3.802072, -0.081179, 0.313120, -0.018555, -22.612955, -0.981809, 6.937474, -0.008652, 0.324656, -0.138432] 
Sphere 2, 75.0s, DBG: FACING 
Sphere 2, 75.0s, DBG: FACING 
Sphere 2, 75.0s, DBG: TIME : 75 
Sphere 1, 75.0s, DBG: [FIB, 0, TIME, 74] 
Sphere 1, 75.0s, DBG: [FIB, 1, FRED, -4.088973, 1.164484, -0.499190, 0.160536, 0.019782, -0.198701, -21.280645, -0.941128, 7.833531, -0.095154, 0.301321, 0.222187] 
Sphere 1, 75.0s, DBG: [FIB, 2, GEORGE, -2.587588, -0.966674, 3.798227, -0.073641, 0.297464, -0.015625, -21.657198, -0.889755, 7.736773, 0.020188, 0.299203, -0.180731] 
Sphere 1, 76.0s, GT: [76] camera ON | 
Sphere 1, 76.0s, GT: Not a good shot: Opposing mirror active -2.546524| 
Sphere 2, 76.0s, DBG: FACING 
Sphere 2, 76.0s, DBG: FACING 
Sphere 2, 76.0s, DBG: TIME : 76 
Sphere 1, 76.0s, DBG: [FIB, 0, TIME, 75] 
Sphere 1, 76.0s, DBG: [FIB, 1, FRED, -4.229493, 1.162451, -0.267325, 0.143506, 0.023262, -0.181007, -20.186565, -0.787005, 8.688061, 0.053523, 0.261673, 0.255724] 
Sphere 1, 76.0s, DBG: [FIB, 2, GEORGE, -2.536744, -0.986755, 3.820338, -0.062624, 0.280160, -0.019776, -20.854090, -0.791807, 8.356318, -0.008652, 0.245369, -0.206000] 
Sphere 1, 77.0s, GT: Not a good shot: Opposing mirror active -2.499133| 
Sphere 2, 77.0s, GT: [77] camera ON | 
Sphere 2, 77.0s, GT: [77] attempting to take picture... 
Sphere 2, 77.0s, GT: Not a good shot: my mirror's in the way | 
Sphere 2, 77.0s, GT: [77] camera OFF | 
Sphere 2, 77.0s, DBG: FACING 
Sphere 2, 77.0s, DBG: FACING 
Sphere 2, 77.0s, DBG: TIME : 77 
Sphere 1, 77.0s, DBG: [FIB, 0, TIME, 76] 
Sphere 1, 77.0s, DBG: [FIB, 1, FRED, -4.321455, 1.159848, -0.090098, 0.121145, 0.031332, -0.154878, -19.357370, -0.626422, 9.291586, 0.023787, 0.210698, 0.280878] 
Sphere 1, 77.0s, DBG: [FIB, 2, GEORGE, -2.455031, -1.006409, 3.855907, -0.066103, 0.266976, -0.024659, -20.026642, -0.720619, 8.868198, 0.020188, 0.219916, -0.231819] 
Sphere 1, 78.0s, GT: Not a good shot: Opposing mirror active -2.462258| 
Sphere 2, 78.0s, DBG: FACING 
Sphere 2, 78.0s, DBG: FACING 
Sphere 2, 78.0s, DBG: TIME : 78 
Sphere 1, 78.0s, DBG: [FIB, 0, TIME, 77] 
Sphere 1, 78.0s, DBG: [FIB, 1, FRED, -4.431298, 1.158415, 0.071812, 0.111687, 0.028110, -0.135005, -18.641880, -0.516537, 9.703369, -0.124889, 0.168219, 0.255724] 
Sphere 1, 78.0s, DBG: [FIB, 2, GEORGE, -2.413266, -1.023072, 3.889554, -0.053346, 0.244728, -0.024659, -19.424147, -0.591092, 9.305546, -0.008652, 0.205817, -0.282907] 
Sphere 1, 79.0s, GT: Not a good shot: Opposing mirror active -2.432099| 
Sphere 2, 79.0s, DBG: FACING 
Sphere 2, 79.0s, DBG: FACING 
Sphere 2, 79.0s, DBG: TIME : 79 
Sphere 1, 79.0s, DBG: [FIB, 0, TIME, 78] 
Sphere 1, 79.0s, DBG: [FIB, 1, FRED, -4.550757, 1.154702, 0.221720, 0.105106, 0.033620, -0.118643, -18.282551, -0.415764, 9.929038, 0.023787, 0.125739, 0.272494] 
Sphere 1, 79.0s, DBG: [FIB, 2, GEORGE, -2.371502, -1.039308, 3.909742, -0.041169, 0.233192, -0.021973, -18.915363, -0.494269, 9.617095, 0.079791, 0.169012, -0.282907] 
Sphere 1, 80.0s, GT: Not a good shot: Opposing mirror active -2.411837| 
Sphere 2, 80.0s, DBG: FACING 
Sphere 2, 80.0s, DBG: FACING 
Sphere 2, 80.0s, DBG: TIME : 80 
Sphere 1, 80.0s, DBG: [FIB, 0, TIME, 79] 
Sphere 1, 80.0s, DBG: [FIB, 1, FRED, -4.654628, 1.148309, 0.352313, 0.094557, 0.041219, -0.104011, -17.791559, -0.361068, 10.146078, -0.050551, 0.103084, 0.247340] 
Sphere 1, 80.0s, DBG: [FIB, 2, GEORGE, -2.364239, -1.055544, 3.927046, -0.028993, 0.220008, -0.019532, -18.020735, -0.414110, 10.024744, 0.020188, 0.146306, -0.299387] 
Sphere 1, 81.0s, GT: Not a good shot: Opposing mirror active -2.396707| 
Sphere 2, 81.0s, GT: [81] camera ON | 
Sphere 2, 81.0s, GT: [81] attempting to take picture... 
Sphere 2, 81.0s, GT: Not a good shot: my mirror's in the way | 
Sphere 2, 81.0s, GT: [81] camera OFF | 
Sphere 2, 81.0s, GT: Score item picked up 
Sphere 2, 81.0s, GT: score: 1.550000, energy: 4.000000, memorySize: 2 
Sphere 2, 81.0s, DBG: FACING 
Sphere 2, 81.0s, DBG: FACING 
Sphere 2, 81.0s, DBG: TIME : 81 
Sphere 1, 81.0s, DBG: [FIB, 0, TIME, 80] 
Sphere 1, 81.0s, DBG: [FIB, 1, FRED, -4.734262, 1.145938, 0.456989, 0.079064, 0.033522, -0.087960, -17.532976, -0.290813, 10.278058, 0.008920, 0.080428, 0.205419] 
Sphere 1, 81.0s, DBG: [FIB, 2, GEORGE, -2.324290, -1.075625, 3.948195, -0.036531, 0.217536, -0.020264, -17.617903, -0.333562, 10.223780, -0.008652, 0.123600, -0.274117] 
Sphere 1, 82.0s, GT: Not a good shot: Opposing mirror active -2.386988| 
Sphere 1, 82.0s, GT: Score item picked up 
Sphere 1, 82.0s, GT: score: 3.110000, energy: 4.900000, memorySize: 2 
Sphere 2, 82.0s, DBG: FACING 
Sphere 2, 82.0s, DBG: FACING 
Sphere 2, 82.0s, DBG: TIME : 82 
Sphere 1, 82.0s, DBG: [FIB, 0, TIME, 81] 
Sphere 1, 82.0s, DBG: [FIB, 1, FRED, -4.754889, 1.144104, 0.562930, 0.054593, 0.031388, -0.077454, -17.389692, -0.201649, 10.366702, 0.008920, 0.071932, 0.146728] 
Sphere 1, 82.0s, DBG: [FIB, 2, GEORGE, -2.260735, -1.089084, 3.974151, -0.040590, 0.185400, -0.018799, -17.608980, -0.249092, 10.271535, 0.095172, 0.084048, -0.291147] 
Sphere 1, 83.0s, GT: Not a good shot: Opposing mirror active -2.382266| 
Sphere 2, 83.0s, DBG: FACING 
Sphere 2, 83.0s, DBG: FACING 
Sphere 2, 83.0s, DBG: TIME : 83 
Sphere 1, 83.0s, DBG: [FIB, 0, TIME, 82] 
Sphere 1, 83.0s, DBG: [FIB, 1, FRED, -4.801022, 1.139396, 0.632114, 0.049786, 0.035675, -0.062477, -17.115097, -0.177866, 10.466233, 0.023787, 0.046444, 0.188649] 
Sphere 1, 83.0s, DBG: [FIB, 2, GEORGE, -2.229866, -1.099765, 3.975112, -0.030732, 0.156560, -0.014161, -17.273998, -0.173598, 10.414184, 0.005768, 0.084048, -0.231819] 
Sphere 1, 84.0s, GT: Not a good shot: Opposing mirror active -2.390293| 
Sphere 2, 84.0s, DBG: FACING 
Sphere 2, 84.0s, DBG: FACING 
Sphere 2, 84.0s, DBG: TIME : 84 
Sphere 1, 84.0s, DBG: [FIB, 0, TIME, 83] 
Sphere 1, 84.0s, DBG: [FIB, 1, FRED, -4.839615, 1.142615, 0.698389, 0.042921, 0.011896, -0.053587, -16.817541, -0.121900, 10.577615, -0.050551, 0.066268, 0.171880] 
Sphere 1, 84.0s, DBG: [FIB, 2, GEORGE, -2.224418, -1.110660, 3.932813, 0.028413, 0.137608, 0.070315, -17.226122, -0.106843, 10.447236, 0.049989, 0.084048, -0.223029] 
Sphere 1, 85.0s, GT: Not a good shot: Opposing mirror active -2.419646| 
Sphere 2, 85.0s, GT: [85] camera ON | 
Sphere 2, 85.0s, GT: [85] attempting to take picture... 
Sphere 2, 85.0s, GT: Not a good shot: my mirror's in the way | 
Sphere 2, 85.0s, GT: [85] camera OFF | 
Sphere 2, 85.0s, DBG: FACING 
Sphere 2, 85.0s, DBG: FACING 
Sphere 2, 85.0s, DBG: TIME : 85 
Sphere 1, 85.0s, DBG: [FIB, 0, TIME, 84] 
Sphere 1, 85.0s, DBG: [FIB, 1, FRED, -4.683450, 1.142427, 0.783085, -0.194757, 0.008845, -0.054683, -16.957493, -0.025438, 10.545284, 0.053523, 0.035116, 0.180264] 
Sphere 1, 85.0s, DBG: [FIB, 2, GEORGE, -2.320658, -1.120273, 3.812647, 0.103214, 0.113712, 0.150395, -16.745815, -0.000587, 10.613000, -0.008652, 0.064272, -0.223029] 
Sphere 1, 86.0s, GT: Not a good shot: Opposing mirror active -2.479375| 
Sphere 2, 86.0s, DBG: FACING 
Sphere 2, 86.0s, DBG: FACING 
Sphere 2, 86.0s, DBG: TIME : 86 
Sphere 1, 86.0s, DBG: [FIB, 0, TIME, 85] 
Sphere 1, 86.0s, DBG: [FIB, 1, FRED, -4.376266, 1.140970, 0.854784, -0.420036, 0.010208, -0.050155, -16.626492, -0.028176, 10.650545, -0.050551, 0.043612, 0.088037] 
Sphere 1, 86.0s, DBG: [FIB, 2, GEORGE, -2.464110, -1.124119, 3.604038, 0.171056, 0.074160, 0.232917, -16.271053, 0.044911, 10.758371, 0.005768, 0.047243, -0.155461] 
Sphere 1, 87.0s, GT: Not a good shot: Opposing mirror active -2.580323| 
Sphere 2, 87.0s, DBG: FACING 
Sphere 2, 87.0s, DBG: FACING 
Sphere 2, 87.0s, DBG: TIME : 87 
Sphere 1, 87.0s, DBG: [FIB, 0, TIME, 86] 
Sphere 1, 87.0s, DBG: [FIB, 1, FRED, -3.944820, 1.132730, 0.908862, -0.629526, 0.032360, -0.039839, -16.450457, -0.028594, 10.705313, 0.038655, 0.018125, 0.129959] 
Sphere 1, 87.0s, DBG: [FIB, 2, GEORGE, -2.627537, -1.128178, 3.321406, 0.214545, 0.046968, 0.296884, -16.203838, 0.083418, 10.774822, 0.049989, 0.004761, -0.112613] 
Sphere 2, 88.0s, DBG: FACING 
Sphere 2, 88.0s, DBG: FACING 
Sphere 2, 88.0s, DBG: TIME : 88 
Sphere 1, 88.0s, DBG: [FIB, 0, TIME, 87] 
Sphere 1, 88.0s, DBG: [FIB, 1, FRED, -3.377776, 1.133473, 0.950420, -0.751919, 0.008707, -0.030929, -16.300976, 0.042601, 10.750294, 0.008920, -0.013027, 0.104805] 
Sphere 1, 88.0s, DBG: [FIB, 2, GEORGE, -2.814569, -1.128178, 3.022431, 0.233680, 0.022248, 0.320322, -16.437260, 0.121735, 10.696412, 0.020188, -0.020508, -0.095584] 
Sphere 2, 89.0s, GT: [89] camera ON | 
Sphere 2, 89.0s, GT: [89] attempting to take picture... 
Sphere 2, 89.0s, GT: Not a good shot: my mirror's in the way | 
Sphere 2, 89.0s, GT: [89] camera OFF | 
Sphere 2, 89.0s, DBG: FACING 
Sphere 2, 89.0s, DBG: FACING 
Sphere 2, 89.0s, DBG: TIME : 89 
Sphere 1, 89.0s, DBG: [FIB, 0, TIME, 88] 
Sphere 1, 89.0s, DBG: [FIB, 1, FRED, -2.747025, 1.132811, 0.999900, -0.802466, 0.002639, -0.027276, -16.340405, 0.043777, 10.738168, 0.053523, -0.030019, 0.071268] 
Sphere 1, 89.0s, DBG: [FIB, 2, GEORGE, -2.968917, -1.135868, 2.694617, 0.229041, 0.036256, 0.327403, -16.734282, 0.135450, 10.600105, -0.008652, -0.054567, -0.002197] 
Sphere 2, 90.0s, DBG: FACING 
Sphere 2, 90.0s, DBG: TIME : 90 
Sphere 1, 90.0s, DBG: [FIB, 0, TIME, 89] 
Sphere 1, 90.0s, DBG: [FIB, 1, FRED, -2.097207, 1.130170, 1.020414, -0.793087, 0.006878, -0.021287, -19.064989, 0.054779, 9.793015, 0.068390, -0.463309, 0.616254] 
Sphere 1, 90.0s, DBG: [FIB, 2, GEORGE, -3.101474, -1.139287, 2.384106, 0.211066, 0.032136, 0.315195, -17.211840, 0.130348, 10.446346, 0.005768, -0.060244, 0.039552] 
Sphere 2, 91.0s, DBG: FACING 
Sphere 2, 91.0s, DBG: TIME : 91 
Sphere 1, 91.0s, DBG: [FIB, 0, TIME, 90] 
Sphere 1, 91.0s, DBG: [FIB, 1, FRED, -1.506216, 1.128353, 1.042041, -0.768471, 0.009833, -0.019157, -23.709623, 0.073989, 7.478855, 0.083258, -0.907927, 1.119318] 
Sphere 1, 91.0s, DBG: [FIB, 2, GEORGE, -3.261269, -1.139287, 2.070711, 0.208747, 0.014008, 0.302744, -17.370548, 0.146650, 10.389537, -0.038453, -0.051820, 0.031312] 
Sphere 2, 92.0s, DBG: FACING 
Sphere 2, 92.0s, DBG: TIME : 92 
Sphere 1, 92.0s, DBG: [FIB, 0, TIME, 91] 
Sphere 1, 92.0s, DBG: [FIB, 1, FRED, -0.860133, 1.108937, 1.095502, -0.804742, 0.305310, -0.044672, -27.178453, 0.106137, 4.511340, 0.187334, -0.916422, 1.060627] 
Sphere 1, 92.0s, DBG: [FIB, 2, GEORGE, -3.466460, -1.151036, 1.730399, 0.266732, 0.229072, 0.323008, -17.728514, 0.115995, 10.274450, 0.035569, -0.046144, -0.010987] 
Sphere 2, 93.0s, GT: [93] camera ON | 
Sphere 2, 93.0s, GT: [93] attempting to take picture... 
Sphere 2, 93.0s, GT: Not a good shot: my mirror's in the way | 
Sphere 2, 93.0s, GT: [93] camera OFF | 
Sphere 2, 93.0s, DBG: FACING 
Sphere 2, 93.0s, DBG: TIME : 93 
Sphere 1, 93.0s, DBG: [FIB, 0, TIME, 92] 
Sphere 1, 93.0s, DBG: [FIB, 1, FRED, -0.265581, 1.079001, 1.189840, -0.731855, 0.537447, -0.075032, -28.844599, 0.164803, 1.138580, 0.231937, -1.001381, 1.178009] 
Sphere 1, 93.0s, DBG: [FIB, 2, GEORGE, -3.709784, -1.177953, 1.406430, 0.322398, 0.469680, 0.298105, -18.013237, 0.153860, 10.165063, -0.023072, -0.034791, 0.005493] 
Sphere 2, 94.0s, DBG: FACING 
Sphere 2, 94.0s, DBG: TIME : 94 
Sphere 1, 94.0s, DBG: [FIB, 0, TIME, 93] 
Sphere 1, 94.0s, DBG: [FIB, 1, FRED, 0.350105, 1.054194, 1.214346, -0.685893, 0.315346, -0.037239, -28.092560, 0.213710, -3.090838, 0.187334, -1.293073, 1.714610] 
Sphere 1, 94.0s, DBG: [FIB, 2, GEORGE, -3.994873, -1.200384, 1.117069, 0.268471, 0.276864, 0.264412, -18.438320, 0.139271, 10.015009, 0.035569, -0.012085, -0.223029] 
Sphere 2, 95.0s, DBG: FACING 
Sphere 2, 95.0s, DBG: TIME : 95 
Sphere 1, 95.0s, DBG: [FIB, 0, TIME, 94] 
Sphere 1, 95.0s, DBG: [FIB, 1, FRED, 0.919760, 1.016874, 1.278392, -0.605053, 0.585229, -0.071308, -23.757832, 0.271531, -7.361505, 0.365746, -1.338384, 1.764916] 
Sphere 1, 95.0s, DBG: [FIB, 2, GEORGE, -4.290856, -1.229865, 0.832514, 0.347911, 0.504288, 0.237556, -18.711937, 0.158838, 9.907484, 0.035569, 0.001831, -0.350475] 
Sphere 2, 96.0s, DBG: FACING 
Sphere 2, 96.0s, DBG: TIME : 96 
Sphere 1, 96.0s, DBG: [FIB, 0, TIME, 95] 
Sphere 1, 96.0s, DBG: [FIB, 1, FRED, 1.444886, 0.991938, 1.310601, -0.566401, 0.327659, -0.035938, -16.351019, 0.240832, -10.685758, 0.276540, -1.304401, 1.647534] 
Sphere 1, 96.0s, DBG: [FIB, 2, GEORGE, -4.497864, -1.258492, 0.573916, 0.263253, 0.332896, 0.217536, -18.776722, 0.310584, 9.814891, 0.020188, 0.027467, -0.656453] 
Sphere 2, 97.0s, GT: [97] camera ON | 
Sphere 2, 97.0s, DBG: FACING 
Sphere 2, 97.0s, DBG: TIME : 97 
Sphere 1, 97.0s, DBG: [FIB, 0, TIME, 96] 
Sphere 1, 97.0s, DBG: [FIB, 1, FRED, 1.888144, 0.957396, 1.412397, -0.477432, 0.519317, -0.077544, -7.582122, 0.161558, -12.528270, 0.291408, -1.202450, 1.421156] 
Sphere 1, 97.0s, DBG: [FIB, 2, GEORGE, -4.826533, -1.289895, 0.360500, 0.375744, 0.542192, 0.176763, -18.636013, 0.536552, 9.684628, 0.020188, 0.047243, -0.886074] 
Sphere 2, 98.0s, DBG: FACING 
Sphere 2, 98.0s, DBG: TIME : 98 
Sphere 1, 98.0s, DBG: [FIB, 0, TIME, 97] 
Sphere 1, 98.0s, DBG: [FIB, 1, FRED, 2.259046, 0.935124, 1.449845, -0.439659, 0.306131, -0.043883, 0.033501, 0.148443, -12.984067, 0.246805, -1.007045, 1.077395] 
Sphere 1, 98.0s, DBG: [FIB, 2, GEORGE, -5.117069, -1.313608, 0.131703, 0.286447, 0.333720, 0.169927, -19.011099, 0.763819, 9.241001, -0.023072, 0.092471, -1.106906] 
Sphere 2, 99.0s, DBG: FACING 
Sphere 2, 99.0s, DBG: TIME : 99 
Sphere 1, 99.0s, DBG: [FIB, 0, TIME, 98] 
Sphere 1, 99.0s, DBG: [FIB, 1, FRED, 2.698590, 0.920443, 1.507760, -0.421124, 0.138304, -0.025411, 4.902182, 0.095476, -12.806237, 0.187334, -0.704025, 0.616254] 
Sphere 1, 99.0s, DBG: [FIB, 2, GEORGE, -5.347682, -1.326640, -0.063448, 0.200629, 0.142552, 0.152593, -18.407459, 1.124919, 8.782410, -0.008652, 0.120853, -1.370037] 
Sphere 2, 100.0s, DBG: FACING 
Sphere 2, 100.0s, DBG: TIME : 100 
Sphere 1, 100.0s, DBG: [FIB, 0, TIME, 99] 
Sphere 1, 100.0s, DBG: [FIB, 1, FRED, 3.077326, 0.894475, 1.558949, -0.363232, 0.390801, -0.049987, 8.149441, 0.001198, -12.476142, 0.217069, -0.432157, 0.331185] 
Sphere 1, 100.0s, DBG: [FIB, 2, GEORGE, -5.543794, -1.355693, -0.213416, 0.277749, 0.428480, 0.126469, -17.605116, 1.461585, 8.160559, -0.008652, 0.126530, -1.472213] 
Sphere 2, 101.0s, DBG: FACING 
Sphere 2, 101.0s, DBG: TIME : 101 
Sphere 1, 101.0s, DBG: [FIB, 0, TIME, 100] 
Sphere 1, 101.0s, DBG: [FIB, 1, FRED, 3.342115, 0.880006, 1.573304, -0.315482, 0.184106, -0.019458, 9.626298, -0.010554, -12.262816, 0.098126, -0.231088, 0.180264] 
Sphere 1, 101.0s, DBG: [FIB, 2, GEORGE, -5.736275, -1.369793, -0.358577, 0.162358, 0.151616, 0.109867, -16.393753, 1.821286, 7.259313, 0.005768, 0.123600, -1.446394] 
Sphere 2, 102.0s, DBG: FACING 
Sphere 2, 102.0s, DBG: TIME : 102 
Sphere 1, 102.0s, DBG: [FIB, 0, TIME, 101] 
Sphere 1, 102.0s, DBG: [FIB, 1, FRED, 3.602190, 0.877700, 1.572885, -0.272396, -0.004229, 0.004874, 10.048553, -0.072194, -12.190627, 0.038655, -0.027187, -0.079651] 
Sphere 1, 102.0s, DBG: [FIB, 2, GEORGE, -5.872463, -1.371929, -0.497971, 0.080599, -0.028016, 0.095218, -15.244411, 2.050305, 6.583737, -0.023072, 0.129276, -1.242592] 
Sphere 2, 103.0s, DBG: FACING 
Sphere 2, 103.0s, DBG: TIME : 103 
Sphere 1, 103.0s, DBG: [FIB, 0, TIME, 102] 
Sphere 1, 103.0s, DBG: [FIB, 1, FRED, 3.881836, 0.864881, 1.550699, -0.273243, 0.253028, 0.016957, 9.869695, -0.042435, -12.222578, 0.157599, 0.094587, -0.146726] 
Sphere 1, 103.0s, DBG: [FIB, 2, GEORGE, -5.979598, -1.387310, -0.646977, 0.096255, 0.269448, 0.116214, -14.100302, 2.227837, 5.986384, -0.038453, 0.137883, -1.106906] 
Sphere 2, 104.0s, DBG: FACING 
Sphere 2, 104.0s, DBG: TIME : 104 
Sphere 1, 104.0s, DBG: [FIB, 0, TIME, 103] 
Sphere 1, 104.0s, DBG: [FIB, 1, FRED, 4.117613, 0.864423, 1.545074, -0.230830, 0.017282, 0.022581, 8.403536, -0.054984, -12.439941, 0.053523, 0.193706, -0.272492] 
Sphere 1, 104.0s, DBG: [FIB, 2, GEORGE, -6.043153, -1.399060, -0.736381, 0.023774, 0.045320, 0.080813, -12.581280, 2.416493, 5.246037, -0.068255, 0.115177, -1.030549] 
Sphere 2, 105.0s, DBG: FACING 
Sphere 2, 105.0s, DBG: TIME : 105 
Sphere 1, 105.0s, DBG: [FIB, 0, TIME, 104] 
Sphere 1, 105.0s, DBG: [FIB, 1, FRED, 4.342186, 0.846609, 1.535761, -0.211810, 0.271691, 0.016459, 6.328349, -0.032540, -12.685915, 0.023787, 0.258841, -0.205417] 
Sphere 1, 105.0s, DBG: [FIB, 2, GEORGE, -6.181158, -1.417646, -0.845973, 0.078860, 0.285928, 0.083743, -11.159719, 2.561087, 4.558970, -0.023072, 0.075442, -0.877285] 
Sphere 2, 106.0s, DBG: FACING 
Sphere 2, 106.0s, DBG: TIME : 106 
Sphere 1, 106.0s, DBG: [FIB, 0, TIME, 105] 
Sphere 1, 106.0s, DBG: [FIB, 1, FRED, 4.523109, 0.847987, 1.516986, -0.171544, 0.013711, 0.024618, 4.856208, -0.049127, -12.814669, -0.035683, 0.244681, -0.289261] 
Sphere 1, 106.0s, DBG: [FIB, 2, GEORGE, -6.212027, -1.423841, -0.950758, 0.004059, 0.020600, 0.062990, -9.911184, 2.680623, 3.782444, 0.020188, 0.064272, -0.817957] 
Sphere 1, 107.0s, GT: [107] trying to upload... 
Sphere 1, 107.0s, GT: [107] camera OFF | 
Sphere 1, 107.0s, GT: uploaded picture for 2.92 points | 
Sphere 2, 107.0s, DBG: FACING 
Sphere 2, 107.0s, DBG: TIME : 107 
Sphere 1, 107.0s, DBG: [FIB, 0, TIME, 106] 
Sphere 1, 107.0s, DBG: [FIB, 1, FRED, 4.651807, 0.857167, 1.488938, -0.128170, -0.145849, 0.029421, 3.293714, 0.006450, -12.915852, -0.050551, 0.219194, -0.138342] 
Sphere 1, 107.0s, DBG: [FIB, 2, GEORGE, -6.210211, -1.421491, -1.039201, -0.039430, -0.121952, 0.047609, -8.955042, 2.748025, 3.326900, -0.008652, 0.052919, -0.724570] 
Sphere 2, 108.0s, DBG: FACING 
Sphere 2, 108.0s, DBG: TIME : 108 
Sphere 1, 108.0s, DBG: [FIB, 0, TIME, 107] 
Sphere 1, 108.0s, DBG: [FIB, 1, FRED, 4.739225, 0.870442, 1.437716, -0.098910, -0.229922, 0.037000, 2.063162, 0.097957, -12.960112, 0.008920, 0.190874, -0.079651] 
Sphere 1, 108.0s, DBG: [FIB, 2, GEORGE, -6.233817, -1.420423, -1.095920, -0.012177, -0.056032, 0.032472, -8.489101, 2.801664, 2.663780, -0.008652, 0.021790, -0.681722] 
Sphere 2, 109.0s, DBG: FACING 
Sphere 2, 109.0s, DBG: TIME : 109 
Sphere 1, 109.0s, DBG: [FIB, 0, TIME, 108] 
Sphere 1, 109.0s, DBG: [FIB, 1, FRED, 4.847315, 0.874452, 1.321930, -0.116978, -0.030076, 0.105688, 0.610775, 0.186775, -12.971892, -0.020816, 0.168219, -0.037730] 
Sphere 1, 109.0s, DBG: [FIB, 2, GEORGE, -6.282845, -1.417859, -1.150716, 0.006378, -0.031312, 0.025147, -8.097240, 2.839668, 2.094894, -0.038453, 0.021790, -0.605365] 
Sphere 2, 110.0s, DBG: FACING 
Sphere 2, 110.0s, DBG: TIME : 110 
Sphere 1, 110.0s, DBG: [FIB, 0, TIME, 109] 
Sphere 1, 110.0s, DBG: [FIB, 1, FRED, 4.952951, 0.870889, 1.206579, -0.099266, 0.106039, 0.112407, -0.942640, 0.401560, -12.876082, -0.005948, 0.326808, 0.800710] 
Sphere 1, 110.0s, DBG: [FIB, 2, GEORGE, -6.344584, -1.416578, -1.168981, 0.016816, -0.019776, 0.015625, -6.883028, 2.894572, 1.462597, -0.098056, 0.004761, -0.537248] 
Sphere 1, 111.0s, GT: [111] camera ON | 
Sphere 2, 111.0s, DBG: FACING 
Sphere 2, 111.0s, DBG: TIME : 111 
Sphere 1, 111.0s, DBG: [FIB, 0, TIME, 110] 
Sphere 1, 111.0s, DBG: [FIB, 1, FRED, 5.059006, 0.865826, 1.135742, -0.080715, 0.071671, 0.076142, -2.320207, 0.935642, -12.307708, -0.124889, 0.604341, 1.999681] 
Sphere 1, 111.0s, DBG: [FIB, 2, GEORGE, -6.340953, -1.422559, -1.214164, 0.008118, 0.010712, 0.015381, -6.395989, 2.914270, 1.131866, 0.005768, -0.009339, -0.529008] 
Sphere 2, 112.0s, DBG: FACING 
Sphere 2, 112.0s, DBG: TIME : 112 
Sphere 1, 112.0s, DBG: [FIB, 0, TIME, 111] 
Sphere 1, 112.0s, DBG: [FIB, 1, FRED, 5.170667, 0.867329, 1.095846, -0.064303, 0.028014, 0.044300, -4.185236, 1.662130, -10.658482, -0.184363, 0.785586, 2.812966] 
Sphere 1, 112.0s, DBG: [FIB, 2, GEORGE, -6.346400, -1.419782, -1.228584, 0.012177, -0.009064, 0.011475, -5.833305, 2.934067, 0.707048, 0.035569, -0.023438, -0.563066] 
Sphere 2, 113.0s, DBG: FACING 
Sphere 2, 113.0s, DBG: TIME : 113 
Sphere 1, 113.0s, DBG: [FIB, 0, TIME, 112] 
Sphere 1, 113.0s, DBG: [FIB, 1, FRED, 5.231941, 0.871839, 1.079421, -0.043660, -0.004720, 0.023781, -5.942839, 2.298541, -7.917992, -0.258701, 0.782754, 2.796198] 
Sphere 1, 113.0s, DBG: [FIB, 2, GEORGE, -6.411771, -1.421278, -1.267037, 0.018555, 0.004120, 0.014649, -5.553561, 2.944040, 0.178193, -0.038453, -0.031861, -0.554277] 
Sphere 2, 114.0s, DBG: FACING 
Sphere 2, 114.0s, DBG: TIME : 114 
Sphere 1, 114.0s, DBG: [FIB, 0, TIME, 113] 
Sphere 1, 114.0s, DBG: [FIB, 1, FRED, 5.250090, 0.871177, 1.042581, -0.025296, -0.000758, 0.018102, -7.058848, 2.702157, -4.677433, -0.169492, 0.677971, 2.452437] 
Sphere 1, 114.0s, DBG: [FIB, 2, GEORGE, -6.424482, -1.425336, -1.273766, 0.009278, 0.018952, 0.008057, -5.600293, 2.939714, -0.641396, 0.035569, -0.043214, -0.469680] 
Sphere 2, 115.0s, DBG: FACING 
Sphere 2, 115.0s, DBG: TIME : 115 
Sphere 1, 115.0s, DBG: [FIB, 0, TIME, 114] 
Sphere 1, 115.0s, DBG: [FIB, 1, FRED, 5.305369, 0.873584, 1.026662, -0.025077, -0.008694, 0.011403, -7.695038, 2.862775, -1.791122, -0.214098, 0.539205, 1.815223] 
Sphere 1, 115.0s, DBG: [FIB, 2, GEORGE, -6.388165, -1.423841, -1.292032, 0.000580, 0.010712, 0.008301, -4.927324, 2.947742, -0.972170, 0.005768, -0.029115, -0.418592] 
Sphere 2, 116.0s, DBG: FACING 
Sphere 2, 116.0s, DBG: TIME : 116 
Sphere 1, 116.0s, DBG: [FIB, 0, TIME, 115] 
Sphere 1, 116.0s, DBG: [FIB, 1, FRED, 5.343141, 0.875394, 1.003235, -0.023843, -0.010194, 0.010894, -7.886992, 2.886611, -0.183203, -0.065419, 0.343800, 1.194777] 
Sphere 1, 116.0s, DBG: [FIB, 2, GEORGE, -6.428113, -1.424696, -1.295877, 0.012177, 0.012360, 0.004395, -5.159154, 2.930207, -1.548541, 0.065371, -0.031861, -0.308176] 
Sphere 2, 117.0s, DBG: FACING 
Sphere 2, 117.0s, DBG: TIME : 117 
Sphere 1, 117.0s, DBG: [FIB, 0, TIME, 116] 
Sphere 1, 117.0s, DBG: [FIB, 1, FRED, 5.367536, 0.875869, 0.985007, -0.025751, -0.010581, 0.012133, -7.681107, 2.870498, 1.555529, -0.065419, 0.349464, 1.186393] 
Sphere 1, 117.0s, DBG: [FIB, 2, GEORGE, -6.422666, -1.421064, -1.320872, 0.009278, -0.006592, 0.006836, -4.937951, 2.924315, -1.871999, 0.020188, -0.017762, -0.325205] 
Sphere 2, 118.0s, DBG: FACING 
Sphere 2, 118.0s, DBG: TIME : 118 
Sphere 1, 118.0s, DBG: [FIB, 0, TIME, 117] 
Sphere 1, 118.0s, DBG: [FIB, 1, FRED, 5.398833, 0.876247, 0.966665, -0.027522, -0.009718, 0.013118, -7.842911, 2.797336, 3.114717, -0.124889, 0.343800, 1.186393] 
Sphere 1, 118.0s, DBG: [FIB, 2, GEORGE, -6.435377, -1.420850, -1.320872, 0.013337, -0.005768, 0.003418, -4.418667, 2.925927, -2.073541, -0.068255, -0.014832, -0.223029] 
Sphere 2, 119.0s, DBG: FACING 
Sphere 2, 119.0s, DBG: TIME : 119 
Sphere 1, 119.0s, DBG: [FIB, 0, TIME, 118] 
Sphere 1, 119.0s, DBG: [FIB, 1, FRED, 5.426951, 0.874034, 0.958055, -0.029321, 0.000260, 0.012028, -7.689451, 2.679117, 4.726267, -0.228966, 0.340968, 1.194777] 
Sphere 1, 119.0s, DBG: [FIB, 2, GEORGE, -6.462615, -1.423200, -1.333369, 0.013916, 0.003296, 0.004151, -4.169281, 2.921162, -2.292390, -0.038453, -0.031861, -0.214789] 
Sphere 2, 120.0s, DBG: FACING 
Sphere 2, 120.0s, DBG: TIME : 120 
Sphere 1, 120.0s, DBG: [FIB, 0, TIME, 119] 
Sphere 1, 120.0s, DBG: [FIB, 1, FRED, 5.432683, 0.874962, 0.963105, -0.024577, -0.002065, 0.008440, -7.706140, 2.479761, 6.449648, -0.139757, 0.343800, 1.169625] 
Sphere 1, 120.0s, DBG: [FIB, 2, GEORGE, -6.498931, -1.423841, -1.336253, 0.021455, 0.005768, 0.001953, -4.673768, 2.900716, -2.566470, -0.082675, -0.017762, -0.138432] 
Sphere 2, 121.0s, DBG: FACING 
Sphere 2, 121.0s, DBG: TIME : 121 
Sphere 1, 121.0s, DBG: [FIB, 0, TIME, 120] 
Sphere 1, 121.0s, DBG: [FIB, 1, FRED, 5.476345, 0.879914, 0.929623, -0.030520, -0.016548, 0.013279, -6.857389, 2.300749, 7.755728, -0.199230, 0.340968, 1.203162] 
Sphere 1, 121.0s, DBG: [FIB, 2, GEORGE, -6.509827, -1.421278, -1.360286, 0.013337, -0.003296, 0.007813, -4.436346, 2.897215, -2.720556, 0.095172, -0.017762, -0.087344] 
Sphere 2, 122.0s, DBG: FACING 
Sphere 2, 122.0s, DBG: TIME : 122 
Sphere 1, 122.0s, DBG: [FIB, 0, TIME, 121] 
Sphere 1, 122.0s, DBG: [FIB, 1, FRED, 5.531466, 0.882760, 0.909975, -0.037381, -0.020995, 0.014227, -5.573040, 2.060874, 9.110746, -0.258701, 0.343800, 1.203162] 
Sphere 1, 122.0s, DBG: [FIB, 2, GEORGE, -6.542512, -1.422987, -1.382397, 0.015076, 0.004944, 0.008789, -4.598340, 2.888336, -2.842453, -0.023072, -0.012085, -0.070315] 
Sphere 2, 123.0s, DBG: FACING 
Sphere 2, 123.0s, DBG: TIME : 123 
Sphere 1, 123.0s, DBG: [FIB, 0, TIME, 122] 
Sphere 1, 123.0s, DBG: [FIB, 1, FRED, 5.590509, 0.883791, 0.908312, -0.044165, -0.018649, 0.011558, -4.800990, 1.728718, 10.404396, -0.228966, 0.335304, 1.219930] 
Sphere 1, 123.0s, DBG: [FIB, 2, GEORGE, -6.575198, -1.423200, -1.357402, 0.012757, 0.007416, 0.000000, -4.869289, 2.881788, -2.874813, 0.005768, -0.023438, -0.044496] 
Sphere 2, 124.0s, DBG: FACING 
Sphere 2, 124.0s, DBG: TIME : 124 
Sphere 1, 124.0s, DBG: [FIB, 0, TIME, 123] 
Sphere 1, 124.0s, DBG: [FIB, 1, FRED, 5.659240, 0.882288, 0.894076, -0.051343, -0.008752, 0.011900, -3.181084, 1.412583, 11.379699, -0.303304, 0.343800, 1.194777] 
Sphere 1, 124.0s, DBG: [FIB, 2, GEORGE, -6.533433, -1.421278, -1.374706, -0.000580, -0.005768, 0.002930, -4.485543, 2.877173, -3.080861, -0.052873, -0.009339, -0.053285] 
Sphere 2, 125.0s, DBG: FACING 
Sphere 2, 125.0s, DBG: TIME : 125 
Sphere 1, 125.0s, DBG: [FIB, 0, TIME, 124] 
Sphere 1, 125.0s, DBG: [FIB, 1, FRED, 5.671905, 0.888918, 0.885814, -0.020199, -0.094733, 0.006101, -3.110928, 1.442061, 11.313980, -0.169492, -0.055506, -0.046114] 
Sphere 1, 125.0s, DBG: [FIB, 2, GEORGE, -6.535249, -1.426405, -1.374706, -0.000000, 0.012360, 0.002197, -4.359950, 2.881453, -3.040829, -0.068255, 0.013184, -0.061525] 
Sphere 2, 126.0s, DBG: FACING 
Sphere 2, 126.0s, DBG: TIME : 126 
Sphere 1, 126.0s, DBG: [FIB, 0, TIME, 125] 
Sphere 1, 126.0s, DBG: [FIB, 1, FRED, 5.690161, 0.899162, 0.876598, 0.002393, -0.168985, 0.001179, -3.950824, 1.747088, 10.418622, -0.199230, -0.449149, -1.295390] 
Sphere 1, 126.0s, DBG: [FIB, 2, GEORGE, -6.560671, -1.423414, -1.382397, 0.005799, -0.004120, 0.002930, -4.339593, 2.876861, -3.128869, -0.068255, 0.007508, -0.053285] 
Sphere 2, 127.0s, DBG: FACING 
Sphere 2, 127.0s, DBG: TIME : 127 
Sphere 1, 127.0s, DBG: [FIB, 0, TIME, 126] 
Sphere 1, 127.0s, DBG: [FIB, 1, FRED, 5.602285, 0.914712, 0.867452, 0.045253, -0.227391, -0.002630, -4.918935, 2.307857, 8.007720, -0.080286, -0.763496, -1.991295] 
Sphere 1, 127.0s, DBG: [FIB, 2, GEORGE, -6.600620, -1.423414, -1.379513, 0.014496, -0.002472, 0.001709, -4.354404, 2.873947, -3.173928, -0.038453, 0.010437, -0.087344] 
Sphere 2, 128.0s, DBG: FACING 
Sphere 2, 128.0s, DBG: TIME : 128 
Sphere 1, 128.0s, DBG: [FIB, 0, TIME, 127] 
Sphere 1, 128.0s, DBG: [FIB, 1, FRED, 5.553104, 0.931719, 0.887718, 0.050847, -0.250981, -0.010212, -5.985862, 2.697007, 5.021268, -0.228966, -0.814472, -2.226058] 
Sphere 1, 128.0s, DBG: [FIB, 2, GEORGE, -6.580645, -1.420637, -1.383358, 0.005799, -0.010712, 0.002197, -4.385407, 2.873527, -3.173035, -0.098056, -0.000732, -0.070315] 
Sphere 2, 129.0s, DBG: FACING 
Sphere 2, 129.0s, DBG: TIME : 129 
Sphere 1, 129.0s, DBG: [FIB, 0, TIME, 128] 
Sphere 1, 129.0s, DBG: [FIB, 1, FRED, 5.540945, 0.943873, 0.883759, 0.042382, -0.238401, -0.008109, -6.386589, 2.896612, 1.803083, -0.258701, -0.755001, -2.008063] 
Sphere 1, 129.0s, DBG: [FIB, 2, GEORGE, -6.571566, -1.421064, -1.365093, 0.002899, 0.000000, -0.001465, -4.127666, 2.877301, -3.177598, -0.023072, -0.012085, -0.061525] 
Sphere 2, 130.0s, DBG: FACING 
Sphere 2, 130.0s, DBG: TIME : 130 
Sphere 1, 130.0s, DBG: [FIB, 0, TIME, 129] 
Sphere 1, 130.0s, DBG: [FIB, 1, FRED, 5.534716, 0.961279, 0.893127, 0.037015, -0.246193, -0.010296, -6.679195, 2.913465, -0.802702, -0.214098, -0.613402, -1.664303] 
Sphere 1, 130.0s, DBG: [FIB, 2, GEORGE, -6.582461, -1.422559, -1.380474, -0.000000, 0.002472, 0.003906, -4.373734, 2.861349, -3.375391, -0.052873, -0.034791, 0.014283] 
Sphere 2, 131.0s, DBG: FACING 
Sphere 2, 131.0s, DBG: TIME : 131 
Sphere 1, 131.0s, DBG: [FIB, 0, TIME, 130] 
Sphere 1, 131.0s, DBG: [FIB, 1, FRED, 5.546619, 0.978284, 0.922366, 0.030568, -0.240396, -0.014470, -6.713913, 2.843895, -2.841139, -0.154625, -0.437821, -1.219930] 
Sphere 1, 131.0s, DBG: [FIB, 2, GEORGE, -6.589725, -1.419996, -1.400662, 0.002319, -0.004120, 0.005860, -4.758633, 2.850011, -3.451053, -0.052873, -0.031861, 0.090640] 
Sphere 2, 132.0s, DBG: FACING 
Sphere 2, 132.0s, DBG: TIME : 132 
Sphere 1, 132.0s, DBG: [FIB, 0, TIME, 131] 
Sphere 1, 132.0s, DBG: [FIB, 1, FRED, 5.519387, 0.994174, 0.901286, 0.036144, -0.227582, -0.004419, -6.799048, 2.753954, -4.158727, -0.139757, -0.299055, -0.825863] 
Sphere 1, 132.0s, DBG: [FIB, 2, GEORGE, -6.640568, -1.421064, -1.402585, 0.013916, 0.000824, 0.004639, -5.385180, 2.832495, -3.535584, -0.082675, -0.043214, 0.048341] 
Sphere 2, 133.0s, DBG: FACING 
Sphere 2, 133.0s, DBG: TIME : 133 
Sphere 1, 133.0s, DBG: [FIB, 0, TIME, 132] 
Sphere 1, 133.0s, DBG: [FIB, 1, FRED, 5.399572, 1.007248, 0.913222, 0.060788, -0.205695, -0.008392, -6.975363, 2.687351, -4.859243, -0.095154, -0.143297, -0.507257] 
Sphere 1, 133.0s, DBG: [FIB, 2, GEORGE, -6.647831, -1.422132, -1.392972, 0.013337, -0.004120, 0.001221, -5.114907, 2.847347, -3.388636, -0.052873, -0.046144, 0.031312] 
Sphere 2, 134.0s, GT: [134] attempting to take picture... 
Sphere 2, 134.0s, GT: Not a good shot: too close to the other satellite | 
Sphere 2, 134.0s, GT: [134] camera OFF | 
Sphere 2, 134.0s, DBG: FACING 
Sphere 2, 134.0s, DBG: TIME : 134 
Sphere 1, 134.0s, DBG: [FIB, 0, TIME, 133] 
Sphere 1, 134.0s, DBG: [FIB, 1, FRED, 5.348878, 1.016779, 0.914873, 0.051506, -0.176198, -0.008570, -7.093216, 2.648795, -5.209838, -0.065419, -0.030019, -0.389874] 
Sphere 1, 134.0s, DBG: [FIB, 2, GEORGE, -6.640568, -1.420637, -1.392010, 0.008118, -0.007416, 0.000732, -5.961998, 2.827517, -3.421256, -0.023072, -0.099796, 0.048341] 
Sphere 1, 135.0s, GT: Score item picked up 
Sphere 1, 135.0s, GT: score: 7.533614, energy: 5.000000, memorySize: 2 
Sphere 2, 135.0s, DBG: FACING 
Sphere 2, 135.0s, DBG: TIME : 135 
Sphere 1, 135.0s, DBG: [FIB, 0, TIME, 134] 
Sphere 1, 135.0s, DBG: [FIB, 1, FRED, 5.336359, 1.033660, 0.921226, 0.037682, -0.182782, -0.010131, -7.899234, 2.625677, -5.196513, -0.110022, 0.049276, -0.280877] 
Sphere 1, 135.0s, DBG: [FIB, 2, GEORGE, -6.613330, -1.418928, -1.392010, 0.001160, -0.009064, -0.000488, -6.787018, 2.805059, -3.458600, -0.023072, -0.088626, 0.082400] 
Sphere 2, 136.0s, DBG: FACING 
Sphere 2, 136.0s, DBG: TIME : 136 
Sphere 1, 136.0s, DBG: [FIB, 0, TIME, 135] 
Sphere 1, 136.0s, DBG: [FIB, 1, FRED, 5.318644, 1.047443, 0.913321, 0.030712, -0.167519, -0.005715, -8.725178, 2.612069, -5.057955, -0.110022, 0.094587, -0.197033] 
Sphere 1, 136.0s, DBG: [FIB, 2, GEORGE, -6.531617, -1.402905, -1.361248, -0.146123, -0.199408, -0.030030, -8.019006, 2.760202, -3.605504, -0.038453, -0.150884, 0.107669] 
Sphere 2, 137.0s, DBG: FACING 
Sphere 2, 137.0s, DBG: TIME : 137 
Sphere 1, 137.0s, DBG: [FIB, 0, TIME, 136] 
Sphere 1, 137.0s, DBG: [FIB, 1, FRED, 5.300573, 1.055460, 0.935972, 0.025859, -0.144349, -0.009882, -9.722841, 2.615911, -4.637590, -0.110022, 0.117243, -0.129958] 
Sphere 1, 137.0s, DBG: [FIB, 2, GEORGE, -6.315531, -1.402051, -1.299722, -0.253975, -0.046968, -0.082034, -8.669404, 2.740045, -3.589850, -0.098056, -0.139531, 0.090640] 
Sphere 2, 138.0s, GT: [138] camera ON | 
Sphere 2, 138.0s, GT: [138] attempting to take picture... 
Sphere 2, 138.0s, GT: Not a good shot: too close to the other satellite | 
Sphere 2, 138.0s, GT: [138] camera OFF | 
Sphere 2, 138.0s, DBG: FACING 
Sphere 2, 138.0s, DBG: TIME : 138 
Sphere 1, 138.0s, DBG: [FIB, 0, TIME, 137] 
Sphere 1, 138.0s, DBG: [FIB, 1, FRED, 5.332450, 1.063422, 0.874990, -0.040351, -0.077128, 0.063227, -10.281090, 2.613175, -4.419485, -0.095154, 0.097420, -0.088035] 
Sphere 1, 138.0s, DBG: [FIB, 2, GEORGE, -6.104892, -1.413587, -1.187246, -0.303262, 0.268624, -0.115238, -9.438249, 2.710245, -3.627463, -0.023072, -0.128178, 0.107669] 
Sphere 2, 139.0s, DBG: FACING 
Sphere 2, 139.0s, DBG: TIME : 139 
Sphere 1, 139.0s, DBG: [FIB, 0, TIME, 138] 
Sphere 1, 139.0s, DBG: [FIB, 1, FRED, 5.419066, 1.067441, 0.761598, -0.106953, -0.011004, 0.129263, -10.679012, 2.613194, -4.225379, -0.110022, 0.074764, 0.029346] 
Sphere 1, 139.0s, DBG: [FIB, 2, GEORGE, -5.937834, -1.426191, -1.105533, -0.175115, 0.156560, -0.066652, -9.640840, 2.707723, -3.553564, -0.038453, -0.006409, 0.141728] 
Sphere 2, 140.0s, DBG: FACING 
Sphere 2, 140.0s, DBG: TIME : 140 
Sphere 1, 140.0s, DBG: [FIB, 0, TIME, 139] 
Sphere 1, 140.0s, DBG: [FIB, 1, FRED, 5.553077, 1.066610, 0.578662, -0.167444, 0.055865, 0.195302, -10.508060, 2.630601, -4.107037, -0.050551, 0.057772, 0.205419] 
Sphere 1, 140.0s, DBG: [FIB, 2, GEORGE, -5.776223, -1.425123, -1.046892, -0.220344, -0.042848, -0.062746, -9.809016, 2.718124, -3.304724, -0.038453, 0.098148, 0.107669] 
Sphere 2, 141.0s, DBG: FACING 
Sphere 2, 141.0s, DBG: TIME : 141 
Sphere 1, 141.0s, DBG: [FIB, 0, TIME, 140] 
Sphere 1, 141.0s, DBG: [FIB, 1, FRED, 5.772781, 1.058689, 0.322784, -0.234931, 0.136771, 0.260775, -9.553523, 2.701275, -3.693230, -0.065419, -0.047010, 0.406644] 
Sphere 1, 141.0s, DBG: [FIB, 2, GEORGE, -5.650929, -1.417432, -1.003632, -0.127567, -0.041200, -0.037355, -8.472483, 2.774985, -3.155641, -0.008652, 0.183111, -0.112613] 
Sphere 2, 142.0s, GT: [142] camera ON | 
Sphere 2, 142.0s, GT: [142] attempting to take picture... 
Sphere 2, 142.0s, GT: Not a good shot: not facing the other satellite | 
Sphere 2, 142.0s, GT: [142] camera OFF | 
Sphere 2, 142.0s, DBG: FACING 
Sphere 2, 142.0s, DBG: TIME : 142 
Sphere 1, 142.0s, DBG: [FIB, 0, TIME, 141] 
Sphere 1, 142.0s, DBG: [FIB, 1, FRED, 5.956235, 1.050824, -0.015825, -0.268097, 0.196099, 0.323032, -7.721677, 2.750198, -3.871825, -0.050551, -0.236752, 0.540795] 
Sphere 1, 142.0s, DBG: [FIB, 2, GEORGE, -5.492950, -1.404401, -0.947874, -0.191351, -0.215064, -0.052004, -6.610991, 2.811628, -3.427159, 0.005768, 0.248299, -0.520768] 
Sphere 2, 143.0s, DBG: FACING 
Sphere 2, 143.0s, DBG: TIME : 143 
Sphere 1, 143.0s, DBG: [FIB, 0, TIME, 142] 
Sphere 1, 143.0s, DBG: [FIB, 1, FRED, 6.192398, 1.037009, -0.360636, -0.291109, 0.240785, 0.342660, -5.003627, 2.741858, -4.775114, -0.020816, -0.417997, 0.557563] 
Sphere 1, 143.0s, DBG: [FIB, 2, GEORGE, -5.327708, -1.386883, -0.866161, -0.211066, -0.304880, -0.065920, -3.254951, 2.839113, -3.936347, -0.052873, 0.279427, -0.962432] 
Sphere 2, 144.0s, DBG: FACING 
Sphere 2, 144.0s, DBG: TIME : 144 
Sphere 1, 144.0s, DBG: [FIB, 0, TIME, 143] 
Sphere 1, 144.0s, DBG: [FIB, 1, FRED, 6.508015, 1.018859, -0.708376, -0.315281, 0.269321, 0.342176, -1.278281, 2.675728, -5.850794, 0.053523, -0.551099, 0.490488] 
Sphere 1, 144.0s, DBG: [FIB, 2, GEORGE, -5.175177, -1.361034, -0.795984, -0.207587, -0.365032, -0.072512, -0.346175, 2.778272, -4.899040, 0.020188, 0.248299, -1.412336] 
Sphere 2, 145.0s, DBG: FACING 
Sphere 2, 145.0s, DBG: TIME : 145 
Sphere 1, 145.0s, DBG: [FIB, 0, TIME, 144] 
Sphere 1, 145.0s, DBG: [FIB, 1, FRED, 6.757001, 1.001620, -1.060142, -0.296082, 0.268617, 0.333529, 2.188904, 2.537132, -6.867594, -0.020816, -0.604907, 0.398260] 
Sphere 1, 145.0s, DBG: [FIB, 2, GEORGE, -4.964538, -1.331980, -0.712348, -0.206427, -0.396344, -0.082034, 3.020586, 2.659361, -5.860818, 0.049989, 0.231269, -1.710074] 
Sphere 2, 146.0s, GT: [146] camera ON | 
Sphere 2, 146.0s, GT: [146] attempting to take picture... 
Sphere 2, 146.0s, GT: Not a good shot: not facing the other satellite | 
Sphere 2, 146.0s, GT: [146] camera OFF | 
Sphere 2, 146.0s, DBG: FACING 
Sphere 2, 146.0s, DBG: TIME : 146 
Sphere 1, 146.0s, DBG: [FIB, 0, TIME, 145] 
Sphere 1, 146.0s, DBG: [FIB, 1, FRED, 7.025264, 0.984212, -1.413899, -0.282980, 0.266830, 0.320894, 5.687319, 2.317286, -7.852829, 0.023787, -0.610570, 0.238955] 
Sphere 1, 146.0s, DBG: [FIB, 2, GEORGE, -4.815638, -1.301431, -0.619098, -0.186712, -0.410352, -0.091800, 6.045640, 2.446394, -7.018058, -0.082675, 0.194464, -1.854549] 
Sphere 2, 147.0s, DBG: FACING 
Sphere 2, 147.0s, DBG: TIME : 147 
Sphere 1, 147.0s, DBG: [FIB, 0, TIME, 146] 
Sphere 1, 147.0s, DBG: [FIB, 1, FRED, 7.223195, 0.966351, -1.734496, -0.250985, 0.256864, 0.297260, 8.560722, 2.041480, -8.718607, -0.005948, -0.613402, 0.205419] 
Sphere 1, 147.0s, DBG: [FIB, 2, GEORGE, -4.681265, -1.277932, -0.540269, -0.154241, -0.387280, -0.095462, 8.531090, 2.172634, -8.106384, -0.052873, 0.169012, -1.761162] 
Sphere 2, 148.0s, DBG: FACING 
Sphere 2, 148.0s, DBG: TIME : 148 
Sphere 1, 148.0s, DBG: [FIB, 0, TIME, 147] 
Sphere 1, 148.0s, DBG: [FIB, 1, FRED, 7.464556, 0.949263, -2.037478, -0.238872, 0.241615, 0.274286, 10.933111, 1.741804, -9.381376, 0.053523, -0.519948, 0.079652] 
Sphere 1, 148.0s, DBG: [FIB, 2, GEORGE, -4.541444, -1.250587, -0.414335, -0.132206, -0.388104, -0.111087, 10.889665, 1.877120, -8.887445, 0.020188, 0.151982, -1.590869] 
Sphere 2, 149.0s, DBG: FACING 
Sphere 2, 149.0s, DBG: TIME : 149 
Sphere 1, 149.0s, DBG: [FIB, 0, TIME, 148] 
Sphere 1, 149.0s, DBG: [FIB, 1, FRED, 7.683809, 0.934259, -2.328170, -0.216998, 0.219146, 0.253461, 12.866092, 1.463375, -9.773601, -0.050551, -0.429325, 0.029346] 
Sphere 1, 149.0s, DBG: [FIB, 2, GEORGE, -4.428862, -1.223670, -0.259560, -0.100314, -0.382336, -0.122806, 13.191702, 1.560824, -9.395432, 0.020188, 0.137883, -1.421125] 
Sphere 2, 150.0s, GT: [150] camera ON | 
Sphere 2, 150.0s, GT: [150] attempting to take picture... 
Sphere 2, 150.0s, GT: Not a good shot: too close to the other satellite | 
Sphere 2, 150.0s, GT: [150] camera OFF | 
Sphere 2, 150.0s, DBG: FACING 
Sphere 2, 150.0s, DBG: TIME : 150 
Sphere 1, 150.0s, DBG: [FIB, 0, TIME, 149] 
Sphere 1, 150.0s, DBG: [FIB, 1, FRED, 7.852558, 0.919053, -2.591014, -0.188871, 0.204671, 0.229881, 14.215611, 1.268646, -9.908025, -0.005948, -0.352862, -0.029346] 
Sphere 1, 150.0s, DBG: [FIB, 2, GEORGE, -4.319910, -1.198035, -0.111515, -0.076540, -0.369152, -0.128666, 14.600270, 1.301161, -9.713671, -0.023072, 0.112247, -1.098117] 
Sphere 2, 151.0s, DBG: FACING 
Sphere 2, 151.0s, DBG: TIME : 151 
Sphere 1, 151.0s, DBG: [FIB, 0, TIME, 150] 
Sphere 1, 151.0s, DBG: [FIB, 1, FRED, 7.973194, 0.899537, -2.848823, -0.157937, 0.205340, 0.210892, 15.016436, 1.069314, -10.110180, -0.005948, -0.276399, -0.029346] 
Sphere 1, 151.0s, DBG: [FIB, 2, GEORGE, -4.252724, -1.173040, 0.026917, -0.042329, -0.362560, -0.129154, 15.805946, 1.084781, -9.833193, -0.008652, 0.098148, -0.877285] 
Sphere 2, 152.0s, DBG: FACING 
Sphere 2, 152.0s, DBG: TIME : 152 
Sphere 1, 152.0s, DBG: [FIB, 0, TIME, 151] 
Sphere 1, 152.0s, DBG: [FIB, 1, FRED, 8.084856, 0.889716, -3.093525, -0.136827, 0.170851, 0.192006, 16.031977, 0.941532, -10.035164, -0.080286, -0.202768, -0.004191] 
Sphere 1, 152.0s, DBG: [FIB, 2, GEORGE, -4.240013, -1.146550, 0.161504, -0.006958, -0.358440, -0.129887, 16.814640, 0.921571, -9.809241, -0.008652, 0.089724, -0.648213] 
Sphere 2, 153.0s, DBG: FACING 
Sphere 2, 153.0s, DBG: TIME : 153 
Sphere 1, 153.0s, DBG: [FIB, 0, TIME, 152] 
Sphere 1, 153.0s, DBG: [FIB, 1, FRED, 8.245390, 0.884605, -3.268923, -0.133669, 0.134384, 0.162631, 16.061420, 0.797950, -10.256926, 0.008920, -0.165953, -0.029346] 
Sphere 1, 153.0s, DBG: [FIB, 2, GEORGE, -4.220038, -1.122837, 0.302820, 0.011597, -0.341960, -0.132328, 17.034397, 0.883896, -9.798402, -0.023072, 0.069948, -0.494949] 
Sphere 2, 154.0s, GT: [154] camera ON | 
Sphere 2, 154.0s, DBG: FACING 
Sphere 2, 154.0s, DBG: TIME : 154 
Sphere 1, 154.0s, DBG: [FIB, 0, TIME, 153] 
Sphere 1, 154.0s, DBG: [FIB, 1, FRED, 8.341018, 0.876965, -3.458569, -0.114978, 0.114826, 0.147379, 16.045805, 0.705222, -10.388584, -0.005948, -0.117809, -0.020961] 
Sphere 1, 154.0s, DBG: [FIB, 2, GEORGE, -4.203696, -1.094424, 0.458556, 0.023774, -0.343608, -0.136235, 17.690771, 0.743361, -9.783155, -0.023072, 0.038636, -0.367504] 
Sphere 2, 155.0s, DBG: FACING 
Sphere 2, 155.0s, DBG: TIME : 155 
Sphere 1, 155.0s, DBG: [FIB, 0, TIME, 154] 
Sphere 1, 155.0s, DBG: [FIB, 1, FRED, 8.418361, 0.868978, -3.618132, -0.096762, 0.105115, 0.128907, 16.212667, 0.640258, -10.415483, 0.008920, -0.109313, 0.046114] 
Sphere 1, 155.0s, DBG: [FIB, 2, GEORGE, -4.212775, -1.069430, 0.621982, 0.040010, -0.324656, -0.137700, 18.210806, 0.709700, -9.637124, 0.065371, 0.016114, -0.316416] 
Sphere 2, 156.0s, DBG: FACING 
Sphere 2, 156.0s, DBG: TIME : 156 
Sphere 1, 156.0s, DBG: [FIB, 0, TIME, 155] 
Sphere 1, 156.0s, DBG: [FIB, 1, FRED, 8.509134, 0.858105, -3.751202, -0.088742, 0.110081, 0.110483, 16.698364, 0.614754, -10.289372, -0.005948, -0.095154, 0.062884] 
Sphere 1, 156.0s, DBG: [FIB, 2, GEORGE, -4.283593, -1.043580, 0.733497, 0.066103, -0.309000, -0.128666, 18.537256, 0.593677, -9.660384, 0.005768, -0.000732, -0.299387] 
Sphere 2, 157.0s, DBG: FACING 
Sphere 2, 157.0s, DBG: TIME : 157 
Sphere 1, 157.0s, DBG: [FIB, 0, TIME, 156] 
Sphere 1, 157.0s, DBG: [FIB, 1, FRED, 8.605863, 0.851106, -3.883820, -0.081874, 0.099031, 0.098665, 16.620787, 0.571820, -10.360851, 0.008920, -0.086658, 0.037730] 
Sphere 1, 157.0s, DBG: [FIB, 2, GEORGE, -4.327174, -1.024354, 0.889233, 0.074221, -0.278512, -0.131108, 18.038324, 0.576739, -9.866610, 0.065371, -0.006409, -0.299387] 
Sphere 2, 158.0s, DBG: FACING 
Sphere 2, 158.0s, DBG: TIME : 158 
Sphere 1, 158.0s, DBG: [FIB, 0, TIME, 157] 
Sphere 1, 158.0s, DBG: [FIB, 1, FRED, 8.627443, 0.842511, -4.002132, -0.057068, 0.098715, 0.086300, 17.380266, 0.536046, -10.144075, 0.008920, -0.083826, 0.054500] 
Sphere 1, 158.0s, DBG: [FIB, 2, GEORGE, -4.392545, -1.004486, 1.025742, 0.084078, -0.258736, -0.128666, 18.453419, 0.476288, -9.813283, 0.035569, -0.003662, -0.248848] 
Sphere 2, 159.0s, DBG: FACING 
Sphere 2, 159.0s, DBG: TIME : 159 
Sphere 1, 159.0s, DBG: [FIB, 0, TIME, 158] 
Sphere 1, 159.0s, DBG: [FIB, 1, FRED, 8.694460, 0.840460, -4.100497, -0.056536, 0.068042, 0.073405, 17.533503, 0.444312, -10.174273, -0.005948, -0.075330, -0.020961] 
Sphere 1, 159.0s, DBG: [FIB, 2, GEORGE, -4.485153, -0.985900, 1.173788, 0.088137, -0.241432, -0.129887, 18.597080, 0.426220, -9.801353, 0.020188, -0.003662, -0.214789] 
Sphere 2, 160.0s, DBG: FACING 
Sphere 2, 160.0s, DBG: TIME : 160 
Sphere 1, 160.0s, DBG: [FIB, 0, TIME, 159] 
Sphere 1, 160.0s, DBG: [FIB, 1, FRED, 8.728195, 0.831896, -4.151124, -0.044982, 0.077704, 0.054864, 17.669598, 0.375860, -10.178769, -0.005948, -0.083826, -0.037730] 
Sphere 1, 160.0s, DBG: [FIB, 2, GEORGE, -4.552339, -0.969237, 1.322794, 0.092776, -0.225776, -0.128178, 18.304146, 0.369915, -9.954123, -0.038453, -0.006409, -0.138432] 
Sphere 2, 161.0s, DBG: FACING 
Sphere 2, 161.0s, DBG: TIME : 161 
Sphere 1, 161.0s, DBG: [FIB, 0, TIME, 160] 
Sphere 1, 161.0s, DBG: [FIB, 1, FRED, 8.767849, 0.829858, -4.215012, -0.039098, 0.055336, 0.048406, 17.724207, 0.333884, -10.187165, 0.008920, -0.052674, -0.004191] 
Sphere 1, 161.0s, DBG: [FIB, 2, GEORGE, -4.595920, -0.953429, 1.458342, 0.087558, -0.206824, -0.122318, 18.456079, 0.309490, -9.936943, 0.035569, 0.018860, -0.138432] 
Sphere 2, 162.0s, DBG: FACING 
Sphere 2, 162.0s, DBG: TIME : 162 
Sphere 1, 162.0s, DBG: [FIB, 0, TIME, 161] 
Sphere 1, 162.0s, DBG: [FIB, 1, FRED, 8.803593, 0.828074, -4.294368, -0.033996, 0.047224, 0.046956, 18.024975, 0.252385, -10.124964, 0.038655, -0.047010, 0.062884] 
Sphere 1, 162.0s, DBG: [FIB, 2, GEORGE, -4.630421, -0.936766, 1.622730, 0.082339, -0.194464, -0.120853, 18.560732, 0.321202, -9.890586, 0.049989, 0.018860, -0.095584] 
Sphere 2, 163.0s, DBG: FACING 
Sphere 2, 163.0s, DBG: TIME : 163 
Sphere 1, 163.0s, DBG: [FIB, 0, TIME, 162] 
Sphere 1, 163.0s, DBG: [FIB, 1, FRED, 8.787983, 0.819664, -4.355912, -0.012213, 0.081843, 0.034148, 17.978674, 0.260227, -10.137772, 0.068390, -0.047010, 0.104805] 
Sphere 1, 163.0s, DBG: [FIB, 2, GEORGE, -4.684896, -0.925657, 1.740974, 0.084658, -0.167272, -0.108158, 18.901768, 0.245575, -9.800819, -0.023072, 0.041566, -0.104373] 
Sphere 2, 164.0s, DBG: FACING 
Sphere 2, 164.0s, DBG: TIME : 164 
Sphere 1, 164.0s, DBG: [FIB, 0, TIME, 163] 
Sphere 1, 164.0s, DBG: [FIB, 1, FRED, 8.834724, 0.813053, -4.367368, -0.017827, 0.085151, 0.018064, 18.323109, 0.264136, -10.011158, -0.005948, -0.035683, 0.096421] 
Sphere 1, 164.0s, DBG: [FIB, 2, GEORGE, -4.757531, -0.910276, 1.881329, 0.089297, -0.169744, -0.104251, 18.818542, 0.250534, -9.830596, -0.023072, 0.038636, -0.078555] 
Sphere 2, 165.0s, DBG: FACING 
Sphere 2, 165.0s, DBG: TIME : 165 
Sphere 1, 165.0s, DBG: [FIB, 0, TIME, 164] 
Sphere 1, 165.0s, DBG: [FIB, 1, FRED, 8.847325, 0.804759, -4.410176, -0.011813, 0.091818, 0.017162, 19.207129, 0.267066, -9.670938, 0.068390, -0.038515, 0.138343] 
Sphere 1, 165.0s, DBG: [FIB, 2, GEORGE, -4.837428, -0.899167, 1.989959, 0.091617, -0.148320, -0.093753, 19.298370, 0.258458, -9.637632, -0.023072, 0.044313, -0.095584] 
Sphere 2, 166.0s, DBG: FACING 
Sphere 2, 166.0s, DBG: TIME : 166 
Sphere 1, 166.0s, DBG: [FIB, 0, TIME, 165] 
Sphere 1, 166.0s, DBG: [FIB, 1, FRED, 8.844314, 0.803019, -4.410855, -0.005504, 0.075816, 0.008293, 19.505428, 0.229964, -9.568320, 0.098126, -0.021523, 0.071268] 
Sphere 1, 166.0s, DBG: [FIB, 2, GEORGE, -4.931852, -0.885281, 2.083209, 0.094516, -0.155736, -0.083010, 19.422577, 0.187035, -9.619202, -0.023072, 0.052919, -0.087344] 
Sphere 2, 167.0s, DBG: FACING 
Sphere 2, 167.0s, DBG: TIME : 167 
Sphere 1, 167.0s, DBG: [FIB, 0, TIME, 166] 
Sphere 1, 167.0s, DBG: [FIB, 1, FRED, 8.875632, 0.797589, -4.428880, -0.014152, 0.083445, 0.009169, 19.437538, 0.221085, -9.599960, -0.080286, -0.032851, -0.004191] 
Sphere 1, 167.0s, DBG: [FIB, 2, GEORGE, -4.991776, -0.872036, 2.187994, 0.080599, -0.150792, -0.078860, 19.579952, 0.172270, -9.559859, -0.068255, 0.064272, -0.002197] 
Sphere 2, 168.0s, DBG: FACING 
Sphere 2, 168.0s, DBG: TIME : 168 
Sphere 1, 168.0s, DBG: [FIB, 0, TIME, 167] 
Sphere 1, 168.0s, DBG: [FIB, 1, FRED, 8.853234, 0.788450, -4.459337, -0.000136, 0.096842, 0.010974, 19.712166, 0.193171, -9.498199, 0.023787, -0.030019, 0.046114] 
Sphere 1, 168.0s, DBG: [FIB, 2, GEORGE, -5.075305, -0.862636, 2.263939, 0.075961, -0.124424, -0.067385, 19.654274, 0.195966, -9.520354, -0.023072, 0.047243, -0.036256] 
Sphere 2, 169.0s, DBG: FACING 
Sphere 2, 169.0s, DBG: TIME : 169 
Sphere 1, 169.0s, DBG: [FIB, 0, TIME, 168] 
Sphere 1, 169.0s, DBG: [FIB, 1, FRED, 8.868146, 0.781014, -4.453054, -0.004195, 0.098447, 0.005077, 19.756561, 0.185478, -9.482533, -0.020816, -0.015859, -0.029346] 
Sphere 1, 169.0s, DBG: [FIB, 2, GEORGE, -5.160649, -0.848750, 2.351421, 0.074801, -0.139256, -0.062014, 19.992584, 0.156862, -9.391243, -0.068255, 0.041566, -0.036256] 
Sphere 2, 170.0s, DBG: FACING 
Sphere 2, 170.0s, DBG: TIME : 170 
Sphere 1, 170.0s, DBG: [FIB, 0, TIME, 169] 
Sphere 1, 170.0s, DBG: [FIB, 1, FRED, 8.883237, 0.771077, -4.457498, -0.006695, 0.106649, 0.004756, 19.590664, 0.178070, -9.554091, 0.008920, -0.018691, -0.046114] 
Sphere 1, 170.0s, DBG: [FIB, 2, GEORGE, -5.207862, -0.843623, 2.422559, 0.058565, -0.107120, -0.057375, 20.284353, 0.172939, -9.259400, -0.023072, 0.044313, -0.036256] 
Sphere 2, 171.0s, GT: [171] attempting to take picture... 
Sphere 2, 171.0s, GT: Not a good shot: opponent in dark zone | 
Sphere 2, 171.0s, GT: [171] camera OFF | 
Sphere 2, 171.0s, DBG: FACING 
Sphere 2, 171.0s, DBG: TIME : 171 
Sphere 1, 171.0s, DBG: [FIB, 0, TIME, 170] 
Sphere 1, 171.0s, DBG: [FIB, 1, FRED, 8.899430, 0.767081, -4.465713, -0.012188, 0.094467, 0.004024, 19.460083, 0.182066, -9.606163, 0.008920, -0.027187, 0.020961] 
Sphere 1, 171.0s, DBG: [FIB, 2, GEORGE, -5.262337, -0.830805, 2.488891, 0.056246, -0.122776, -0.051027, 20.369967, 0.122504, -9.237595, -0.038453, 0.044313, -0.044496] 
Sphere 2, 172.0s, DBG: FACING 
Sphere 2, 172.0s, DBG: TIME : 172 
Sphere 1, 172.0s, DBG: [FIB, 0, TIME, 171] 
Sphere 1, 172.0s, DBG: [FIB, 1, FRED, 8.883893, 0.756608, -4.508948, -0.006670, 0.106985, 0.011843, 19.925890, 0.181162, -9.412642, -0.005948, -0.013027, 0.020961] 
Sphere 1, 172.0s, DBG: [FIB, 2, GEORGE, -5.304101, -0.823756, 2.540803, 0.049287, -0.102176, -0.042970, 20.649401, 0.121440, -9.112126, -0.038453, 0.030213, -0.044496] 
Sphere 2, 173.0s, DBG: FACING 
Sphere 2, 173.0s, DBG: TIME : 173 
Sphere 1, 173.0s, DBG: [FIB, 0, TIME, 172] 
Sphere 1, 173.0s, DBG: [FIB, 1, FRED, 8.898564, 0.750101, -4.506198, -0.006743, 0.103964, 0.005460, 19.959661, 0.150494, -9.408408, -0.020816, -0.018691, 0.062884] 
Sphere 1, 173.0s, DBG: [FIB, 2, GEORGE, -5.354946, -0.817560, 2.577334, 0.047548, -0.096408, -0.034181, 20.990873, 0.112696, -8.955801, -0.023072, 0.013184, -0.036256] 
Sphere 2, 174.0s, DBG: FACING 
Sphere 2, 174.0s, DBG: TIME : 174 
Sphere 1, 174.0s, DBG: [FIB, 0, TIME, 173] 
Sphere 1, 174.0s, DBG: [FIB, 1, FRED, 8.883061, 0.744812, -4.505929, 0.001604, 0.095600, 0.002880, 19.751932, 0.181362, -9.485963, -0.065419, -0.004531, 0.079652] 
Sphere 1, 174.0s, DBG: [FIB, 2, GEORGE, -5.387631, -0.809656, 2.635014, 0.041169, -0.093112, -0.035890, 20.727842, 0.098034, -9.081337, -0.052873, -0.006409, 0.048341] 
Sphere 2, 175.0s, GT: [175] camera ON | 
Sphere 2, 175.0s, GT: [175] attempting to take picture... 
Sphere 2, 175.0s, GT: Not a good shot: opponent in dark zone | 
Sphere 2, 175.0s, GT: [175] camera OFF | 
Sphere 2, 175.0s, DBG: FACING 
Sphere 2, 175.0s, DBG: TIME : 175 
Sphere 1, 175.0s, DBG: [FIB, 0, TIME, 174] 
Sphere 1, 175.0s, DBG: [FIB, 1, FRED, 8.919993, 0.735309, -4.505155, -0.007608, 0.103210, 0.002243, 19.767153, 0.210900, -9.468109, 0.023787, -0.004531, 0.062884] 
Sphere 1, 175.0s, DBG: [FIB, 2, GEORGE, -5.416684, -0.800043, 2.669622, 0.030152, -0.096408, -0.030519, 20.676018, 0.107059, -9.102841, -0.008652, 0.018860, 0.022523] 
Sphere 2, 176.0s, DBG: FACING 
Sphere 2, 176.0s, DBG: TIME : 176 
Sphere 1, 176.0s, DBG: [FIB, 0, TIME, 175] 
Sphere 1, 176.0s, DBG: [FIB, 1, FRED, 8.922050, 0.727631, -4.506947, -0.005824, 0.103895, 0.002050, 20.007765, 0.215715, -9.363936, -0.005948, -0.010195, 0.062884] 
Sphere 1, 176.0s, DBG: [FIB, 2, GEORGE, -5.378551, -0.792138, 2.718650, 0.013916, -0.098880, -0.027100, 20.835966, 0.111555, -9.028163, 0.005768, 0.021790, 0.082400] 
Sphere 2, 177.0s, DBG: FACING 
Sphere 2, 177.0s, DBG: TIME : 177 
Sphere 1, 177.0s, DBG: [FIB, 0, TIME, 176] 
Sphere 1, 177.0s, DBG: [FIB, 1, FRED, 8.903690, 0.724761, -4.523839, 0.000174, 0.089378, 0.005110, 20.279068, 0.201727, -9.251840, -0.005948, -0.001699, 0.146728] 
Sphere 1, 177.0s, DBG: [FIB, 2, GEORGE, -5.396710, -0.787011, 2.758065, 0.020295, -0.091464, -0.022706, 20.949509, 0.089348, -8.980251, 0.005768, 0.032960, 0.048341] 
Sphere 2, 178.0s, DBG: FACING 
Sphere 2, 178.0s, DBG: TIME : 178 
Sphere 1, 178.0s, DBG: [FIB, 0, TIME, 177] 
Sphere 1, 178.0s, DBG: [FIB, 1, FRED, 8.936283, 0.716039, -4.526689, -0.009107, 0.095945, 0.005033, 20.590605, 0.174657, -9.123010, 0.008920, 0.009629, 0.171880] 
Sphere 1, 178.0s, DBG: [FIB, 2, GEORGE, -5.485687, -0.778893, 2.782098, 0.037111, -0.093112, -0.018311, 21.011692, 0.111100, -8.946610, 0.020188, 0.041566, 0.031312] 
Sphere 2, 179.0s, GT: [179] camera ON | 
Sphere 2, 179.0s, GT: [179] attempting to take picture... 
Sphere 2, 179.0s, GT: Not a good shot: opponent in dark zone | 
Sphere 2, 179.0s, GT: [179] camera OFF | 
Sphere 2, 179.0s, DBG: FACING 
Sphere 2, 179.0s, DBG: TIME : 179 
Sphere 1, 179.0s, DBG: [FIB, 0, TIME, 178] 
Sphere 1, 179.0s, DBG: [FIB, 1, FRED, 8.926020, 0.710891, -4.519114, -0.003763, 0.089468, 0.002225, 20.472330, 0.219226, -9.158361, -0.020816, 0.006797, 0.129959] 
Sphere 1, 179.0s, DBG: [FIB, 2, GEORGE, -5.436658, -0.773553, 2.798440, 0.008698, -0.087344, -0.013916, 21.153776, 0.162790, -8.863777, -0.023072, 0.041566, 0.031312] 
Sphere 2, 180.0s, DBG: FACING 
Sphere 2, 180.0s, DBG: TIME : 180 
Sphere 1, 180.0s, DBG: [FIB, 0, TIME, 179] 
Sphere 1, 180.0s, DBG: [FIB, 1, FRED, 8.931499, 0.701534, -4.516346, -0.004259, 0.097332, 0.001312, 20.879986, 0.221433, -8.970498, -0.035683, -0.001699, 0.129959] 
Sphere 1, 180.0s, DBG: [FIB, 2, GEORGE, -5.514740, -0.766503, 2.811899, 0.031892, -0.088168, -0.011231, 21.658449, 0.155871, -8.618326, 0.005768, 0.049989, 0.073611] 
Sphere 1, 186.0s, GT: GAME ENDED! Final Score Float: 7.53361416 / Integer: 80 | Test Result 81 | 
Sphere 2, 186.0s, GT: GAME ENDED! Final Score Float: 1.65999985 / Integer: 10 | Test Result 11 | 