Sphere 1, 0.0s, DBG: Hello from SHA-2468! 
Sphere 2, 0.0s, DBG: Greetings from Echelon 
Sphere 1, 0.0s, DBG: [FIB, 0, TIME, 0] 
Sphere 1, 0.0s, DBG: [FIB, 1, FRED, -6.832054, -1.201592, 0.007591, -0.002903, -0.009883, 0.000219, -0.935935, 2.997483, -0.327753, -0.005948, -0.010195, -0.012576] 
Sphere 1, 0.0s, DBG: [FIB, 2, GEORGE, -6.798548, 1.201666, -0.009613, 0.005219, 0.000000, 0.001221, 0.034803, -2.999497, -0.213809, -0.008652, 0.016114, 0.014283] 
Sphere 1, 1.0s, DBG: [FIB, 0, TIME, 0] 
Sphere 1, 1.0s, DBG: [FIB, 1, FRED, -6.816193, -1.203336, -0.003765, -0.005397, -0.002533, 0.002765, -0.692446, 2.998171, -0.331104, 0.038655, -0.010195, 0.012577] 
Sphere 1, 1.0s, DBG: [FIB, 2, GEORGE, -6.791284, 1.199103, -0.014420, 0.002319, 0.008240, 0.001465, 0.261578, -2.999161, -0.240134, -0.008652, -0.000732, 0.014283] 
Sphere 1, 2.0s, DBG: [FIB, 0, TIME, 1] 
Sphere 1, 2.0s, DBG: [FIB, 1, FRED, -6.789333, -1.186899, -0.030429, -0.016603, -0.251356, 0.044221, -2.222627, 2.990703, -0.230592, 0.038655, -0.010195, -0.817479] 
Sphere 1, 2.0s, DBG: [FIB, 2, GEORGE, -6.793100, 1.190771, 0.025956, -0.004059, 0.203528, -0.039064, -1.554949, -2.995411, 0.088791, 0.020188, 0.075442, -0.953642] 
Sphere 1, 3.0s, DBG: [FIB, 0, TIME, 2] 
Sphere 1, 3.0s, DBG: [FIB, 1, FRED, -6.800650, -1.159216, -0.119775, -0.016863, -0.477568, 0.089319, -6.092186, 2.932103, -0.323892, 0.008920, 0.001133, -1.563691] 
Sphere 1, 3.0s, DBG: [FIB, 2, GEORGE, -6.740440, 1.171972, 0.065371, -0.022614, 0.392224, -0.069826, -5.520647, -2.942517, 0.518992, 0.035569, 0.154729, -1.879818] 
Sphere 1, 4.0s, DBG: [FIB, 0, TIME, 3] 
Sphere 1, 4.0s, DBG: [FIB, 1, FRED, -6.788729, -1.117082, -0.213407, -0.025957, -0.698386, 0.125767, -11.308731, 2.762289, -0.148287, -0.020816, -0.015859, -2.351824] 
Sphere 1, 4.0s, DBG: [FIB, 2, GEORGE, -6.756783, 1.130741, 0.171117, -0.018555, 0.619648, -0.109622, -11.178455, -2.756418, 1.102465, -0.052873, 0.219916, -2.729637] 
Sphere 1, 5.0s, DBG: [FIB, 0, TIME, 4] 
Sphere 1, 5.0s, DBG: [FIB, 1, FRED, -6.784346, -1.055478, -0.402401, -0.031310, -0.939160, 0.175895, -17.194691, 2.414394, -0.355076, -0.005948, -0.018691, -2.955501] 
Sphere 1, 5.0s, DBG: [FIB, 2, GEORGE, -6.749519, 1.075198, 0.303781, -0.026673, 0.859432, -0.151860, -18.202696, -2.290970, 1.961714, -0.127857, 0.273751, -3.417402] 
Sphere 1, 6.0s, DBG: [FIB, 0, TIME, 5] 
Sphere 1, 6.0s, DBG: [FIB, 1, FRED, -6.785246, -0.998925, -0.542304, -0.024544, -0.898210, 0.164810, -22.915718, 1.837401, -0.282754, -0.005948, -0.010195, -3.391490] 
Sphere 1, 6.0s, DBG: [FIB, 2, GEORGE, -6.756783, 1.014954, 0.458556, -0.024934, 0.967376, -0.175298, -23.690794, -1.647334, 2.291506, -0.142277, 0.282174, -3.358074] 
Sphere 1, 7.0s, DBG: [FIB, 0, TIME, 6] 
Sphere 1, 7.0s, DBG: [FIB, 1, FRED, -6.711586, -0.942198, -0.715717, -0.038079, -0.865717, 0.162872, -26.689138, 1.171258, -0.316596, 0.083258, -0.024355, -3.014192] 
Sphere 1, 7.0s, DBG: [FIB, 2, GEORGE, -6.744071, 0.948515, 0.644093, -0.028993, 1.021760, -0.188238, -26.723883, -0.970482, 2.791143, -0.127857, 0.265328, -2.754906] 
Sphere 1, 8.0s, DBG: [FIB, 0, TIME, 7] 
Sphere 1, 8.0s, DBG: [FIB, 1, FRED, -6.707863, -0.881256, -0.878249, -0.030643, -0.855717, 0.158833, -28.375290, 0.613139, -0.378693, 0.038655, -0.013027, -2.410515] 
Sphere 1, 8.0s, DBG: [FIB, 2, GEORGE, -6.676885, 0.885495, 0.824824, -0.042909, 1.013520, -0.187994, -27.906956, -0.388925, 3.105877, -0.038453, 0.225593, -2.024293] 
Sphere 1, 9.0s, DBG: [FIB, 0, TIME, 8] 
Sphere 1, 9.0s, DBG: [FIB, 1, FRED, -6.685238, -0.821918, -1.052096, -0.030750, -0.843044, 0.158476, -28.922388, 0.212261, -0.239581, 0.068390, -0.004531, -1.655919] 
Sphere 1, 9.0s, DBG: [FIB, 2, GEORGE, -6.582461, 0.815210, 1.017090, -0.051027, 1.001160, -0.185797, -28.125193, 0.003697, 3.167626, -0.008652, 0.183111, -1.335978] 
Sphere 1, 10.0s, DBG: [FIB, 0, TIME, 9] 
Sphere 1, 10.0s, DBG: [FIB, 1, FRED, -6.670101, -0.767346, -1.192447, -0.027687, -0.818745, 0.151021, -28.988918, -0.059471, -0.250567, 0.053523, 0.003965, -1.052241] 
Sphere 1, 10.0s, DBG: [FIB, 2, GEORGE, -6.566119, 0.745994, 1.201666, -0.038850, 0.981384, -0.181646, -27.926739, 0.221217, 3.368486, -0.082675, 0.115177, -0.792138] 
Sphere 1, 11.0s, DBG: [FIB, 0, TIME, 10] 
Sphere 1, 11.0s, DBG: [FIB, 1, FRED, -6.660402, -0.706668, -1.352413, -0.022948, -0.819664, 0.148893, -28.926193, -0.199458, -0.334735, 0.098126, -0.010195, -0.574330] 
Sphere 1, 11.0s, DBG: [FIB, 2, GEORGE, -6.535249, 0.681051, 1.394894, -0.031892, 0.929472, -0.176519, -27.693066, 0.331871, 3.578337, -0.038453, 0.081118, -0.443861] 
Sphere 1, 12.0s, DBG: [FIB, 0, TIME, 11] 
Sphere 1, 12.0s, DBG: [FIB, 1, FRED, -6.685812, -0.647072, -1.502223, -0.011158, -0.816795, 0.145358, -28.886429, -0.261975, -0.179998, 0.053523, 0.020957, -0.247340] 
Sphere 1, 12.0s, DBG: [FIB, 2, GEORGE, -6.511642, 0.616535, 1.576586, -0.028413, 0.884976, -0.167241, -27.443590, 0.372009, 3.878156, 0.035569, 0.030213, -0.282907] 
Sphere 1, 13.0s, DBG: [FIB, 0, TIME, 12] 
Sphere 1, 13.0s, DBG: [FIB, 1, FRED, -6.651966, -0.586794, -1.674902, -0.017960, -0.815853, 0.147323, -28.867409, -0.281945, -0.221642, 0.083258, 0.012461, -0.029346] 
Sphere 1, 13.0s, DBG: [FIB, 2, GEORGE, -6.486221, 0.556932, 1.760201, -0.024934, 0.828120, -0.160894, -27.393030, 0.482875, 3.718303, -0.052873, 0.004761, -0.112613] 
Sphere 1, 14.0s, DBG: [FIB, 0, TIME, 13] 
Sphere 1, 14.0s, DBG: [FIB, 1, FRED, -6.608037, -0.529338, -1.828629, -0.024497, -0.806967, 0.144477, -28.911098, -0.234364, -0.056967, 0.068390, 0.018125, 0.079652] 
Sphere 1, 14.0s, DBG: [FIB, 2, GEORGE, -6.469878, 0.495407, 1.916898, -0.022614, 0.792688, -0.148198, -27.469292, 0.491459, 3.581821, 0.035569, -0.026185, 0.031312] 
Sphere 1, 15.0s, DBG: [FIB, 0, TIME, 14] 
Sphere 1, 15.0s, DBG: [FIB, 1, FRED, -6.625196, -0.470830, -1.986864, -0.015459, -0.802807, 0.143914, -28.871052, -0.281017, -0.129164, 0.038655, 0.018125, 0.071268] 
Sphere 1, 15.0s, DBG: [FIB, 2, GEORGE, -6.451720, 0.435804, 2.084170, -0.016816, 0.747368, -0.140873, -27.545370, 0.469952, 3.515572, 0.020188, -0.037538, 0.115909] 
Sphere 1, 16.0s, DBG: [FIB, 0, TIME, 15] 
Sphere 1, 16.0s, DBG: [FIB, 1, FRED, -6.607024, -0.411753, -2.141596, -0.016706, -0.800549, 0.142807, -28.892794, -0.254417, 0.178045, -0.020816, 0.029452, 0.079652] 
Sphere 1, 16.0s, DBG: [FIB, 2, GEORGE, -6.460799, 0.384320, 2.234138, -0.009278, 0.684744, -0.131108, -27.655071, 0.407340, 3.490633, 0.005768, -0.029115, 0.132939] 
Sphere 1, 17.0s, DBG: [FIB, 0, TIME, 16] 
Sphere 1, 17.0s, DBG: [FIB, 1, FRED, -6.555140, -0.350764, -2.312954, -0.026262, -0.805121, 0.145033, -28.954756, -0.162061, 0.183754, 0.053523, 0.001133, 0.062884] 
Sphere 1, 17.0s, DBG: [FIB, 2, GEORGE, -6.466246, 0.333689, 2.398526, -0.009857, 0.636128, -0.125492, -27.771431, 0.371416, 3.378200, -0.008652, -0.020508, 0.073611] 
Sphere 1, 18.0s, DBG: [FIB, 0, TIME, 17] 
Sphere 1, 18.0s, DBG: [FIB, 1, FRED, -6.534174, -0.295029, -2.483673, -0.025348, -0.792496, 0.146874, -28.969440, -0.127986, 0.219954, 0.008920, 0.020957, 0.046114] 
Sphere 1, 18.0s, DBG: [FIB, 2, GEORGE, -6.471694, 0.293313, 2.529267, -0.011017, 0.566912, -0.111820, -27.829521, 0.354083, 3.316799, -0.023072, -0.012085, 0.149968] 
Sphere 1, 19.0s, DBG: [FIB, 0, TIME, 18] 
Sphere 1, 19.0s, DBG: [FIB, 1, FRED, -6.552583, -0.230728, -2.625787, -0.014477, -0.809234, 0.142243, -28.958977, -0.132326, 0.386051, 0.023787, 0.023788, 0.071268] 
Sphere 1, 19.0s, DBG: [FIB, 2, GEORGE, -6.484405, 0.248665, 2.648473, -0.006378, 0.534776, -0.101077, -27.762253, 0.341469, 3.450943, -0.008652, -0.012085, 0.158757] 
Sphere 1, 20.0s, DBG: [FIB, 0, TIME, 19] 
Sphere 1, 20.0s, DBG: [FIB, 1, FRED, -6.518250, -0.175768, -2.772232, -0.025262, -0.708903, 0.129584, -28.941240, -0.165004, 0.415832, 0.068390, -0.004531, -0.062882] 
Sphere 1, 20.0s, DBG: [FIB, 2, GEORGE, -6.469878, 0.207007, 2.772484, -0.013337, 0.498520, -0.095462, -27.924250, 0.316855, 3.224966, -0.038453, -0.012085, 0.158757] 
Sphere 1, 21.0s, DBG: [FIB, 0, TIME, 20] 
Sphere 1, 21.0s, DBG: [FIB, 1, FRED, -6.495072, -0.132232, -2.910129, -0.025652, -0.604365, 0.118315, -28.951820, -0.165546, 0.215621, -0.005948, -0.013027, -0.046114] 
Sphere 1, 21.0s, DBG: [FIB, 2, GEORGE, -6.429929, 0.165990, 2.885922, -0.019135, 0.464736, -0.087649, -27.931414, 0.234717, 3.342254, -0.008652, -0.017762, 0.184027] 
Sphere 1, 22.0s, DBG: [FIB, 0, TIME, 21] 
Sphere 1, 22.0s, DBG: [FIB, 1, FRED, -6.468054, -0.088714, -3.051788, -0.025110, -0.538072, 0.109919, -28.920712, -0.220538, 0.097788, -0.020816, -0.004531, -0.012576] 
Sphere 1, 22.0s, DBG: [FIB, 2, GEORGE, -6.437193, 0.131382, 2.990707, -0.009857, 0.422712, -0.080813, -27.952961, 0.221751, 3.323891, -0.038453, -0.029115, 0.158757] 
Sphere 1, 23.0s, DBG: [FIB, 0, TIME, 22] 
Sphere 1, 23.0s, DBG: [FIB, 1, FRED, -6.448446, -0.050063, -3.170783, -0.021383, -0.473556, 0.097141, -28.971855, -0.125613, 0.177676, 0.008920, -0.001699, 0.004193] 
Sphere 1, 23.0s, DBG: [FIB, 2, GEORGE, -6.417219, 0.101260, 3.081073, -0.013337, 0.377392, -0.072268, -28.081846, 0.174409, 3.154539, 0.005768, -0.029115, 0.141728] 
Sphere 1, 24.0s, DBG: [FIB, 0, TIME, 23] 
Sphere 1, 24.0s, DBG: [FIB, 1, FRED, -6.452739, -0.015046, -3.277524, -0.014232, -0.418028, 0.085887, -28.928329, -0.200889, 0.276624, 0.038655, -0.013027, -0.062882] 
Sphere 1, 24.0s, DBG: [FIB, 2, GEORGE, -6.402692, 0.072420, 3.157018, -0.008118, 0.347728, -0.064455, -28.012547, 0.133792, 3.310071, 0.005768, -0.034791, 0.107669] 
Sphere 1, 25.0s, DBG: [FIB, 0, TIME, 24] 
Sphere 1, 25.0s, DBG: [FIB, 1, FRED, -6.456980, 0.007314, -3.361095, -0.011195, -0.340626, 0.073022, -28.918585, -0.223540, 0.096348, -0.065419, -0.015859, -0.088035] 
Sphere 1, 25.0s, DBG: [FIB, 2, GEORGE, -6.395428, 0.046144, 3.243538, -0.008118, 0.316416, -0.061769, -28.076221, 0.120234, 3.210717, -0.052873, -0.031861, 0.132939] 
Sphere 1, 26.0s, DBG: [FIB, 0, TIME, 25] 
Sphere 1, 26.0s, DBG: [FIB, 1, FRED, -6.410485, 0.032429, -3.461068, -0.022135, -0.302102, 0.068235, -28.932301, -0.203440, 0.104900, 0.023787, -0.035683, -0.054498] 
Sphere 1, 26.0s, DBG: [FIB, 2, GEORGE, -6.419034, 0.019440, 3.331019, 0.000580, 0.290872, -0.057863, -28.204998, 0.072109, 3.004479, -0.052873, -0.051820, 0.098880] 
Sphere 1, 27.0s, DBG: [FIB, 0, TIME, 26] 
Sphere 1, 27.0s, DBG: [FIB, 1, FRED, -6.406643, 0.055959, -3.534210, -0.017147, -0.267660, 0.058021, -28.942661, -0.187828, 0.071938, 0.053523, -0.030019, -0.004191] 
Sphere 1, 27.0s, DBG: [FIB, 2, GEORGE, -6.397244, -0.002564, 3.384854, -0.005219, 0.257912, -0.046876, -28.254889, 0.069222, 2.911864, 0.035569, -0.034791, 0.090640] 
Sphere 1, 28.0s, GT: Mirror picked up 
Sphere 1, 28.0s, GT: score: 0.000000, energy: 3.134001, memorySize: 2 
Sphere 1, 28.0s, DBG: [FIB, 0, TIME, 27] 
Sphere 1, 28.0s, DBG: [FIB, 1, FRED, -6.383000, 0.083071, -3.589793, -0.017821, -0.254621, 0.047235, -28.947893, -0.178539, -0.090747, -0.005948, -0.038515, -0.020961] 
Sphere 1, 28.0s, DBG: [FIB, 2, GEORGE, -6.402692, -0.022217, 3.450224, -0.000000, 0.230720, -0.044923, -28.402557, 0.043350, 2.615782, -0.098056, -0.031861, 0.056581] 
Sphere 1, 29.0s, DBG: [FIB, 0, TIME, 28] 
Sphere 1, 29.0s, DBG: [FIB, 1, FRED, -6.375000, 0.103012, -3.627344, -0.014941, -0.214608, 0.037251, -28.899061, -0.245104, -0.215315, 0.023787, -0.044178, -0.062882] 
Sphere 1, 29.0s, DBG: [FIB, 2, GEORGE, -6.417219, -0.037385, 3.491562, 0.001740, 0.196112, -0.036378, -28.462496, 0.036503, 2.483436, 0.020188, -0.029115, 0.149968] 
Sphere 1, 30.0s, DBG: [FIB, 0, TIME, 29] 
Sphere 1, 30.0s, DBG: [FIB, 1, FRED, -6.378545, 0.114247, -3.687945, -0.008328, -0.160439, 0.036696, -28.922014, -0.213782, -0.222611, 0.023787, -0.049842, -0.012576] 
Sphere 1, 30.0s, DBG: [FIB, 2, GEORGE, -6.411771, -0.052553, 3.545396, -0.003479, 0.175512, -0.033692, -28.407663, 0.010909, 2.611277, -0.068255, -0.017762, 0.090640] 
Sphere 1, 31.0s, DBG: [FIB, 0, TIME, 30] 
Sphere 1, 31.0s, DBG: [FIB, 1, FRED, -6.361999, 0.143037, -3.688459, -0.044088, -0.405662, 0.004133, -28.844040, -0.285108, -0.535267, -0.050551, -0.027187, -0.104805] 
Sphere 1, 31.0s, DBG: [FIB, 2, GEORGE, -6.397244, -0.067721, 3.600192, -0.004639, 0.165624, -0.033692, -28.413916, -0.015913, 2.596381, -0.008652, -0.009339, 0.098880] 
Sphere 2, 32.0s, GT: Mirror picked up 
Sphere 2, 32.0s, GT: score: 0.000000, energy: 2.619202, memorySize: 2 
Sphere 1, 32.0s, DBG: [FIB, 0, TIME, 31] 
Sphere 1, 32.0s, DBG: [FIB, 1, FRED, -6.299919, 0.186833, -3.708329, -0.083879, -0.633906, -0.016809, -28.887844, -0.239962, -0.472698, -0.020816, -0.004531, -0.020961] 
Sphere 1, 32.0s, DBG: [FIB, 2, GEORGE, -6.388165, -0.082888, 3.620380, -0.003479, 0.154912, -0.025391, -28.365231, -0.021775, 2.701029, 0.020188, -0.017762, 0.082400] 
Sphere 1, 33.0s, DBG: [FIB, 0, TIME, 32] 
Sphere 1, 33.0s, DBG: [FIB, 1, FRED, -6.156076, 0.242897, -3.663352, -0.138748, -0.854573, -0.051744, -28.869051, -0.262690, -0.476515, 0.008920, 0.003965, 0.020961] 
Sphere 1, 33.0s, DBG: [FIB, 2, GEORGE, -6.422666, -0.092929, 3.661718, 0.007538, 0.131840, -0.025636, -28.421028, -0.055498, 2.571855, 0.005768, -0.009339, 0.082400] 
Sphere 1, 34.0s, DBG: [FIB, 0, TIME, 33] 
Sphere 1, 34.0s, DBG: [FIB, 1, FRED, -6.045552, 0.311397, -3.626922, -0.152777, -0.981383, -0.067197, -28.837666, -0.286339, -0.589198, 0.038655, 0.023788, -0.096421] 
Sphere 1, 34.0s, DBG: [FIB, 2, GEORGE, -6.420850, -0.103183, 3.660756, 0.002319, 0.112888, -0.015625, -28.386263, -0.128154, 2.601090, -0.008652, 0.013184, 0.175787] 
Sphere 1, 35.0s, DBG: [FIB, 0, TIME, 34] 
Sphere 1, 35.0s, DBG: [FIB, 1, FRED, -5.909294, 0.381391, -3.561961, -0.161004, -1.013651, -0.078582, -28.812168, -0.328068, -0.401437, -0.020816, 0.032284, -0.213801] 
Sphere 1, 35.0s, DBG: [FIB, 2, GEORGE, -6.359111, -0.126469, 3.679022, -0.048128, 0.356792, 0.005615, -28.423943, -0.134372, 2.507005, 0.035569, 0.013184, 0.201056] 
Sphere 1, 36.0s, DBG: [FIB, 0, TIME, 35] 
Sphere 1, 36.0s, DBG: [FIB, 1, FRED, -5.774463, 0.451787, -3.483027, -0.161935, -1.004296, -0.084926, -28.749594, -0.382512, -0.398021, 0.038655, 0.046444, -0.289261] 
Sphere 1, 36.0s, DBG: [FIB, 2, GEORGE, -6.328242, -0.160649, 3.645375, -0.076540, 0.568560, 0.031251, -28.403252, -0.177523, 2.504776, -0.008652, 0.018860, 0.336741] 
Sphere 1, 37.0s, DBG: [FIB, 0, TIME, 36] 
Sphere 1, 37.0s, DBG: [FIB, 1, FRED, -5.702402, 0.521920, -3.388175, -0.140458, -0.964557, -0.089046, -28.603157, -0.492056, -0.217178, -0.035683, 0.040781, -0.297645] 
Sphere 1, 37.0s, DBG: [FIB, 2, GEORGE, -6.250160, -0.211707, 3.635762, -0.112491, 0.782800, 0.048585, -28.259315, -0.250135, 2.707531, 0.065371, 0.021790, 0.421888] 
Sphere 1, 38.0s, DBG: [FIB, 0, TIME, 37] 
Sphere 1, 38.0s, DBG: [FIB, 1, FRED, -5.607827, 0.592052, -3.309331, -0.133932, -0.916811, -0.084380, -28.413036, -0.599945, 0.114997, 0.023787, 0.057772, -0.373106] 
Sphere 1, 38.0s, DBG: [FIB, 2, GEORGE, -6.110340, -0.275796, 3.601154, -0.145543, 0.913816, 0.062258, -28.170515, -0.322432, 2.748581, 0.005768, 0.035890, 0.396619] 
Sphere 1, 39.0s, DBG: [FIB, 0, TIME, 38] 
Sphere 1, 39.0s, DBG: [FIB, 1, FRED, -5.455738, 0.647882, -3.236109, -0.142384, -0.822347, -0.079611, -28.337614, -0.630157, 0.418914, 0.008920, 0.063436, -0.306031] 
Sphere 1, 39.0s, DBG: [FIB, 2, GEORGE, -5.990494, -0.338389, 3.534822, -0.154820, 0.941008, 0.072512, -27.953894, -0.419246, 2.943320, 0.020188, 0.058596, 0.345531] 
Sphere 1, 40.0s, DBG: [FIB, 0, TIME, 39] 
Sphere 1, 40.0s, DBG: [FIB, 1, FRED, -5.330846, 0.703521, -3.156752, -0.134514, -0.754623, -0.077729, -28.187721, -0.688813, 0.652137, 0.023787, 0.060604, -0.272492] 
Sphere 1, 40.0s, DBG: [FIB, 2, GEORGE, -5.937834, -0.406323, 3.445418, -0.136845, 0.949248, 0.079348, -27.625132, -0.538809, 3.191893, 0.020188, -0.006409, 0.277413] 
Sphere 1, 41.0s, DBG: [FIB, 0, TIME, 40] 
Sphere 1, 41.0s, DBG: [FIB, 1, FRED, -5.253565, 0.754175, -3.069874, -0.110658, -0.686002, -0.076708, -28.082916, -0.727244, 0.767168, -0.035683, 0.046444, -0.188649] 
Sphere 1, 41.0s, DBG: [FIB, 2, GEORGE, -5.901516, -0.467635, 3.338710, -0.122349, 0.903928, 0.083499, -27.601358, -0.556257, 3.175932, 0.095172, -0.048891, 0.141728] 
Sphere 1, 42.0s, DBG: [FIB, 0, TIME, 41] 
Sphere 1, 42.0s, DBG: [FIB, 1, FRED, -5.179049, 0.804071, -2.996033, -0.099999, -0.628800, -0.069567, -27.994848, -0.760351, 0.810019, -0.035683, 0.035116, -0.096421] 
Sphere 1, 42.0s, DBG: [FIB, 2, GEORGE, -5.792566, -0.531297, 3.273339, -0.132786, 0.866024, 0.075930, -27.528854, -0.606898, 3.129177, 0.049989, -0.060244, 0.056581] 
Sphere 1, 43.0s, DBG: [FIB, 0, TIME, 42] 
Sphere 1, 43.0s, DBG: [FIB, 1, FRED, -5.106182, 0.844391, -2.922269, -0.090899, -0.553176, -0.064318, -28.016197, -0.742581, 0.957756, -0.005948, 0.009629, -0.037730] 
Sphere 1, 43.0s, DBG: [FIB, 2, GEORGE, -5.643666, -0.593463, 3.194510, -0.143803, 0.816584, 0.071780, -27.718271, -0.600140, 2.799910, 0.035569, -0.074343, -0.036256] 
Sphere 1, 44.0s, DBG: [FIB, 0, TIME, 43] 
Sphere 1, 44.0s, DBG: [FIB, 1, FRED, -5.027644, 0.885452, -2.849778, -0.085250, -0.504160, -0.059681, -27.950531, -0.765208, 1.007577, -0.020816, 0.001133, 0.037730] 
Sphere 1, 44.0s, DBG: [FIB, 2, GEORGE, -5.492950, -0.649434, 3.115680, -0.144963, 0.756432, 0.067385, -27.712950, -0.598079, 2.818260, 0.020188, -0.062990, -0.061525] 
Sphere 1, 45.0s, DBG: [FIB, 0, TIME, 44] 
Sphere 1, 45.0s, DBG: [FIB, 1, FRED, -4.953612, 0.922815, -2.786952, -0.078884, -0.451976, -0.053431, -28.024405, -0.732056, 1.056586, -0.050551, -0.004531, 0.096421] 
Sphere 1, 45.0s, DBG: [FIB, 2, GEORGE, -5.393078, -0.703482, 3.063769, -0.128727, 0.700400, 0.057863, -27.790354, -0.612313, 2.597728, 0.035569, -0.051820, -0.028016] 
Sphere 1, 46.0s, DBG: [FIB, 0, TIME, 45] 
Sphere 1, 46.0s, DBG: [FIB, 1, FRED, -4.851614, 0.953774, -2.724264, -0.080499, -0.392218, -0.048820, -28.117447, -0.702850, 0.923915, 0.083258, -0.030019, 0.096421] 
Sphere 1, 46.0s, DBG: [FIB, 2, GEORGE, -5.285943, -0.753471, 2.992630, -0.115970, 0.639424, 0.056398, -27.926008, -0.562458, 2.518320, -0.023072, -0.046144, -0.121403] 
Sphere 1, 47.0s, DBG: [FIB, 0, TIME, 46] 
Sphere 1, 47.0s, DBG: [FIB, 1, FRED, -4.792128, 0.980801, -2.685132, -0.069288, -0.340649, -0.040345, -28.232288, -0.639754, 1.069564, -0.005948, -0.030019, 0.163496] 
Sphere 1, 47.0s, DBG: [FIB, 2, GEORGE, -5.157018, -0.793634, 2.945524, -0.113071, 0.561144, 0.049074, -27.973763, -0.552130, 2.450658, 0.049989, -0.043214, -0.121403] 
Sphere 1, 48.0s, DBG: [FIB, 0, TIME, 47] 
Sphere 1, 48.0s, DBG: [FIB, 1, FRED, -4.733165, 1.004508, -2.625171, -0.059964, -0.294373, -0.039568, -28.322521, -0.611665, 0.882315, -0.020816, -0.015859, 0.138343] 
Sphere 1, 48.0s, DBG: [FIB, 2, GEORGE, -5.049882, -0.835078, 2.881115, -0.100894, 0.511704, 0.051027, -28.114199, -0.504769, 2.318437, 0.035569, -0.026185, -0.146672] 
Sphere 1, 49.0s, DBG: [FIB, 0, TIME, 48] 
Sphere 1, 49.0s, DBG: [FIB, 1, FRED, -4.736823, 1.026716, -2.580652, -0.038803, -0.258211, -0.033988, -28.284405, -0.621700, 0.989788, 0.023787, -0.032851, 0.129959] 
Sphere 1, 49.0s, DBG: [FIB, 2, GEORGE, -5.015381, -0.869259, 2.793634, -0.074801, 0.454024, 0.052736, -28.254879, -0.476864, 2.069415, 0.049989, -0.017762, -0.171941] 
Sphere 1, 50.0s, GT: Score item picked up 
Sphere 1, 50.0s, GT: score: 1.500000, energy: 1.744101, memorySize: 2 
Sphere 1, 50.0s, DBG: [FIB, 0, TIME, 49] 
Sphere 1, 50.0s, DBG: [FIB, 1, FRED, -4.677368, 1.045840, -2.536339, -0.039104, -0.226839, -0.030700, -28.375366, -0.586598, 0.860471, -0.065419, -0.021523, 0.146728] 
Sphere 1, 50.0s, DBG: [FIB, 2, GEORGE, -4.930037, -0.904508, 2.742683, -0.074221, 0.416944, 0.046632, -28.399912, -0.431424, 1.847890, -0.052873, -0.006409, -0.104373] 
Sphere 1, 51.0s, DBG: [FIB, 0, TIME, 50] 
Sphere 1, 51.0s, DBG: [FIB, 1, FRED, -4.634179, 1.058868, -2.520219, -0.035838, -0.182050, -0.021986, -28.489937, -0.530639, 0.777934, -0.050551, -0.024355, 0.171880] 
Sphere 1, 51.0s, DBG: [FIB, 2, GEORGE, -4.864666, -0.937407, 2.709998, -0.064364, 0.378216, 0.039552, -28.351669, -0.432176, 1.990267, -0.112476, 0.016114, -0.163701] 
Sphere 1, 52.0s, DBG: [FIB, 0, TIME, 51] 
Sphere 1, 52.0s, DBG: [FIB, 1, FRED, -4.591895, 1.077086, -2.479063, -0.034323, -0.172673, -0.023933, -28.568954, -0.501310, 0.517127, 0.083258, -0.035683, 0.180264] 
Sphere 1, 52.0s, DBG: [FIB, 2, GEORGE, -4.788400, -0.961974, 2.665776, -0.059145, 0.322184, 0.035401, -28.456961, -0.354966, 1.971619, -0.052873, 0.007508, -0.129643] 
Sphere 1, 53.0s, DBG: [FIB, 0, TIME, 52] 
Sphere 1, 53.0s, DBG: [FIB, 1, FRED, -4.467952, 1.088342, -2.470199, -0.132916, -0.150463, -0.005823, -28.697151, -0.418782, 0.467010, 0.053523, -0.001699, 0.171880] 
Sphere 1, 53.0s, DBG: [FIB, 2, GEORGE, -4.708503, -0.986755, 2.621555, -0.063784, 0.291696, 0.034425, -28.488945, -0.368359, 1.826917, -0.098056, 0.018860, -0.104373] 
Sphere 1, 54.0s, DBG: [FIB, 0, TIME, 53] 
Sphere 1, 54.0s, DBG: [FIB, 1, FRED, -4.329522, 1.100991, -2.458707, -0.177339, -0.147816, 0.001587, -28.734945, -0.389572, 0.474686, -0.005948, -0.015859, 0.188649] 
Sphere 1, 54.0s, DBG: [FIB, 2, GEORGE, -4.659475, -1.009827, 2.588870, -0.049287, 0.260384, 0.030030, -28.567339, -0.317937, 1.757107, -0.098056, 0.013184, -0.146672] 
Sphere 2, 55.0s, GT: Score item picked up 
Sphere 2, 55.0s, GT: score: 1.500000, energy: 1.324702, memorySize: 2 
Sphere 1, 55.0s, DBG: [FIB, 0, TIME, 54] 
Sphere 1, 55.0s, DBG: [FIB, 1, FRED, -4.154475, 1.111272, -2.467238, -0.201035, -0.132954, 0.009659, -28.805325, -0.333793, 0.411308, -0.020816, -0.015859, 0.104805] 
Sphere 1, 55.0s, DBG: [FIB, 2, GEORGE, -4.603183, -1.026276, 2.562914, -0.045228, 0.214240, 0.026124, -28.482071, -0.264499, 2.157080, -0.082675, 0.024537, -0.095584] 
Sphere 1, 56.0s, DBG: [FIB, 0, TIME, 55] 
Sphere 1, 56.0s, DBG: [FIB, 1, FRED, -3.986286, 1.125061, -2.478108, -0.203496, -0.128910, 0.013179, -28.781561, -0.357506, 0.369314, -0.005948, -0.010195, 0.088037] 
Sphere 1, 56.0s, DBG: [FIB, 2, GEORGE, -4.585024, -1.045930, 2.526383, -0.034791, 0.202704, 0.025880, -28.499908, -0.294224, 2.033056, -0.038453, 0.004761, -0.095584] 
Sphere 1, 57.0s, DBG: [FIB, 0, TIME, 56] 
Sphere 1, 57.0s, DBG: [FIB, 1, FRED, -3.821193, 1.133716, -2.488770, -0.197788, -0.105945, 0.012303, -28.840422, -0.305714, 0.315939, 0.053523, -0.021523, 0.146728] 
Sphere 1, 57.0s, DBG: [FIB, 2, GEORGE, -4.532365, -1.058321, 2.502350, -0.034791, 0.162328, 0.022462, -28.615158, -0.244159, 1.822778, -0.052873, -0.006409, -0.112613] 
Sphere 1, 58.0s, DBG: [FIB, 0, TIME, 57] 
Sphere 1, 58.0s, DBG: [FIB, 1, FRED, -3.646191, 1.144714, -2.484258, -0.194146, -0.097646, 0.009826, -28.877993, -0.270372, 0.215351, -0.095154, -0.007363, 0.096421] 
Sphere 1, 58.0s, DBG: [FIB, 2, GEORGE, -4.448836, -1.068148, 2.501389, -0.117130, 0.147496, 0.004883, -28.620796, -0.206769, 1.889382, -0.023072, -0.006409, -0.112613] 
Sphere 1, 59.0s, DBG: [FIB, 0, TIME, 58] 
Sphere 1, 59.0s, DBG: [FIB, 1, FRED, -3.529324, 1.151321, -2.495864, -0.174390, -0.075572, 0.012128, -28.902386, -0.234916, 0.315546, 0.038655, -0.024355, 0.071268] 
Sphere 1, 59.0s, DBG: [FIB, 2, GEORGE, -4.339884, -1.080538, 2.498505, -0.153081, 0.144200, -0.003174, -28.705904, -0.211259, 1.600895, -0.052873, -0.031861, -0.061525] 
Sphere 1, 60.0s, DBG: [FIB, 0, TIME, 59] 
Sphere 1, 60.0s, DBG: [FIB, 1, FRED, -3.360574, 1.155581, -2.511378, -0.172991, -0.054732, 0.014043, -28.903728, -0.230637, 0.348412, -0.050551, -0.035683, -0.020961] 
Sphere 1, 60.0s, DBG: [FIB, 2, GEORGE, -4.180090, -1.092288, 2.498505, -0.181494, 0.136784, -0.006104, -28.691893, -0.194283, 1.691104, -0.038453, 0.001831, -0.019227] 
Sphere 1, 61.0s, DBG: [FIB, 0, TIME, 60] 
Sphere 1, 61.0s, DBG: [FIB, 1, FRED, -3.186802, 1.155967, -2.533444, -0.164336, -0.032640, 0.015595, -28.909674, -0.230700, 0.227531, 0.008920, -0.049842, 0.012577] 
Sphere 1, 61.0s, DBG: [FIB, 2, GEORGE, -4.034822, -1.102329, 2.509079, -0.182073, 0.123600, -0.008789, -28.644102, -0.178350, 1.872471, 0.109592, -0.000732, -0.028016] 
Sphere 1, 62.0s, GT: Score item picked up 
Sphere 1, 62.0s, GT: score: 3.000000, energy: 1.407202, memorySize: 2 
Sphere 1, 62.0s, DBG: [FIB, 0, TIME, 61] 
Sphere 1, 62.0s, DBG: [FIB, 1, FRED, -3.067069, 1.160745, -2.537333, -0.140551, -0.041637, 0.012767, -28.923170, -0.218037, 0.040637, -0.005948, -0.032851, -0.004191] 
Sphere 1, 62.0s, DBG: [FIB, 2, GEORGE, -3.880474, -1.111942, 2.501389, -0.180914, 0.110416, -0.006104, -28.681183, -0.152878, 1.802373, 0.049989, 0.004761, 0.014283] 
Sphere 1, 63.0s, DBG: [FIB, 0, TIME, 62] 
Sphere 1, 63.0s, DBG: [FIB, 1, FRED, -2.963068, 1.164586, -2.566608, -0.123340, -0.039222, 0.015423, -28.923603, -0.217370, -0.045270, -0.035683, -0.035683, 0.096421] 
Sphere 1, 63.0s, DBG: [FIB, 2, GEORGE, -3.756996, -1.121555, 2.507157, -0.169897, 0.100528, -0.008301, -28.653316, -0.142107, 1.901308, -0.008652, -0.014832, -0.061525] 
Sphere 1, 64.0s, DBG: [FIB, 0, TIME, 63] 
Sphere 1, 64.0s, DBG: [FIB, 1, FRED, -2.818420, 1.165781, -2.587042, -0.120136, -0.028160, 0.016422, -28.917706, -0.215174, -0.297317, -0.050551, -0.030019, -0.004191] 
Sphere 1, 64.0s, DBG: [FIB, 2, GEORGE, -3.602649, -1.127751, 2.503311, -0.165838, 0.079104, -0.006836, -28.717062, -0.169054, 1.651088, -0.112476, -0.017762, -0.019227] 
Sphere 1, 65.0s, DBG: [FIB, 0, TIME, 64] 
Sphere 1, 65.0s, DBG: [FIB, 1, FRED, -2.846223, 1.162498, -2.621151, 0.056481, 0.079164, 0.046051, -28.920881, -0.212556, -0.269302, 0.023787, -0.015859, 0.004193] 
Sphere 1, 65.0s, DBG: [FIB, 2, GEORGE, -3.422880, -1.137791, 2.527345, -0.166417, 0.086520, -0.012940, -28.779814, -0.165095, 1.424476, 0.065371, -0.026185, -0.078555] 
Sphere 1, 66.0s, DBG: [FIB, 0, TIME, 65] 
Sphere 1, 66.0s, DBG: [FIB, 1, FRED, -2.999463, 1.154906, -2.705843, 0.224483, 0.175100, 0.079374, -28.942043, -0.157872, -0.454817, -0.020816, -0.010195, 0.029346] 
Sphere 1, 66.0s, DBG: [FIB, 2, GEORGE, -3.303034, -1.141209, 2.536958, -0.146702, 0.063448, -0.013672, -28.789745, -0.150543, 1.418627, 0.049989, -0.012085, -0.087344] 
Sphere 1, 67.0s, DBG: [FIB, 0, TIME, 66] 
Sphere 1, 67.0s, DBG: [FIB, 1, FRED, -3.300558, 1.136862, -2.801647, 0.390788, 0.284790, 0.106258, -28.962160, -0.137903, -0.289187, -0.110022, -0.032851, 0.088037] 
Sphere 1, 67.0s, DBG: [FIB, 2, GEORGE, -3.188635, -1.147832, 2.529267, -0.128147, 0.062624, -0.010254, -28.836473, -0.137579, 1.235653, 0.035569, -0.020508, -0.104373] 
Sphere 1, 68.0s, DBG: [FIB, 0, TIME, 67] 
Sphere 1, 68.0s, DBG: [FIB, 1, FRED, -3.653554, 1.114839, -2.928504, 0.470377, 0.341373, 0.122297, -28.971367, -0.085977, -0.441388, 0.053523, -0.049842, 0.163496] 
Sphere 1, 68.0s, DBG: [FIB, 2, GEORGE, -3.057894, -1.149327, 2.554262, -0.122349, 0.042848, -0.013672, -28.883476, -0.078856, 1.106286, 0.079791, -0.020508, -0.197760] 
Sphere 2, 69.0s, GT: Score item picked up 
Sphere 2, 69.0s, GT: score: 3.000000, energy: 3.977602, memorySize: 2 
Sphere 1, 69.0s, DBG: [FIB, 0, TIME, 68] 
Sphere 1, 69.0s, DBG: [FIB, 1, FRED, -3.995044, 1.095567, -3.010535, 0.494788, 0.350282, 0.117107, -28.950920, -0.066526, -0.698892, 0.038655, -0.069666, 0.247340] 
Sphere 1, 69.0s, DBG: [FIB, 2, GEORGE, -2.994339, -1.155522, 2.560030, -0.103793, 0.046144, -0.012452, -28.897028, 0.002643, 1.090195, -0.023072, -0.048891, -0.214789] 
Sphere 1, 70.0s, DBG: [FIB, 0, TIME, 69] 
Sphere 1, 70.0s, DBG: [FIB, 1, FRED, -4.364786, 1.075453, -3.127752, 0.498153, 0.344669, 0.119551, -28.872578, 0.049876, -1.197986, 0.008920, -0.086658, 0.347953] 
Sphere 1, 70.0s, DBG: [FIB, 2, GEORGE, -2.899915, -1.157445, 2.580218, -0.096255, 0.033784, -0.014161, -28.910707, 0.068057, 0.971996, 0.079791, -0.068667, -0.291147] 
Sphere 1, 71.0s, DBG: [FIB, 0, TIME, 70] 
Sphere 1, 71.0s, DBG: [FIB, 1, FRED, -4.756639, 1.057444, -3.268327, 0.487928, 0.321171, 0.120946, -28.817656, 0.152811, -1.296197, 0.023787, -0.075330, 0.289262] 
Sphere 1, 71.0s, DBG: [FIB, 2, GEORGE, -2.803674, -1.154454, 2.615787, -0.088717, 0.011536, -0.018799, -28.947042, 0.164613, 0.315328, 0.079791, -0.077273, -0.325205] 
Sphere 1, 72.0s, GT: Not a good shot: my mirror's in the way | 
Sphere 1, 72.0s, DBG: [FIB, 0, TIME, 71] 
Sphere 1, 72.0s, DBG: [FIB, 1, FRED, -5.181279, 1.039266, -3.392735, 0.481962, 0.308238, 0.114981, -28.692898, 0.215658, -1.639225, 0.008920, -0.095154, 0.297647] 
Sphere 1, 72.0s, DBG: [FIB, 2, GEORGE, -2.787332, -1.147618, 2.654241, 0.055086, -0.184576, -0.053713, -28.904436, 0.241175, -0.066134, -0.023072, -0.068667, -0.418592] 
Sphere 1, 73.0s, GT: Not a good shot: my mirror's in the way | 
Sphere 1, 73.0s, DBG: [FIB, 0, TIME, 72] 
Sphere 1, 73.0s, DBG: [FIB, 1, FRED, -5.559999, 1.014948, -3.502558, 0.451979, 0.316790, 0.106224, -28.578787, 0.283330, -1.834747, -0.020816, -0.086658, 0.222187] 
Sphere 1, 73.0s, DBG: [FIB, 2, GEORGE, -2.907178, -1.130314, 2.709998, 0.194250, -0.358440, -0.083254, -28.838226, 0.310028, -0.245670, 0.049989, -0.051820, -0.274117] 
Sphere 1, 74.0s, GT: Not a good shot: my mirror's in the way | 
Sphere 1, 74.0s, DBG: [FIB, 0, TIME, 73] 
Sphere 1, 74.0s, DBG: [FIB, 1, FRED, -5.924456, 0.987425, -3.593821, 0.423311, 0.321747, 0.095647, -28.439800, 0.305944, -2.169923, 0.038655, -0.083826, 0.213803] 
Sphere 1, 74.0s, DBG: [FIB, 2, GEORGE, -3.079684, -1.101688, 2.815744, 0.303842, -0.524888, -0.113529, -28.789875, 0.352323, -0.312637, 0.049989, -0.060244, -0.223029] 
Sphere 1, 75.0s, GT: Not a good shot: my mirror's in the way | 
Sphere 1, 75.0s, DBG: [FIB, 0, TIME, 74] 
Sphere 1, 75.0s, DBG: [FIB, 1, FRED, -6.242252, 0.966552, -3.693217, 0.382233, 0.294128, 0.090743, -28.417532, 0.306127, -2.227294, -0.065419, -0.047010, 0.146728] 
Sphere 1, 75.0s, DBG: [FIB, 2, GEORGE, -3.348430, -1.057894, 2.946486, 0.384442, -0.667440, -0.132328, -28.758724, 0.365507, -0.530131, 0.005768, -0.040468, -0.053285] 
Sphere 1, 76.0s, GT: Not a good shot: my mirror's in the way | 
Sphere 1, 76.0s, DBG: [FIB, 0, TIME, 75] 
Sphere 1, 76.0s, DBG: [FIB, 1, FRED, -6.545242, 0.948873, -3.785688, 0.349502, 0.264945, 0.082644, -28.304268, 0.317722, -2.473066, -0.050551, -0.018691, -0.020961] 
Sphere 1, 76.0s, DBG: [FIB, 2, GEORGE, -3.671651, -1.010895, 3.068575, 0.422132, -0.726768, -0.135258, -28.771029, 0.337052, -0.715399, 0.035569, -0.012085, 0.082400] 
Sphere 1, 77.0s, GT: Not a good shot: my mirror's in the way | 
Sphere 1, 77.0s, DBG: [FIB, 0, TIME, 76] 
Sphere 1, 77.0s, DBG: [FIB, 1, FRED, -6.832080, 0.933130, -3.852913, 0.319433, 0.237212, 0.071714, -28.213820, 0.302210, -2.706263, -0.035683, 0.018125, -0.146726] 
Sphere 1, 77.0s, DBG: [FIB, 2, GEORGE, -3.976714, -0.955992, 3.216620, 0.428510, -0.758080, -0.139653, -28.824852, 0.283034, -0.724454, 0.049989, 0.013184, 0.166997] 
Sphere 1, 78.0s, GT: Not a good shot: my mirror's in the way | 
Sphere 1, 78.0s, DBG: [FIB, 0, TIME, 77] 
Sphere 1, 78.0s, DBG: [FIB, 1, FRED, -7.115151, 0.916233, -3.936086, 0.293101, 0.220812, 0.070089, -28.310358, 0.259971, -2.583269, -0.020816, 0.052108, -0.197033] 
Sphere 1, 78.0s, DBG: [FIB, 2, GEORGE, -4.292673, -0.901730, 3.353130, 0.419813, -0.758080, -0.135258, -28.875229, 0.235844, -0.630723, 0.065371, 0.044313, 0.226325] 
Sphere 1, 79.0s, GT: Not a good shot: my mirror's in the way | 
Sphere 1, 79.0s, DBG: [FIB, 0, TIME, 78] 
Sphere 1, 79.0s, DBG: [FIB, 1, FRED, -7.404437, 0.899997, -4.019458, 0.273425, 0.205021, 0.064703, -28.526926, 0.186783, -2.194020, -0.035683, 0.086092, -0.314415] 
Sphere 1, 79.0s, DBG: [FIB, 2, GEORGE, -4.630421, -0.855159, 3.494446, 0.414594, -0.712760, -0.131352, -28.905333, 0.237533, -0.195610, -0.008652, 0.047243, 0.379589] 
Sphere 2, 80.0s, GT: Not a good shot: Opposing mirror active -2.270938| 
Sphere 1, 80.0s, GT: Not a good shot: my mirror's in the way | 
Sphere 1, 80.0s, DBG: [FIB, 0, TIME, 79] 
Sphere 1, 80.0s, DBG: [FIB, 1, FRED, -7.571863, 0.885530, -4.105990, 0.223827, 0.182045, 0.061025, -28.652258, 0.114645, -1.944713, 0.068390, 0.086092, -0.339568] 
Sphere 1, 80.0s, DBG: [FIB, 2, GEORGE, -4.971801, -0.807092, 3.640568, 0.400678, -0.687216, -0.125736, -28.976011, 0.118719, 0.072791, -0.008652, 0.086795, 0.438917] 
Sphere 2, 81.0s, GT: Not a good shot: Opposing mirror active -2.248826| 
Sphere 1, 81.0s, GT: Not a good shot: my mirror's in the way | 
Sphere 1, 81.0s, DBG: [FIB, 0, TIME, 80] 
Sphere 1, 81.0s, DBG: [FIB, 1, FRED, -7.766406, 0.870072, -4.162112, 0.202138, 0.167756, 0.050574, -28.783527, 0.022493, -1.582435, -0.065419, 0.077596, -0.331183] 
Sphere 1, 81.0s, DBG: [FIB, 2, GEORGE, -5.295022, -0.758385, 3.768426, 0.376324, -0.657552, -0.116947, -28.966686, -0.008118, 0.617128, 0.035569, 0.112247, 0.498245] 
Sphere 2, 82.0s, GT: Not a good shot: Opposing mirror active -2.233293| 
Sphere 1, 82.0s, GT: Not a good shot: my mirror's in the way | 
Sphere 1, 82.0s, DBG: [FIB, 0, TIME, 81] 
Sphere 1, 82.0s, DBG: [FIB, 1, FRED, -7.971320, 0.858688, -4.231612, 0.187482, 0.142511, 0.046754, -28.867939, -0.065144, -1.206658, 0.008920, 0.083260, -0.306031] 
Sphere 1, 82.0s, DBG: [FIB, 2, GEORGE, -5.581927, -0.713736, 3.877056, 0.347911, -0.613880, -0.104740, -28.879101, -0.110710, 1.079518, 0.005768, 0.129276, 0.404859] 
Sphere 2, 83.0s, GT: Not a good shot: Opposing mirror active -2.220794| 
Sphere 1, 83.0s, GT: Not a good shot: my mirror's in the way | 
Sphere 1, 83.0s, DBG: [FIB, 0, TIME, 82] 
Sphere 1, 83.0s, DBG: [FIB, 1, FRED, -8.098584, 0.846351, -4.268867, 0.153963, 0.128582, 0.036828, -28.900124, -0.146539, -0.871124, 0.068390, 0.074764, -0.339568] 
Sphere 1, 83.0s, DBG: [FIB, 2, GEORGE, -5.886990, -0.668020, 3.984725, 0.326457, -0.581744, -0.096683, -28.799173, -0.187439, 1.290510, 0.005768, 0.126530, 0.353771] 
Sphere 2, 84.0s, GT: Not a good shot: Opposing mirror active -2.210291| 
Sphere 1, 84.0s, GT: Not a good shot: my mirror's in the way | 
Sphere 1, 84.0s, DBG: [FIB, 0, TIME, 83] 
Sphere 1, 84.0s, DBG: [FIB, 1, FRED, -8.239862, 0.838956, -4.329688, 0.137841, 0.102405, 0.036176, -28.894867, -0.220951, -0.553588, -0.005948, 0.066268, -0.322799] 
Sphere 1, 84.0s, DBG: [FIB, 2, GEORGE, -6.175710, -0.627430, 4.082782, 0.306742, -0.536424, -0.088137, -28.655262, -0.237981, 1.706163, 0.005768, 0.115177, 0.303232] 
Sphere 2, 85.0s, GT: Not a good shot: Opposing mirror active -2.202122| 
Sphere 1, 85.0s, DBG: [FIB, 0, TIME, 84] 
Sphere 1, 85.0s, DBG: [FIB, 1, FRED, -8.400996, 0.820249, -4.358722, 0.104574, 0.319844, 0.022542, -28.849686, -0.283390, -0.489257, -0.005948, 0.029452, -0.163496] 
Sphere 1, 85.0s, DBG: [FIB, 2, GEORGE, -6.377270, -0.583636, 4.212561, 0.265572, -0.510056, -0.088382, -28.542944, -0.276219, 1.961516, -0.112476, 0.075442, 0.294443] 
Sphere 2, 86.0s, GT: Not a good shot: Opposing mirror active -2.195616| 
Sphere 1, 86.0s, DBG: [FIB, 0, TIME, 85] 
Sphere 1, 86.0s, DBG: [FIB, 1, FRED, -8.449900, 0.787881, -4.391252, 0.060460, 0.461237, 0.017334, -28.794111, -0.336489, -0.514834, -0.035683, 0.020957, -0.247340] 
Sphere 1, 86.0s, DBG: [FIB, 2, GEORGE, -6.607883, -0.548173, 4.317347, 0.246437, -0.496872, -0.079348, -28.402651, -0.312144, 2.244922, -0.052873, 0.078372, 0.243355] 
Sphere 2, 87.0s, GT: Not a good shot: Opposing mirror active -2.189888| 
Sphere 1, 87.0s, DBG: [FIB, 0, TIME, 86] 
Sphere 1, 87.0s, DBG: [FIB, 1, FRED, -8.518076, 0.752868, -4.393937, 0.046239, 0.532323, 0.008687, -28.737947, -0.385470, -0.500369, -0.035683, 0.032284, -0.230571] 
Sphere 1, 87.0s, DBG: [FIB, 2, GEORGE, -6.796731, -0.508438, 4.399060, 0.222083, -0.513352, -0.068117, -28.237249, -0.354545, 2.528005, -0.008652, 0.069948, 0.209845] 
Sphere 1, 88.0s, DBG: [FIB, 0, TIME, 87] 
Sphere 1, 88.0s, DBG: [FIB, 1, FRED, -8.577315, 0.713466, -4.410973, 0.035635, 0.575908, 0.009002, -28.756222, -0.381617, -0.307738, 0.112993, 0.046444, -0.088035] 
Sphere 1, 88.0s, DBG: [FIB, 2, GEORGE, -7.011002, -0.468703, 4.466353, 0.206427, -0.529008, -0.057863, -28.135002, -0.368235, 2.714412, 0.020188, 0.049989, 0.149968] 
Sphere 1, 89.0s, DBG: [FIB, 0, TIME, 88] 
Sphere 1, 89.0s, DBG: [FIB, 1, FRED, -8.636020, 0.674013, -4.431623, 0.030143, 0.582287, 0.009866, -28.810942, -0.342002, 0.003372, 0.008920, 0.040781, -0.113189] 
Sphere 1, 89.0s, DBG: [FIB, 2, GEORGE, -7.203482, -0.430464, 4.537492, 0.191931, -0.548784, -0.052004, -28.140697, -0.405898, 2.602043, -0.008652, 0.058596, 0.115909] 
Sphere 1, 90.0s, DBG: [FIB, 0, TIME, 89] 
Sphere 1, 90.0s, DBG: [FIB, 1, FRED, -8.664681, 0.646279, -4.464998, 0.019111, 0.383956, 0.012557, -28.764336, -0.380039, 0.153254, 0.023787, 0.046444, -0.046114] 
Sphere 1, 90.0s, DBG: [FIB, 2, GEORGE, -7.417753, -0.388806, 4.588443, 0.180334, -0.557848, -0.043947, -27.952539, -0.422854, 2.937338, -0.023072, 0.049989, 0.090640] 
Sphere 1, 91.0s, DBG: [FIB, 0, TIME, 90] 
Sphere 1, 91.0s, DBG: [FIB, 1, FRED, -8.685314, 0.628001, -4.480675, 0.011684, 0.265537, 0.009228, -28.755285, -0.372695, 0.481558, -0.005948, 0.046444, -0.088035] 
Sphere 1, 91.0s, DBG: [FIB, 2, GEORGE, -7.599338, -0.352489, 4.640355, 0.160039, -0.515824, -0.040040, -27.927658, -0.412069, 3.009910, -0.052873, 0.055666, 0.073611] 
Sphere 1, 92.0s, DBG: [FIB, 0, TIME, 91] 
Sphere 1, 92.0s, DBG: [FIB, 1, FRED, -8.713301, 0.612702, -4.486595, 0.013122, 0.202003, 0.008075, -28.675850, -0.434878, 0.453535, 0.023787, 0.015293, -0.104805] 
Sphere 1, 92.0s, DBG: [FIB, 2, GEORGE, -7.695578, -0.315744, 4.682653, 0.125828, -0.473800, -0.034425, -27.860949, -0.413443, 3.128646, -0.068255, 0.041566, 0.098880] 
Sphere 1, 93.0s, DBG: [FIB, 0, TIME, 92] 
Sphere 1, 93.0s, DBG: [FIB, 1, FRED, -8.690342, 0.595861, -4.495360, 0.000835, 0.177830, 0.008011, -28.632509, -0.451509, 0.654249, -0.020816, 0.015293, -0.113189] 
Sphere 1, 93.0s, DBG: [FIB, 2, GEORGE, -7.839030, -0.280068, 4.737450, 0.118870, -0.434248, -0.033937, -27.704630, -0.422609, 3.375142, -0.038453, 0.035890, 0.115909] 
Sphere 1, 94.0s, DBG: [FIB, 0, TIME, 93] 
Sphere 1, 94.0s, DBG: [FIB, 1, FRED, -8.713362, 0.584459, -4.504901, 0.007841, 0.149444, 0.008049, -28.585155, -0.477367, 0.722108, 0.008920, 0.012461, -0.079651] 
Sphere 1, 94.0s, DBG: [FIB, 2, GEORGE, -7.951613, -0.248665, 4.777825, 0.102634, -0.395520, -0.030274, -27.748901, -0.395839, 3.363075, 0.005768, 0.027467, 0.115909] 
Sphere 1, 95.0s, DBG: [FIB, 0, TIME, 94] 
Sphere 1, 95.0s, DBG: [FIB, 1, FRED, -8.717637, 0.575259, -4.524686, 0.005442, 0.131412, 0.010567, -28.539537, -0.507510, 0.698353, -0.005948, 0.006797, -0.113189] 
Sphere 1, 95.0s, DBG: [FIB, 2, GEORGE, -8.055117, -0.224311, 4.810511, 0.093936, -0.345256, -0.026856, -27.764093, -0.444158, 3.220746, -0.008652, 0.001831, 0.149968] 
Sphere 1, 96.0s, DBG: [FIB, 0, TIME, 95] 
Sphere 1, 96.0s, DBG: [FIB, 1, FRED, -8.711870, 0.564925, -4.523633, 0.001225, 0.128633, 0.004480, -28.490999, -0.522934, 0.863428, 0.038655, -0.004531, -0.088035] 
Sphere 1, 96.0s, DBG: [FIB, 2, GEORGE, -8.138645, -0.194403, 4.846080, 0.075961, -0.332072, -0.024171, -27.454008, -0.538226, 3.477222, -0.052873, 0.030213, 0.166997] 
Sphere 1, 97.0s, DBG: [FIB, 0, TIME, 96] 
Sphere 1, 97.0s, DBG: [FIB, 1, FRED, -8.744601, 0.553969, -4.534299, 0.009244, 0.132139, 0.005472, -28.518602, -0.522949, 0.654934, -0.005948, 0.018125, -0.054498] 
Sphere 1, 97.0s, DBG: [FIB, 2, GEORGE, -8.167699, -0.168554, 4.865307, 0.053346, -0.306528, -0.018799, -27.552347, -0.547274, 3.287540, -0.038453, 0.004761, 0.124699] 
Sphere 1, 98.0s, DBG: [FIB, 0, TIME, 97] 
Sphere 1, 98.0s, DBG: [FIB, 1, FRED, -8.764975, 0.544894, -4.537554, 0.011688, 0.124126, 0.004792, -28.447460, -0.560003, 0.699896, 0.038655, -0.001699, -0.129958] 
Sphere 1, 98.0s, DBG: [FIB, 2, GEORGE, -8.198568, -0.150609, 4.879727, 0.042329, -0.264504, -0.012696, -27.632771, -0.516449, 3.245494, 0.065371, 0.004761, 0.115909] 
Sphere 1, 99.0s, DBG: [FIB, 0, TIME, 98] 
Sphere 1, 99.0s, DBG: [FIB, 1, FRED, -8.740126, 0.534385, -4.530685, 0.001523, 0.126499, 0.002273, -28.364956, -0.599383, 0.757922, -0.020816, 0.009629, -0.121573] 
Sphere 1, 99.0s, DBG: [FIB, 2, GEORGE, -8.240334, -0.128178, 4.906644, 0.041169, -0.257088, -0.013428, -27.590712, -0.516534, 3.315719, 0.049989, 0.018860, 0.082400] 
Sphere 1, 100.0s, DBG: [FIB, 0, TIME, 99] 
Sphere 1, 100.0s, DBG: [FIB, 1, FRED, -8.761520, 0.526701, -4.538538, 0.006079, 0.121794, 0.003832, -28.306101, -0.626137, 0.793107, 0.008920, -0.001699, -0.163496] 
Sphere 1, 100.0s, DBG: [FIB, 2, GEORGE, -8.273019, -0.108097, 4.916257, 0.038270, -0.241432, -0.010743, -27.530388, -0.529020, 3.379382, 0.020188, 0.013184, 0.141728] 
Sphere 1, 101.0s, DBG: [FIB, 0, TIME, 100] 
Sphere 1, 101.0s, DBG: [FIB, 1, FRED, -8.765113, 0.514941, -4.552077, 0.005520, 0.124629, 0.005654, -28.292038, -0.648347, 0.507335, 0.008920, 0.006797, -0.113189] 
Sphere 1, 101.0s, DBG: [FIB, 2, GEORGE, -8.322046, -0.088229, 4.949904, 0.046388, -0.230720, -0.014161, -27.411592, -0.579007, 3.420204, 0.035569, 0.001831, 0.124699] 
Sphere 1, 102.0s, DBG: [FIB, 0, TIME, 101] 
Sphere 1, 102.0s, DBG: [FIB, 1, FRED, -8.775669, 0.503437, -4.566344, 0.006240, 0.127624, 0.007471, -28.240444, -0.664205, 0.672824, -0.020816, 0.001133, -0.079651] 
Sphere 1, 102.0s, DBG: [FIB, 2, GEORGE, -8.369259, -0.070498, 4.942213, 0.036531, -0.208472, -0.004883, -27.163641, -0.638717, 3.612188, 0.065371, 0.013184, 0.124699] 
Sphere 1, 103.0s, GT: [103] attempting to take picture... 
Sphere 1, 103.0s, GT: [103] took picture (round 1) valued 2.16 points | 
Sphere 1, 103.0s, GT: [103] camera OFF | 
Sphere 1, 103.0s, DBG: [FIB, 0, TIME, 102] 
Sphere 1, 103.0s, DBG: [FIB, 1, FRED, -8.755068, 0.498219, -4.557290, -0.001175, 0.109473, 0.003768, -28.269468, -0.653573, 0.621457, 0.008920, 0.006797, 0.046114] 
Sphere 1, 103.0s, DBG: [FIB, 2, GEORGE, -8.472762, -0.056398, 4.960478, 0.043489, -0.188696, -0.005615, -26.985321, -0.689023, 3.705821, -0.052873, -0.006409, 0.082400] 
Sphere 1, 104.0s, DBG: [FIB, 0, TIME, 103] 
Sphere 1, 104.0s, DBG: [FIB, 1, FRED, -8.765918, 0.485375, -4.574366, 0.001581, 0.124939, 0.006259, -28.306702, -0.627068, 0.774745, -0.005948, -0.001699, -0.029346] 
Sphere 1, 104.0s, DBG: [FIB, 2, GEORGE, -8.500000, -0.040162, 4.967208, 0.025513, -0.183752, -0.003174, -26.916498, -0.701876, 3.762094, 0.005768, -0.023438, 0.005493] 
Sphere 1, 105.0s, DBG: [FIB, 0, TIME, 104] 
Sphere 1, 105.0s, DBG: [FIB, 1, FRED, -8.755377, 0.478538, -4.580949, -0.002112, 0.117965, 0.005925, -28.265038, -0.632737, 0.969423, -0.050551, -0.004531, -0.004191] 
Sphere 1, 105.0s, DBG: [FIB, 2, GEORGE, -8.516342, -0.028413, 4.973937, 0.015076, -0.160680, -0.001709, -27.023067, -0.702810, 3.601995, -0.052873, -0.017762, -0.010987] 
Sphere 2, 106.0s, GT: [106] attempting to take picture... 
Sphere 2, 106.0s, GT: Not a good shot: opponent in dark zone | 
Sphere 2, 106.0s, GT: [106] camera OFF | 
Sphere 1, 106.0s, DBG: [FIB, 0, TIME, 105] 
Sphere 1, 106.0s, DBG: [FIB, 1, FRED, -8.781151, 0.470939, -4.589124, 0.007699, 0.114539, 0.006103, -28.339411, -0.598031, 0.946525, -0.005948, -0.004531, 0.046114] 
Sphere 1, 106.0s, DBG: [FIB, 2, GEORGE, -8.579897, -0.019227, 4.997009, 0.018555, -0.148320, -0.005127, -27.048174, -0.712312, 3.527930, -0.068255, -0.020508, 0.005493] 
Sphere 1, 107.0s, GT: [107] camera ON | 
Sphere 1, 107.0s, GT: [107] attempting to take picture... 
Sphere 1, 107.0s, GT: [107] took picture (round 1) valued 2.15 points | 
Sphere 1, 107.0s, GT: [107] camera OFF | 
Sphere 1, 107.0s, DBG: [FIB, 0, TIME, 106] 
Sphere 1, 107.0s, DBG: [FIB, 1, FRED, -8.779045, 0.462867, -4.582092, 0.001493, 0.107966, 0.003523, -28.283072, -0.627194, 0.930601, 0.068390, -0.024355, -0.054498] 
Sphere 1, 107.0s, DBG: [FIB, 2, GEORGE, -8.588977, -0.006836, 5.012391, 0.005799, -0.143376, -0.005615, -27.057842, -0.685015, 3.612371, -0.112476, -0.012085, -0.010987] 
Sphere 1, 108.0s, DBG: [FIB, 0, TIME, 107] 
Sphere 1, 108.0s, DBG: [FIB, 1, FRED, -8.772804, 0.455226, -4.580712, 0.000490, 0.105674, 0.001787, -28.273504, -0.652942, 0.596482, -0.005948, -0.030019, -0.071267] 
Sphere 1, 108.0s, DBG: [FIB, 2, GEORGE, -8.605319, 0.009613, 5.002778, 0.004639, -0.154088, -0.001709, -26.871786, -0.725598, 3.740159, 0.005768, -0.006409, -0.002197] 
Sphere 1, 109.0s, DBG: [FIB, 0, TIME, 108] 
Sphere 1, 109.0s, DBG: [FIB, 1, FRED, -8.770268, 0.448361, -4.607040, -0.000141, 0.103374, 0.007046, -28.208300, -0.678769, 0.670853, 0.038655, -0.032851, -0.079651] 
Sphere 1, 109.0s, DBG: [FIB, 2, GEORGE, -8.618031, 0.019227, 4.986435, 0.002899, -0.137608, 0.002686, -26.968693, -0.733395, 3.568258, -0.038453, -0.029115, -0.087344] 
Sphere 2, 110.0s, GT: [110] camera ON | 
Sphere 2, 110.0s, GT: [110] attempting to take picture... 
Sphere 2, 110.0s, GT: [110] took picture (round 1) valued 2.15 points | 
Sphere 2, 110.0s, GT: [110] camera OFF | 
Sphere 1, 110.0s, DBG: [FIB, 0, TIME, 109] 
Sphere 1, 110.0s, DBG: [FIB, 1, FRED, -8.799490, 0.439826, -4.604100, 0.007442, 0.106748, 0.004815, -28.063374, -0.735415, -0.764567, -0.020816, -0.514284, -0.088035] 
Sphere 1, 110.0s, DBG: [FIB, 2, GEORGE, -8.592608, 0.028413, 5.000854, -0.002899, -0.135136, -0.000244, -27.057302, -0.699578, 3.562220, -0.023072, -0.029115, -0.078555] 
Sphere 1, 111.0s, GT: [111] camera ON | 
Sphere 1, 111.0s, DBG: [FIB, 0, TIME, 110] 
Sphere 1, 111.0s, DBG: [FIB, 1, FRED, -8.833828, 0.428319, -4.625258, 0.014107, 0.113002, 0.007956, -26.732904, -0.720290, -3.955799, -0.005948, -1.021205, -0.029346] 
Sphere 1, 111.0s, DBG: [FIB, 2, GEORGE, -8.621662, 0.039308, 4.999893, 0.004639, -0.130192, 0.000000, -27.013157, -0.727190, 3.525741, -0.023072, -0.023438, -0.036256] 
Sphere 1, 112.0s, DBG: [FIB, 0, TIME, 111] 
Sphere 1, 112.0s, DBG: [FIB, 1, FRED, -8.811942, 0.421632, -4.626097, -0.000875, 0.148199, 0.004602, -22.768894, -0.677003, -7.497729, -0.005948, -1.284577, -0.004191] 
Sphere 1, 112.0s, DBG: [FIB, 2, GEORGE, -8.618031, 0.046785, 4.997971, -0.001740, -0.120304, 0.001221, -27.101774, -0.717652, 3.421332, -0.038453, 0.001831, 0.014283] 
Sphere 1, 113.0s, DBG: [FIB, 0, TIME, 112] 
Sphere 1, 113.0s, DBG: [FIB, 1, FRED, -8.781994, 0.410239, -4.630670, -0.006886, 0.176288, 0.003752, -16.394405, -0.533515, -10.471114, -0.095154, -1.250594, 0.079652] 
Sphere 1, 113.0s, DBG: [FIB, 2, GEORGE, -8.618031, 0.057253, 4.999893, -0.001740, -0.125248, 0.000488, -27.131966, -0.686576, 3.494968, -0.008652, -0.009339, 0.014283] 
Sphere 2, 114.0s, GT: [114] camera ON | 
Sphere 2, 114.0s, GT: [114] attempting to take picture... 
Sphere 2, 114.0s, GT: Not a good shot: not facing the other satellite | 
Sphere 2, 114.0s, GT: [114] camera OFF | 
Sphere 1, 114.0s, DBG: [FIB, 0, TIME, 113] 
Sphere 1, 114.0s, DBG: [FIB, 1, FRED, -8.825723, 0.394674, -4.616330, 0.005611, 0.193201, -0.000999, -9.751037, -0.296792, -12.175344, -0.110022, -1.097668, 0.138343] 
Sphere 1, 114.0s, DBG: [FIB, 2, GEORGE, -8.603503, 0.063234, 5.014313, -0.005799, -0.114536, -0.002441, -27.083317, -0.670199, 3.627603, -0.038453, -0.006409, -0.019227] 
Sphere 1, 115.0s, DBG: [FIB, 0, TIME, 114] 
Sphere 1, 115.0s, DBG: [FIB, 1, FRED, -8.817227, 0.384396, -4.645204, 0.001963, 0.180103, 0.004971, -4.344527, -0.168903, -12.832433, -0.035683, -0.820136, 0.138343] 
Sphere 1, 115.0s, DBG: [FIB, 2, GEORGE, -8.610766, 0.077761, 5.005661, -0.004639, -0.139256, -0.000488, -27.047762, -0.679940, 3.646273, 0.005768, -0.003662, -0.087344] 
Sphere 1, 116.0s, DBG: [FIB, 0, TIME, 115] 
Sphere 1, 116.0s, DBG: [FIB, 1, FRED, -8.783682, 0.368487, -4.624819, -0.007394, 0.187561, -0.002193, 0.357383, -0.019665, -12.998735, -0.005948, -0.593579, 0.180264] 
Sphere 1, 116.0s, DBG: [FIB, 2, GEORGE, -8.585345, 0.084811, 5.001816, -0.008698, -0.127720, 0.000244, -27.165066, -0.653383, 3.559523, -0.038453, 0.001831, -0.061525] 
Sphere 1, 117.0s, GT: [117] trying to upload... 
Sphere 1, 117.0s, GT: [117] camera OFF | 
Sphere 1, 117.0s, GT: uploaded picture for 2.16 points | 
Sphere 1, 117.0s, GT: uploaded picture for 2.15 points | 
Sphere 1, 117.0s, DBG: [FIB, 0, TIME, 116] 
Sphere 1, 117.0s, DBG: [FIB, 1, FRED, -8.794998, 0.357042, -4.631846, -0.004599, 0.171393, 0.000481, 3.352027, 0.022112, -12.912510, -0.005948, -0.352862, 0.113189] 
Sphere 1, 117.0s, DBG: [FIB, 2, GEORGE, -8.561739, 0.098697, 4.985474, -0.012757, -0.149968, 0.003418, -27.416599, -0.601191, 3.338104, -0.023072, 0.001831, -0.028016] 
Sphere 2, 118.0s, GT: [118] camera ON | 
Sphere 2, 118.0s, GT: [118] attempting to take picture... 
Sphere 2, 118.0s, GT: [118] took picture (round 1) valued 2.15 points | 
Sphere 2, 118.0s, GT: [118] camera OFF | 
Sphere 1, 118.0s, DBG: [FIB, 0, TIME, 117] 
Sphere 1, 118.0s, DBG: [FIB, 1, FRED, -8.789817, 0.344045, -4.661751, -0.005821, 0.165371, 0.006470, 4.152389, 0.123993, -12.854824, -0.065419, -0.157457, 0.029346] 
Sphere 1, 118.0s, DBG: [FIB, 2, GEORGE, -8.559923, 0.106815, 4.988358, -0.009857, -0.140080, 0.001953, -27.289068, -0.659253, 3.344346, -0.008652, 0.016114, -0.010987] 
Sphere 1, 119.0s, DBG: [FIB, 0, TIME, 118] 
Sphere 1, 119.0s, DBG: [FIB, 1, FRED, -8.781804, 0.330610, -4.655851, -0.006393, 0.162579, 0.001881, 5.080216, 0.079002, -12.794394, -0.065419, -0.030019, -0.037730] 
Sphere 1, 119.0s, DBG: [FIB, 2, GEORGE, -8.588977, 0.118564, 4.996048, -0.000000, -0.143376, 0.000000, -27.184748, -0.684645, 3.417890, 0.005768, -0.000732, -0.028016] 
Sphere 1, 120.0s, DBG: [FIB, 0, TIME, 119] 
Sphere 1, 120.0s, DBG: [FIB, 1, FRED, -8.747635, 0.320454, -4.638508, -0.012859, 0.150696, -0.002070, 1.924740, 0.002691, -12.971330, -0.050551, 0.488230, -0.046114] 
Sphere 1, 120.0s, DBG: [FIB, 2, GEORGE, -8.509079, 0.128605, 4.980666, -0.018555, -0.141728, 0.002930, -26.539932, -0.659681, 4.389716, 0.005768, 0.483413, 0.294443] 
Sphere 1, 121.0s, GT: [121] camera ON | 
Sphere 1, 121.0s, DBG: [FIB, 0, TIME, 120] 
Sphere 1, 121.0s, DBG: [FIB, 1, FRED, -8.764971, 0.311770, -4.642564, -0.006160, 0.133225, -0.000430, -5.425393, -0.144157, -12.755189, -0.095154, 0.995151, -0.138342] 
Sphere 1, 121.0s, DBG: [FIB, 2, GEORGE, -8.525422, 0.136937, 4.996048, -0.006378, -0.135136, -0.001465, -23.752380, -0.659205, 6.887963, -0.008652, 0.970489, 0.507035] 
Sphere 2, 122.0s, GT: [122] camera ON | 
Sphere 2, 122.0s, GT: [122] attempting to take picture... 
Sphere 2, 122.0s, GT: Not a good shot: not facing the other satellite | 
Sphere 2, 122.0s, GT: [122] camera OFF | 
Sphere 1, 122.0s, DBG: [FIB, 0, TIME, 121] 
Sphere 1, 122.0s, DBG: [FIB, 1, FRED, -8.786793, 0.299666, -4.610232, -0.000731, 0.126222, -0.006732, -13.901617, -0.304314, -11.332530, -0.154625, 1.326490, -0.113189] 
Sphere 1, 122.0s, DBG: [FIB, 2, GEORGE, -8.430998, 0.150395, 4.986435, -0.024934, -0.152440, 0.000977, -18.976398, -0.474459, 9.611912, 0.065371, 1.100681, 0.558123] 
Sphere 1, 123.0s, DBG: [FIB, 0, TIME, 122] 
Sphere 1, 123.0s, DBG: [FIB, 1, FRED, -8.813984, 0.292873, -4.625045, 0.007662, 0.100046, 0.001085, -21.066961, -0.536189, -8.626465, -0.110022, 1.357642, -0.104805] 
Sphere 1, 123.0s, DBG: [FIB, 2, GEORGE, -8.440077, 0.160436, 4.970092, -0.006378, -0.147496, 0.004883, -12.246244, -0.288669, 11.716569, 0.079791, 1.032746, 0.532304] 
Sphere 1, 124.0s, GT: [124] attempting to take picture... 
Sphere 1, 124.0s, GT: [124] took picture (round 1) valued 2.16 points | 
Sphere 1, 124.0s, GT: [124] camera OFF | 
Sphere 1, 124.0s, DBG: [FIB, 0, TIME, 123] 
Sphere 1, 124.0s, DBG: [FIB, 1, FRED, -8.795247, 0.281130, -4.634448, -0.001918, 0.101458, 0.002143, -25.866829, -0.650301, -5.157906, -0.124889, 1.210380, -0.121573] 
Sphere 1, 124.0s, DBG: [FIB, 2, GEORGE, -8.474578, 0.174535, 4.947020, 0.007538, -0.148320, 0.007324, -6.374082, -0.111912, 12.671953, -0.023072, 0.834437, 0.430677] 
Sphere 2, 125.0s, GT: [125] trying to upload... 
Sphere 2, 125.0s, GT: [125] camera OFF | 
Sphere 2, 125.0s, GT: uploaded picture for 2.15 points | 
Sphere 2, 125.0s, GT: uploaded picture for 2.15 points | 
Sphere 1, 125.0s, DBG: [FIB, 0, TIME, 124] 
Sphere 1, 125.0s, DBG: [FIB, 1, FRED, -8.719082, 0.275633, -4.632521, -0.020450, 0.076649, 0.001443, -28.081221, -0.618310, -1.833045, -0.139757, 0.932848, -0.046114] 
Sphere 1, 125.0s, DBG: [FIB, 2, GEORGE, -8.494553, 0.184576, 4.960478, 0.010437, -0.145848, 0.003418, -3.313059, -0.121570, 12.903664, 0.109592, 0.341685, 0.141728] 
Sphere 1, 126.0s, DBG: [FIB, 0, TIME, 125] 
Sphere 1, 126.0s, DBG: [FIB, 1, FRED, -8.749970, 0.271875, -4.654014, -0.000685, 0.061584, 0.006043, -28.321033, -0.643812, 0.193927, -0.080286, 0.660980, -0.155110] 
Sphere 1, 126.0s, DBG: [FIB, 2, GEORGE, -8.509079, 0.193121, 4.949904, 0.011597, -0.138432, 0.004395, -3.493092, -0.111061, 12.895917, -0.008652, -0.136784, -0.070315] 
Sphere 1, 127.0s, DBG: [FIB, 0, TIME, 126] 
Sphere 1, 127.0s, DBG: [FIB, 1, FRED, -8.737859, 0.269304, -4.642798, -0.002762, 0.048035, 0.002140, -27.984346, -0.697330, 1.580925, -0.124889, 0.414599, -0.071267] 
Sphere 1, 127.0s, DBG: [FIB, 2, GEORGE, -8.543580, 0.203589, 4.945097, 0.013337, -0.124424, 0.003906, -4.619232, -0.165431, 12.813226, -0.008652, -0.136784, -0.087344] 
Sphere 1, 128.0s, GT: [128] camera ON | 
Sphere 1, 128.0s, GT: [128] attempting to take picture... 
Sphere 1, 128.0s, GT: [128] took picture (round 1) valued 2.15 points | 
Sphere 1, 128.0s, GT: [128] camera OFF | 
Sphere 1, 128.0s, DBG: [FIB, 0, TIME, 127] 
Sphere 1, 128.0s, DBG: [FIB, 1, FRED, -8.737859, 0.266453, -4.659989, -0.000980, 0.039690, 0.004775, -27.619946, -0.688515, 2.607753, -0.139757, 0.213530, -0.046114] 
Sphere 1, 128.0s, DBG: [FIB, 2, GEORGE, -8.565371, 0.211493, 4.965285, 0.007538, -0.109592, -0.001709, -8.303946, -0.199305, 12.424917, 0.065371, -0.637959, -0.282907] 
Sphere 2, 129.0s, GT: [129] camera ON | 
Sphere 1, 129.0s, DBG: [FIB, 0, TIME, 128] 
Sphere 1, 129.0s, DBG: [FIB, 1, FRED, -8.758465, 0.259148, -4.661918, 0.006226, 0.052762, 0.003854, -27.649328, -0.663141, 2.667974, -0.154625, 0.057772, -0.071267] 
Sphere 1, 129.0s, DBG: [FIB, 2, GEORGE, -8.558107, 0.216407, 4.972014, -0.001740, -0.080752, -0.002197, -13.637117, -0.366269, 11.361841, 0.035569, -0.892850, -0.401563] 
Sphere 1, 130.0s, DBG: [FIB, 0, TIME, 129] 
Sphere 1, 130.0s, DBG: [FIB, 1, FRED, -8.735700, 0.258648, -4.652086, -0.002274, 0.027280, 0.000847, -27.572077, -0.681508, 2.740728, -0.139757, -0.032851, -0.054498] 
Sphere 1, 130.0s, DBG: [FIB, 2, GEORGE, -8.490920, 0.224311, 4.973937, -0.020295, -0.085696, -0.000488, -18.932549, -0.508957, 9.596445, 0.079791, -0.938078, -0.401563] 
Sphere 1, 131.0s, DBG: [FIB, 0, TIME, 130] 
Sphere 1, 131.0s, DBG: [FIB, 1, FRED, -8.753733, 0.255777, -4.650221, 0.001701, 0.023536, 0.000193, -28.095066, -0.680068, 1.303067, -0.124889, -0.539772, -0.029346] 
Sphere 1, 131.0s, DBG: [FIB, 2, GEORGE, -8.469131, 0.231361, 4.979705, -0.013916, -0.081576, -0.000488, -23.196985, -0.590978, 7.369145, 0.079791, -0.850368, -0.325205] 
Sphere 2, 132.0s, GT: [132] attempting to take picture... 
Sphere 1, 132.0s, GT: [132] camera ON | 
Sphere 2, 132.0s, GT: [132] took picture (round 1) valued 2.15 points | 
Sphere 2, 132.0s, GT: [132] camera OFF | 
Sphere 1, 132.0s, DBG: [FIB, 0, TIME, 131] 
Sphere 1, 132.0s, DBG: [FIB, 1, FRED, -8.764252, 0.250837, -4.639571, 0.003981, 0.030447, -0.002178, -27.781170, -0.759064, -1.757228, -0.124889, -1.035365, 0.104805] 
Sphere 1, 132.0s, DBG: [FIB, 2, GEORGE, -8.516342, 0.240120, 4.987396, 0.005799, -0.079104, -0.002197, -25.827900, -0.660313, 5.171504, 0.109592, -0.674764, -0.214789] 
Sphere 1, 133.0s, DBG: [FIB, 0, TIME, 132] 
Sphere 1, 133.0s, DBG: [FIB, 1, FRED, -8.742837, 0.248507, -4.662572, -0.003107, 0.022580, 0.002780, -24.553545, -0.712185, -6.190882, -0.065419, -1.355376, 0.238955] 
Sphere 1, 133.0s, DBG: [FIB, 2, GEORGE, -8.490920, 0.247383, 4.976821, -0.001740, -0.072512, 0.001221, -27.114962, -0.686673, 3.519877, 0.049989, -0.490738, -0.121403] 
Sphere 1, 134.0s, DBG: [FIB, 0, TIME, 133] 
Sphere 1, 134.0s, DBG: [FIB, 1, FRED, -8.704413, 0.246380, -4.670957, -0.012364, 0.015129, 0.003613, -19.022997, -0.582417, -9.482157, -0.095154, -1.375200, 0.339569] 
Sphere 1, 134.0s, DBG: [FIB, 2, GEORGE, -8.483657, 0.251869, 4.971053, -0.004059, -0.057680, 0.002441, -27.679092, -0.715543, 2.328211, 0.035569, -0.309458, -0.028016] 
Sphere 1, 135.0s, DBG: [FIB, 0, TIME, 134] 
Sphere 1, 135.0s, DBG: [FIB, 1, FRED, -8.722039, 0.245589, -4.687433, -0.001599, 0.012744, 0.005942, -11.814247, -0.397097, -11.746955, -0.080286, -1.205282, 0.306031] 
Sphere 1, 135.0s, DBG: [FIB, 2, GEORGE, -8.461867, 0.256996, 4.976821, -0.007538, -0.052736, 0.000977, -27.916386, -0.707419, 1.727623, 0.109592, -0.147954, 0.022523] 
Sphere 2, 136.0s, GT: [136] camera ON | 
Sphere 2, 136.0s, GT: [136] attempting to take picture... 
Sphere 2, 136.0s, GT: [136] took picture (round 1) valued 2.16 points | 
Sphere 2, 136.0s, GT: [136] camera OFF | 
Sphere 1, 136.0s, DBG: [FIB, 0, TIME, 135] 
Sphere 1, 136.0s, DBG: [FIB, 1, FRED, -8.705151, 0.246614, -4.652766, -0.006270, 0.006020, -0.003942, -5.507259, -0.137518, -12.749514, -0.050551, -0.919254, 0.339569] 
Sphere 1, 136.0s, DBG: [FIB, 2, GEORGE, -8.445524, 0.256142, 4.983551, -0.004059, -0.030488, 0.000000, -28.084209, -0.686164, 1.289353, 0.109592, -0.040468, 0.082400] 
Sphere 1, 137.0s, DBG: [FIB, 0, TIME, 136] 
Sphere 1, 137.0s, DBG: [FIB, 1, FRED, -8.704756, 0.248041, -4.661423, -0.004819, -0.002483, 0.000092, -1.105905, 0.007551, -12.990505, -0.095154, -0.664378, 0.188649] 
Sphere 1, 137.0s, DBG: [FIB, 2, GEORGE, -8.461867, 0.262764, 4.977782, -0.000000, -0.042024, 0.000732, -27.751604, -0.789181, 1.593015, -0.008652, 0.038636, 0.098880] 
Sphere 1, 138.0s, DBG: [FIB, 0, TIME, 137] 
Sphere 1, 138.0s, DBG: [FIB, 1, FRED, -8.649488, 0.243543, -4.670214, -0.018021, 0.012915, 0.002117, 2.691529, 0.091231, -12.937849, -0.035683, -0.434989, 0.121575] 
Sphere 1, 138.0s, DBG: [FIB, 2, GEORGE, -8.492737, 0.263192, 4.983551, 0.009857, -0.022248, -0.000244, -27.205124, -0.801216, 2.862974, 0.035569, 0.525712, 0.201056] 
Sphere 1, 139.0s, GT: [139] trying to upload... 
Sphere 1, 139.0s, GT: [139] camera OFF | 
Sphere 1, 139.0s, GT: uploaded picture for 2.16 points | 
Sphere 1, 139.0s, GT: uploaded picture for 2.15 points | 
Sphere 1, 139.0s, DBG: [FIB, 0, TIME, 138] 
Sphere 1, 139.0s, DBG: [FIB, 1, FRED, -8.654814, 0.245049, -4.649394, -0.009394, -0.002706, -0.003806, 4.021360, 0.134202, -12.861267, -0.005948, -0.219760, 0.088037] 
Sphere 1, 139.0s, DBG: [FIB, 2, GEORGE, -8.534501, 0.270455, 4.992203, 0.012757, -0.039552, -0.000977, -24.805124, -0.786299, 5.807681, 0.065371, 1.015717, 0.345531] 
Sphere 2, 140.0s, GT: [140] camera ON | 
Sphere 1, 140.0s, DBG: [FIB, 0, TIME, 139] 
Sphere 1, 140.0s, DBG: [FIB, 1, FRED, -8.682430, 0.244138, -4.646403, -0.000587, -0.000033, -0.002929, 4.488735, 0.217882, -12.808578, 0.008920, -0.072498, 0.079652] 
Sphere 1, 140.0s, DBG: [FIB, 2, GEORGE, -8.516342, 0.269601, 4.975860, 0.003479, -0.019776, 0.003418, -20.177004, -0.620943, 8.940357, 0.124973, 1.188391, 0.421888] 
Sphere 1, 141.0s, DBG: [FIB, 0, TIME, 140] 
Sphere 1, 141.0s, DBG: [FIB, 1, FRED, -8.677398, 0.242184, -4.670391, -0.002896, 0.005900, 0.003135, 4.499518, 0.202139, -12.812666, -0.005948, 0.018125, -0.037730] 
Sphere 1, 141.0s, DBG: [FIB, 2, GEORGE, -8.485473, 0.270882, 4.981627, -0.004639, -0.018952, 0.001709, -13.610996, -0.467983, 11.297444, 0.198996, 1.114780, 0.421888] 
Sphere 1, 142.0s, DBG: [FIB, 0, TIME, 141] 
Sphere 1, 142.0s, DBG: [FIB, 1, FRED, -8.680779, 0.245743, -4.676803, -0.001839, -0.008426, 0.003516, 1.045476, 0.127570, -12.979782, -0.005948, 0.525045, -0.138342] 
Sphere 1, 142.0s, DBG: [FIB, 2, GEORGE, -8.500000, 0.273232, 4.977782, 0.002899, -0.018128, 0.003174, -7.460296, -0.332769, 12.478818, 0.184576, 0.928007, 0.269173] 
Sphere 1, 143.0s, GT: [143] camera ON | 
Sphere 2, 143.0s, GT: [143] trying to upload... 
Sphere 2, 143.0s, GT: [143] camera OFF | 
Sphere 2, 143.0s, GT: uploaded picture for 2.15 points | 
Sphere 2, 143.0s, GT: uploaded picture for 2.16 points | 
Sphere 1, 143.0s, DBG: [FIB, 0, TIME, 142] 
Sphere 1, 143.0s, DBG: [FIB, 1, FRED, -8.707062, 0.246659, -4.678195, 0.005686, -0.009359, 0.003127, -5.280264, -0.069417, -12.779154, -0.020816, 1.020638, -0.289261] 
Sphere 1, 143.0s, DBG: [FIB, 2, GEORGE, -8.507263, 0.275155, 4.993164, 0.004639, -0.021424, -0.000488, -3.643685, -0.202388, 12.866449, 0.169195, 0.415296, 0.107669] 
Sphere 1, 144.0s, DBG: [FIB, 0, TIME, 143] 
Sphere 1, 144.0s, DBG: [FIB, 1, FRED, -8.713663, 0.246939, -4.664366, 0.005813, -0.007028, -0.001814, -13.833097, -0.262549, -11.368935, -0.035683, 1.332154, -0.415027] 
Sphere 1, 144.0s, DBG: [FIB, 2, GEORGE, -8.536317, 0.274514, 4.967208, 0.010437, -0.012360, 0.004639, -3.455175, -0.209136, 12.874970, 0.020188, -0.074343, -0.036256] 
Sphere 1, 145.0s, DBG: [FIB, 0, TIME, 144] 
Sphere 1, 145.0s, DBG: [FIB, 1, FRED, -8.721984, 0.249093, -4.670541, 0.006670, -0.012867, -0.000208, -21.187479, -0.503176, -8.604467, -0.050551, 1.394457, -0.373106] 
Sphere 1, 145.0s, DBG: [FIB, 2, GEORGE, -8.558107, 0.276864, 4.964324, 0.014496, -0.017304, 0.003906, -3.950479, -0.228494, 12.839872, 0.005768, -0.074343, -0.053285] 
Sphere 1, 146.0s, DBG: [FIB, 0, TIME, 145] 
Sphere 1, 146.0s, DBG: [FIB, 1, FRED, -8.689437, 0.246718, -4.682302, -0.005155, -0.001457, 0.001457, -25.785273, -0.695315, -5.129633, -0.035683, 1.207548, -0.389874] 
Sphere 1, 146.0s, DBG: [FIB, 2, GEORGE, -8.532685, 0.276009, 4.946058, 0.004639, -0.009888, 0.007324, -6.754203, -0.288614, 12.579477, 0.020188, -0.564348, -0.163701] 
Sphere 2, 147.0s, GT: [147] camera ON | 
Sphere 1, 147.0s, DBG: [FIB, 0, TIME, 146] 
Sphere 1, 147.0s, DBG: [FIB, 1, FRED, -8.685908, 0.247065, -4.690536, -0.004128, -0.002399, 0.003002, -27.555824, -0.803671, -2.069952, 0.068390, 0.966831, -0.339568] 
Sphere 1, 147.0s, DBG: [FIB, 2, GEORGE, -8.543580, 0.278146, 4.935484, 0.008698, -0.009888, 0.005127, -12.338115, -0.408665, 11.629524, -0.023072, -0.904202, -0.231819] 
Sphere 1, 148.0s, DBG: [FIB, 0, TIME, 147] 
Sphere 1, 148.0s, DBG: [FIB, 1, FRED, -8.696121, 0.247117, -4.672725, 0.000282, -0.003915, -0.001516, -28.077257, -0.749160, 0.211688, -0.020816, 0.663812, -0.213801] 
Sphere 1, 148.0s, DBG: [FIB, 2, GEORGE, -8.547212, 0.278359, 4.938368, 0.005219, -0.005768, 0.001709, -17.844383, -0.567498, 9.947697, -0.038453, -0.963713, -0.197760] 
Sphere 1, 149.0s, DBG: [FIB, 0, TIME, 148] 
Sphere 1, 149.0s, DBG: [FIB, 1, FRED, -8.709644, 0.246286, -4.664468, 0.004937, 0.000791, -0.002644, -27.855162, -0.743006, 1.647275, 0.023787, 0.406103, -0.213801] 
Sphere 1, 149.0s, DBG: [FIB, 2, GEORGE, -8.556292, 0.281350, 4.926832, 0.006958, -0.013184, 0.004151, -22.555725, -0.670544, 7.635242, 0.035569, -0.906949, -0.231819] 
Sphere 1, 150.0s, DBG: [FIB, 0, TIME, 149] 
Sphere 1, 150.0s, DBG: [FIB, 1, FRED, -8.751417, 0.250951, -4.650268, 0.010696, -0.019260, -0.005081, -27.357880, -0.816897, 2.463036, 0.023787, 0.202202, -0.171880] 
Sphere 1, 150.0s, DBG: [FIB, 2, GEORGE, -8.514526, 0.280709, 4.944136, -0.003479, -0.001648, 0.000732, -25.546751, -0.734393, 5.264448, 0.109592, -0.717246, -0.121403] 
Sphere 1, 151.0s, DBG: [FIB, 0, TIME, 150] 
Sphere 1, 151.0s, DBG: [FIB, 1, FRED, -8.710942, 0.252823, -4.664322, -0.003869, -0.009429, -0.000625, -27.312038, -0.809076, 2.609395, 0.038655, 0.054940, -0.096421] 
Sphere 1, 151.0s, DBG: [FIB, 2, GEORGE, -8.552660, 0.282846, 4.960478, 0.007538, -0.009064, -0.002686, -26.874559, -0.781571, 3.518412, 0.079791, -0.510514, -0.121403] 
Sphere 1, 152.0s, DBG: [FIB, 0, TIME, 151] 
Sphere 1, 152.0s, DBG: [FIB, 1, FRED, -8.699564, 0.252900, -4.674530, -0.004294, -0.001269, 0.001399, -27.429014, -0.775160, 2.555601, 0.008920, -0.024355, -0.029346] 
Sphere 1, 152.0s, DBG: [FIB, 2, GEORGE, -8.547212, 0.281350, 4.960478, 0.000580, 0.004944, -0.001465, -27.416874, -0.799115, 2.438188, 0.035569, -0.329234, -0.070315] 
Sphere 1, 153.0s, DBG: [FIB, 0, TIME, 152] 
Sphere 1, 153.0s, DBG: [FIB, 1, FRED, -8.703760, 0.250142, -4.659373, -0.000910, 0.006850, -0.002259, -27.428265, -0.805156, 2.376820, 0.068390, -0.075330, -0.054498] 
Sphere 1, 153.0s, DBG: [FIB, 2, GEORGE, -8.579897, 0.280709, 4.951827, 0.007538, 0.007416, 0.000488, -27.731998, -0.777975, 1.756413, 0.035569, -0.162236, -0.104373] 
Sphere 1, 154.0s, DBG: [FIB, 0, TIME, 153] 
Sphere 1, 154.0s, DBG: [FIB, 1, FRED, -8.705802, 0.246646, -4.665296, 0.001647, 0.015681, -0.000844, -27.428656, -0.827855, 2.224618, -0.020816, -0.095154, -0.054498] 
Sphere 1, 154.0s, DBG: [FIB, 2, GEORGE, -8.599872, 0.280496, 4.951827, 0.006378, 0.001648, 0.000488, -27.757433, -0.788186, 1.579196, 0.079791, -0.074343, -0.070315] 
Sphere 1, 155.0s, DBG: [FIB, 0, TIME, 154] 
Sphere 1, 155.0s, DBG: [FIB, 1, FRED, -8.700380, 0.251481, -4.685170, -0.001254, -0.009637, 0.003224, -27.570251, -0.798096, 2.071851, 0.023787, -0.092322, 0.079652] 
Sphere 1, 155.0s, DBG: [FIB, 2, GEORGE, -8.539948, 0.281350, 4.949904, -0.013337, 0.000000, 0.000977, -27.819185, -0.779793, 1.435568, 0.079791, -0.003662, -0.036256] 
Sphere 1, 156.0s, DBG: [FIB, 0, TIME, 155] 
Sphere 1, 156.0s, DBG: [FIB, 1, FRED, -8.678727, 0.249850, -4.673480, -0.006183, -0.001341, -0.000006, -27.753397, -0.765051, 1.796243, 0.098126, -0.109313, 0.029346] 
Sphere 1, 156.0s, DBG: [FIB, 2, GEORGE, -8.561739, 0.281564, 4.959517, -0.002319, -0.001648, -0.000732, -27.880547, -0.731439, 1.653007, 0.065371, 0.047243, -0.036256] 
Sphere 1, 157.0s, DBG: [FIB, 0, TIME, 156] 
Sphere 1, 157.0s, DBG: [FIB, 1, FRED, -8.713508, 0.249776, -4.667199, 0.003326, -0.000851, -0.001634, -27.708694, -0.808430, 1.562978, 0.008920, -0.083826, 0.046114] 
Sphere 1, 157.0s, DBG: [FIB, 2, GEORGE, -8.599872, 0.284341, 4.950865, 0.008698, -0.001648, 0.000977, -27.847626, -0.701624, 1.977604, 0.020188, 0.038636, 0.014283] 
Sphere 1, 158.0s, DBG: [FIB, 0, TIME, 157] 
Sphere 1, 158.0s, DBG: [FIB, 1, FRED, -8.697681, 0.248571, -4.684759, -0.000408, 0.003153, 0.002496, -27.873587, -0.778387, 1.223274, 0.038655, -0.092322, 0.020961] 
Sphere 1, 158.0s, DBG: [FIB, 2, GEORGE, -8.519975, 0.281137, 4.943174, -0.010437, 0.007416, 0.001709, -27.900621, -0.681522, 1.957742, 0.095172, 0.032960, 0.082400] 
Sphere 1, 159.0s, DBG: [FIB, 0, TIME, 158] 
Sphere 1, 159.0s, DBG: [FIB, 1, FRED, -8.699028, 0.248117, -4.676959, 0.000443, 0.004853, 0.000403, -27.944788, -0.775911, 0.877524, 0.023787, -0.097986, 0.071268] 
Sphere 1, 159.0s, DBG: [FIB, 2, GEORGE, -8.569002, 0.281137, 4.939329, 0.004059, 0.006592, 0.001709, -27.789684, -0.709172, 2.086462, 0.035569, 0.049989, 0.115909] 
Sphere 1, 160.0s, GT: [160] attempting to take picture... 
Sphere 1, 160.0s, GT: [160] took picture (round 1) valued 2.15 points | 
Sphere 1, 160.0s, GT: [160] camera OFF | 
Sphere 1, 160.0s, DBG: [FIB, 0, TIME, 159] 
Sphere 1, 160.0s, DBG: [FIB, 1, FRED, -8.699791, 0.246943, -4.673896, 0.000018, 0.007076, -0.000561, -27.908829, -0.800043, 0.677827, -0.005948, -0.058338, 0.054500] 
Sphere 1, 160.0s, DBG: [FIB, 2, GEORGE, -8.561739, 0.281137, 4.937407, -0.000000, 0.004944, 0.001465, -27.618263, -0.766349, 2.165161, 0.095172, 0.041566, 0.124699] 
Sphere 1, 161.0s, DBG: [FIB, 0, TIME, 160] 
Sphere 1, 161.0s, DBG: [FIB, 1, FRED, -8.676063, 0.248098, -4.701254, -0.005899, 0.000629, 0.005268, -27.888861, -0.806169, 0.706140, 0.053523, -0.018691, 0.046114] 
Sphere 1, 161.0s, DBG: [FIB, 2, GEORGE, -8.569002, 0.282205, 4.943174, 0.001160, 0.001648, 0.000000, -27.428686, -0.795710, 2.432683, 0.095172, 0.047243, 0.107669] 
Sphere 1, 162.0s, DBG: [FIB, 0, TIME, 161] 
Sphere 1, 162.0s, DBG: [FIB, 1, FRED, -8.673053, 0.249140, -4.685651, -0.004341, -0.002606, 0.000888, -27.947311, -0.794281, 0.447228, 0.068390, -0.021523, 0.046114] 
Sphere 1, 162.0s, DBG: [FIB, 2, GEORGE, -8.592608, 0.281564, 4.937407, 0.004639, -0.001648, 0.001709, -27.233599, -0.831421, 2.639738, 0.049989, 0.047243, 0.022523] 
Sphere 1, 163.0s, DBG: [FIB, 0, TIME, 162] 
Sphere 1, 163.0s, DBG: [FIB, 1, FRED, -8.679930, 0.249290, -4.701952, -0.001312, -0.002057, 0.003725, -27.862509, -0.788122, -1.155036, 0.083258, -0.542603, 0.104805] 
Sphere 1, 163.0s, DBG: [FIB, 2, GEORGE, -8.572634, 0.279214, 4.930677, 0.000580, 0.005768, 0.002197, -27.303259, -0.823690, 2.536851, 0.049989, 0.052919, 0.039552] 
Sphere 1, 164.0s, GT: [164] camera ON | 
Sphere 2, 164.0s, GT: [164] attempting to take picture... 
Sphere 2, 164.0s, GT: Not a good shot: opponent in dark zone | 
Sphere 2, 164.0s, GT: [164] camera OFF | 
Sphere 1, 164.0s, DBG: [FIB, 0, TIME, 163] 
Sphere 1, 164.0s, DBG: [FIB, 1, FRED, -8.671301, 0.252171, -4.700798, -0.002212, -0.010200, 0.002572, -26.574903, -0.708552, -4.201884, 0.053523, -1.052356, 0.197034] 
Sphere 1, 164.0s, DBG: [FIB, 2, GEORGE, -8.579897, 0.280496, 4.925870, 0.001160, -0.003296, 0.002441, -27.321230, -0.801267, 2.631116, 0.139393, 0.041566, 0.005493] 
Sphere 1, 165.0s, DBG: [FIB, 0, TIME, 164] 
Sphere 1, 165.0s, DBG: [FIB, 1, FRED, -8.631942, 0.250690, -4.710307, -0.011586, 0.004198, 0.003969, -22.608892, -0.587849, -7.732551, 0.053523, -1.287409, 0.230571] 
Sphere 1, 165.0s, DBG: [FIB, 2, GEORGE, -8.534501, 0.281777, 4.919141, -0.008118, -0.007416, 0.002930, -27.431305, -0.745889, 2.708523, 0.049989, 0.047243, -0.002197] 
Sphere 1, 166.0s, DBG: [FIB, 0, TIME, 165] 
Sphere 1, 166.0s, DBG: [FIB, 1, FRED, -8.678368, 0.249849, -4.710183, 0.005919, 0.003965, 0.003794, -15.999881, -0.472083, -10.647646, 0.112993, -1.281745, 0.205419] 
Sphere 1, 166.0s, DBG: [FIB, 2, GEORGE, -8.523606, 0.283700, 4.930677, -0.005219, -0.013184, -0.000244, -27.359022, -0.769546, 2.730170, 0.035569, 0.030213, 0.031312] 
Sphere 1, 167.0s, DBG: [FIB, 0, TIME, 166] 
Sphere 1, 167.0s, DBG: [FIB, 1, FRED, -8.685986, 0.255759, -4.694810, 0.004848, -0.016095, -0.001371, -8.816053, -0.228933, -12.344933, 0.023787, -1.075012, 0.222187] 
Sphere 1, 167.0s, DBG: [FIB, 2, GEORGE, -8.547212, 0.286477, 4.924909, -0.000000, -0.012360, -0.000488, -27.077240, -0.834989, 2.926319, 0.020188, 0.032960, 0.056581] 
Sphere 2, 168.0s, GT: [168] camera ON | 
Sphere 2, 168.0s, GT: [168] attempting to take picture... 
Sphere 2, 168.0s, GT: Not a good shot: opponent in dark zone | 
Sphere 2, 168.0s, GT: [168] camera OFF | 
Sphere 1, 168.0s, DBG: [FIB, 0, TIME, 167] 
Sphere 1, 168.0s, DBG: [FIB, 1, FRED, -8.678907, 0.253739, -4.716971, 0.002218, 0.000477, 0.003477, -3.455008, -0.085530, -12.902088, 0.008920, -0.805976, 0.171880] 
Sphere 1, 168.0s, DBG: [FIB, 2, GEORGE, -8.594424, 0.281991, 4.925870, 0.008118, 0.020600, 0.000000, -26.920881, -0.837825, 3.188877, 0.005768, 0.007508, -0.061525] 
Sphere 1, 169.0s, DBG: [FIB, 0, TIME, 168] 
Sphere 1, 169.0s, DBG: [FIB, 1, FRED, -8.713687, 0.251845, -4.721615, 0.011076, 0.005981, 0.002270, 0.820289, 0.034964, -12.993916, 0.068390, -0.545435, 0.188649] 
Sphere 1, 169.0s, DBG: [FIB, 2, GEORGE, -8.614398, 0.282418, 4.922987, 0.005799, 0.016480, 0.000977, -27.144329, -0.825276, 2.851071, -0.038453, -0.023438, -0.053285] 
Sphere 1, 170.0s, GT: [170] trying to upload... 
Sphere 1, 170.0s, GT: [170] camera OFF | 
Sphere 1, 170.0s, GT: uploaded picture for 2.15 points | 
Sphere 1, 170.0s, DBG: [FIB, 0, TIME, 169] 
Sphere 1, 170.0s, DBG: [FIB, 1, FRED, -8.671515, 0.253719, -4.704040, -0.003572, -0.007590, -0.002268, 3.103563, 0.068548, -12.921929, 0.008920, -0.321711, 0.138343] 
Sphere 1, 170.0s, DBG: [FIB, 2, GEORGE, -8.612582, 0.287332, 4.909528, 0.003479, -0.001648, 0.003174, -27.101433, -0.863990, 2.716451, -0.052873, -0.017762, -0.019227] 
Sphere 1, 171.0s, DBG: [FIB, 0, TIME, 170] 
Sphere 1, 171.0s, DBG: [FIB, 1, FRED, -8.675716, 0.249486, -4.702164, -0.001591, 0.013077, -0.001504, 4.293171, 0.133414, -12.843754, 0.023787, -0.148961, 0.104805] 
Sphere 1, 171.0s, DBG: [FIB, 2, GEORGE, -8.588977, 0.281991, 4.919141, -0.002319, 0.014008, 0.000732, -27.255304, -0.839302, 2.546868, 0.020188, -0.009339, -0.036256] 
Sphere 2, 172.0s, GT: [172] camera ON | 
Sphere 2, 172.0s, GT: [172] attempting to take picture... 
Sphere 2, 172.0s, GT: [172] took picture (round 1) valued 2.15 points | 
Sphere 2, 172.0s, GT: [172] camera OFF | 
Sphere 1, 172.0s, DBG: [FIB, 0, TIME, 171] 
Sphere 1, 172.0s, DBG: [FIB, 1, FRED, -8.661743, 0.247777, -4.715457, -0.004816, 0.010205, 0.002012, 4.080341, 0.195590, -12.842741, 0.053523, -0.021523, 0.046114] 
Sphere 1, 172.0s, DBG: [FIB, 2, GEORGE, -8.550844, 0.281564, 4.929716, -0.013916, 0.006592, -0.001221, -27.320545, -0.830100, 2.462772, 0.005768, -0.014832, -0.061525] 
Sphere 1, 173.0s, DBG: [FIB, 0, TIME, 172] 
Sphere 1, 173.0s, DBG: [FIB, 1, FRED, -8.697026, 0.247538, -4.711000, 0.004391, 0.006319, 0.000708, 1.267086, 0.138677, -12.973677, 0.023787, 0.471238, -0.071267] 
Sphere 1, 173.0s, DBG: [FIB, 2, GEORGE, -8.545396, 0.282418, 4.922025, -0.007538, 0.000824, 0.000488, -27.387926, -0.734024, 2.852699, -0.023072, -0.012085, -0.078555] 
Sphere 1, 174.0s, GT: [174] camera ON | 
Sphere 1, 174.0s, DBG: [FIB, 0, TIME, 173] 
Sphere 1, 174.0s, DBG: [FIB, 1, FRED, -8.713306, 0.250252, -4.724905, 0.008007, -0.006277, 0.003691, -5.566302, -0.048967, -12.756519, -0.020816, 0.986655, -0.129958] 
Sphere 1, 174.0s, DBG: [FIB, 2, GEORGE, -8.558107, 0.278146, 4.918180, -0.002319, 0.014832, 0.001221, -26.699169, -0.730088, 3.965163, -0.008652, 0.483413, -0.078555] 
Sphere 1, 175.0s, DBG: [FIB, 0, TIME, 174] 
Sphere 1, 175.0s, DBG: [FIB, 1, FRED, -8.710619, 0.247746, -4.715471, 0.005599, 0.003277, -0.000850, -13.421239, -0.192681, -11.493718, -0.050551, 1.323658, -0.255724] 
Sphere 1, 175.0s, DBG: [FIB, 2, GEORGE, -8.572634, 0.276009, 4.910489, 0.001160, 0.017304, 0.002686, -24.437666, -0.658473, 6.390062, -0.038453, 0.993011, -0.036256] 
Sphere 2, 176.0s, GT: [176] camera ON | 
Sphere 2, 176.0s, GT: [176] attempting to take picture... 
Sphere 2, 176.0s, GT: Not a good shot: not facing the other satellite | 
Sphere 2, 176.0s, GT: [176] camera OFF | 
Sphere 1, 176.0s, DBG: [FIB, 0, TIME, 175] 
Sphere 1, 176.0s, DBG: [FIB, 1, FRED, -8.739221, 0.248004, -4.731390, 0.011234, 0.003507, 0.002828, -20.738720, -0.505556, -8.818880, 0.023787, 1.351978, -0.289261] 
Sphere 1, 176.0s, DBG: [FIB, 2, GEORGE, -8.567186, 0.274728, 4.920103, -0.002319, 0.018128, 0.000488, -19.660294, -0.556326, 9.246396, -0.023072, 1.148839, -0.028016] 
Sphere 1, 177.0s, GT: [177] attempting to take picture... 
Sphere 1, 177.0s, GT: [177] took picture (round 1) valued 2.15 points | 
Sphere 1, 177.0s, GT: [177] camera OFF | 
Sphere 1, 177.0s, DBG: [FIB, 0, TIME, 176] 
Sphere 1, 177.0s, DBG: [FIB, 1, FRED, -8.747222, 0.248420, -4.725816, 0.008551, 0.001147, -0.000548, -25.691076, -0.670732, -5.283762, -0.020816, 1.207548, -0.272492] 
Sphere 1, 177.0s, DBG: [FIB, 2, GEORGE, -8.549027, 0.273659, 4.908566, -0.006378, 0.016480, 0.002686, -13.372885, -0.365489, 11.425027, 0.049989, 1.083651, -0.044496] 
Sphere 1, 178.0s, DBG: [FIB, 0, TIME, 177] 
Sphere 1, 178.0s, DBG: [FIB, 1, FRED, -8.757736, 0.249110, -4.722828, 0.007491, -0.002308, -0.001135, -27.622236, -0.758498, -2.207564, -0.005948, 0.955503, -0.197033] 
Sphere 1, 178.0s, DBG: [FIB, 2, GEORGE, -8.578081, 0.276864, 4.887417, 0.004059, 0.002472, 0.004395, -7.193677, -0.161570, 12.573408, 0.005768, 0.899625, -0.078555] 
Sphere 2, 179.0s, GT: [179] trying to upload... 
Sphere 2, 179.0s, GT: [179] camera OFF | 
Sphere 2, 179.0s, GT: uploaded picture for 2.15 points | 
Sphere 1, 179.0s, DBG: [FIB, 0, TIME, 178] 
Sphere 1, 179.0s, DBG: [FIB, 1, FRED, -8.712301, 0.245844, -4.703563, -0.007220, 0.010496, -0.004729, -28.111313, -0.736668, -0.093800, 0.008920, 0.658148, -0.129958] 
Sphere 1, 179.0s, DBG: [FIB, 2, GEORGE, -8.534501, 0.276437, 4.898953, -0.006958, 0.004944, 0.001465, -3.373029, -0.069875, 12.907696, 0.035569, 0.375744, -0.053285] 
Sphere 1, 180.0s, DBG: [FIB, 0, TIME, 179] 
Sphere 1, 180.0s, DBG: [FIB, 1, FRED, -8.730836, 0.246344, -4.684556, -0.001344, 0.007183, -0.007183, -27.944841, -0.775912, 0.877168, 0.008920, 0.165387, -0.088035] 
Sphere 1, 180.0s, DBG: [FIB, 2, GEORGE, -8.487288, 0.275796, 4.919141, -0.016816, 0.004120, -0.002930, -3.564951, -0.061239, 12.898390, 0.020188, -0.131108, -0.002197] 
Sphere 1, 186.0s, GT: GAME ENDED! Final Score Float: 14.43535328 / Integer: 150 | Test Result 151 | 
Sphere 2, 186.0s, GT: GAME ENDED! Final Score Float: 14.38241673 / Integer: 140 | Test Result 141 | 