Sphere 1, 0.0s, DBG: Hello from SHA-2468! 
Sphere 2, 0.0s, DBG: Invalid picture 0.000000 
Sphere 1, 0.0s, DBG: [FIB, 0, TIME, 0] 
Sphere 1, 0.0s, DBG: [FIB, 1, FRED, -6.762159, -1.205570, 0.006251, -0.014169, 0.006572, -0.001669, -0.095235, 2.999241, -0.289176, -0.005948, 0.003965, -0.029346] 
Sphere 1, 0.0s, DBG: [FIB, 2, GEORGE, -6.780389, 1.203589, -0.012497, 0.001160, -0.001648, 0.000244, 0.384026, -2.999393, -0.182425, -0.038453, 0.001831, -0.002197] 
Sphere 2, 1.0s, DBG: Invalid picture 0.000000 
Sphere 1, 1.0s, DBG: [FIB, 0, TIME, 0] 
Sphere 1, 1.0s, DBG: [FIB, 1, FRED, -6.770055, -1.204546, 0.025250, -0.009381, 0.003008, -0.004910, -0.128604, 2.999563, -0.214243, 0.023787, -0.001699, 0.012577] 
Sphere 1, 1.0s, DBG: [FIB, 2, GEORGE, -6.776757, 1.202948, -0.019227, -0.000000, 0.000824, 0.001709, 0.232357, -2.998780, -0.320397, -0.008652, -0.003662, -0.019227] 
Sphere 2, 2.0s, DBG: Invalid picture 0.000000 
Sphere 1, 2.0s, DBG: [FIB, 0, TIME, 1] 
Sphere 1, 2.0s, DBG: [FIB, 1, FRED, -6.795953, -1.187706, -0.005729, 0.014749, -0.249036, 0.035543, -2.384714, 2.989751, -0.099728, 0.038655, -0.013027, -0.666560] 
Sphere 1, 2.0s, DBG: [FIB, 2, GEORGE, -6.807627, 1.192480, -0.002884, 0.019715, 0.203528, -0.026856, -2.382363, -2.989105, -0.268163, -0.038453, 0.001831, -1.276650] 
Sphere 2, 3.0s, DBG: Invalid picture 0.000000 
Sphere 1, 3.0s, DBG: [FIB, 0, TIME, 2] 
Sphere 1, 3.0s, DBG: [FIB, 1, FRED, -6.868490, -1.160062, -0.083796, 0.045220, -0.477490, 0.076614, -5.279471, 2.949523, -0.195288, -0.020816, -0.004531, -1.345696] 
Sphere 1, 3.0s, DBG: [FIB, 2, GEORGE, -6.793100, 1.172613, 0.048067, 0.021455, 0.386456, -0.057863, -8.068369, -2.879413, -0.466728, -0.038453, -0.000732, -2.559343] 
Sphere 2, 4.0s, DBG: Invalid picture 0.000000 
Sphere 1, 4.0s, DBG: [FIB, 0, TIME, 3] 
Sphere 1, 4.0s, DBG: [FIB, 1, FRED, -6.891936, -1.116844, -0.184780, 0.053178, -0.706884, 0.113368, -9.828684, 2.822154, -0.175714, 0.068390, -0.015859, -1.932604] 
Sphere 1, 4.0s, DBG: [FIB, 2, GEORGE, -6.820338, 1.137150, 0.135548, 0.034791, 0.591632, -0.089602, -15.421589, -2.540087, -0.184842, -0.038453, -0.000732, -3.561876] 
Sphere 2, 5.0s, DBG: Invalid picture 0.000000 
Sphere 1, 5.0s, DBG: [FIB, 0, TIME, 4] 
Sphere 1, 5.0s, DBG: [FIB, 1, FRED, -7.004239, -1.051861, -0.333343, 0.083912, -0.964479, 0.153932, -15.343402, 2.545104, -0.240891, 0.008920, -0.001699, -2.536281] 
Sphere 1, 5.0s, DBG: [FIB, 2, GEORGE, -6.923841, 1.091220, 0.220145, 0.062624, 0.730064, -0.104984, -22.253677, -1.922631, -0.258453, -0.052873, -0.026185, -3.715140] 
Sphere 2, 6.0s, DBG: Invalid picture 1.000000 
Sphere 1, 6.0s, DBG: [FIB, 0, TIME, 5] 
Sphere 1, 6.0s, DBG: [FIB, 1, FRED, -7.061081, -0.993308, -0.493667, 0.079096, -0.923984, 0.151251, -20.963850, 2.071157, -0.366709, -0.005948, -0.013027, -3.349567] 
Sphere 1, 6.0s, DBG: [FIB, 2, GEORGE, -6.961974, 1.040376, 0.320124, 0.059145, 0.800928, -0.116459, -26.522812, -1.208125, -0.458502, -0.038453, 0.001831, -3.188330] 
Sphere 2, 7.0s, DBG: Invalid picture 1.000000 
Sphere 1, 7.0s, DBG: [FIB, 0, TIME, 6] 
Sphere 1, 7.0s, DBG: [FIB, 1, FRED, -7.129013, -0.933804, -0.654311, 0.077552, -0.894518, 0.149398, -25.613873, 1.401591, -0.523171, 0.053523, -0.007363, -3.366337] 
Sphere 1, 7.0s, DBG: [FIB, 2, GEORGE, -6.985580, 0.983337, 0.423948, 0.058565, 0.857784, -0.121586, -28.379986, -0.609171, -0.406165, -0.008652, 0.018860, -2.313242] 
Sphere 2, 8.0s, DBG: Invalid picture 1.000000 
Sphere 1, 8.0s, DBG: [FIB, 0, TIME, 7] 
Sphere 1, 8.0s, DBG: [FIB, 1, FRED, -7.138206, -0.877772, -0.785219, 0.062711, -0.863009, 0.142084, -28.068491, 0.744791, -0.515968, 0.038655, -0.021523, -2.754275] 
Sphere 1, 8.0s, DBG: [FIB, 2, GEORGE, -7.045503, 0.917753, 0.535462, 0.066103, 0.907224, -0.125248, -28.903988, -0.229145, -0.355147, -0.052873, 0.013184, -1.514511] 
Sphere 2, 9.0s, DBG: Invalid picture 1.000000 
Sphere 1, 9.0s, DBG: [FIB, 0, TIME, 8] 
Sphere 1, 9.0s, DBG: [FIB, 1, FRED, -7.180736, -0.817587, -0.934208, 0.059690, -0.852747, 0.139864, -28.835052, 0.307781, -0.371856, 0.023787, -0.007363, -1.949372] 
Sphere 1, 9.0s, DBG: [FIB, 2, GEORGE, -7.119953, 0.856441, 0.690237, 0.072481, 0.917936, -0.135258, -28.997267, -0.031429, -0.026868, -0.038453, 0.021790, -0.979461] 
Sphere 2, 10.0s, DBG: Invalid picture 1.000000 
Sphere 1, 10.0s, DBG: [FIB, 0, TIME, 9] 
Sphere 1, 10.0s, DBG: [FIB, 1, FRED, -7.268405, -0.755552, -1.053549, 0.068289, -0.848920, 0.132185, -28.980608, -0.060840, -0.395577, 0.068390, -0.021523, -1.328927] 
Sphere 1, 10.0s, DBG: [FIB, 2, GEORGE, -7.250694, 0.794061, 0.856548, 0.092776, 0.922056, -0.140873, -28.942244, 0.185852, 0.089373, -0.023072, 0.013184, -0.588336] 
Sphere 2, 11.0s, DBG: Invalid picture 1.000000 
Sphere 1, 11.0s, DBG: [FIB, 0, TIME, 10] 
Sphere 1, 11.0s, DBG: [FIB, 1, FRED, -7.343944, -0.699182, -1.221018, 0.072294, -0.827246, 0.136090, -28.860573, -0.281145, -0.370003, 0.053523, -0.004531, -0.825863] 
Sphere 1, 11.0s, DBG: [FIB, 2, GEORGE, -7.268853, 0.731681, 0.983444, 0.071322, 0.923704, -0.134526, -28.853025, 0.295611, 0.226734, 0.005768, -0.000732, -0.274117] 
Sphere 2, 12.0s, DBG: Invalid picture 1.000000 
Sphere 1, 12.0s, DBG: [FIB, 0, TIME, 11] 
Sphere 1, 12.0s, DBG: [FIB, 1, FRED, -7.422053, -0.639563, -1.365027, 0.075694, -0.820594, 0.134224, -28.737530, -0.390599, -0.424801, 0.053523, -0.015859, -0.356336] 
Sphere 1, 12.0s, DBG: [FIB, 2, GEORGE, -7.337855, 0.657765, 1.115146, 0.074221, 0.962432, -0.134526, -28.838493, 0.312580, 0.164156, -0.008652, -0.029115, -0.095584] 
Sphere 2, 13.0s, DBG: Invalid picture 1.000000 
Sphere 1, 13.0s, DBG: [FIB, 0, TIME, 12] 
Sphere 1, 13.0s, DBG: [FIB, 1, FRED, -7.496974, -0.577693, -1.504193, 0.078084, -0.823164, 0.132018, -28.766531, -0.368174, -0.405993, 0.127863, -0.007363, -0.037730] 
Sphere 1, 13.0s, DBG: [FIB, 2, GEORGE, -7.399594, 0.587054, 1.261269, 0.071322, 0.970672, -0.137211, -28.830620, 0.322907, 0.000671, -0.008652, -0.003662, 0.014283] 
Sphere 2, 14.0s, DBG: Invalid picture 1.000000 
Sphere 1, 14.0s, DBG: [FIB, 0, TIME, 13] 
Sphere 1, 14.0s, DBG: [FIB, 1, FRED, -7.530218, -0.517173, -1.626757, 0.068823, -0.821545, 0.127376, -28.789917, -0.354508, -0.282385, 0.068390, -0.007363, 0.071268] 
Sphere 1, 14.0s, DBG: [FIB, 2, GEORGE, -7.479492, 0.516984, 1.428541, 0.076540, 0.964080, -0.142827, -28.868963, 0.283515, -0.008307, 0.020188, -0.023438, -0.002197] 
Sphere 2, 15.0s, DBG: Invalid picture 1.000000 
Sphere 1, 15.0s, DBG: [FIB, 0, TIME, 14] 
Sphere 1, 15.0s, DBG: [FIB, 1, FRED, -7.594832, -0.457632, -1.768982, 0.069173, -0.818139, 0.127134, -28.785654, -0.359046, -0.261358, 0.098126, -0.007363, 0.062884] 
Sphere 1, 15.0s, DBG: [FIB, 2, GEORGE, -7.532151, 0.446913, 1.563128, 0.071902, 0.965728, -0.137455, -28.851046, 0.302691, -0.019560, 0.049989, -0.003662, 0.039552] 
Sphere 2, 16.0s, DBG: Invalid picture 1.000000 
Sphere 1, 16.0s, DBG: [FIB, 0, TIME, 15] 
Sphere 1, 16.0s, DBG: [FIB, 1, FRED, -7.675253, -0.398778, -1.899710, 0.074098, -0.812756, 0.125044, -28.824047, -0.327493, -0.174784, 0.142731, -0.010195, 0.180264] 
Sphere 1, 16.0s, DBG: [FIB, 2, GEORGE, -7.584811, 0.375561, 1.713096, 0.070162, 0.965728, -0.141362, -28.871655, 0.277224, -0.172969, 0.079791, -0.006409, 0.039552] 
Sphere 2, 17.0s, DBG: Invalid picture 1.000000 
Sphere 1, 17.0s, DBG: [FIB, 0, TIME, 16] 
Sphere 1, 17.0s, DBG: [FIB, 1, FRED, -7.716919, -0.336903, -2.060306, 0.067813, -0.817010, 0.129262, -28.868015, -0.285558, -0.059896, 0.068390, -0.001699, 0.171880] 
Sphere 1, 17.0s, DBG: [FIB, 2, GEORGE, -7.641102, 0.304849, 1.871715, 0.067843, 0.963256, -0.140873, -28.868265, 0.272498, -0.362852, 0.005768, -0.006409, 0.065371] 
Sphere 2, 18.0s, DBG: Invalid picture 1.000000 
Sphere 1, 18.0s, DBG: [FIB, 0, TIME, 17] 
Sphere 1, 18.0s, DBG: [FIB, 1, FRED, -7.763046, -0.274610, -2.210241, 0.064613, -0.822961, 0.130280, -28.930344, -0.206026, -0.117524, 0.023787, -0.004531, 0.188649] 
Sphere 1, 18.0s, DBG: [FIB, 2, GEORGE, -7.704657, 0.232643, 2.034181, 0.069582, 0.965728, -0.141850, -28.874151, 0.270249, -0.293709, -0.008652, -0.014832, 0.014283] 
Sphere 2, 19.0s, DBG: Invalid picture 1.000000 
Sphere 1, 19.0s, DBG: [FIB, 0, TIME, 18] 
Sphere 1, 19.0s, DBG: [FIB, 1, FRED, -7.797533, -0.214797, -2.355529, 0.057884, -0.818829, 0.130290, -28.904070, -0.238590, -0.217509, 0.083258, -0.001699, 0.180264] 
Sphere 1, 19.0s, DBG: [FIB, 2, GEORGE, -7.766396, 0.165349, 2.202414, 0.069582, 0.957488, -0.143803, -28.869852, 0.275930, -0.266255, 0.065371, -0.017762, 0.031312] 
Sphere 2, 20.0s, DBG: Invalid picture 1.000000 
Sphere 1, 20.0s, DBG: [FIB, 0, TIME, 19] 
Sphere 1, 20.0s, DBG: [FIB, 1, FRED, -7.854687, -0.151160, -2.492296, 0.061291, -0.866314, 0.138205, -28.972267, -0.119085, -0.238230, 0.068390, -0.021523, 0.188649] 
Sphere 1, 20.0s, DBG: [FIB, 2, GEORGE, -7.829951, 0.093570, 2.357189, 0.069582, 0.960784, -0.142582, -28.843851, 0.303409, -0.264145, 0.035569, -0.012085, 0.022523] 
Sphere 2, 21.0s, DBG: Invalid picture 1.000000 
Sphere 1, 21.0s, DBG: [FIB, 0, TIME, 20] 
Sphere 1, 21.0s, DBG: [FIB, 1, FRED, -7.896599, -0.090707, -2.664049, 0.057834, -0.852025, 0.145588, -28.978712, -0.102503, -0.225258, -0.065419, -0.013027, 0.180264] 
Sphere 1, 21.0s, DBG: [FIB, 2, GEORGE, -7.904401, 0.018372, 2.512925, 0.072481, 0.973144, -0.141606, -28.828003, 0.312739, -0.383512, -0.008652, -0.012085, -0.002197] 
Sphere 2, 22.0s, DBG: Invalid picture 1.000000 
Sphere 1, 22.0s, DBG: [FIB, 0, TIME, 21] 
Sphere 1, 22.0s, DBG: [FIB, 1, FRED, -8.005400, -0.032106, -2.811399, 0.073401, -0.812708, 0.140369, -28.990952, -0.036419, -0.283835, 0.068390, -0.024355, 0.180264] 
Sphere 1, 22.0s, DBG: [FIB, 2, GEORGE, -7.933455, -0.048921, 2.675390, 0.066103, 0.959136, -0.143559, -28.814791, 0.312697, -0.551690, -0.008652, -0.009339, -0.002197] 
Sphere 2, 23.0s, DBG: Invalid picture 1.000000 
Sphere 1, 23.0s, DBG: [FIB, 0, TIME, 22] 
Sphere 1, 23.0s, DBG: [FIB, 1, FRED, -8.044535, 0.025946, -2.957583, 0.060824, -0.767554, 0.132637, -28.994411, 0.036073, -0.201654, 0.038655, 0.012461, 0.104805] 
Sphere 1, 23.0s, DBG: [FIB, 2, GEORGE, -8.064196, -0.124760, 2.835932, 0.088137, 0.973144, -0.143315, -28.825918, 0.315814, -0.366350, -0.052873, 0.007508, -0.019227] 
Sphere 2, 24.0s, DBG: Invalid picture 1.000000 
Sphere 1, 24.0s, DBG: [FIB, 0, TIME, 23] 
Sphere 1, 24.0s, DBG: [FIB, 1, FRED, -8.104607, 0.079699, -3.102208, 0.058669, -0.709685, 0.124145, -28.972836, 0.082271, -0.435181, -0.005948, -0.010195, 0.062884] 
Sphere 1, 24.0s, DBG: [FIB, 2, GEORGE, -8.102328, -0.196966, 2.995514, 0.074801, 0.973144, -0.143071, -28.830349, 0.310185, -0.404729, -0.082675, 0.030213, -0.002197] 
Sphere 2, 25.0s, DBG: Invalid picture 1.000000 
Sphere 1, 25.0s, DBG: [FIB, 0, TIME, 24] 
Sphere 1, 25.0s, DBG: [FIB, 1, FRED, -8.153275, 0.128546, -3.264351, 0.051916, -0.642913, 0.120311, -28.975740, 0.059881, -0.463957, -0.005948, 0.015293, 0.062884] 
Sphere 1, 25.0s, DBG: [FIB, 2, GEORGE, -8.153172, -0.264046, 3.144521, 0.070742, 0.957488, -0.140385, -28.842827, 0.307977, -0.194828, -0.038453, 0.024537, -0.019227] 
Sphere 2, 26.0s, DBG: Invalid picture 1.000000 
Sphere 1, 26.0s, DBG: [FIB, 0, TIME, 25] 
Sphere 1, 26.0s, DBG: [FIB, 1, FRED, -8.194826, 0.174425, -3.368444, 0.046561, -0.583392, 0.102092, -28.980169, 0.099614, -0.211490, 0.083258, 0.015293, 0.104805] 
Sphere 1, 26.0s, DBG: [FIB, 2, GEORGE, -8.258492, -0.335398, 3.292566, 0.081179, 0.967376, -0.139897, -28.839987, 0.313672, -0.050869, -0.082675, 0.027467, -0.095584] 
Sphere 2, 27.0s, DBG: Invalid picture 1.000000 
Sphere 1, 27.0s, DBG: [FIB, 0, TIME, 26] 
Sphere 1, 27.0s, DBG: [FIB, 1, FRED, -8.231307, 0.217633, -3.481294, 0.041138, -0.529402, 0.092301, -28.981915, 0.091599, -0.230718, 0.008920, 0.018125, 0.054500] 
Sphere 1, 27.0s, DBG: [FIB, 2, GEORGE, -8.323862, -0.394574, 3.449263, 0.062624, 0.721000, -0.123295, -28.811913, 0.337760, 0.195618, 0.020188, 0.024537, -0.028016] 
Sphere 2, 28.0s, DBG: Invalid picture 1.000000 
Sphere 1, 28.0s, DBG: [FIB, 0, TIME, 27] 
Sphere 1, 28.0s, DBG: [FIB, 1, FRED, -8.274941, 0.256028, -3.583246, 0.041956, -0.469670, 0.082390, -28.977964, 0.109323, -0.179816, -0.020816, 0.003965, 0.121575] 
Sphere 1, 28.0s, DBG: [FIB, 2, GEORGE, -8.369259, -0.437300, 3.586734, 0.041169, 0.486160, -0.102298, -28.808268, 0.343872, -0.003428, 0.079791, 0.004761, -0.146672] 
Sphere 2, 29.0s, DBG: Invalid picture 1.000000 
Sphere 1, 29.0s, DBG: [FIB, 0, TIME, 28] 
Sphere 1, 29.0s, DBG: [FIB, 1, FRED, -8.336237, 0.287718, -3.655199, 0.042384, -0.405376, 0.069195, -28.987532, 0.087795, 0.023983, 0.023787, 0.035116, 0.113189] 
Sphere 1, 29.0s, DBG: [FIB, 2, GEORGE, -8.416471, -0.469131, 3.697287, 0.031312, 0.328776, -0.084475, -28.692347, 0.433028, -0.166927, -0.008652, -0.000732, -0.129643] 
Sphere 2, 30.0s, GT: Mirror picked up 
Sphere 2, 30.0s, GT: score: 0.000000, energy: 2.975300, memorySize: 2 
Sphere 2, 30.0s, DBG: Invalid picture 1.000000 
Sphere 1, 30.0s, DBG: [FIB, 0, TIME, 29] 
Sphere 1, 30.0s, DBG: [FIB, 1, FRED, -8.374119, 0.317664, -3.724132, 0.034404, -0.358609, 0.060537, -28.945927, 0.182343, 0.073009, -0.050551, 0.009629, 0.129959] 
Sphere 1, 30.0s, DBG: [FIB, 2, GEORGE, -8.461867, -0.494552, 3.805918, 0.026673, 0.224128, -0.072756, -28.700712, 0.428859, -0.098953, 0.005768, 0.024537, 0.048341] 
Sphere 2, 31.0s, DBG: Invalid picture 1.000000 
Sphere 1, 31.0s, DBG: [FIB, 0, TIME, 30] 
Sphere 1, 31.0s, DBG: [FIB, 1, FRED, -8.374563, 0.347484, -3.799655, 0.021950, -0.323318, 0.056211, -28.953978, 0.164899, -0.159357, -0.050551, -0.010195, 0.155112] 
Sphere 1, 31.0s, DBG: [FIB, 2, GEORGE, -8.494553, -0.512497, 3.888592, 0.021455, 0.146672, -0.060305, -28.679815, 0.441209, -0.197896, -0.038453, 0.027467, 0.031312] 
Sphere 1, 32.0s, DBG: [FIB, 0, TIME, 31] 
Sphere 1, 32.0s, DBG: [FIB, 1, FRED, -8.440665, 0.369097, -3.880951, 0.028681, -0.270987, 0.053266, -28.958288, 0.153533, -0.207823, 0.023787, 0.006797, 0.029346] 
Sphere 1, 32.0s, DBG: [FIB, 2, GEORGE, -8.483657, -0.521897, 3.945311, 0.006958, 0.077456, -0.045656, -28.738550, 0.400344, -0.093326, 0.005768, 0.030213, 0.031312] 
Sphere 1, 33.0s, GT: Mirror picked up 
Sphere 1, 33.0s, GT: score: 0.000000, energy: 3.044900, memorySize: 2 
Sphere 1, 33.0s, DBG: [FIB, 0, TIME, 32] 
Sphere 1, 33.0s, DBG: [FIB, 1, FRED, -8.430066, 0.390219, -3.948299, 0.011816, -0.236490, 0.046683, -28.939297, 0.193890, -0.029332, 0.068390, 0.026620, 0.012577] 
Sphere 1, 33.0s, DBG: [FIB, 2, GEORGE, -8.509079, -0.533219, 4.002029, 0.006378, 0.050264, -0.037355, -28.756220, 0.383371, 0.233936, -0.008652, 0.021790, 0.082400] 
Sphere 1, 34.0s, DBG: [FIB, 0, TIME, 33] 
Sphere 1, 34.0s, DBG: [FIB, 1, FRED, -8.407127, 0.406742, -4.002011, 0.002281, -0.196378, 0.038819, -28.943405, 0.186700, 0.067210, -0.020816, 0.018125, 0.029346] 
Sphere 1, 34.0s, DBG: [FIB, 2, GEORGE, -8.409207, -0.546464, 4.025102, -0.173956, 0.196112, 0.010010, -28.759090, 0.381230, 0.235177, -0.038453, 0.021790, 0.090640] 
Sphere 1, 35.0s, DBG: [FIB, 0, TIME, 34] 
Sphere 1, 35.0s, DBG: [FIB, 1, FRED, -8.402333, 0.424800, -4.039668, -0.001827, -0.178763, 0.030498, -28.916508, 0.216597, 0.301299, 0.038655, 0.026620, -0.020961] 
Sphere 1, 35.0s, DBG: [FIB, 2, GEORGE, -8.174962, -0.564837, 4.019333, -0.327616, 0.304880, 0.050783, -28.742556, 0.385266, 0.445122, -0.052873, 0.007508, 0.090640] 
Sphere 1, 36.0s, DBG: [FIB, 0, TIME, 35] 
Sphere 1, 36.0s, DBG: [FIB, 1, FRED, -8.333775, 0.445516, -4.030895, -0.148729, -0.307668, -0.015047, -28.930019, 0.197887, 0.281728, 0.053523, 0.001133, -0.004191] 
Sphere 1, 36.0s, DBG: [FIB, 2, GEORGE, -7.900769, -0.589831, 3.963576, -0.401257, 0.365856, 0.078372, -28.831190, 0.315739, 0.296332, -0.038453, -0.006409, 0.082400] 
Sphere 1, 37.0s, DBG: [FIB, 0, TIME, 36] 
Sphere 1, 37.0s, DBG: [FIB, 1, FRED, -8.144708, 0.476253, -3.982308, -0.294016, -0.431735, -0.058184, -28.931364, 0.197160, 0.262928, -0.035683, -0.007363, -0.079651] 
Sphere 1, 37.0s, DBG: [FIB, 2, GEORGE, -7.573915, -0.613117, 3.894360, -0.433729, 0.374096, 0.090579, -28.827709, 0.320829, 0.229859, -0.008652, -0.029115, 0.048341] 
Sphere 1, 38.0s, DBG: [FIB, 0, TIME, 37] 
Sphere 1, 38.0s, DBG: [FIB, 1, FRED, -7.803144, 0.506284, -3.923920, -0.399016, -0.475919, -0.079504, -28.934313, 0.162081, 0.521045, -0.020816, -0.021523, -0.020961] 
Sphere 1, 38.0s, DBG: [FIB, 2, GEORGE, -7.237983, -0.638325, 3.837642, -0.440107, 0.369152, 0.093509, -28.859550, 0.292813, -0.072025, -0.008652, -0.037538, 0.022523] 
Sphere 1, 39.0s, DBG: [FIB, 0, TIME, 38] 
Sphere 1, 39.0s, DBG: [FIB, 1, FRED, -7.500655, 0.540226, -3.844823, -0.423852, -0.494466, -0.092048, -28.947783, 0.165329, 0.307918, 0.008920, -0.041347, 0.029346] 
Sphere 1, 39.0s, DBG: [FIB, 2, GEORGE, -6.909314, -0.666311, 3.750160, -0.427931, 0.372448, 0.096683, -28.837852, 0.314143, -0.140709, 0.035569, -0.012085, 0.022523] 
Sphere 1, 40.0s, DBG: [FIB, 0, TIME, 39] 
Sphere 1, 40.0s, DBG: [FIB, 1, FRED, -7.163796, 0.577132, -3.754966, -0.432323, -0.496894, -0.097597, -28.970818, 0.134554, -0.003924, -0.020816, -0.044178, -0.004191] 
Sphere 1, 40.0s, DBG: [FIB, 2, GEORGE, -6.540697, -0.693014, 3.653066, -0.423292, 0.358440, 0.098636, -28.841763, 0.307645, -0.231720, 0.065371, -0.029115, -0.019227] 
Sphere 1, 41.0s, DBG: [FIB, 0, TIME, 40] 
Sphere 1, 41.0s, DBG: [FIB, 1, FRED, -6.800447, 0.609450, -3.658880, -0.430125, -0.473255, -0.098629, -28.950134, 0.168210, -0.222415, 0.023787, -0.032851, 0.113189] 
Sphere 1, 41.0s, DBG: [FIB, 2, GEORGE, -6.201132, -0.716727, 3.552125, -0.398358, 0.330424, 0.096683, -28.860689, 0.292370, -0.052747, 0.020188, -0.006409, 0.022523] 
Sphere 1, 42.0s, DBG: [FIB, 0, TIME, 41] 
Sphere 1, 42.0s, DBG: [FIB, 1, FRED, -6.462924, 0.640975, -3.569197, -0.413338, -0.443449, -0.093921, -28.951303, 0.157703, -0.316385, 0.008920, -0.013027, 0.029346] 
Sphere 1, 42.0s, DBG: [FIB, 2, GEORGE, -5.874279, -0.741722, 3.468490, -0.369366, 0.309824, 0.091800, -28.840534, 0.312276, -0.051176, 0.020188, -0.023438, 0.039552] 
Sphere 1, 43.0s, DBG: [FIB, 0, TIME, 42] 
Sphere 1, 43.0s, DBG: [FIB, 1, FRED, -6.165256, 0.667874, -3.467583, -0.384413, -0.402838, -0.093192, -28.934710, 0.200945, -0.043415, -0.020816, -0.007363, 0.020961] 
Sphere 1, 43.0s, DBG: [FIB, 2, GEORGE, -5.547426, -0.762017, 3.365627, -0.345592, 0.272744, 0.092532, -28.828970, 0.323924, -0.109804, 0.005768, -0.020508, 0.014283] 
Sphere 1, 44.0s, DBG: [FIB, 0, TIME, 43] 
Sphere 1, 44.0s, DBG: [FIB, 1, FRED, -5.857672, 0.695957, -3.403498, -0.361899, -0.374940, -0.084949, -28.931465, 0.205300, -0.080437, -0.005948, -0.021523, -0.012576] 
Sphere 1, 44.0s, DBG: [FIB, 2, GEORGE, -5.302286, -0.780389, 3.261803, -0.306162, 0.248024, 0.087161, -28.840412, 0.313319, -0.031247, 0.005768, -0.014832, 0.107669] 
Sphere 1, 45.0s, DBG: [FIB, 0, TIME, 44] 
Sphere 1, 45.0s, DBG: [FIB, 1, FRED, -5.569597, 0.725634, -3.322712, -0.334990, -0.357619, -0.082370, -28.920666, 0.209211, -0.318653, 0.023787, -0.021523, 0.004193] 
Sphere 1, 45.0s, DBG: [FIB, 2, GEORGE, -5.051698, -0.794916, 3.182012, -0.281808, 0.215888, 0.076418, -28.865391, 0.278626, -0.297065, 0.020188, -0.012085, 0.056581] 
Sphere 1, 46.0s, DBG: [FIB, 0, TIME, 45] 
Sphere 1, 46.0s, DBG: [FIB, 1, FRED, -5.310014, 0.751828, -3.234070, -0.306811, -0.325582, -0.079704, -28.879450, 0.265618, -0.278012, -0.005948, -0.021523, -0.113189] 
Sphere 1, 46.0s, DBG: [FIB, 2, GEORGE, -4.833796, -0.814783, 3.109912, -0.247597, 0.208472, 0.068606, -28.865053, 0.273542, -0.394569, 0.020188, -0.006409, 0.022523] 
Sphere 1, 47.0s, DBG: [FIB, 0, TIME, 46] 
Sphere 1, 47.0s, DBG: [FIB, 1, FRED, -5.034301, 0.775139, -3.139138, -0.285438, -0.288907, -0.075656, -28.915686, 0.215749, -0.327471, -0.065419, -0.021523, -0.138342] 
Sphere 1, 47.0s, DBG: [FIB, 2, GEORGE, -4.588656, -0.830592, 3.038774, -0.231941, 0.185400, 0.062990, -28.798012, 0.331008, -0.528294, 0.020188, -0.003662, 0.014283] 
Sphere 1, 48.0s, DBG: [FIB, 0, TIME, 47] 
Sphere 1, 48.0s, DBG: [FIB, 1, FRED, -4.749747, 0.790791, -3.055634, -0.268245, -0.240813, -0.069301, -28.942188, 0.179691, -0.258563, 0.008920, 0.009629, -0.129958] 
Sphere 1, 48.0s, DBG: [FIB, 2, GEORGE, -4.365306, -0.845546, 2.959944, -0.214545, 0.170568, 0.058596, -28.867203, 0.263978, -0.464646, 0.020188, -0.006409, 0.065371] 
Sphere 1, 49.0s, DBG: [FIB, 0, TIME, 48] 
Sphere 1, 49.0s, DBG: [FIB, 1, FRED, -4.548244, 0.810750, -2.986808, -0.231737, -0.224200, -0.060690, -28.939533, 0.193561, -0.022981, -0.065419, -0.010195, -0.096421] 
Sphere 1, 49.0s, DBG: [FIB, 2, GEORGE, -4.247276, -0.853450, 2.891690, -0.171056, 0.131016, 0.053468, -28.879677, 0.243638, -0.514422, -0.008652, -0.006409, 0.090640] 
Sphere 1, 50.0s, DBG: [FIB, 0, TIME, 49] 
Sphere 1, 50.0s, DBG: [FIB, 1, FRED, -4.369252, 0.824751, -2.911318, -0.199606, -0.189837, -0.056924, -28.966980, 0.134818, -0.208226, -0.020816, -0.027187, -0.146726] 
Sphere 1, 50.0s, DBG: [FIB, 2, GEORGE, -4.031190, -0.864559, 2.821512, -0.169317, 0.124424, 0.048830, -28.886879, 0.244113, -0.430699, -0.038453, -0.000732, 0.090640] 
Sphere 2, 51.0s, GT: Score item picked up 
Sphere 2, 51.0s, GT: score: 1.500000, energy: 1.518800, memorySize: 2 
Sphere 1, 51.0s, DBG: [FIB, 0, TIME, 50] 
Sphere 1, 51.0s, DBG: [FIB, 1, FRED, -4.143632, 0.840461, -2.840187, -0.191105, -0.174643, -0.051568, -28.984356, 0.097495, 0.062070, -0.005948, -0.007363, -0.104805] 
Sphere 1, 51.0s, DBG: [FIB, 2, GEORGE, -3.873211, -0.878018, 2.784982, -0.147862, 0.119480, 0.039064, -28.928288, 0.184417, -0.422443, -0.068255, -0.000732, 0.107669] 
Sphere 1, 52.0s, DBG: [FIB, 0, TIME, 51] 
Sphere 1, 52.0s, DBG: [FIB, 1, FRED, -3.962583, 0.853787, -2.770838, -0.166311, -0.151948, -0.046693, -28.980732, 0.092681, -0.251395, 0.038655, -0.021523, -0.079651] 
Sphere 1, 52.0s, DBG: [FIB, 2, GEORGE, -3.762444, -0.884854, 2.719611, -0.121769, 0.092288, 0.037843, -28.928719, 0.184217, -0.428234, -0.008652, 0.013184, 0.082400] 
Sphere 1, 53.0s, GT: Score item picked up 
Sphere 1, 53.0s, GT: score: 1.500000, energy: 1.722200, memorySize: 2 
Sphere 1, 53.0s, DBG: [FIB, 0, TIME, 52] 
Sphere 1, 53.0s, DBG: [FIB, 1, FRED, -3.833527, 0.867808, -2.737005, -0.138268, -0.140828, -0.036116, -28.991013, 0.069330, -0.120296, -0.035683, -0.013027, 0.020961] 
Sphere 1, 53.0s, DBG: [FIB, 2, GEORGE, -3.686178, -0.893399, 2.656163, -0.096835, 0.081576, 0.035401, -28.957380, 0.130305, -0.412238, 0.020188, 0.004761, 0.090640] 
Sphere 1, 54.0s, DBG: [FIB, 0, TIME, 53] 
Sphere 1, 54.0s, DBG: [FIB, 1, FRED, -3.712985, 0.877020, -2.688307, -0.118868, -0.112205, -0.032193, -28.987213, 0.085967, -0.101188, 0.008920, -0.024355, -0.088035] 
Sphere 1, 54.0s, DBG: [FIB, 2, GEORGE, -3.546358, -0.897885, 2.579257, -0.114811, 0.106296, 0.103275, -28.945250, 0.113253, -0.615601, -0.008652, 0.021790, 0.039552] 
Sphere 1, 55.0s, DBG: [FIB, 0, TIME, 54] 
Sphere 1, 55.0s, DBG: [FIB, 1, FRED, -3.563367, 0.888202, -2.637593, -0.111044, -0.104146, -0.030144, -28.988335, 0.036795, -0.332438, -0.005948, -0.030019, -0.054498] 
Sphere 1, 55.0s, DBG: [FIB, 2, GEORGE, -3.446486, -0.911344, 2.409101, -0.109592, 0.146672, 0.160894, -28.941685, 0.141892, -0.536156, -0.008652, 0.027467, 0.065371] 
Sphere 1, 56.0s, DBG: [FIB, 0, TIME, 55] 
Sphere 1, 56.0s, DBG: [FIB, 1, FRED, -3.450634, 0.901026, -2.552057, -0.110257, -0.143110, -0.098881, -28.969131, 0.039328, -0.574925, 0.083258, -0.038515, -0.012576] 
Sphere 1, 56.0s, DBG: [FIB, 2, GEORGE, -3.315744, -0.920530, 2.223563, -0.109592, 0.145024, 0.182379, -28.954842, 0.092850, -0.602772, 0.079791, -0.017762, -0.002197] 
Sphere 1, 57.0s, DBG: [FIB, 0, TIME, 56] 
Sphere 1, 57.0s, DBG: [FIB, 1, FRED, -3.377958, 0.910110, -2.385550, -0.101280, -0.149139, -0.154933, -28.959225, 0.104284, -0.520308, 0.008920, -0.032851, -0.012576] 
Sphere 1, 57.0s, DBG: [FIB, 2, GEORGE, -3.174108, -0.934202, 2.004379, -0.107852, 0.154912, 0.194342, -28.918455, 0.151698, -0.705564, -0.008652, -0.060244, 0.039552] 
Sphere 1, 58.0s, DBG: [FIB, 0, TIME, 57] 
Sphere 1, 58.0s, DBG: [FIB, 1, FRED, -3.296677, 0.926863, -2.190960, -0.092904, -0.165889, -0.180897, -28.935259, 0.081915, -0.792309, 0.083258, -0.061170, -0.037730] 
Sphere 1, 58.0s, DBG: [FIB, 2, GEORGE, -3.077868, -0.944029, 1.822688, -0.097995, 0.144200, 0.187994, -28.867659, 0.152974, -1.047192, 0.005768, -0.091372, 0.082400] 
Sphere 1, 59.0s, DBG: [FIB, 0, TIME, 58] 
Sphere 1, 59.0s, DBG: [FIB, 1, FRED, -3.201444, 0.936559, -2.008468, -0.095046, -0.157523, -0.185341, -28.885344, 0.069163, -1.115311, 0.038655, -0.058338, -0.004191] 
Sphere 1, 59.0s, DBG: [FIB, 2, GEORGE, -2.956206, -0.955779, 1.603504, -0.092776, 0.147496, 0.184088, -28.813606, 0.117023, -1.376854, -0.008652, -0.082949, 0.065371] 
Sphere 1, 60.0s, DBG: [FIB, 0, TIME, 59] 
Sphere 1, 60.0s, DBG: [FIB, 1, FRED, -3.118308, 0.945858, -1.793331, -0.084978, -0.143790, -0.185784, -28.854132, 0.050493, -1.283720, -0.005948, -0.066834, -0.096421] 
Sphere 1, 60.0s, DBG: [FIB, 2, GEORGE, -2.928968, -0.966460, 1.418928, -0.059725, 0.137608, 0.169439, -28.806511, 0.109589, -1.420729, -0.068255, -0.082949, 0.005493] 
Sphere 2, 61.0s, DBG: Invalid picture 1.000000 
Sphere 1, 61.0s, DBG: [FIB, 0, TIME, 60] 
Sphere 1, 61.0s, DBG: [FIB, 1, FRED, -2.990187, 0.958130, -1.595579, -0.088895, -0.140630, -0.179050, -28.785395, -0.000570, -1.578613, 0.023787, -0.058338, 0.012577] 
Sphere 1, 61.0s, DBG: [FIB, 2, GEORGE, -2.870861, -0.977142, 1.237236, -0.053926, 0.121952, 0.156743, -28.815266, 0.082492, -1.414749, 0.049989, -0.062990, 0.031312] 
Sphere 2, 62.0s, DBG: Invalid picture 1.000000 
Sphere 1, 62.0s, DBG: [FIB, 0, TIME, 61] 
Sphere 1, 62.0s, DBG: [FIB, 1, FRED, -2.912251, 0.971054, -1.392691, -0.073904, -0.135502, -0.171244, -28.791048, 0.035453, -1.550168, 0.023787, -0.047010, -0.029346] 
Sphere 1, 62.0s, DBG: [FIB, 2, GEORGE, -2.801859, -0.985473, 1.044008, -0.051607, 0.103824, 0.148198, -28.679501, 0.092905, -1.880658, 0.020188, -0.060244, 0.039552] 
Sphere 2, 63.0s, DBG: Invalid picture 1.000000 
Sphere 1, 63.0s, DBG: [FIB, 0, TIME, 62] 
Sphere 1, 63.0s, DBG: [FIB, 1, FRED, -2.857078, 0.977890, -1.210606, -0.059741, -0.110045, -0.158454, -28.755949, 0.080052, -1.646870, -0.050551, -0.018691, 0.037730] 
Sphere 1, 63.0s, DBG: [FIB, 2, GEORGE, -2.770989, -0.992309, 0.914228, -0.036531, 0.085696, 0.126957, -28.631189, 0.123241, -1.993479, -0.008652, -0.034791, -0.002197] 
Sphere 2, 64.0s, DBG: Invalid picture 1.000000 
Sphere 1, 64.0s, DBG: [FIB, 0, TIME, 63] 
Sphere 1, 64.0s, DBG: [FIB, 1, FRED, -2.857720, 0.985494, -1.054087, -0.034636, -0.099736, -0.142185, -28.801821, 0.023298, -1.513867, 0.068390, -0.001699, -0.046114] 
Sphere 1, 64.0s, DBG: [FIB, 2, GEORGE, -2.729225, -0.997864, 0.789254, -0.028993, 0.077456, 0.112064, -28.651985, 0.141184, -1.910391, 0.020188, -0.026185, 0.031312] 
Sphere 2, 65.0s, DBG: Invalid picture 1.000000 
Sphere 1, 65.0s, DBG: [FIB, 0, TIME, 64] 
Sphere 1, 65.0s, DBG: [FIB, 1, FRED, -2.827572, 0.993155, -0.906720, -0.034234, -0.092623, -0.128064, -28.753027, 0.026236, -1.689200, -0.065419, 0.006797, -0.012576] 
Sphere 1, 65.0s, DBG: [FIB, 2, GEORGE, -2.663854, -1.005127, 0.649861, -0.035371, 0.074984, 0.104007, -28.666159, 0.114987, -1.901218, -0.008652, -0.003662, 0.031312] 
Sphere 2, 66.0s, DBG: Invalid picture 1.000000 
Sphere 1, 66.0s, DBG: [FIB, 0, TIME, 65] 
Sphere 1, 66.0s, DBG: [FIB, 1, FRED, -2.760748, 1.002639, -0.775044, -0.041569, -0.087741, -0.114423, -28.812567, 0.034152, -1.468210, -0.035683, 0.009629, -0.004191] 
Sphere 1, 66.0s, DBG: [FIB, 2, GEORGE, -2.671117, -1.010254, 0.504700, -0.019715, 0.073336, 0.096927, -28.659292, 0.090590, -1.944748, 0.005768, 0.004761, 0.065371] 
Sphere 2, 67.0s, DBG: Invalid picture 1.000000 
Sphere 1, 67.0s, DBG: [FIB, 0, TIME, 66] 
Sphere 1, 67.0s, DBG: [FIB, 1, FRED, -2.704711, 1.008954, -0.654490, -0.039506, -0.072494, -0.101697, -28.826159, 0.052056, -1.403282, 0.023787, 0.009629, 0.029346] 
Sphere 1, 67.0s, DBG: [FIB, 2, GEORGE, -2.613010, -1.014740, 0.427793, -0.022614, 0.055208, 0.078616, -28.649500, 0.107033, -1.956870, -0.038453, 0.010437, 0.048341] 
Sphere 2, 68.0s, GT: Score item picked up 
Sphere 2, 68.0s, GT: score: 3.000000, energy: 4.796102, memorySize: 2 
Sphere 2, 68.0s, DBG: Invalid picture 1.000000 
Sphere 1, 68.0s, DBG: [FIB, 0, TIME, 67] 
Sphere 1, 68.0s, DBG: [FIB, 1, FRED, -2.724324, 1.015923, -0.485480, 0.025181, -0.095693, -0.135292, -28.870163, 0.030363, -1.221710, -0.050551, 0.009629, -0.062882] 
Sphere 1, 68.0s, DBG: [FIB, 2, GEORGE, -2.625721, -1.020936, 0.331660, -0.004059, 0.051088, 0.069582, -28.636196, 0.063814, -2.031975, -0.023072, 0.018860, 0.031312] 
Sphere 2, 69.0s, DBG: Invalid picture 1.000000 
Sphere 1, 69.0s, DBG: [FIB, 0, TIME, 68] 
Sphere 1, 69.0s, DBG: [FIB, 1, FRED, -2.745018, 1.019180, -0.373820, 0.013426, -0.060856, -0.101942, -28.862280, 0.062933, -1.235720, 0.023787, 0.023788, -0.037730] 
Sphere 1, 69.0s, DBG: [FIB, 2, GEORGE, -2.669302, -1.024567, 0.252831, 0.005219, 0.038728, 0.060793, -28.706680, 0.005301, -1.839247, 0.005768, 0.030213, 0.039552] 
Sphere 1, 70.0s, GT: Score item picked up 
Sphere 1, 70.0s, GT: score: 3.000000, energy: 5.000000, memorySize: 2 
Sphere 2, 70.0s, DBG: Invalid picture 1.000000 
Sphere 1, 70.0s, DBG: [FIB, 0, TIME, 69] 
Sphere 1, 70.0s, DBG: [FIB, 1, FRED, -2.741155, 1.023947, -0.265228, 0.001643, -0.048475, -0.082805, -28.911814, 0.038367, -0.999335, -0.035683, 0.046444, -0.062882] 
Sphere 1, 70.0s, DBG: [FIB, 2, GEORGE, -2.618458, -1.026490, 0.198035, -0.011017, 0.026368, 0.048830, -28.715195, 0.021611, -1.813689, 0.035569, 0.058596, -0.036256] 
Sphere 2, 71.0s, DBG: Invalid picture 1.000000 
Sphere 1, 71.0s, DBG: [FIB, 0, TIME, 70] 
Sphere 1, 71.0s, DBG: [FIB, 1, FRED, -2.719048, 1.032671, -0.189530, -0.006598, -0.051997, -0.064230, -28.953823, 0.022554, -0.726812, -0.005948, 0.043612, -0.062882] 
Sphere 1, 71.0s, DBG: [FIB, 2, GEORGE, -2.534928, -1.029908, 0.144200, -0.166997, 0.030488, 0.042482, -28.794878, 0.002169, -1.541506, 0.079791, 0.089724, -0.019227] 
Sphere 2, 72.0s, DBG: distancebetween 0.293243 
Sphere 2, 72.0s, DBG: Invalid picture 1.000000 
Sphere 1, 72.0s, DBG: [FIB, 0, TIME, 71] 
Sphere 1, 72.0s, DBG: [FIB, 1, FRED, -2.696073, 1.032179, -0.126989, -0.012936, -0.022076, -0.051566, -28.964735, 0.031277, -0.626445, -0.005948, 0.046444, -0.079651] 
Sphere 1, 72.0s, DBG: [FIB, 2, GEORGE, -2.436872, -1.027131, 0.127857, -0.113071, -0.066744, -0.022706, -28.880459, 0.030777, -1.164668, 0.035569, 0.081118, 0.014283] 
Sphere 2, 73.0s, DBG: distancebetween 0.299278 
Sphere 2, 73.0s, DBG: Invalid picture 1.000000 
Sphere 1, 73.0s, DBG: [FIB, 0, TIME, 72] 
Sphere 1, 73.0s, DBG: [FIB, 1, FRED, -2.700933, 1.031700, -0.094828, 0.091885, 0.028795, 0.015432, -28.963991, -0.034196, -0.630481, 0.098126, 0.054940, -0.096421] 
Sphere 1, 73.0s, DBG: [FIB, 2, GEORGE, -2.293420, -1.027131, 0.147084, -0.123508, -0.048616, -0.020753, -28.919857, 0.054219, -0.927382, 0.095172, 0.084048, 0.005493] 
Sphere 2, 74.0s, DBG: distancebetween 0.317799 
Sphere 2, 74.0s, DBG: Invalid picture 1.000000 
Sphere 1, 74.0s, DBG: [FIB, 0, TIME, 73] 
Sphere 1, 74.0s, DBG: [FIB, 1, FRED, -2.889731, 1.026508, -0.157939, 0.216869, 0.081626, 0.085148, -28.958210, -0.060638, -0.646282, -0.005948, 0.046444, -0.079651] 
Sphere 1, 74.0s, DBG: [FIB, 2, GEORGE, -2.255287, -1.013672, 0.234565, 0.005799, -0.203528, -0.089602, -28.936455, 0.058839, -0.815311, 0.079791, 0.098148, -0.002197] 
Sphere 2, 75.0s, DBG: distancebetween 0.346797 
Sphere 2, 75.0s, DBG: Invalid picture 1.000000 
Sphere 1, 75.0s, DBG: [FIB, 0, TIME, 74] 
Sphere 1, 75.0s, DBG: [FIB, 1, FRED, -3.147017, 1.021523, -0.316910, 0.327098, 0.122977, 0.158479, -28.984350, -0.063656, -0.326052, -0.050551, 0.074764, -0.096421] 
Sphere 1, 75.0s, DBG: [FIB, 2, GEORGE, -2.337001, -0.994873, 0.348964, 0.140324, -0.332896, -0.148442, -28.980297, 0.058211, -0.387614, 0.095172, 0.101077, -0.019227] 
Sphere 2, 76.0s, DBG: distancebetween 0.382585 
Sphere 2, 76.0s, DBG: Invalid picture 1.000000 
Sphere 1, 76.0s, DBG: [FIB, 0, TIME, 75] 
Sphere 1, 76.0s, DBG: [FIB, 1, FRED, -3.470348, 1.007622, -0.532020, 0.427176, 0.185566, 0.226029, -28.984438, -0.091562, -0.154708, 0.098126, 0.060604, -0.096421] 
Sphere 1, 76.0s, DBG: [FIB, 2, GEORGE, -2.498611, -0.971801, 0.532579, 0.269051, -0.453200, -0.208991, -28.994949, 0.047100, 0.020215, 0.065371, 0.117924, 0.124699] 
Sphere 2, 77.0s, DBG: distancebetween 0.427581 
Sphere 2, 77.0s, DBG: Invalid picture 1.000000 
Sphere 1, 77.0s, DBG: [FIB, 0, TIME, 76] 
Sphere 1, 77.0s, DBG: [FIB, 1, FRED, -3.809767, 0.995943, -0.779377, 0.479939, 0.206867, 0.265922, -28.946693, -0.174950, -0.214511, -0.035683, 0.040781, -0.113189] 
Sphere 1, 77.0s, DBG: [FIB, 2, GEORGE, -2.751015, -0.936766, 0.751762, 0.393719, -0.586688, -0.263924, -28.989609, 0.009833, 0.332762, 0.005768, 0.092471, 0.192816] 
Sphere 2, 78.0s, GT: [78] attempting to take picture... 
Sphere 2, 78.0s, GT: Not a good shot: my mirror's in the way | 
Sphere 2, 78.0s, GT: [78] camera OFF | 
Sphere 2, 78.0s, DBG: distancebetween 0.474089 
Sphere 2, 78.0s, DBG: Camera off or our mirror is on 
Sphere 1, 78.0s, DBG: [FIB, 0, TIME, 77] 
Sphere 1, 78.0s, DBG: [FIB, 1, FRED, -4.188831, 0.984860, -1.045032, 0.500882, 0.211167, 0.280737, -28.951124, -0.174041, -0.021320, -0.065419, 0.020957, -0.113189] 
Sphere 1, 78.0s, DBG: [FIB, 2, GEORGE, -3.108737, -0.897031, 1.043046, 0.476058, -0.663320, -0.296640, -28.972219, -0.054348, 0.502888, 0.005768, 0.064272, 0.303232] 
Sphere 1, 79.0s, GT: Not a good shot: Opposing mirror active -2.807852| 
Sphere 2, 79.0s, DBG: distancebetween 0.520789 
Sphere 2, 79.0s, DBG: Camera off or our mirror is on 
Sphere 1, 79.0s, DBG: [FIB, 0, TIME, 78] 
Sphere 1, 79.0s, DBG: [FIB, 1, FRED, -4.546979, 0.973858, -1.318930, 0.492260, 0.205388, 0.281524, -28.899139, -0.244367, 0.228384, -0.050551, 0.006797, -0.188649] 
Sphere 1, 79.0s, DBG: [FIB, 2, GEORGE, -3.519120, -0.857295, 1.339137, 0.509690, -0.680624, -0.304697, -28.944574, -0.145894, 0.491096, -0.082675, 0.055666, 0.320261] 
Sphere 1, 80.0s, GT: Not a good shot: Opposing mirror active -2.590704| 
Sphere 2, 80.0s, DBG: distancebetween 0.568879 
Sphere 2, 80.0s, DBG: Camera off or our mirror is on 
Sphere 1, 80.0s, DBG: [FIB, 0, TIME, 79] 
Sphere 1, 80.0s, DBG: [FIB, 1, FRED, -4.926131, 0.960706, -1.601613, 0.478226, 0.205175, 0.274625, -28.871546, -0.281995, 0.025471, -0.035683, 0.035116, -0.264108] 
Sphere 1, 80.0s, DBG: [FIB, 2, GEORGE, -3.889554, -0.813288, 1.617923, 0.500992, -0.688040, -0.297128, -28.901714, -0.210589, 0.544299, -0.023072, 0.038636, 0.379589] 
Sphere 1, 81.0s, GT: Not a good shot: Opposing mirror active -2.458314| 
Sphere 2, 81.0s, DBG: distancebetween 0.616116 
Sphere 2, 81.0s, DBG: Camera off or our mirror is on 
Sphere 1, 81.0s, DBG: [FIB, 0, TIME, 80] 
Sphere 1, 81.0s, DBG: [FIB, 1, FRED, -5.271069, 0.949691, -1.865756, 0.454548, 0.193506, 0.261192, -28.787008, -0.361376, 0.145500, 0.008920, -0.010195, -0.238955] 
Sphere 1, 81.0s, DBG: [FIB, 2, GEORGE, -4.285409, -0.769921, 1.882290, 0.488815, -0.676504, -0.282723, -28.802301, -0.324613, 0.555137, 0.049989, 0.035890, 0.370800] 
Sphere 1, 82.0s, GT: Not a good shot: Opposing mirror active -2.375520| 
Sphere 2, 82.0s, GT: [82] camera ON | 
Sphere 2, 82.0s, GT: [82] attempting to take picture... 
Sphere 2, 82.0s, GT: Not a good shot: my mirror's in the way | 
Sphere 2, 82.0s, GT: [82] camera OFF | 
Sphere 2, 82.0s, DBG: distancebetween 0.663938 
Sphere 2, 82.0s, DBG: Camera off or our mirror is on 
Sphere 1, 82.0s, DBG: [FIB, 0, TIME, 81] 
Sphere 1, 82.0s, DBG: [FIB, 1, FRED, -5.652786, 0.935477, -2.124992, 0.436536, 0.196122, 0.246229, -28.683311, -0.436599, 0.302548, -0.020816, -0.010195, -0.230571] 
Sphere 1, 82.0s, DBG: [FIB, 2, GEORGE, -4.695792, -0.720359, 2.171651, 0.475478, -0.671560, -0.273202, -28.614012, -0.456969, 0.725605, 0.035569, 0.010437, 0.353771] 
Sphere 1, 83.0s, GT: Not a good shot: Opposing mirror active -2.325964| 
Sphere 2, 83.0s, DBG: distancebetween 0.704783 
Sphere 2, 83.0s, DBG: Camera off or our mirror is on 
Sphere 1, 83.0s, DBG: [FIB, 0, TIME, 82] 
Sphere 1, 83.0s, DBG: [FIB, 1, FRED, -6.046593, 0.920452, -2.384881, 0.416713, 0.196370, 0.231543, -28.739277, -0.398558, 0.205633, 0.008920, 0.001133, -0.230571] 
Sphere 1, 83.0s, DBG: [FIB, 2, GEORGE, -5.084383, -0.674001, 2.450438, 0.448805, -0.646840, -0.257088, -28.521206, -0.525813, 0.569578, -0.038453, 0.007508, 0.328501] 
Sphere 1, 84.0s, GT: Not a good shot: Opposing mirror active -2.286667| 
Sphere 2, 84.0s, DBG: distancebetween 0.746129 
Sphere 2, 84.0s, DBG: Camera off or our mirror is on 
Sphere 1, 84.0s, DBG: [FIB, 0, TIME, 83] 
Sphere 1, 84.0s, DBG: [FIB, 1, FRED, -6.381315, 0.907631, -2.636165, 0.380384, 0.182182, 0.215811, -28.620529, -0.482884, 0.123854, 0.023787, -0.007363, -0.213801] 
Sphere 1, 84.0s, DBG: [FIB, 2, GEORGE, -5.400342, -0.630848, 2.719611, 0.404157, -0.613880, -0.240486, -28.404198, -0.593333, 0.506114, 0.035569, 0.016114, 0.286203] 
Sphere 2, 85.0s, DBG: distancebetween 0.786433 
Sphere 2, 85.0s, DBG: Camera off or our mirror is on 
Sphere 1, 85.0s, DBG: [FIB, 0, TIME, 84] 
Sphere 1, 85.0s, DBG: [FIB, 1, FRED, -6.700836, 0.898832, -2.845283, 0.347957, 0.154780, 0.192993, -28.589626, -0.502376, 0.099946, 0.068390, -0.010195, -0.213801] 
Sphere 1, 85.0s, DBG: [FIB, 2, GEORGE, -5.748985, -0.587268, 2.959944, 0.380963, -0.588336, -0.219733, -28.377834, -0.615220, 0.249212, 0.109592, 0.027467, 0.184027] 
Sphere 2, 86.0s, GT: [86] camera ON | 
Sphere 2, 86.0s, DBG: distancebetween 0.822385 
Sphere 2, 86.0s, DBG: Camera off or our mirror is on 
Sphere 1, 86.0s, DBG: [FIB, 0, TIME, 85] 
Sphere 1, 86.0s, DBG: [FIB, 1, FRED, -6.976744, 0.889538, -3.079034, 0.311014, 0.141911, 0.182489, -28.478867, -0.564633, 0.181043, -0.035683, 0.003965, -0.247340] 
Sphere 1, 86.0s, DBG: [FIB, 2, GEORGE, -6.088550, -0.545610, 3.227195, 0.355449, -0.557848, -0.209479, -28.303181, -0.630274, 0.745323, -0.023072, 0.030213, 0.124699] 
Sphere 2, 87.0s, DBG: distancebetween 0.858207 
Sphere 2, 87.0s, DBG: Camera off or our mirror is on 
Sphere 1, 87.0s, DBG: [FIB, 0, TIME, 86] 
Sphere 1, 87.0s, DBG: [FIB, 1, FRED, -7.265505, 0.878571, -3.256899, 0.286975, 0.136185, 0.159063, -28.341621, -0.631949, 0.295606, 0.008920, 0.006797, -0.264108] 
Sphere 1, 87.0s, DBG: [FIB, 2, GEORGE, -6.380901, -0.505661, 3.448302, 0.317759, -0.521592, -0.187262, -28.111685, -0.713805, 0.778046, -0.023072, 0.024537, 0.175787] 
Sphere 2, 88.0s, DBG: distancebetween 0.886396 
Sphere 2, 88.0s, DBG: Camera off or our mirror is on 
Sphere 1, 88.0s, DBG: [FIB, 0, TIME, 87] 
Sphere 1, 88.0s, DBG: [FIB, 1, FRED, -7.491056, 0.866527, -3.426208, 0.249758, 0.133944, 0.142008, -28.285711, -0.657955, 0.305993, -0.065419, 0.015293, -0.205417] 
Sphere 1, 88.0s, DBG: [FIB, 2, GEORGE, -6.707755, -0.470412, 3.636723, 0.302103, -0.482040, -0.164800, -28.092628, -0.723043, 0.765636, -0.008652, 0.001831, 0.115909] 
Sphere 2, 89.0s, DBG: distancebetween 0.912972 
Sphere 2, 89.0s, DBG: Camera off or our mirror is on 
Sphere 1, 89.0s, DBG: [FIB, 0, TIME, 88] 
Sphere 1, 89.0s, DBG: [FIB, 1, FRED, -7.713599, 0.857068, -3.591998, 0.223928, 0.118294, 0.128759, -28.258665, -0.671652, 0.242939, -0.005948, 0.001133, -0.197033] 
Sphere 1, 89.0s, DBG: [FIB, 2, GEORGE, -6.931104, -0.435377, 3.818415, 0.255135, -0.450728, -0.146977, -28.027847, -0.755157, 0.643862, -0.082675, 0.004761, 0.158757] 
Sphere 2, 90.0s, DBG: Camera off or our mirror is on 
Sphere 1, 90.0s, DBG: [FIB, 0, TIME, 89] 
Sphere 1, 90.0s, DBG: [FIB, 1, FRED, -7.940710, 0.847097, -3.718654, 0.206321, 0.110034, 0.110064, -28.041368, -0.756447, 0.493434, 0.008920, 0.012461, -0.247340] 
Sphere 1, 90.0s, DBG: [FIB, 2, GEORGE, -7.132664, -0.397778, 3.986648, 0.221503, -0.435072, -0.131352, -28.026134, -0.758511, 0.590477, -0.038453, 0.010437, 0.082400] 
Sphere 2, 91.0s, DBG: Camera off or our mirror is on 
Sphere 1, 91.0s, DBG: [FIB, 0, TIME, 90] 
Sphere 1, 91.0s, DBG: [FIB, 1, FRED, -8.099814, 0.838498, -3.846989, 0.172321, 0.097080, 0.098413, -28.121397, -0.725484, 0.449329, 0.008920, 0.015293, -0.088035] 
Sphere 1, 91.0s, DBG: [FIB, 2, GEORGE, -7.334224, -0.369793, 4.139500, 0.198889, -0.388928, -0.114505, -28.095703, -0.731688, 0.553463, -0.068255, 0.010437, 0.090640] 
Sphere 2, 92.0s, DBG: Camera off or our mirror is on 
Sphere 1, 92.0s, DBG: [FIB, 0, TIME, 91] 
Sphere 1, 92.0s, DBG: [FIB, 1, FRED, -8.284909, 0.833496, -3.955622, 0.157723, 0.078024, 0.085703, -27.950945, -0.792509, 0.460448, -0.035683, 0.018125, -0.146726] 
Sphere 1, 92.0s, DBG: [FIB, 2, GEORGE, -7.535783, -0.355052, 4.290429, 0.189611, -0.125248, -0.108890, -28.061604, -0.737688, 0.731373, 0.020188, 0.016114, 0.098880] 
Sphere 2, 93.0s, DBG: Camera off or our mirror is on 
Sphere 1, 93.0s, DBG: [FIB, 0, TIME, 92] 
Sphere 1, 93.0s, DBG: [FIB, 1, FRED, -8.415248, 0.826907, -4.054823, 0.131583, 0.072153, 0.074060, -27.787954, -0.852768, 0.419471, -0.005948, 0.003965, -0.104805] 
Sphere 1, 93.0s, DBG: [FIB, 2, GEORGE, -7.731895, -0.350352, 4.412519, 0.171056, 0.110416, -0.094485, -27.982117, -0.766090, 0.782302, -0.052873, 0.010437, 0.090640] 
Sphere 2, 94.0s, DBG: Camera off or our mirror is on 
Sphere 1, 94.0s, DBG: [FIB, 0, TIME, 93] 
Sphere 1, 94.0s, DBG: [FIB, 1, FRED, -8.540868, 0.821677, -4.148130, 0.113697, 0.061411, 0.065447, -27.749506, -0.866430, 0.404992, -0.020816, 0.003965, -0.004191] 
Sphere 1, 94.0s, DBG: [FIB, 2, GEORGE, -7.906217, -0.362743, 4.531724, 0.146702, 0.299936, -0.080325, -27.882833, -0.799334, 0.868462, -0.023072, 0.007508, 0.098880] 
Sphere 2, 95.0s, DBG: Camera off or our mirror is on 
Sphere 1, 95.0s, DBG: [FIB, 0, TIME, 94] 
Sphere 1, 95.0s, DBG: [FIB, 1, FRED, -8.643029, 0.818062, -4.210024, 0.096045, 0.048429, 0.052540, -27.776846, -0.855456, 0.462355, -0.005948, 0.018125, 0.029346] 
Sphere 1, 95.0s, DBG: [FIB, 2, GEORGE, -8.062380, -0.382183, 4.624012, 0.126408, 0.393872, -0.066164, -27.925800, -0.785264, 0.839851, 0.005768, 0.007508, 0.005493] 
Sphere 2, 96.0s, DBG: Camera off or our mirror is on 
Sphere 1, 96.0s, DBG: [FIB, 0, TIME, 95] 
Sphere 1, 96.0s, DBG: [FIB, 1, FRED, -8.743518, 0.815198, -4.260662, 0.083036, 0.041953, 0.042693, -27.919615, -0.801920, 0.531079, -0.035683, 0.026620, 0.129959] 
Sphere 1, 96.0s, DBG: [FIB, 2, GEORGE, -8.162251, -0.411878, 4.708610, 0.098575, 0.458144, -0.054933, -27.961271, -0.775199, 0.774858, -0.023072, 0.004761, -0.044496] 
Sphere 2, 97.0s, DBG: Camera off or our mirror is on 
Sphere 1, 97.0s, DBG: [FIB, 0, TIME, 96] 
Sphere 1, 97.0s, DBG: [FIB, 1, FRED, -8.817097, 0.811826, -4.326371, 0.067174, 0.035655, 0.039630, -27.959747, -0.782853, 0.631482, -0.020816, 0.023788, 0.171880] 
Sphere 1, 97.0s, DBG: [FIB, 2, GEORGE, -8.289361, -0.434950, 4.763405, 0.085238, 0.457320, -0.041505, -27.939444, -0.784048, 0.763109, -0.023072, 0.001831, -0.070315] 
Sphere 2, 98.0s, DBG: Camera off or our mirror is on 
Sphere 1, 98.0s, DBG: [FIB, 0, TIME, 97] 
Sphere 1, 98.0s, DBG: [FIB, 1, FRED, -8.889344, 0.806312, -4.382885, 0.048183, 0.064397, 0.029877, -28.081306, -0.732058, 0.689044, 0.083258, 0.026620, 0.213803] 
Sphere 1, 98.0s, DBG: [FIB, 2, GEORGE, -8.365627, -0.465285, 4.833582, 0.066683, 0.463088, -0.036622, -28.110342, -0.705119, 0.928647, -0.023072, 0.013184, -0.155461] 
Sphere 2, 99.0s, DBG: Camera off or our mirror is on 
Sphere 1, 99.0s, DBG: [FIB, 0, TIME, 98] 
Sphere 1, 99.0s, DBG: [FIB, 1, FRED, -8.948725, 0.798201, -4.399744, 0.035830, 0.082534, 0.017170, -28.197145, -0.667835, 0.923531, 0.068390, -0.007363, 0.180264] 
Sphere 1, 99.0s, DBG: [FIB, 2, GEORGE, -8.469131, -0.496261, 4.878766, 0.060884, 0.452376, -0.028565, -28.206081, -0.673507, 0.770196, -0.023072, -0.000732, -0.155461] 
Sphere 2, 100.0s, DBG: Camera off or our mirror is on 
Sphere 1, 100.0s, DBG: [FIB, 0, TIME, 99] 
Sphere 1, 100.0s, DBG: [FIB, 1, FRED, -9.009999, 0.793276, -4.414191, 0.032382, 0.084441, 0.010808, -28.303106, -0.605074, 1.072380, -0.035683, 0.003965, 0.197034] 
Sphere 1, 100.0s, DBG: [FIB, 2, GEORGE, -8.556292, -0.521256, 4.923948, 0.046388, 0.415296, -0.024171, -28.108650, -0.704929, 0.938115, -0.038453, -0.000732, -0.231819] 
Sphere 2, 101.0s, DBG: Camera off or our mirror is on 
Sphere 1, 101.0s, DBG: [FIB, 0, TIME, 100] 
Sphere 1, 101.0s, DBG: [FIB, 1, FRED, -9.009999, 0.781975, -4.437744, 0.016287, 0.104172, 0.009770, -28.445656, -0.541788, 0.941970, -0.080286, -0.018691, 0.205419] 
Sphere 1, 101.0s, DBG: [FIB, 2, GEORGE, -8.567186, -0.547105, 4.958556, 0.020875, 0.386456, -0.019532, -28.334040, -0.615692, 0.736884, 0.020188, 0.007508, -0.308176] 
Sphere 2, 102.0s, DBG: Invalid picture 1.000000 
Sphere 1, 102.0s, DBG: [FIB, 0, TIME, 101] 
Sphere 1, 102.0s, DBG: [FIB, 1, FRED, -9.009999, 0.776245, -4.477083, 0.021225, 0.099309, 0.014012, -28.559334, -0.492785, 0.732853, 0.083258, -0.015859, 0.213803] 
Sphere 1, 102.0s, DBG: [FIB, 2, GEORGE, -8.581713, -0.573168, 4.981627, 0.008118, 0.355968, -0.012940, -28.513535, -0.522444, 0.689865, -0.008652, -0.003662, -0.299387] 
Sphere 2, 103.0s, DBG: Invalid picture 1.000000 
Sphere 1, 103.0s, DBG: [FIB, 0, TIME, 102] 
Sphere 1, 103.0s, DBG: [FIB, 1, FRED, -9.009999, 0.770966, -4.472694, 0.012186, 0.095693, 0.005487, -28.580566, -0.480717, 0.716859, -0.005948, 0.006797, 0.188649] 
Sphere 1, 103.0s, DBG: [FIB, 2, GEORGE, -8.672505, -0.595599, 4.995087, 0.026673, 0.318064, -0.007080, -28.680641, -0.412304, 0.705682, 0.049989, 0.004761, -0.308176] 
Sphere 2, 104.0s, DBG: Invalid picture 1.000000 
Sphere 1, 104.0s, DBG: [FIB, 0, TIME, 103] 
Sphere 1, 104.0s, DBG: [FIB, 1, FRED, -9.009999, 0.764371, -4.467990, 0.020669, 0.094311, 0.003155, -28.632462, -0.416918, 0.996293, -0.020816, 0.006797, 0.222187] 
Sphere 1, 104.0s, DBG: [FIB, 2, GEORGE, -8.716085, -0.615894, 5.016236, 0.014496, 0.281808, -0.005615, -28.676151, -0.379008, 1.022620, -0.008652, -0.000732, -0.197760] 
Sphere 2, 105.0s, DBG: Invalid picture 1.000000 
Sphere 1, 105.0s, DBG: [FIB, 0, TIME, 104] 
Sphere 1, 105.0s, DBG: [FIB, 1, FRED, -9.009999, 0.755178, -4.499930, 0.005727, 0.103054, 0.009467, -28.697929, -0.351939, 1.084669, 0.023787, -0.001699, 0.255724] 
Sphere 1, 105.0s, DBG: [FIB, 2, GEORGE, -8.723350, -0.637684, 5.020082, 0.004639, 0.257088, -0.002197, -28.713722, -0.331753, 1.111714, -0.052873, -0.012085, -0.265877] 
Sphere 2, 106.0s, DBG: Invalid picture 1.000000 
Sphere 1, 106.0s, DBG: [FIB, 0, TIME, 105] 
Sphere 1, 106.0s, DBG: [FIB, 1, FRED, -9.009999, 0.751546, -4.497362, -0.006019, 0.093158, 0.003864, -28.759544, -0.297637, 1.061816, 0.038655, -0.018691, 0.238955] 
Sphere 1, 106.0s, DBG: [FIB, 2, GEORGE, -8.714270, -0.651997, 5.045076, -0.005799, 0.208472, -0.006104, -28.764782, -0.304936, 0.985223, -0.127857, -0.017762, -0.240059] 
Sphere 2, 107.0s, DBG: Invalid picture 1.000000 
Sphere 1, 107.0s, DBG: [FIB, 0, TIME, 106] 
Sphere 1, 107.0s, DBG: [FIB, 1, FRED, -9.009999, 0.742975, -4.506188, -0.001682, 0.098994, 0.004986, -28.826666, -0.274105, 0.776785, 0.053523, -0.013027, 0.197034] 
Sphere 1, 107.0s, DBG: [FIB, 2, GEORGE, -8.714270, -0.664388, 5.072955, -0.008118, 0.173040, -0.004883, -28.848562, -0.186209, 1.049627, -0.052873, -0.009339, -0.214789] 
Sphere 2, 108.0s, DBG: Invalid picture 1.000000 
Sphere 1, 108.0s, DBG: [FIB, 0, TIME, 107] 
Sphere 1, 108.0s, DBG: [FIB, 1, FRED, -9.009999, 0.739130, -4.524874, -0.006056, 0.088280, 0.007379, -28.885864, -0.220370, 0.644829, 0.008920, -0.015859, 0.205419] 
Sphere 1, 108.0s, DBG: [FIB, 2, GEORGE, -8.728797, -0.678915, 5.073916, -0.002899, 0.159032, -0.001709, -28.872604, -0.151478, 1.016224, 0.049989, -0.014832, -0.146672] 
Sphere 2, 109.0s, DBG: Invalid picture 1.000000 
Sphere 1, 109.0s, DBG: [FIB, 0, TIME, 108] 
Sphere 1, 109.0s, DBG: [FIB, 1, FRED, -9.009999, 0.729744, -4.534424, -0.006143, 0.096821, 0.007421, -28.905640, -0.149303, 0.824276, -0.005948, -0.010195, 0.197034] 
Sphere 1, 109.0s, DBG: [FIB, 2, GEORGE, -8.712454, -0.695151, 5.090259, -0.011017, 0.151616, -0.001709, -28.906420, -0.112441, 0.922442, -0.038453, 0.004761, -0.146672] 
Sphere 2, 110.0s, DBG: Invalid picture 1.000000 
Sphere 1, 110.0s, DBG: [FIB, 0, TIME, 109] 
Sphere 1, 110.0s, DBG: [FIB, 1, FRED, -9.009999, 0.722227, -4.537868, -0.004665, 0.098222, 0.006188, -28.950363, -0.074616, 0.688085, 0.083258, -0.013027, 0.213803] 
Sphere 1, 110.0s, DBG: [FIB, 2, GEORGE, -8.750587, -0.702841, 5.071993, -0.004059, 0.107944, 0.006592, -28.877338, -0.123403, 1.065652, 0.005768, -0.012085, -0.078555] 
Sphere 2, 111.0s, DBG: Invalid picture 1.000000 
Sphere 1, 111.0s, DBG: [FIB, 0, TIME, 110] 
Sphere 1, 111.0s, DBG: [FIB, 1, FRED, -9.009999, 0.713472, -4.547356, -0.002320, 0.104171, 0.005361, -28.973419, -0.047419, 0.517181, -0.095154, -0.015859, 0.213803] 
Sphere 1, 111.0s, DBG: [FIB, 2, GEORGE, -8.746955, -0.709891, 5.061419, -0.009278, 0.076632, 0.007324, -28.904785, -0.056328, 1.015201, 0.035569, -0.020508, -0.078555] 
Sphere 2, 112.0s, DBG: Invalid picture 1.000000 
Sphere 1, 112.0s, DBG: [FIB, 0, TIME, 111] 
Sphere 1, 112.0s, DBG: [FIB, 1, FRED, -9.009999, 0.709747, -4.552202, 0.009342, 0.091776, 0.005179, -28.972422, -0.012650, 0.564118, -0.095154, -0.027187, 0.255724] 
Sphere 1, 112.0s, DBG: [FIB, 2, GEORGE, -8.699743, -0.718650, 5.043153, -0.020295, 0.061800, 0.010010, -28.908173, -0.062604, 0.990162, -0.008652, -0.034791, -0.138432] 
Sphere 2, 113.0s, DBG: Invalid picture 1.000000 
Sphere 1, 113.0s, DBG: [FIB, 0, TIME, 112] 
Sphere 1, 113.0s, DBG: [FIB, 1, FRED, -9.009999, 0.702658, -4.554013, -0.005548, 0.098799, 0.004244, -28.952162, 0.022945, 0.739755, -0.065419, 0.003965, 0.138343] 
Sphere 1, 113.0s, DBG: [FIB, 2, GEORGE, -8.668874, -0.721000, 5.042192, -0.023774, 0.031312, 0.008301, -28.919905, -0.015197, 0.953296, 0.049989, -0.020508, -0.155461] 
Sphere 2, 114.0s, DBG: Invalid picture 1.000000 
Sphere 1, 114.0s, DBG: [FIB, 0, TIME, 113] 
Sphere 1, 114.0s, DBG: [FIB, 1, FRED, -9.009999, 0.697846, -4.575373, 0.000482, 0.091009, 0.007560, -28.912626, 0.072686, 0.957936, -0.065419, 0.003965, 0.146728] 
Sphere 1, 114.0s, DBG: [FIB, 2, GEORGE, -8.697927, -0.722495, 5.025849, -0.012177, 0.012360, 0.009522, -28.939989, -0.001545, 0.831170, -0.008652, -0.023438, -0.095584] 
Sphere 2, 115.0s, GT: [115] attempting to take picture... 
Sphere 2, 115.0s, GT: [115] took picture (round 1) valued 2.15 points | 
Sphere 2, 115.0s, GT: [115] camera OFF | 
Sphere 2, 115.0s, DBG: distancebetween 1.048351 
Sphere 1, 115.0s, DBG: [FIB, 0, TIME, 114] 
Sphere 1, 115.0s, DBG: [FIB, 1, FRED, -9.009999, 0.685926, -4.565812, 0.002001, 0.114418, 0.002759, -28.890228, 0.158898, 0.896047, 0.038655, -0.007363, 0.071268] 
Sphere 1, 115.0s, DBG: [FIB, 2, GEORGE, -8.708822, -0.719718, 5.040269, -0.006378, -0.013184, 0.004883, -28.954859, 0.079934, 0.631084, -0.082675, -0.029115, -0.078555] 
Sphere 1, 116.0s, GT: [116] attempting to take picture... 
Sphere 1, 116.0s, GT: [116] took picture (round 1) valued 2.15 points | 
Sphere 1, 116.0s, GT: [116] camera OFF | 
Sphere 2, 116.0s, DBG: distancebetween 1.045748 
Sphere 2, 116.0s, DBG: Camera off or our mirror is on 
Sphere 1, 116.0s, DBG: [FIB, 0, TIME, 115] 
Sphere 1, 116.0s, DBG: [FIB, 1, FRED, -9.009999, 0.678707, -4.583885, -0.007927, 0.105986, 0.005892, -28.906672, 0.130897, 0.874259, -0.035683, -0.018691, 0.037730] 
Sphere 1, 116.0s, DBG: [FIB, 2, GEORGE, -8.696112, -0.719504, 5.036424, -0.011597, -0.017304, 0.004883, -28.951454, 0.075939, 0.660616, 0.020188, -0.006409, -0.070315] 
Sphere 2, 117.0s, DBG: distancebetween 1.045159 
Sphere 2, 117.0s, DBG: Camera off or our mirror is on 
Sphere 2, 117.0s, DBG: HOLD UP 
Sphere 1, 117.0s, DBG: [FIB, 0, TIME, 116] 
Sphere 1, 117.0s, DBG: [FIB, 1, FRED, -9.009999, 0.657332, -4.576373, -0.009717, 0.298482, 0.001702, -28.906641, 0.154066, 0.800428, 0.068390, -0.018691, -0.012576] 
Sphere 1, 117.0s, DBG: [FIB, 2, GEORGE, -8.667058, -0.708823, 5.028733, -0.015076, -0.249672, 0.009033, -28.949934, 0.094158, 0.641999, -0.082675, 0.001831, -0.078555] 
Sphere 2, 118.0s, DBG: distancebetween 1.044842 
Sphere 2, 118.0s, DBG: Camera off or our mirror is on 
Sphere 1, 118.0s, DBG: [FIB, 0, TIME, 117] 
Sphere 1, 118.0s, DBG: [FIB, 1, FRED, -9.009999, 0.635920, -4.581409, -0.021921, 0.376420, 0.003318, -28.899210, 0.182203, 0.741149, -0.095154, -0.024355, -0.012576] 
Sphere 1, 118.0s, DBG: [FIB, 2, GEORGE, -8.676137, -0.676778, 5.008545, -0.005219, -0.496872, 0.011231, -28.956221, 0.107792, 0.534743, 0.065371, 0.013184, -0.112613] 
Sphere 2, 119.0s, GT: [119] camera ON | 
Sphere 2, 119.0s, GT: [119] attempting to take picture... 
Sphere 2, 119.0s, GT: Failed to take a picture: not enough energy | 
Sphere 2, 119.0s, GT: [119] camera OFF | 
Sphere 2, 119.0s, DBG: distancebetween 1.043074 
Sphere 1, 119.0s, DBG: [FIB, 0, TIME, 118] 
Sphere 1, 119.0s, DBG: [FIB, 1, FRED, -9.009999, 0.603449, -4.583167, -0.021451, 0.437265, 0.002579, -28.936033, 0.138135, 0.621616, 0.023787, -0.004531, -0.037730] 
Sphere 1, 119.0s, DBG: [FIB, 2, GEORGE, -8.688848, -0.657338, 4.998932, -0.001740, -0.276040, 0.007813, -28.935949, 0.101593, 0.740315, 0.005768, 0.018860, -0.019227] 
Sphere 1, 120.0s, GT: [120] camera ON | 
Sphere 1, 120.0s, GT: [120] attempting to take picture... 
Sphere 1, 120.0s, GT: [120] took picture (round 1) valued 2.16 points | 
Sphere 1, 120.0s, GT: [120] camera OFF | 
Sphere 2, 120.0s, DBG: distancebetween 1.041993 
Sphere 2, 120.0s, DBG: Camera off or our mirror is on 
Sphere 1, 120.0s, DBG: [FIB, 0, TIME, 119] 
Sphere 1, 120.0s, DBG: [FIB, 1, FRED, -9.009999, 0.572079, -4.573636, -0.012294, 0.445330, 0.000432, -28.949108, 0.150103, 0.411781, 0.008920, -0.010195, -0.054498] 
Sphere 1, 120.0s, DBG: [FIB, 2, GEORGE, -8.681584, -0.621662, 4.981627, -0.004059, -0.529008, 0.007080, -28.928108, 0.135312, 0.690353, -0.008652, 0.007508, -0.061525] 
Sphere 2, 121.0s, DBG: distancebetween 1.039351 
Sphere 2, 121.0s, DBG: Camera off or our mirror is on 
Sphere 1, 121.0s, DBG: [FIB, 0, TIME, 120] 
Sphere 1, 121.0s, DBG: [FIB, 1, FRED, -9.009999, 0.541933, -4.579030, -0.011434, 0.437679, 0.001747, -28.940149, 0.117769, 0.660621, -0.005948, -0.004531, -0.046114] 
Sphere 1, 121.0s, DBG: [FIB, 2, GEORGE, -8.676137, -0.578722, 4.978744, -0.009857, -0.690512, 0.005127, -28.970982, 0.072565, 0.486869, 0.005768, -0.003662, 0.082400] 
Sphere 2, 122.0s, DBG: distancebetween 1.039109 
Sphere 2, 122.0s, DBG: Camera off or our mirror is on 
Sphere 1, 122.0s, DBG: [FIB, 0, TIME, 121] 
Sphere 1, 122.0s, DBG: [FIB, 1, FRED, -8.967782, 0.510906, -4.591385, -0.026597, 0.419616, 0.003384, -28.958937, 0.089079, 0.573837, 0.038655, 0.001133, -0.071267] 
Sphere 1, 122.0s, DBG: [FIB, 2, GEORGE, -8.676137, -0.523606, 4.965285, -0.006958, -0.795160, 0.008057, -28.981903, 0.080937, 0.293123, -0.023072, 0.001831, 0.090640] 
Sphere 2, 123.0s, GT: [123] camera ON | 
Sphere 2, 123.0s, GT: [123] attempting to take picture... 
Sphere 2, 123.0s, GT: [123] took picture (round 1) valued 2.16 points | 
Sphere 2, 123.0s, GT: [123] camera OFF | 
Sphere 2, 123.0s, DBG: distancebetween 1.038741 
Sphere 1, 123.0s, DBG: [FIB, 0, TIME, 122] 
Sphere 1, 123.0s, DBG: [FIB, 1, FRED, -8.993480, 0.484181, -4.591686, -0.009258, 0.390706, 0.002201, -28.964823, 0.034314, -0.622631, 0.038655, -0.500124, 0.079652] 
Sphere 1, 123.0s, DBG: [FIB, 2, GEORGE, -8.648899, -0.463363, 4.954710, -0.015656, -0.843776, 0.006104, -28.985609, 0.041505, 0.363355, -0.008652, 0.013184, 0.115909] 
Sphere 1, 124.0s, GT: [124] camera ON | 
Sphere 2, 124.0s, DBG: distancebetween 1.035043 
Sphere 2, 124.0s, DBG: Trying to upload 
Sphere 1, 124.0s, DBG: [FIB, 0, TIME, 123] 
Sphere 1, 124.0s, DBG: [FIB, 1, FRED, -8.966712, 0.452925, -4.586822, -0.013392, 0.376162, 0.000603, -27.638519, 0.064215, -3.926627, 0.083258, -0.978725, 0.238955] 
Sphere 1, 124.0s, DBG: [FIB, 2, GEORGE, -8.663426, -0.406751, 4.947020, -0.008118, -0.842128, 0.007324, -28.961397, 0.031816, 0.655145, -0.068255, 0.004761, 0.082400] 
Sphere 2, 125.0s, DBG: distancebetween 1.036204 
Sphere 2, 125.0s, DBG: Trying to upload 
Sphere 1, 125.0s, DBG: [FIB, 0, TIME, 124] 
Sphere 1, 125.0s, DBG: [FIB, 1, FRED, -8.945791, 0.431300, -4.618496, -0.009755, 0.324720, 0.006552, -23.655252, 0.016905, -7.519848, 0.038655, -1.247762, 0.264110] 
Sphere 1, 125.0s, DBG: [FIB, 2, GEORGE, -8.643452, -0.352062, 4.928754, -0.011597, -0.818232, 0.009278, -28.962061, 0.063649, 0.590797, 0.020188, 0.016114, 0.082400] 
Sphere 2, 126.0s, DBG: distancebetween 1.036235 
Sphere 2, 126.0s, DBG: Trying to upload 
Sphere 1, 126.0s, DBG: [FIB, 0, TIME, 125] 
Sphere 1, 126.0s, DBG: [FIB, 1, FRED, -8.946614, 0.408856, -4.578114, -0.007802, 0.294798, -0.003680, -17.245245, 0.061730, -10.448248, 0.068390, -1.247762, 0.297647] 
Sphere 1, 126.0s, DBG: [FIB, 2, GEORGE, -8.616214, -0.292032, 4.917219, -0.016236, -0.815760, 0.009522, -28.680830, 0.014667, 1.919153, -0.023072, 0.514542, -0.036256] 
Sphere 2, 127.0s, GT: [127] camera ON | 
Sphere 2, 127.0s, DBG: distancebetween 1.041867 
Sphere 2, 127.0s, DBG: Trying to upload 
Sphere 1, 127.0s, DBG: [FIB, 0, TIME, 126] 
Sphere 1, 127.0s, DBG: [FIB, 1, FRED, -8.974337, 0.388245, -4.584680, 0.004523, 0.266846, -0.000491, -10.273363, 0.078251, -12.152213, 0.023787, -1.092004, 0.280878] 
Sphere 1, 127.0s, DBG: [FIB, 2, GEORGE, -8.569002, -0.230293, 4.922987, -0.020295, -0.800104, 0.004395, -26.969578, 0.035069, 4.775808, 0.035569, 0.981658, -0.146672] 
Sphere 2, 128.0s, DBG: distancebetween 1.046284 
Sphere 2, 128.0s, DBG: Trying to upload 
Sphere 1, 128.0s, DBG: [FIB, 0, TIME, 127] 
Sphere 1, 128.0s, DBG: [FIB, 1, FRED, -8.971549, 0.370346, -4.578046, 0.003497, 0.236950, -0.001894, -4.757984, 0.014173, -12.823689, 0.038655, -0.839959, 0.205419] 
Sphere 1, 128.0s, DBG: [FIB, 2, GEORGE, -8.605319, -0.175176, 4.912412, -0.002319, -0.759728, 0.003418, -23.341288, 0.068587, 7.707836, 0.049989, 1.222449, -0.231819] 
Sphere 2, 129.0s, DBG: distancebetween 1.047901 
Sphere 2, 129.0s, DBG: Trying to upload 
Sphere 1, 129.0s, DBG: [FIB, 0, TIME, 128] 
Sphere 1, 129.0s, DBG: [FIB, 1, FRED, -8.957745, 0.359680, -4.563999, 0.000288, 0.193026, -0.003564, -0.311995, -0.010552, -12.999167, 0.023787, -0.593579, 0.180264] 
Sphere 1, 129.0s, DBG: [FIB, 2, GEORGE, -8.692480, -0.119419, 4.888379, 0.015656, -0.721824, 0.005127, -16.950266, 0.056721, 10.544623, -0.008652, 1.222449, -0.257088] 
Sphere 1, 130.0s, GT: [130] trying to upload... 
Sphere 1, 130.0s, GT: [130] camera OFF | 
Sphere 1, 130.0s, GT: uploaded picture for 2.15 points | 
Sphere 1, 130.0s, GT: uploaded picture for 2.16 points | 
Sphere 2, 130.0s, DBG: distancebetween 1.046398 
Sphere 2, 130.0s, DBG: Trying to upload 
Sphere 1, 130.0s, DBG: [FIB, 0, TIME, 129] 
Sphere 1, 130.0s, DBG: [FIB, 1, FRED, -8.968837, 0.337489, -4.564026, 0.003810, 0.205173, -0.001116, 2.388444, 0.041475, -12.954590, 0.053523, -0.361358, 0.121575] 
Sphere 1, 130.0s, DBG: [FIB, 2, GEORGE, -8.667058, -0.068361, 4.894146, -0.004639, -0.674856, -0.000244, -9.848028, 0.066512, 12.223112, 0.049989, 1.041170, -0.214789] 
Sphere 2, 131.0s, DBG: distancebetween 1.046180 
Sphere 2, 131.0s, DBG: Trying to upload 
Sphere 1, 131.0s, DBG: [FIB, 0, TIME, 130] 
Sphere 1, 131.0s, DBG: [FIB, 1, FRED, -8.953384, 0.322174, -4.563996, 0.002534, 0.180327, -0.000478, 4.769349, 0.066626, -12.819738, 0.038655, -0.185777, 0.088037] 
Sphere 1, 131.0s, DBG: [FIB, 2, GEORGE, -8.634373, -0.017945, 4.895108, -0.013916, -0.636952, -0.001221, -3.961529, 0.027418, 12.877409, -0.008652, 0.789209, -0.146672] 
Sphere 2, 132.0s, DBG: distancebetween 1.045460 
Sphere 2, 132.0s, DBG: Trying to upload 
Sphere 1, 132.0s, DBG: [FIB, 0, TIME, 131] 
Sphere 1, 132.0s, DBG: [FIB, 1, FRED, -8.953636, 0.309344, -4.574724, 0.004186, 0.153553, 0.001865, 5.152589, 0.131448, -12.780473, 0.068390, -0.075330, 0.037730] 
Sphere 1, 132.0s, DBG: [FIB, 2, GEORGE, -8.610766, 0.025208, 4.911450, -0.018555, -0.586688, -0.005371, 0.223457, -0.005635, 12.999295, -0.038453, 0.559771, -0.129643] 
Sphere 2, 133.0s, GT: [133] trying to upload... 
Sphere 2, 133.0s, GT: [133] camera OFF | 
Sphere 2, 133.0s, GT: uploaded picture for 2.15 points | 
Sphere 2, 133.0s, GT: uploaded picture for 2.16 points | 
Sphere 2, 133.0s, DBG: distancebetween 1.046002 
Sphere 2, 133.0s, DBG: Trying to upload 
Sphere 1, 133.0s, DBG: [FIB, 0, TIME, 132] 
Sphere 1, 133.0s, DBG: [FIB, 1, FRED, -8.933509, 0.302108, -4.598948, -0.001078, 0.129172, 0.006956, 2.611764, 0.077445, -12.942823, -0.005948, 0.408935, -0.339568] 
Sphere 1, 133.0s, DBG: [FIB, 2, GEORGE, -8.547212, 0.068789, 4.931639, -0.031892, -0.552080, -0.006836, 3.007309, 0.015246, 12.929129, 0.035569, 0.327586, -0.112613] 
Sphere 1, 134.0s, GT: [134] camera ON | 
Sphere 2, 134.0s, DBG: distancebetween 1.051127 
Sphere 2, 134.0s, DBG: Camera off or our mirror is on 
Sphere 1, 134.0s, DBG: [FIB, 0, TIME, 133] 
Sphere 1, 134.0s, DBG: [FIB, 1, FRED, -8.918405, 0.291646, -4.605862, -0.002739, 0.118296, 0.005446, -3.451046, -0.068761, -12.904182, 0.068390, 0.884705, -0.700097] 
Sphere 1, 134.0s, DBG: [FIB, 2, GEORGE, -8.525422, 0.106815, 4.922025, -0.021455, -0.504288, -0.001953, 4.818833, -0.011968, 12.818536, -0.038453, 0.143559, -0.095584] 
Sphere 2, 135.0s, DBG: distancebetween 1.059029 
Sphere 2, 135.0s, DBG: Camera off or our mirror is on 
Sphere 1, 135.0s, DBG: [FIB, 0, TIME, 134] 
Sphere 1, 135.0s, DBG: [FIB, 1, FRED, -8.951758, 0.280935, -4.612182, 0.005450, 0.104032, 0.003370, -12.436853, -0.201880, -11.711214, 0.053523, 1.264187, -1.010320] 
Sphere 1, 135.0s, DBG: [FIB, 2, GEORGE, -8.521791, 0.146123, 4.897992, -0.012177, -0.468856, 0.000977, 5.039414, -0.029296, 12.801503, 0.020188, 0.032960, -0.095584] 
Sphere 2, 136.0s, DBG: distancebetween 1.062142 
Sphere 2, 136.0s, DBG: Camera off or our mirror is on 
Sphere 1, 136.0s, DBG: [FIB, 0, TIME, 135] 
Sphere 1, 136.0s, DBG: [FIB, 1, FRED, -9.009999, 0.268865, -4.616560, 0.022892, 0.099015, 0.002007, -20.585796, -0.403823, -8.987756, 0.157599, 1.334986, -1.211546] 
Sphere 1, 136.0s, DBG: [FIB, 2, GEORGE, -8.549027, 0.183294, 4.906644, -0.002899, -0.454024, -0.000488, 2.996233, -0.089701, 12.923759, 0.049989, -0.451003, 0.430677] 
Sphere 2, 137.0s, GT: [137] camera ON | 
Sphere 2, 137.0s, DBG: distancebetween 1.063545 
Sphere 2, 137.0s, DBG: Invalid picture 0.000000 
Sphere 1, 137.0s, DBG: [FIB, 0, TIME, 136] 
Sphere 1, 137.0s, DBG: [FIB, 1, FRED, -9.006680, 0.266064, -4.628733, 0.005264, 0.062203, 0.002913, -25.907814, -0.538172, -5.355370, 0.202202, 1.201884, -1.136086] 
Sphere 1, 137.0s, DBG: [FIB, 2, GEORGE, -8.547212, 0.216407, 4.888379, -0.005219, -0.417768, 0.002441, -2.722097, -0.184820, 12.917262, -0.023072, -0.912625, 0.914640] 
Sphere 2, 138.0s, DBG: distancebetween 1.063676 
Sphere 2, 138.0s, DBG: Invalid picture 0.000000 
Sphere 1, 138.0s, DBG: [FIB, 0, TIME, 137] 
Sphere 1, 138.0s, DBG: [FIB, 1, FRED, -8.953365, 0.263697, -4.623689, -0.010892, 0.041730, -0.000186, -27.924709, -0.615783, -2.275958, 0.246805, 0.930016, -0.985166] 
Sphere 1, 138.0s, DBG: [FIB, 2, GEORGE, -8.567186, 0.247597, 4.899915, -0.001740, -0.373272, -0.001709, -11.107425, -0.387151, 11.890344, -0.068255, -1.229774, 1.373333] 
Sphere 2, 139.0s, DBG: distancebetween 1.065941 
Sphere 2, 139.0s, DBG: Invalid picture 0.000000 
Sphere 1, 139.0s, DBG: [FIB, 0, TIME, 138] 
Sphere 1, 139.0s, DBG: [FIB, 1, FRED, -8.947774, 0.261148, -4.620699, -0.006494, 0.031732, -0.001307, -28.313248, -0.648219, -0.138816, 0.217069, 0.652483, -0.750403] 
Sphere 1, 139.0s, DBG: [FIB, 2, GEORGE, -8.519975, 0.273019, 4.910489, -0.019715, -0.331248, -0.002197, -19.084049, -0.581183, 9.458697, -0.127857, -1.283609, 1.500778] 
Sphere 2, 140.0s, GT: [140] attempting to take picture... 
Sphere 2, 140.0s, GT: [140] took picture (round 1) valued 2.15 points | 
Sphere 2, 140.0s, GT: [140] camera OFF | 
Sphere 2, 140.0s, DBG: distancebetween 1.068148 
Sphere 1, 140.0s, DBG: [FIB, 0, TIME, 139] 
Sphere 1, 140.0s, DBG: [FIB, 1, FRED, -8.986993, 0.252200, -4.621820, 0.006851, 0.047653, 0.000452, -27.924486, -0.747220, 1.348511, 0.217069, 0.428759, -0.557562] 
Sphere 1, 140.0s, DBG: [FIB, 2, GEORGE, -8.498184, 0.298227, 4.907605, -0.018555, -0.293344, -0.001709, -24.637598, -0.721899, 6.099905, -0.098056, -1.127964, 1.305765] 
Sphere 2, 141.0s, DBG: distancebetween 1.072408 
Sphere 2, 141.0s, DBG: Camera off or our mirror is on 
Sphere 1, 141.0s, DBG: [FIB, 0, TIME, 140] 
Sphere 1, 141.0s, DBG: [FIB, 1, FRED, -9.002280, 0.254656, -4.618958, 0.006093, 0.010546, -0.000453, -27.490601, -0.826362, 2.076447, 0.172466, 0.233354, -0.415027] 
Sphere 1, 141.0s, DBG: [FIB, 2, GEORGE, -8.438261, 0.323435, 4.928754, -0.023194, -0.268624, -0.005860, -27.144035, -0.790067, 3.035053, -0.038453, -0.887173, 1.059114] 
Sphere 2, 142.0s, DBG: Camera off or our mirror is on 
Sphere 1, 142.0s, DBG: [FIB, 0, TIME, 141] 
Sphere 1, 142.0s, DBG: [FIB, 1, FRED, -9.009999, 0.252218, -4.615490, 0.011817, 0.015571, -0.001010, -27.047325, -0.876934, 2.748129, 0.098126, 0.105916, -0.280877] 
Sphere 1, 142.0s, DBG: [FIB, 2, GEORGE, -8.456419, 0.344371, 4.909528, -0.005799, -0.232368, 0.000977, -27.799248, -0.841515, 0.633163, -0.098056, -0.646382, 0.804224] 
Sphere 2, 143.0s, DBG: Camera off or our mirror is on 
Sphere 1, 143.0s, DBG: [FIB, 0, TIME, 142] 
Sphere 1, 143.0s, DBG: [FIB, 1, FRED, -9.009999, 0.254254, -4.626462, -0.002099, 0.001383, 0.001670, -26.997496, -0.907644, 2.657858, 0.157599, -0.013027, -0.138342] 
Sphere 1, 143.0s, DBG: [FIB, 2, GEORGE, -8.438261, 0.361461, 4.925870, -0.004059, -0.198584, -0.006592, -27.781981, -0.827655, -1.015615, -0.098056, -0.397168, 0.541093] 
Sphere 2, 144.0s, GT: [144] camera ON | 
Sphere 2, 144.0s, DBG: Invalid picture 1.000000 
Sphere 1, 144.0s, DBG: [FIB, 0, TIME, 143] 
Sphere 1, 144.0s, DBG: [FIB, 1, FRED, -9.009999, 0.248875, -4.598909, -0.000969, 0.023286, -0.004374, -26.906580, -0.954668, 2.530736, 0.127863, -0.055506, -0.062882] 
Sphere 1, 144.0s, DBG: [FIB, 2, GEORGE, -8.449156, 0.371075, 4.914335, 0.001160, 0.025544, -0.003174, -27.516493, -0.840681, -1.890505, -0.068255, -0.292428, 0.387829] 
Sphere 2, 145.0s, DBG: Invalid picture 1.000000 
Sphere 1, 145.0s, DBG: [FIB, 0, TIME, 144] 
Sphere 1, 145.0s, DBG: [FIB, 1, FRED, -8.990193, 0.246235, -4.596676, -0.006107, 0.016610, -0.002823, -27.082956, -0.961624, 2.059311, 0.068390, -0.089490, -0.037730] 
Sphere 1, 145.0s, DBG: [FIB, 2, GEORGE, -8.474578, 0.354625, 4.916257, 0.006378, 0.282632, -0.002197, -27.219028, -0.866746, -2.450546, -0.098056, -0.142277, 0.218085] 
Sphere 2, 146.0s, DBG: Invalid picture 1.000000 
Sphere 1, 146.0s, DBG: [FIB, 0, TIME, 145] 
Sphere 1, 146.0s, DBG: [FIB, 1, FRED, -9.009999, 0.249738, -4.623522, -0.000397, -0.003814, 0.002727, -27.249763, -0.918045, 1.989399, 0.068390, -0.080994, 0.037730] 
Sphere 1, 146.0s, DBG: [FIB, 2, GEORGE, -8.472762, 0.327494, 4.937407, 0.002899, 0.473800, -0.007324, -26.962856, -0.922429, -2.629197, -0.023072, -0.017762, -0.036256] 
Sphere 2, 147.0s, DBG: Invalid picture 1.000000 
Sphere 1, 147.0s, DBG: [FIB, 0, TIME, 146] 
Sphere 1, 147.0s, DBG: [FIB, 1, FRED, -8.975691, 0.248686, -4.600955, -0.009311, -0.000238, -0.002613, -27.309776, -0.934845, 1.647794, 0.098126, -0.086658, -0.004191] 
Sphere 1, 147.0s, DBG: [FIB, 2, GEORGE, -8.523606, 0.296091, 4.937407, 0.012177, 0.562792, -0.005371, -27.272789, -0.854620, -2.408797, -0.068255, 0.055666, -0.146672] 
Sphere 2, 148.0s, DBG: Invalid picture 1.000000 
Sphere 1, 148.0s, DBG: [FIB, 0, TIME, 147] 
Sphere 1, 148.0s, DBG: [FIB, 1, FRED, -8.994692, 0.246356, -4.618298, 0.002485, 0.011263, 0.001638, -27.551449, -0.877343, 1.416924, 0.112993, -0.075330, 0.062884] 
Sphere 1, 148.0s, DBG: [FIB, 2, GEORGE, -8.496368, 0.258278, 4.968169, -0.004059, 0.604816, -0.008301, -27.582054, -0.791085, -2.085906, 0.005768, 0.103824, -0.188971] 
Sphere 2, 149.0s, DBG: Invalid picture 1.000000 
Sphere 1, 149.0s, DBG: [FIB, 0, TIME, 148] 
Sphere 1, 149.0s, DBG: [FIB, 1, FRED, -9.002308, 0.244672, -4.625850, 0.002479, 0.009634, 0.002612, -27.578520, -0.893639, 1.079728, 0.098126, -0.075330, 0.088037] 
Sphere 1, 149.0s, DBG: [FIB, 2, GEORGE, -8.496368, 0.220252, 4.964324, -0.005799, 0.607288, -0.005127, -27.629486, -0.835144, -1.578311, -0.052873, 0.126530, -0.171941] 
Sphere 2, 150.0s, DBG: Invalid picture 1.000000 
Sphere 1, 150.0s, DBG: [FIB, 0, TIME, 149] 
Sphere 1, 150.0s, DBG: [FIB, 1, FRED, -9.006380, 0.245736, -4.624117, 0.002550, -0.003934, 0.001294, -27.628155, -0.890260, 0.853437, 0.098126, -0.038515, 0.171880] 
Sphere 1, 150.0s, DBG: [FIB, 2, GEORGE, -8.516342, 0.181158, 4.972014, -0.000580, 0.589984, -0.004151, -27.797394, -0.791062, -1.401642, 0.095172, 0.123600, -0.121403] 
Sphere 2, 151.0s, DBG: Invalid picture 1.000000 
Sphere 1, 151.0s, DBG: [FIB, 0, TIME, 150] 
Sphere 1, 151.0s, DBG: [FIB, 1, FRED, -8.999420, 0.246186, -4.621750, 0.000372, -0.004672, 0.000603, -27.768444, -0.843956, 0.821297, 0.038655, -0.010195, 0.197034] 
Sphere 1, 151.0s, DBG: [FIB, 2, GEORGE, -8.487288, 0.142064, 4.995087, -0.008118, 0.567736, -0.007324, -27.992113, -0.754300, -0.921835, 0.109592, 0.126530, -0.240059] 
Sphere 2, 152.0s, DBG: Invalid picture 1.000000 
Sphere 1, 152.0s, DBG: [FIB, 0, TIME, 151] 
Sphere 1, 152.0s, DBG: [FIB, 1, FRED, -9.009999, 0.245993, -4.614840, 0.004301, -0.002235, -0.000862, -27.824215, -0.817863, 0.930465, 0.083258, -0.004531, 0.171880] 
Sphere 1, 152.0s, DBG: [FIB, 2, GEORGE, -8.507263, 0.102115, 5.020082, 0.002899, 0.538072, -0.008545, -27.890295, -0.812208, -0.527751, 0.079791, 0.095401, -0.282907] 
Sphere 2, 153.0s, DBG: Invalid picture 1.000000 
Sphere 1, 153.0s, DBG: [FIB, 0, TIME, 152] 
Sphere 1, 153.0s, DBG: [FIB, 1, FRED, -9.009999, 0.249894, -4.606781, 0.001350, -0.015629, -0.002597, -27.966717, -0.774746, 0.746679, 0.068390, -0.010195, 0.230571] 
Sphere 1, 153.0s, DBG: [FIB, 2, GEORGE, -8.507263, 0.066225, 5.030656, 0.000580, 0.499344, -0.004151, -28.189037, -0.701877, -0.226424, 0.020188, 0.078372, -0.308176] 
Sphere 2, 154.0s, DBG: Invalid picture 1.000000 
Sphere 1, 154.0s, DBG: [FIB, 0, TIME, 153] 
Sphere 1, 154.0s, DBG: [FIB, 1, FRED, -9.000948, 0.247126, -4.605316, -0.002569, 0.003164, -0.001951, -28.168060, -0.689478, 0.794217, 0.112993, 0.020957, 0.322799] 
Sphere 1, 154.0s, DBG: [FIB, 2, GEORGE, -8.490920, 0.032258, 5.034501, -0.000580, 0.463088, -0.000977, -28.374619, -0.618648, -0.087083, 0.005768, 0.041566, -0.308176] 
Sphere 2, 155.0s, DBG: Invalid picture 1.000000 
Sphere 1, 155.0s, DBG: [FIB, 0, TIME, 154] 
Sphere 1, 155.0s, DBG: [FIB, 1, FRED, -8.996866, 0.248593, -4.629483, -0.002992, -0.003422, 0.003581, -28.349342, -0.608369, 0.740645, 0.083258, 0.015293, 0.322799] 
Sphere 1, 155.0s, DBG: [FIB, 2, GEORGE, -8.498184, -0.000427, 5.026811, 0.001740, 0.426008, 0.004395, -28.468237, -0.568155, 0.272993, 0.005768, 0.032960, -0.240059] 
Sphere 2, 156.0s, DBG: Invalid picture 1.000000 
Sphere 1, 156.0s, DBG: [FIB, 0, TIME, 155] 
Sphere 1, 156.0s, DBG: [FIB, 1, FRED, -9.009999, 0.244585, -4.629657, 0.002889, 0.011063, 0.002927, -28.474213, -0.517912, 1.017749, 0.068390, 0.012461, 0.322799] 
Sphere 1, 156.0s, DBG: [FIB, 2, GEORGE, -8.500000, -0.029695, 5.010468, 0.003479, 0.384808, 0.006348, -28.487329, -0.556214, 0.310330, 0.020188, 0.007508, -0.206000] 
Sphere 2, 157.0s, DBG: Invalid picture 1.000000 
Sphere 1, 157.0s, DBG: [FIB, 0, TIME, 156] 
Sphere 1, 157.0s, DBG: [FIB, 1, FRED, -9.009999, 0.244039, -4.620292, 0.003320, 0.005209, 0.000044, -28.626188, -0.420195, 1.006629, 0.157599, 0.026620, 0.222187] 
Sphere 1, 157.0s, DBG: [FIB, 2, GEORGE, -8.503632, -0.053407, 4.988358, 0.002319, 0.333720, 0.009033, -28.596939, -0.492974, 0.296172, -0.023072, -0.012085, -0.231819] 
Sphere 2, 158.0s, DBG: Invalid picture 1.000000 
Sphere 1, 158.0s, DBG: [FIB, 0, TIME, 157] 
Sphere 1, 158.0s, DBG: [FIB, 1, FRED, -9.009999, 0.244840, -4.610024, 0.006654, 0.000972, -0.002286, -28.692858, -0.357628, 1.076665, 0.172466, 0.018125, 0.280878] 
Sphere 1, 158.0s, DBG: [FIB, 2, GEORGE, -8.500000, -0.078402, 4.998932, 0.000580, 0.309000, 0.003418, -28.671730, -0.443697, 0.293071, -0.038453, -0.020508, -0.240059] 
Sphere 2, 159.0s, DBG: Invalid picture 1.000000 
Sphere 1, 159.0s, DBG: [FIB, 0, TIME, 158] 
Sphere 1, 159.0s, DBG: [FIB, 1, FRED, -9.009999, 0.249525, -4.615158, 0.000319, -0.014660, -0.001041, -28.755096, -0.285093, 1.147222, 0.098126, 0.018125, 0.247340] 
Sphere 1, 159.0s, DBG: [FIB, 2, GEORGE, -8.483657, -0.102115, 4.979705, -0.004639, 0.285104, 0.010010, -28.766106, -0.361491, 0.501585, 0.005768, -0.023438, -0.257088] 
Sphere 2, 160.0s, DBG: Trying to upload 
Sphere 1, 160.0s, DBG: [FIB, 0, TIME, 159] 
Sphere 1, 160.0s, DBG: [FIB, 1, FRED, -9.009999, 0.244433, -4.607100, 0.006108, 0.009744, -0.002097, -28.788904, -0.226638, 1.219388, 0.127863, 0.015293, 0.230571] 
Sphere 1, 160.0s, DBG: [FIB, 2, GEORGE, -8.514526, -0.122837, 4.966247, 0.006958, 0.248848, 0.009033, -28.777842, -0.354407, 0.456123, -0.068255, -0.040468, -0.171941] 
Sphere 2, 161.0s, DBG: Trying to upload 
Sphere 1, 161.0s, DBG: [FIB, 0, TIME, 160] 
Sphere 1, 161.0s, DBG: [FIB, 1, FRED, -9.009999, 0.245571, -4.609685, -0.002011, -0.003169, -0.001416, -28.786556, -0.221527, 1.247831, 0.083258, 0.009629, 0.163496] 
Sphere 1, 161.0s, DBG: [FIB, 2, GEORGE, -8.536317, -0.144841, 4.944136, 0.007538, 0.231544, 0.008789, -28.889643, -0.230995, 0.523033, 0.005768, -0.034791, -0.163701] 
Sphere 2, 162.0s, DBG: Trying to upload 
Sphere 1, 162.0s, DBG: [FIB, 0, TIME, 161] 
Sphere 1, 162.0s, DBG: [FIB, 1, FRED, -9.009999, 0.243555, -4.614731, -0.005819, 0.004391, -0.000024, -28.844875, -0.170089, 1.122459, 0.053523, 0.006797, 0.171880] 
Sphere 1, 162.0s, DBG: [FIB, 2, GEORGE, -8.538133, -0.159368, 4.950865, 0.004639, 0.204352, 0.003662, -28.744787, -0.190540, 1.508039, 0.005768, 0.460707, -0.664693] 
Sphere 2, 163.0s, DBG: Trying to upload 
Sphere 1, 163.0s, DBG: [FIB, 0, TIME, 162] 
Sphere 1, 163.0s, DBG: [FIB, 1, FRED, -9.009999, 0.247283, -4.611060, -0.004122, -0.008607, -0.000900, -28.839067, -0.123845, 1.257971, 0.068390, -0.004531, 0.163496] 
Sphere 1, 163.0s, DBG: [FIB, 2, GEORGE, -8.523606, -0.174108, 4.953749, -0.001160, 0.177160, 0.000977, -27.299711, -0.146182, 4.337899, -0.082675, 0.919401, -1.132176] 
Sphere 2, 164.0s, DBG: Trying to upload 
Sphere 1, 164.0s, DBG: [FIB, 0, TIME, 163] 
Sphere 1, 164.0s, DBG: [FIB, 1, FRED, -9.009999, 0.247043, -4.615326, 0.004418, -0.006021, -0.000003, -28.852278, -0.109594, 1.221414, 0.053523, 0.003965, 0.171880] 
Sphere 1, 164.0s, DBG: [FIB, 2, GEORGE, -8.547212, -0.191412, 4.918180, 0.004059, 0.162328, 0.006104, -23.174206, -0.027945, 7.813316, -0.202841, 1.140416, -1.429365] 
Sphere 2, 165.0s, DBG: Trying to upload 
Sphere 1, 165.0s, DBG: [FIB, 0, TIME, 164] 
Sphere 1, 165.0s, DBG: [FIB, 1, FRED, -9.009999, 0.247392, -4.623992, -0.006419, -0.004988, 0.002205, -28.885649, -0.068242, 1.114770, 0.112993, -0.015859, 0.163496] 
Sphere 1, 165.0s, DBG: [FIB, 2, GEORGE, -8.561739, -0.200812, 4.899915, -0.000000, 0.133488, 0.005615, -16.312141, -0.004217, 10.747491, -0.112476, 1.134739, -1.242592] 
Sphere 2, 166.0s, DBG: Trying to upload 
Sphere 1, 166.0s, DBG: [FIB, 0, TIME, 165] 
Sphere 1, 166.0s, DBG: [FIB, 1, FRED, -9.003093, 0.248020, -4.605417, -0.010060, -0.006129, -0.002101, -28.923382, -0.060091, 0.907785, 0.083258, -0.013027, 0.163496] 
Sphere 1, 166.0s, DBG: [FIB, 2, GEORGE, -8.510895, -0.209357, 4.897992, -0.015076, 0.101352, 0.002441, -9.659047, 0.023969, 12.256392, -0.157659, 0.976165, -1.098117] 
Sphere 2, 167.0s, DBG: Trying to upload 
Sphere 1, 167.0s, DBG: [FIB, 0, TIME, 166] 
Sphere 1, 167.0s, DBG: [FIB, 1, FRED, -8.995822, 0.248140, -4.606546, -0.009391, -0.005697, -0.001135, -28.935297, -0.052702, 0.837335, 0.053523, -0.015859, 0.163496] 
Sphere 1, 167.0s, DBG: [FIB, 2, GEORGE, -8.510895, -0.216834, 4.930677, -0.004639, 0.085696, -0.007080, -3.968026, 0.016972, 12.877132, -0.217261, 0.724021, -0.860256] 
Sphere 2, 168.0s, DBG: Trying to upload 
Sphere 1, 168.0s, DBG: [FIB, 0, TIME, 167] 
Sphere 1, 168.0s, DBG: [FIB, 1, FRED, -8.976319, 0.244804, -4.591889, -0.013044, 0.006246, -0.003846, -28.919888, 0.042815, 0.947650, 0.112993, -0.015859, 0.138343] 
Sphere 1, 168.0s, DBG: [FIB, 2, GEORGE, -8.505447, -0.224738, 4.922025, -0.006958, 0.074160, -0.001465, 0.089938, 0.050574, 12.997204, -0.098056, 0.522965, -0.664693] 
Sphere 2, 169.0s, DBG: Trying to upload 
Sphere 1, 169.0s, DBG: [FIB, 0, TIME, 168] 
Sphere 1, 169.0s, DBG: [FIB, 1, FRED, -8.987192, 0.243281, -4.601174, -0.006807, 0.002532, -0.001190, -28.915722, 0.048954, 0.967413, 0.068390, -0.013027, 0.104805] 
Sphere 1, 169.0s, DBG: [FIB, 2, GEORGE, -8.458235, -0.228370, 4.915296, -0.011597, 0.046144, -0.000977, 3.564950, 0.075861, 12.896641, -0.202841, 0.313486, -0.486709] 
Sphere 1, 170.0s, GT: [170] attempting to take picture... 
Sphere 1, 170.0s, GT: [170] took picture (round 1) valued 2.16 points | 
Sphere 1, 170.0s, GT: [170] camera OFF | 
Sphere 2, 170.0s, DBG: Trying to upload 
Sphere 1, 170.0s, DBG: [FIB, 0, TIME, 169] 
Sphere 1, 170.0s, DBG: [FIB, 1, FRED, -8.969862, 0.246033, -4.593407, -0.009063, -0.016090, -0.002826, -28.929222, 0.134897, 0.694464, 0.083258, -0.015859, 0.020961] 
Sphere 1, 170.0s, DBG: [FIB, 2, GEORGE, -8.505447, -0.232215, 4.943174, 0.011017, 0.034608, -0.006836, 5.157701, 0.120528, 12.781721, -0.082675, 0.143559, -0.223029] 
Sphere 2, 171.0s, DBG: Trying to upload 
Sphere 2, 171.0s, DBG: HOLD UP 
Sphere 1, 171.0s, DBG: [FIB, 0, TIME, 170] 
Sphere 1, 171.0s, DBG: [FIB, 1, FRED, -8.960399, 0.244855, -4.608275, -0.010887, -0.000229, 0.001065, -28.918383, 0.110419, 0.849127, 0.127863, -0.018691, -0.071267] 
Sphere 1, 171.0s, DBG: [FIB, 2, GEORGE, -8.512711, -0.235420, 4.955672, 0.008118, 0.029664, -0.004883, 5.712521, 0.132714, 12.731309, -0.068255, 0.027467, -0.095584] 
Sphere 2, 172.0s, DBG: Trying to upload 
Sphere 2, 172.0s, DBG: HOLD UP 
Sphere 1, 172.0s, DBG: [FIB, 0, TIME, 171] 
Sphere 1, 172.0s, DBG: [FIB, 1, FRED, -8.944674, 0.247512, -4.610193, -0.012322, -0.007087, 0.000907, -28.933361, 0.085543, 0.798995, 0.127863, -0.010195, -0.079651] 
Sphere 1, 172.0s, DBG: [FIB, 2, GEORGE, -8.500000, -0.238197, 4.944136, 0.004059, 0.026368, -0.000244, 4.710352, 0.127502, 12.814811, 0.020188, -0.043214, 0.022523] 
Sphere 2, 173.0s, DBG: Trying to upload 
Sphere 2, 173.0s, DBG: HOLD UP 
Sphere 1, 173.0s, DBG: [FIB, 0, TIME, 172] 
Sphere 1, 173.0s, DBG: [FIB, 1, FRED, -8.891877, 0.246845, -4.599080, -0.023819, -0.002259, -0.001552, -28.964279, 0.031343, -0.630638, 0.112993, -0.491628, 0.113189] 
Sphere 1, 173.0s, DBG: [FIB, 2, GEORGE, -8.474578, -0.240120, 4.958556, -0.000000, 0.020600, -0.003174, 4.307169, 0.168814, 12.834396, -0.052873, -0.082949, 0.098880] 
Sphere 1, 174.0s, GT: [174] camera ON | 
Sphere 2, 174.0s, DBG: Trying to upload 
Sphere 1, 174.0s, DBG: [FIB, 0, TIME, 173] 
Sphere 1, 174.0s, DBG: [FIB, 1, FRED, -8.901223, 0.245651, -4.609264, -0.009785, 0.001954, 0.001247, -27.868528, 0.060460, -3.586311, 0.098126, -0.958901, 0.280878] 
Sphere 1, 174.0s, DBG: [FIB, 2, GEORGE, -8.476394, -0.243324, 4.938368, 0.002319, 0.026368, 0.000977, 4.004188, 0.113898, 12.865694, -0.038453, -0.074343, 0.098880] 
Sphere 2, 175.0s, GT: [175] trying to upload... 
Sphere 2, 175.0s, GT: [175] camera OFF | 
Sphere 2, 175.0s, GT: uploaded picture for 2.15 points | 
Sphere 2, 175.0s, DBG: Trying to upload 
Sphere 1, 175.0s, DBG: [FIB, 0, TIME, 174] 
Sphere 1, 175.0s, DBG: [FIB, 1, FRED, -8.898556, 0.253316, -4.633367, -0.004813, -0.024466, 0.006152, -24.108841, 0.048449, -7.221897, 0.142731, -1.270417, 0.431797] 
Sphere 1, 175.0s, DBG: [FIB, 2, GEORGE, -8.470946, -0.244606, 4.945097, 0.001740, 0.018952, -0.000488, 3.430967, 0.101294, 12.900392, -0.068255, -0.082949, 0.132939] 
Sphere 1, 176.0s, DBG: [FIB, 0, TIME, 175] 
Sphere 1, 176.0s, DBG: [FIB, 1, FRED, -8.919786, 0.252030, -4.607090, 0.003174, -0.009895, -0.001887, -17.712337, 0.097631, -10.284805, 0.038655, -1.273249, 0.465334] 
Sphere 1, 176.0s, DBG: [FIB, 2, GEORGE, -8.474578, -0.243110, 4.931639, 0.003479, 0.004120, 0.001709, 2.891744, 0.094755, 12.927690, -0.038453, -0.071596, 0.073611] 
Sphere 2, 177.0s, DBG: Camera off or our mirror is on 
Sphere 1, 177.0s, DBG: [FIB, 0, TIME, 176] 
Sphere 1, 177.0s, DBG: [FIB, 1, FRED, -8.979784, 0.252233, -4.597135, 0.017792, -0.001371, -0.002846, -10.785251, 0.079492, -12.062603, 0.083258, -1.103332, 0.381490] 
Sphere 1, 177.0s, DBG: [FIB, 2, GEORGE, -8.490920, -0.247383, 4.925870, 0.006378, 0.015656, 0.000977, 2.056570, 0.120797, 12.955754, -0.052873, -0.062990, 0.082400] 
Sphere 2, 178.0s, DBG: Camera off or our mirror is on 
Sphere 1, 178.0s, DBG: [FIB, 0, TIME, 177] 
Sphere 1, 178.0s, DBG: [FIB, 1, FRED, -8.920784, 0.252802, -4.604607, -0.005621, 0.002178, -0.000369, -4.096819, 0.078398, -12.865143, 0.008920, -0.876775, 0.381490] 
Sphere 1, 178.0s, DBG: [FIB, 2, GEORGE, -8.490920, -0.248451, 4.931639, 0.005219, 0.015656, -0.000244, 1.275558, 0.092310, 12.981050, -0.008652, -0.051820, 0.098880] 
Sphere 2, 179.0s, GT: [179] camera ON | 
Sphere 2, 179.0s, DBG: Invalid picture 0.000000 
Sphere 1, 179.0s, DBG: [FIB, 0, TIME, 178] 
Sphere 1, 179.0s, DBG: [FIB, 1, FRED, -8.921805, 0.252444, -4.591540, -0.004418, 0.001456, -0.002837, 0.657223, 0.032176, -12.995914, -0.065419, -0.596411, 0.222187] 
Sphere 1, 179.0s, DBG: [FIB, 2, GEORGE, -8.472762, -0.249947, 4.950865, -0.000000, 0.011536, -0.004151, -1.972555, 0.120549, 12.958771, -0.008652, -0.533219, 0.438917] 
Sphere 1, 180.0s, GT: [180] trying to upload... 
Sphere 1, 180.0s, GT: [180] camera OFF | 
Sphere 1, 180.0s, GT: uploaded picture for 2.16 points | 
Sphere 2, 180.0s, DBG: Invalid picture 0.000000 
Sphere 1, 180.0s, DBG: [FIB, 0, TIME, 179] 
Sphere 1, 180.0s, DBG: [FIB, 1, FRED, -8.894045, 0.253496, -4.576143, -0.010257, -0.001262, -0.004524, 3.158522, 0.058400, -12.920186, 0.023787, -0.347198, 0.163496] 
Sphere 1, 180.0s, DBG: [FIB, 2, GEORGE, -8.507263, -0.250160, 4.962401, 0.009857, 0.003296, -0.002441, -8.152438, 0.118705, 12.464323, -0.052873, -0.994842, 0.813013] 
Sphere 1, 186.0s, GT: GAME ENDED! Final Score Float: 9.79903221 / Integer: 90 | Test Result 91 | 
Sphere 2, 186.0s, GT: GAME ENDED! Final Score Float: 9.82046318 / Integer: 100 | Test Result 101 |